[INFO] 2021-03-15 18:30:19,964 [stepDefinition.StepDefinitions_API_Test] - Base URL:: https://sandbox.neonomics.io
[INFO] 2021-03-15 18:30:19,965 [stepDefinition.StepDefinitions_API_Test] - Endpoitn path :: /auth/realms/sandbox/protocol/openid-connect/token
[INFO] 2021-03-15 18:30:19,972 [stepDefinition.StepDefinitions_API_Test] - Setting Header = [Content-Type] and Value = [application/x-www-form-urlencoded]
[INFO] 2021-03-15 18:30:19,973 [stepDefinition.StepDefinitions_API_Test] - Added :: Header = [Content-Type] and Value = [application/x-www-form-urlencoded]
[INFO] 2021-03-15 18:30:19,973 [stepDefinition.StepDefinitions_API_Test] - Setting request paramter as Key = [grant_type] and Value = [client_credentials]
[INFO] 2021-03-15 18:30:19,975 [stepDefinition.StepDefinitions_API_Test] - Setting request paramter as Key = [client_id] and Value = [b2b640b5-c68c-4cb0-863b-20f1aec8af21]
[INFO] 2021-03-15 18:30:19,976 [stepDefinition.StepDefinitions_API_Test] - Setting request paramter as Key = [client_secret] and Value = [0b83fb21-56f8-45fd-bad8-7a59d6bd978e]
[INFO] 2021-03-15 18:30:20,024 [stepDefinition.StepDefinitions_API_Test] - Making [POST] request
[INFO] 2021-03-15 18:30:21,218 [stepDefinition.StepDefinitions_API_Test] - Validating response code as [200]
[INFO] 2021-03-15 18:30:21,512 [stepDefinition.StepDefinitions_API_Test] - Base URL:: https://sandbox.neonomics.io
[INFO] 2021-03-15 18:30:21,512 [stepDefinition.StepDefinitions_API_Test] - Endpoitn path :: /auth/realms/sandbox/protocol/openid-connect/token
[INFO] 2021-03-15 18:30:21,513 [stepDefinition.StepDefinitions_API_Test] - Setting Header = [Content-Type] and Value = [application/json]
[INFO] 2021-03-15 18:30:21,513 [stepDefinition.StepDefinitions_API_Test] - Added :: Header = [Content-Type] and Value = [application/json]
[INFO] 2021-03-15 18:30:21,513 [stepDefinition.StepDefinitions_API_Test] - Setting request paramter as Key = [grant_type] and Value = [client_credentials]
[INFO] 2021-03-15 18:30:21,514 [stepDefinition.StepDefinitions_API_Test] - Setting request paramter as Key = [client_id] and Value = [b2b640b5-c68c-4cb0-863b-20f1aec8af21]
[INFO] 2021-03-15 18:30:21,514 [stepDefinition.StepDefinitions_API_Test] - Setting request paramter as Key = [client_secret] and Value = [0b83fb21-56f8-45fd-bad8-7a59d6bd978e]
[INFO] 2021-03-15 18:30:21,515 [stepDefinition.StepDefinitions_API_Test] - Making [POST] request
[INFO] 2021-03-15 18:30:21,724 [stepDefinition.StepDefinitions_API_Test] - Validating response code as [510]
[INFO] 2021-03-15 18:30:21,739 [stepDefinition.StepDefinitions_API_Test] - Base URL:: https://sandbox.neonomics.io
[INFO] 2021-03-15 18:30:21,740 [stepDefinition.StepDefinitions_API_Test] - Endpoitn path :: /auth/realms/sandbox/protocol/openid-connect/token
[INFO] 2021-03-15 18:30:21,740 [stepDefinition.StepDefinitions_API_Test] - Setting Header = [Content-Type] and Value = [application/x-www-form-urlencoded]
[INFO] 2021-03-15 18:30:21,740 [stepDefinition.StepDefinitions_API_Test] - Added :: Header = [Content-Type] and Value = [application/x-www-form-urlencoded]
[INFO] 2021-03-15 18:30:21,740 [stepDefinition.StepDefinitions_API_Test] - Setting request paramter as Key = [grant_type] and Value = [authorization_code]
[INFO] 2021-03-15 18:30:21,741 [stepDefinition.StepDefinitions_API_Test] - Setting request paramter as Key = [client_id] and Value = [b2b640b5-c68c-4cb0-863b-20f1aec8af21]
[INFO] 2021-03-15 18:30:21,741 [stepDefinition.StepDefinitions_API_Test] - Setting request paramter as Key = [client_secret] and Value = [0b83fb21-56f8-45fd-bad8-7a59d6bd978e]
[INFO] 2021-03-15 18:30:21,742 [stepDefinition.StepDefinitions_API_Test] - Making [POST] request
[INFO] 2021-03-15 18:30:22,145 [stepDefinition.StepDefinitions_API_Test] - Validating response code as [510]
[INFO] 2021-03-15 18:30:22,156 [stepDefinition.StepDefinitions_API_Test] - Base URL:: https://sandbox.neonomics.io
[INFO] 2021-03-15 18:30:22,156 [stepDefinition.StepDefinitions_API_Test] - Endpoitn path :: /auth/realms/sandbox/protocol/openid-connect/token
[INFO] 2021-03-15 18:30:22,156 [stepDefinition.StepDefinitions_API_Test] - Setting Header = [Content-Type] and Value = [application/x-www-form-urlencoded]
[INFO] 2021-03-15 18:30:22,156 [stepDefinition.StepDefinitions_API_Test] - Added :: Header = [Content-Type] and Value = [application/x-www-form-urlencoded]
[INFO] 2021-03-15 18:30:22,157 [stepDefinition.StepDefinitions_API_Test] - Setting request paramter as Key = [grant_type] and Value = [client_credentials]
[INFO] 2021-03-15 18:30:22,157 [stepDefinition.StepDefinitions_API_Test] - Setting request paramter as Key = [client_id] and Value = [b2b640b5-c68c-4cb0-863b-20f1ae]
[INFO] 2021-03-15 18:30:22,157 [stepDefinition.StepDefinitions_API_Test] - Setting request paramter as Key = [client_secret] and Value = [0b83fb21-56f8-45fd-bad8-7a59d6bd978e]
[INFO] 2021-03-15 18:30:22,158 [stepDefinition.StepDefinitions_API_Test] - Making [POST] request
[INFO] 2021-03-15 18:30:22,567 [stepDefinition.StepDefinitions_API_Test] - Validating response code as [510]
[INFO] 2021-03-15 18:30:22,577 [stepDefinition.StepDefinitions_API_Test] - Base URL:: https://sandbox.neonomics.io
[INFO] 2021-03-15 18:30:22,577 [stepDefinition.StepDefinitions_API_Test] - Endpoitn path :: /auth/realms/sandbox/protocol/openid-connect/token
[INFO] 2021-03-15 18:30:22,577 [stepDefinition.StepDefinitions_API_Test] - Setting Header = [Content-Type] and Value = [application/json]
[INFO] 2021-03-15 18:30:22,577 [stepDefinition.StepDefinitions_API_Test] - Added :: Header = [Content-Type] and Value = [application/json]
[INFO] 2021-03-15 18:30:22,577 [stepDefinition.StepDefinitions_API_Test] - Setting request paramter as Key = [grant_type] and Value = [client_credentials]
[INFO] 2021-03-15 18:30:22,578 [stepDefinition.StepDefinitions_API_Test] - Setting request paramter as Key = [client_id] and Value = [b2b640b5-c68c-4cb0-863b-20f1aec8af21]
[INFO] 2021-03-15 18:30:22,578 [stepDefinition.StepDefinitions_API_Test] - Setting request paramter as Key = [client_secret] and Value = [0b83fb21-56f8-45fd-bad8]
[INFO] 2021-03-15 18:30:22,579 [stepDefinition.StepDefinitions_API_Test] - Making [POST] request
[INFO] 2021-03-15 18:30:22,999 [stepDefinition.StepDefinitions_API_Test] - Validating response code as [510]
[INFO] 2021-03-15 18:30:23,012 [stepDefinition.StepDefinitions_API_Test] - Base URL:: https://sandbox.neonomics.io
[INFO] 2021-03-15 18:30:23,013 [stepDefinition.StepDefinitions_API_Test] - Endpoitn path :: /ics/v3/banks
[INFO] 2021-03-15 18:30:23,013 [stepDefinition.StepDefinitions_API_Test] - Setting Header = [Accept] and Value = [application/json]
[INFO] 2021-03-15 18:30:23,013 [stepDefinition.StepDefinitions_API_Test] - Added :: Header = [Accept] and Value = [application/json]
[INFO] 2021-03-15 18:30:23,013 [stepDefinition.StepDefinitions_API_Test] - Setting Header = [Authorization] and Value = [Bearer Token]
[INFO] 2021-03-15 18:30:23,483 [com.neonomics.corelibraries.Authorization] - Response recieved for auth API ::{"refresh_expires_in":2592000,"expires_in":86400,"session_state":"4bf555e3-82d0-45ef-9761-95b59fa7247e","access_token":"eyJhbGciOiJSUzI1NiIsInR5cCIgOiAiSldUIiwia2lkIiA6ICJ2MmFQNDdIQXVTUi1qWmR5U3otNDVDV2RaOFhiWGFBMXNDbWhLbWtJLXRvIn0.eyJleHAiOjE2MTU4OTk2MjMsImlhdCI6MTYxNTgxMzIyMywianRpIjoiNzgxNjM2YmEtNmFhNS00YzMwLWFjMmEtZjAxNGEwMmIyZmU1IiwiaXNzIjoiaHR0cHM6Ly9zYW5kYm94Lm5lb25vbWljcy5pby9hdXRoL3JlYWxtcy9zYW5kYm94Iiwic3ViIjoiMjE4MDlmM2EtOWJhOS00MDMxLTllM2QtOTdiNTY3Nzc5OWY5IiwidHlwIjoiQmVhcmVyIiwiYXpwIjoiM2QzNWY2MDYtY2Q1Ny00NzRmLTg2NzYtYjc4ZGZiZWFjMzQ1Iiwic2Vzc2lvbl9zdGF0ZSI6IjRiZjU1NWUzLTgyZDAtNDVlZi05NzYxLTk1YjU5ZmE3MjQ3ZSIsImFjciI6IjEiLCJzY29wZSI6ImJhbnFicmlkZ2VfY2xpZW50Iiwib3JnYW5pemF0aW9uSWQiOiI0MjRhNTc5My01NDQ4LTQ0NjMtODI2YS05NzdhOTc2MTY4NDIiLCJjbGllbnRJZCI6IjNkMzVmNjA2LWNkNTctNDc0Zi04Njc2LWI3OGRmYmVhYzM0NSIsImNsaWVudEhvc3QiOiIxMDMuMjAwLjEwNi4xMzkiLCJja2lkIjoiYmY2NGIzNTktOWFhZC00MjcxLWJjNjItNTFjNDI2NGQyZmQ3IiwiY2xpZW50QWRkcmVzcyI6IjEwMy4yMDAuMTA2LjEzOSJ9.fIS24ZsmIsTA1City6P9iPs5hr6-6Xko8pA4h4g9dhyag8iA3P4ANA_f2bu5tfmn7gGdMmrO0F7CO8ugS6xrrQxpMtgoQK3m2AyTFw66UO4G-xkYk-OjfvGhjJ-nivRoRUh5Ve4M9PYQBrZN6QPY4Eb-W0OIU0qqxZGqf5dUJlZCawWtWw5LWRtjs8mskBgfPAS95Nk9jLXDeLKOjkc0BU-Aa9JlaWAS1QFW4UcecyJQ_LzVev0_MfvQArVWGu5HAfcO6T8h5Z_ZmBJ4N-5PFOyysFGRnVdphYFt_6mzZyyJR8TAWwLosXMANX_s6lxZanN8VaSVODHHaVWzPyZuQg","scope":"banqbridge_client","token_type":"bearer","refresh_token":"eyJhbGciOiJIUzI1NiIsInR5cCIgOiAiSldUIiwia2lkIiA6ICIwYTAzNjlhNy0yMTg3LTQ3OWYtOTU4NS02Y2QzYTczZDUxOWYifQ.eyJleHAiOjE2MTg0MDUyMjMsImlhdCI6MTYxNTgxMzIyMywianRpIjoiMTE4MGFmOWItNmQxZC00YzU1LWFkMzItYTM5MjAxOGY0YjA1IiwiaXNzIjoiaHR0cHM6Ly9zYW5kYm94Lm5lb25vbWljcy5pby9hdXRoL3JlYWxtcy9zYW5kYm94IiwiYXVkIjoiaHR0cHM6Ly9zYW5kYm94Lm5lb25vbWljcy5pby9hdXRoL3JlYWxtcy9zYW5kYm94Iiwic3ViIjoiMjE4MDlmM2EtOWJhOS00MDMxLTllM2QtOTdiNTY3Nzc5OWY5IiwidHlwIjoiUmVmcmVzaCIsImF6cCI6IjNkMzVmNjA2LWNkNTctNDc0Zi04Njc2LWI3OGRmYmVhYzM0NSIsInNlc3Npb25fc3RhdGUiOiI0YmY1NTVlMy04MmQwLTQ1ZWYtOTc2MS05NWI1OWZhNzI0N2UiLCJzY29wZSI6ImJhbnFicmlkZ2VfY2xpZW50In0.hq4bUWVMGoMfK_g8eiombvonxoks5eZw8Y2vbsECIIA"}
[INFO] 2021-03-15 18:30:23,905 [stepDefinition.StepDefinitions_API_Test] - Bearer token :: [Bearer eyJhbGciOiJSUzI1NiIsInR5cCIgOiAiSldUIiwia2lkIiA6ICJ2MmFQNDdIQXVTUi1qWmR5U3otNDVDV2RaOFhiWGFBMXNDbWhLbWtJLXRvIn0.eyJleHAiOjE2MTU4OTk2MjMsImlhdCI6MTYxNTgxMzIyMywianRpIjoiNzgxNjM2YmEtNmFhNS00YzMwLWFjMmEtZjAxNGEwMmIyZmU1IiwiaXNzIjoiaHR0cHM6Ly9zYW5kYm94Lm5lb25vbWljcy5pby9hdXRoL3JlYWxtcy9zYW5kYm94Iiwic3ViIjoiMjE4MDlmM2EtOWJhOS00MDMxLTllM2QtOTdiNTY3Nzc5OWY5IiwidHlwIjoiQmVhcmVyIiwiYXpwIjoiM2QzNWY2MDYtY2Q1Ny00NzRmLTg2NzYtYjc4ZGZiZWFjMzQ1Iiwic2Vzc2lvbl9zdGF0ZSI6IjRiZjU1NWUzLTgyZDAtNDVlZi05NzYxLTk1YjU5ZmE3MjQ3ZSIsImFjciI6IjEiLCJzY29wZSI6ImJhbnFicmlkZ2VfY2xpZW50Iiwib3JnYW5pemF0aW9uSWQiOiI0MjRhNTc5My01NDQ4LTQ0NjMtODI2YS05NzdhOTc2MTY4NDIiLCJjbGllbnRJZCI6IjNkMzVmNjA2LWNkNTctNDc0Zi04Njc2LWI3OGRmYmVhYzM0NSIsImNsaWVudEhvc3QiOiIxMDMuMjAwLjEwNi4xMzkiLCJja2lkIjoiYmY2NGIzNTktOWFhZC00MjcxLWJjNjItNTFjNDI2NGQyZmQ3IiwiY2xpZW50QWRkcmVzcyI6IjEwMy4yMDAuMTA2LjEzOSJ9.fIS24ZsmIsTA1City6P9iPs5hr6-6Xko8pA4h4g9dhyag8iA3P4ANA_f2bu5tfmn7gGdMmrO0F7CO8ugS6xrrQxpMtgoQK3m2AyTFw66UO4G-xkYk-OjfvGhjJ-nivRoRUh5Ve4M9PYQBrZN6QPY4Eb-W0OIU0qqxZGqf5dUJlZCawWtWw5LWRtjs8mskBgfPAS95Nk9jLXDeLKOjkc0BU-Aa9JlaWAS1QFW4UcecyJQ_LzVev0_MfvQArVWGu5HAfcO6T8h5Z_ZmBJ4N-5PFOyysFGRnVdphYFt_6mzZyyJR8TAWwLosXMANX_s6lxZanN8VaSVODHHaVWzPyZuQg]
[INFO] 2021-03-15 18:30:23,905 [stepDefinition.StepDefinitions_API_Test] - Added :: Header = [Authorization] and Value = [Bearer eyJhbGciOiJSUzI1NiIsInR5cCIgOiAiSldUIiwia2lkIiA6ICJ2MmFQNDdIQXVTUi1qWmR5U3otNDVDV2RaOFhiWGFBMXNDbWhLbWtJLXRvIn0.eyJleHAiOjE2MTU4OTk2MjMsImlhdCI6MTYxNTgxMzIyMywianRpIjoiNzgxNjM2YmEtNmFhNS00YzMwLWFjMmEtZjAxNGEwMmIyZmU1IiwiaXNzIjoiaHR0cHM6Ly9zYW5kYm94Lm5lb25vbWljcy5pby9hdXRoL3JlYWxtcy9zYW5kYm94Iiwic3ViIjoiMjE4MDlmM2EtOWJhOS00MDMxLTllM2QtOTdiNTY3Nzc5OWY5IiwidHlwIjoiQmVhcmVyIiwiYXpwIjoiM2QzNWY2MDYtY2Q1Ny00NzRmLTg2NzYtYjc4ZGZiZWFjMzQ1Iiwic2Vzc2lvbl9zdGF0ZSI6IjRiZjU1NWUzLTgyZDAtNDVlZi05NzYxLTk1YjU5ZmE3MjQ3ZSIsImFjciI6IjEiLCJzY29wZSI6ImJhbnFicmlkZ2VfY2xpZW50Iiwib3JnYW5pemF0aW9uSWQiOiI0MjRhNTc5My01NDQ4LTQ0NjMtODI2YS05NzdhOTc2MTY4NDIiLCJjbGllbnRJZCI6IjNkMzVmNjA2LWNkNTctNDc0Zi04Njc2LWI3OGRmYmVhYzM0NSIsImNsaWVudEhvc3QiOiIxMDMuMjAwLjEwNi4xMzkiLCJja2lkIjoiYmY2NGIzNTktOWFhZC00MjcxLWJjNjItNTFjNDI2NGQyZmQ3IiwiY2xpZW50QWRkcmVzcyI6IjEwMy4yMDAuMTA2LjEzOSJ9.fIS24ZsmIsTA1City6P9iPs5hr6-6Xko8pA4h4g9dhyag8iA3P4ANA_f2bu5tfmn7gGdMmrO0F7CO8ugS6xrrQxpMtgoQK3m2AyTFw66UO4G-xkYk-OjfvGhjJ-nivRoRUh5Ve4M9PYQBrZN6QPY4Eb-W0OIU0qqxZGqf5dUJlZCawWtWw5LWRtjs8mskBgfPAS95Nk9jLXDeLKOjkc0BU-Aa9JlaWAS1QFW4UcecyJQ_LzVev0_MfvQArVWGu5HAfcO6T8h5Z_ZmBJ4N-5PFOyysFGRnVdphYFt_6mzZyyJR8TAWwLosXMANX_s6lxZanN8VaSVODHHaVWzPyZuQg]
[INFO] 2021-03-15 18:30:23,906 [stepDefinition.StepDefinitions_API_Test] - Setting Header = [x-device-id] and Value = [example_id_for_quickstart]
[INFO] 2021-03-15 18:30:23,906 [stepDefinition.StepDefinitions_API_Test] - Added :: Header = [x-device-id] and Value = [example_id_for_quickstart]
[INFO] 2021-03-15 18:30:23,907 [stepDefinition.StepDefinitions_API_Test] - Making [GET] request
[INFO] 2021-03-15 18:30:24,138 [stepDefinition.StepDefinitions_API_Test] - Validating response code as [200]
[INFO] 2021-03-15 18:30:24,154 [stepDefinition.StepDefinitions_API_Test] - Base URL:: https://sandbox.neonomics.io
[INFO] 2021-03-15 18:30:24,154 [stepDefinition.StepDefinitions_API_Test] - Endpoitn path :: /ics/v3/banksss
[INFO] 2021-03-15 18:30:24,154 [stepDefinition.StepDefinitions_API_Test] - Setting Header = [Accept] and Value = [application/json]
[INFO] 2021-03-15 18:30:24,154 [stepDefinition.StepDefinitions_API_Test] - Added :: Header = [Accept] and Value = [application/json]
[INFO] 2021-03-15 18:30:24,154 [stepDefinition.StepDefinitions_API_Test] - Setting Header = [Authorization] and Value = [Bearer Token]
[INFO] 2021-03-15 18:30:24,345 [com.neonomics.corelibraries.Authorization] - Response recieved for auth API ::{"refresh_expires_in":2592000,"expires_in":86400,"session_state":"ac990690-535f-43c9-b196-9871dd1d9cd1","access_token":"eyJhbGciOiJSUzI1NiIsInR5cCIgOiAiSldUIiwia2lkIiA6ICJ2MmFQNDdIQXVTUi1qWmR5U3otNDVDV2RaOFhiWGFBMXNDbWhLbWtJLXRvIn0.eyJleHAiOjE2MTU4OTk2MjQsImlhdCI6MTYxNTgxMzIyNCwianRpIjoiOGIwMWZjMDItMzY3My00NjViLTllNTMtNWI5ZmRjOTg4NTVlIiwiaXNzIjoiaHR0cHM6Ly9zYW5kYm94Lm5lb25vbWljcy5pby9hdXRoL3JlYWxtcy9zYW5kYm94Iiwic3ViIjoiMjE4MDlmM2EtOWJhOS00MDMxLTllM2QtOTdiNTY3Nzc5OWY5IiwidHlwIjoiQmVhcmVyIiwiYXpwIjoiM2QzNWY2MDYtY2Q1Ny00NzRmLTg2NzYtYjc4ZGZiZWFjMzQ1Iiwic2Vzc2lvbl9zdGF0ZSI6ImFjOTkwNjkwLTUzNWYtNDNjOS1iMTk2LTk4NzFkZDFkOWNkMSIsImFjciI6IjEiLCJzY29wZSI6ImJhbnFicmlkZ2VfY2xpZW50Iiwib3JnYW5pemF0aW9uSWQiOiI0MjRhNTc5My01NDQ4LTQ0NjMtODI2YS05NzdhOTc2MTY4NDIiLCJjbGllbnRJZCI6IjNkMzVmNjA2LWNkNTctNDc0Zi04Njc2LWI3OGRmYmVhYzM0NSIsImNsaWVudEhvc3QiOiIxMDMuMjAwLjEwNi4xMzkiLCJja2lkIjoiYmY2NGIzNTktOWFhZC00MjcxLWJjNjItNTFjNDI2NGQyZmQ3IiwiY2xpZW50QWRkcmVzcyI6IjEwMy4yMDAuMTA2LjEzOSJ9.RxhyXK6tgYfec1iEYlnnTjuSQ-5Ys7syw2pdFE1xFBGwtksqT_MOv_zpp2ud5_G9Hx5v_6n5lfxRKnsY9y5BGsf5aXcABxyZlMCT9YWyGdBvc83ziRl1j0UhMzJuY_0TAO6Lz9vyocvbozQuT-psOlk12mDkKnUTI55tqJ7fqkD5YU6zV2f_csAj0aZ_0bqug2zLoTZzBfuzYONfddTYXXHWXPW9giUG1nmH8jlZX-HF8U39ZsqY-LbFQqVcx_XUQuce3jkxHmDlSNiNBQOzXwqUhDNXeB9u0mITMp71qvu9lLpxJUdEnB4Huz9wlA5jomf5LzpHOPp_ZexVPw_TaQ","scope":"banqbridge_client","token_type":"bearer","refresh_token":"eyJhbGciOiJIUzI1NiIsInR5cCIgOiAiSldUIiwia2lkIiA6ICIwYTAzNjlhNy0yMTg3LTQ3OWYtOTU4NS02Y2QzYTczZDUxOWYifQ.eyJleHAiOjE2MTg0MDUyMjQsImlhdCI6MTYxNTgxMzIyNCwianRpIjoiZWRmY2NlMjMtMDNkOS00N2I5LThjZDAtYjE0NTQ4N2M0ZTIxIiwiaXNzIjoiaHR0cHM6Ly9zYW5kYm94Lm5lb25vbWljcy5pby9hdXRoL3JlYWxtcy9zYW5kYm94IiwiYXVkIjoiaHR0cHM6Ly9zYW5kYm94Lm5lb25vbWljcy5pby9hdXRoL3JlYWxtcy9zYW5kYm94Iiwic3ViIjoiMjE4MDlmM2EtOWJhOS00MDMxLTllM2QtOTdiNTY3Nzc5OWY5IiwidHlwIjoiUmVmcmVzaCIsImF6cCI6IjNkMzVmNjA2LWNkNTctNDc0Zi04Njc2LWI3OGRmYmVhYzM0NSIsInNlc3Npb25fc3RhdGUiOiJhYzk5MDY5MC01MzVmLTQzYzktYjE5Ni05ODcxZGQxZDljZDEiLCJzY29wZSI6ImJhbnFicmlkZ2VfY2xpZW50In0.4_7mey-9p9U95C_FMUvDTQ0OQaBd-jW_w_RzJlIevgE"}
[INFO] 2021-03-15 18:30:24,382 [stepDefinition.StepDefinitions_API_Test] - Bearer token :: [Bearer eyJhbGciOiJSUzI1NiIsInR5cCIgOiAiSldUIiwia2lkIiA6ICJ2MmFQNDdIQXVTUi1qWmR5U3otNDVDV2RaOFhiWGFBMXNDbWhLbWtJLXRvIn0.eyJleHAiOjE2MTU4OTk2MjQsImlhdCI6MTYxNTgxMzIyNCwianRpIjoiOGIwMWZjMDItMzY3My00NjViLTllNTMtNWI5ZmRjOTg4NTVlIiwiaXNzIjoiaHR0cHM6Ly9zYW5kYm94Lm5lb25vbWljcy5pby9hdXRoL3JlYWxtcy9zYW5kYm94Iiwic3ViIjoiMjE4MDlmM2EtOWJhOS00MDMxLTllM2QtOTdiNTY3Nzc5OWY5IiwidHlwIjoiQmVhcmVyIiwiYXpwIjoiM2QzNWY2MDYtY2Q1Ny00NzRmLTg2NzYtYjc4ZGZiZWFjMzQ1Iiwic2Vzc2lvbl9zdGF0ZSI6ImFjOTkwNjkwLTUzNWYtNDNjOS1iMTk2LTk4NzFkZDFkOWNkMSIsImFjciI6IjEiLCJzY29wZSI6ImJhbnFicmlkZ2VfY2xpZW50Iiwib3JnYW5pemF0aW9uSWQiOiI0MjRhNTc5My01NDQ4LTQ0NjMtODI2YS05NzdhOTc2MTY4NDIiLCJjbGllbnRJZCI6IjNkMzVmNjA2LWNkNTctNDc0Zi04Njc2LWI3OGRmYmVhYzM0NSIsImNsaWVudEhvc3QiOiIxMDMuMjAwLjEwNi4xMzkiLCJja2lkIjoiYmY2NGIzNTktOWFhZC00MjcxLWJjNjItNTFjNDI2NGQyZmQ3IiwiY2xpZW50QWRkcmVzcyI6IjEwMy4yMDAuMTA2LjEzOSJ9.RxhyXK6tgYfec1iEYlnnTjuSQ-5Ys7syw2pdFE1xFBGwtksqT_MOv_zpp2ud5_G9Hx5v_6n5lfxRKnsY9y5BGsf5aXcABxyZlMCT9YWyGdBvc83ziRl1j0UhMzJuY_0TAO6Lz9vyocvbozQuT-psOlk12mDkKnUTI55tqJ7fqkD5YU6zV2f_csAj0aZ_0bqug2zLoTZzBfuzYONfddTYXXHWXPW9giUG1nmH8jlZX-HF8U39ZsqY-LbFQqVcx_XUQuce3jkxHmDlSNiNBQOzXwqUhDNXeB9u0mITMp71qvu9lLpxJUdEnB4Huz9wlA5jomf5LzpHOPp_ZexVPw_TaQ]
[INFO] 2021-03-15 18:30:24,382 [stepDefinition.StepDefinitions_API_Test] - Added :: Header = [Authorization] and Value = [Bearer eyJhbGciOiJSUzI1NiIsInR5cCIgOiAiSldUIiwia2lkIiA6ICJ2MmFQNDdIQXVTUi1qWmR5U3otNDVDV2RaOFhiWGFBMXNDbWhLbWtJLXRvIn0.eyJleHAiOjE2MTU4OTk2MjQsImlhdCI6MTYxNTgxMzIyNCwianRpIjoiOGIwMWZjMDItMzY3My00NjViLTllNTMtNWI5ZmRjOTg4NTVlIiwiaXNzIjoiaHR0cHM6Ly9zYW5kYm94Lm5lb25vbWljcy5pby9hdXRoL3JlYWxtcy9zYW5kYm94Iiwic3ViIjoiMjE4MDlmM2EtOWJhOS00MDMxLTllM2QtOTdiNTY3Nzc5OWY5IiwidHlwIjoiQmVhcmVyIiwiYXpwIjoiM2QzNWY2MDYtY2Q1Ny00NzRmLTg2NzYtYjc4ZGZiZWFjMzQ1Iiwic2Vzc2lvbl9zdGF0ZSI6ImFjOTkwNjkwLTUzNWYtNDNjOS1iMTk2LTk4NzFkZDFkOWNkMSIsImFjciI6IjEiLCJzY29wZSI6ImJhbnFicmlkZ2VfY2xpZW50Iiwib3JnYW5pemF0aW9uSWQiOiI0MjRhNTc5My01NDQ4LTQ0NjMtODI2YS05NzdhOTc2MTY4NDIiLCJjbGllbnRJZCI6IjNkMzVmNjA2LWNkNTctNDc0Zi04Njc2LWI3OGRmYmVhYzM0NSIsImNsaWVudEhvc3QiOiIxMDMuMjAwLjEwNi4xMzkiLCJja2lkIjoiYmY2NGIzNTktOWFhZC00MjcxLWJjNjItNTFjNDI2NGQyZmQ3IiwiY2xpZW50QWRkcmVzcyI6IjEwMy4yMDAuMTA2LjEzOSJ9.RxhyXK6tgYfec1iEYlnnTjuSQ-5Ys7syw2pdFE1xFBGwtksqT_MOv_zpp2ud5_G9Hx5v_6n5lfxRKnsY9y5BGsf5aXcABxyZlMCT9YWyGdBvc83ziRl1j0UhMzJuY_0TAO6Lz9vyocvbozQuT-psOlk12mDkKnUTI55tqJ7fqkD5YU6zV2f_csAj0aZ_0bqug2zLoTZzBfuzYONfddTYXXHWXPW9giUG1nmH8jlZX-HF8U39ZsqY-LbFQqVcx_XUQuce3jkxHmDlSNiNBQOzXwqUhDNXeB9u0mITMp71qvu9lLpxJUdEnB4Huz9wlA5jomf5LzpHOPp_ZexVPw_TaQ]
[INFO] 2021-03-15 18:30:24,383 [stepDefinition.StepDefinitions_API_Test] - Setting Header = [x-device-id] and Value = [example_id_for_quickstart]
[INFO] 2021-03-15 18:30:24,383 [stepDefinition.StepDefinitions_API_Test] - Added :: Header = [x-device-id] and Value = [example_id_for_quickstart]
[INFO] 2021-03-15 18:30:24,384 [stepDefinition.StepDefinitions_API_Test] - Making [GET] request
[INFO] 2021-03-15 18:30:24,584 [stepDefinition.StepDefinitions_API_Test] - Validating response code as [510]
[INFO] 2021-03-15 18:30:24,593 [stepDefinition.StepDefinitions_API_Test] - Base URL:: https://sandbox.neonomics.io
[INFO] 2021-03-15 18:30:24,593 [stepDefinition.StepDefinitions_API_Test] - Endpoitn path :: /ics/v3/banks
[INFO] 2021-03-15 18:30:24,593 [stepDefinition.StepDefinitions_API_Test] - Setting Header = [Accept] and Value = [application/json]
[INFO] 2021-03-15 18:30:24,593 [stepDefinition.StepDefinitions_API_Test] - Added :: Header = [Accept] and Value = [application/json]
[INFO] 2021-03-15 18:30:24,593 [stepDefinition.StepDefinitions_API_Test] - Setting Header = [Authorization] and Value = []
[INFO] 2021-03-15 18:30:24,593 [stepDefinition.StepDefinitions_API_Test] - Added :: Header = [Authorization] and Value = []
[INFO] 2021-03-15 18:30:24,594 [stepDefinition.StepDefinitions_API_Test] - Setting Header = [x-device-id] and Value = []
[INFO] 2021-03-15 18:30:24,594 [stepDefinition.StepDefinitions_API_Test] - Added :: Header = [x-device-id] and Value = []
[INFO] 2021-03-15 18:30:24,594 [stepDefinition.StepDefinitions_API_Test] - Making [GET] request
[INFO] 2021-03-15 18:30:24,763 [stepDefinition.StepDefinitions_API_Test] - Validating response code as [510]
[INFO] 2021-03-15 18:30:24,774 [stepDefinition.StepDefinitions_API_Test] - Base URL:: https://sandbox.neonomics.io
[INFO] 2021-03-15 18:30:24,774 [stepDefinition.StepDefinitions_API_Test] - Endpoitn path :: /ics/v3/banks
[INFO] 2021-03-15 18:30:24,774 [stepDefinition.StepDefinitions_API_Test] - Setting Header = [Accept] and Value = [application/x-www-form-urlencoded]
[INFO] 2021-03-15 18:30:24,775 [stepDefinition.StepDefinitions_API_Test] - Added :: Header = [Accept] and Value = [application/x-www-form-urlencoded]
[INFO] 2021-03-15 18:30:24,775 [stepDefinition.StepDefinitions_API_Test] - Setting Header = [Authorization] and Value = [Bearer Token]
[INFO] 2021-03-15 18:30:24,979 [com.neonomics.corelibraries.Authorization] - Response recieved for auth API ::{"refresh_expires_in":2592000,"expires_in":86400,"session_state":"7ff4423b-5c92-4ec4-abcb-869de5d01dda","access_token":"eyJhbGciOiJSUzI1NiIsInR5cCIgOiAiSldUIiwia2lkIiA6ICJ2MmFQNDdIQXVTUi1qWmR5U3otNDVDV2RaOFhiWGFBMXNDbWhLbWtJLXRvIn0.eyJleHAiOjE2MTU4OTk2MjUsImlhdCI6MTYxNTgxMzIyNSwianRpIjoiMjNmZTA1MjMtNjA5YS00MjdiLWE4ZTEtOWY0MjgyYmM2M2RhIiwiaXNzIjoiaHR0cHM6Ly9zYW5kYm94Lm5lb25vbWljcy5pby9hdXRoL3JlYWxtcy9zYW5kYm94Iiwic3ViIjoiMjE4MDlmM2EtOWJhOS00MDMxLTllM2QtOTdiNTY3Nzc5OWY5IiwidHlwIjoiQmVhcmVyIiwiYXpwIjoiM2QzNWY2MDYtY2Q1Ny00NzRmLTg2NzYtYjc4ZGZiZWFjMzQ1Iiwic2Vzc2lvbl9zdGF0ZSI6IjdmZjQ0MjNiLTVjOTItNGVjNC1hYmNiLTg2OWRlNWQwMWRkYSIsImFjciI6IjEiLCJzY29wZSI6ImJhbnFicmlkZ2VfY2xpZW50Iiwib3JnYW5pemF0aW9uSWQiOiI0MjRhNTc5My01NDQ4LTQ0NjMtODI2YS05NzdhOTc2MTY4NDIiLCJjbGllbnRJZCI6IjNkMzVmNjA2LWNkNTctNDc0Zi04Njc2LWI3OGRmYmVhYzM0NSIsImNsaWVudEhvc3QiOiIxMDMuMjAwLjEwNi4xMzkiLCJja2lkIjoiYmY2NGIzNTktOWFhZC00MjcxLWJjNjItNTFjNDI2NGQyZmQ3IiwiY2xpZW50QWRkcmVzcyI6IjEwMy4yMDAuMTA2LjEzOSJ9.ZdbDmYtpal6eWfMGZa7v4wHpES9swHvTmKJR10WcRHDPPj1mjVgSR5ePG8BWhliRdn0-IxfOXogELfzMJepht-2mO-evUfKBgCHkASwIYZxnLt-7vYRN_SzOZuvX7lgSrYwcQzzO5TTFKQ0tuPY2hj4HCobSHGTJja0Ib7B8dxT28jIo2W_k0BdF9A4yzKaW1Vczoqx3nZ9PU5JyNBHmsv5fV3xgBd4oBxI2Co1HOVtOOX1Mej1w6LdhZbYXJLvu4jKKgYIkFX6wwXvt8qIWfF3U5O2Z0ApT3sx0EhskkZKb6iKVhAZlLOoYvpvTO0a89KksnVdIRgOaeI2DXKHP6w","scope":"banqbridge_client","token_type":"bearer","refresh_token":"eyJhbGciOiJIUzI1NiIsInR5cCIgOiAiSldUIiwia2lkIiA6ICIwYTAzNjlhNy0yMTg3LTQ3OWYtOTU4NS02Y2QzYTczZDUxOWYifQ.eyJleHAiOjE2MTg0MDUyMjUsImlhdCI6MTYxNTgxMzIyNSwianRpIjoiZDcxNDk0YjQtZjM2YS00OThiLTk0OWItZjQxNDY2ZGZhNTgxIiwiaXNzIjoiaHR0cHM6Ly9zYW5kYm94Lm5lb25vbWljcy5pby9hdXRoL3JlYWxtcy9zYW5kYm94IiwiYXVkIjoiaHR0cHM6Ly9zYW5kYm94Lm5lb25vbWljcy5pby9hdXRoL3JlYWxtcy9zYW5kYm94Iiwic3ViIjoiMjE4MDlmM2EtOWJhOS00MDMxLTllM2QtOTdiNTY3Nzc5OWY5IiwidHlwIjoiUmVmcmVzaCIsImF6cCI6IjNkMzVmNjA2LWNkNTctNDc0Zi04Njc2LWI3OGRmYmVhYzM0NSIsInNlc3Npb25fc3RhdGUiOiI3ZmY0NDIzYi01YzkyLTRlYzQtYWJjYi04NjlkZTVkMDFkZGEiLCJzY29wZSI6ImJhbnFicmlkZ2VfY2xpZW50In0.016v7gbftSm0kPG3eBoyuBIq40q_VcFiOkPFhyzw1C0"}
[INFO] 2021-03-15 18:30:25,014 [stepDefinition.StepDefinitions_API_Test] - Bearer token :: [Bearer eyJhbGciOiJSUzI1NiIsInR5cCIgOiAiSldUIiwia2lkIiA6ICJ2MmFQNDdIQXVTUi1qWmR5U3otNDVDV2RaOFhiWGFBMXNDbWhLbWtJLXRvIn0.eyJleHAiOjE2MTU4OTk2MjUsImlhdCI6MTYxNTgxMzIyNSwianRpIjoiMjNmZTA1MjMtNjA5YS00MjdiLWE4ZTEtOWY0MjgyYmM2M2RhIiwiaXNzIjoiaHR0cHM6Ly9zYW5kYm94Lm5lb25vbWljcy5pby9hdXRoL3JlYWxtcy9zYW5kYm94Iiwic3ViIjoiMjE4MDlmM2EtOWJhOS00MDMxLTllM2QtOTdiNTY3Nzc5OWY5IiwidHlwIjoiQmVhcmVyIiwiYXpwIjoiM2QzNWY2MDYtY2Q1Ny00NzRmLTg2NzYtYjc4ZGZiZWFjMzQ1Iiwic2Vzc2lvbl9zdGF0ZSI6IjdmZjQ0MjNiLTVjOTItNGVjNC1hYmNiLTg2OWRlNWQwMWRkYSIsImFjciI6IjEiLCJzY29wZSI6ImJhbnFicmlkZ2VfY2xpZW50Iiwib3JnYW5pemF0aW9uSWQiOiI0MjRhNTc5My01NDQ4LTQ0NjMtODI2YS05NzdhOTc2MTY4NDIiLCJjbGllbnRJZCI6IjNkMzVmNjA2LWNkNTctNDc0Zi04Njc2LWI3OGRmYmVhYzM0NSIsImNsaWVudEhvc3QiOiIxMDMuMjAwLjEwNi4xMzkiLCJja2lkIjoiYmY2NGIzNTktOWFhZC00MjcxLWJjNjItNTFjNDI2NGQyZmQ3IiwiY2xpZW50QWRkcmVzcyI6IjEwMy4yMDAuMTA2LjEzOSJ9.ZdbDmYtpal6eWfMGZa7v4wHpES9swHvTmKJR10WcRHDPPj1mjVgSR5ePG8BWhliRdn0-IxfOXogELfzMJepht-2mO-evUfKBgCHkASwIYZxnLt-7vYRN_SzOZuvX7lgSrYwcQzzO5TTFKQ0tuPY2hj4HCobSHGTJja0Ib7B8dxT28jIo2W_k0BdF9A4yzKaW1Vczoqx3nZ9PU5JyNBHmsv5fV3xgBd4oBxI2Co1HOVtOOX1Mej1w6LdhZbYXJLvu4jKKgYIkFX6wwXvt8qIWfF3U5O2Z0ApT3sx0EhskkZKb6iKVhAZlLOoYvpvTO0a89KksnVdIRgOaeI2DXKHP6w]
[INFO] 2021-03-15 18:30:25,014 [stepDefinition.StepDefinitions_API_Test] - Added :: Header = [Authorization] and Value = [Bearer eyJhbGciOiJSUzI1NiIsInR5cCIgOiAiSldUIiwia2lkIiA6ICJ2MmFQNDdIQXVTUi1qWmR5U3otNDVDV2RaOFhiWGFBMXNDbWhLbWtJLXRvIn0.eyJleHAiOjE2MTU4OTk2MjUsImlhdCI6MTYxNTgxMzIyNSwianRpIjoiMjNmZTA1MjMtNjA5YS00MjdiLWE4ZTEtOWY0MjgyYmM2M2RhIiwiaXNzIjoiaHR0cHM6Ly9zYW5kYm94Lm5lb25vbWljcy5pby9hdXRoL3JlYWxtcy9zYW5kYm94Iiwic3ViIjoiMjE4MDlmM2EtOWJhOS00MDMxLTllM2QtOTdiNTY3Nzc5OWY5IiwidHlwIjoiQmVhcmVyIiwiYXpwIjoiM2QzNWY2MDYtY2Q1Ny00NzRmLTg2NzYtYjc4ZGZiZWFjMzQ1Iiwic2Vzc2lvbl9zdGF0ZSI6IjdmZjQ0MjNiLTVjOTItNGVjNC1hYmNiLTg2OWRlNWQwMWRkYSIsImFjciI6IjEiLCJzY29wZSI6ImJhbnFicmlkZ2VfY2xpZW50Iiwib3JnYW5pemF0aW9uSWQiOiI0MjRhNTc5My01NDQ4LTQ0NjMtODI2YS05NzdhOTc2MTY4NDIiLCJjbGllbnRJZCI6IjNkMzVmNjA2LWNkNTctNDc0Zi04Njc2LWI3OGRmYmVhYzM0NSIsImNsaWVudEhvc3QiOiIxMDMuMjAwLjEwNi4xMzkiLCJja2lkIjoiYmY2NGIzNTktOWFhZC00MjcxLWJjNjItNTFjNDI2NGQyZmQ3IiwiY2xpZW50QWRkcmVzcyI6IjEwMy4yMDAuMTA2LjEzOSJ9.ZdbDmYtpal6eWfMGZa7v4wHpES9swHvTmKJR10WcRHDPPj1mjVgSR5ePG8BWhliRdn0-IxfOXogELfzMJepht-2mO-evUfKBgCHkASwIYZxnLt-7vYRN_SzOZuvX7lgSrYwcQzzO5TTFKQ0tuPY2hj4HCobSHGTJja0Ib7B8dxT28jIo2W_k0BdF9A4yzKaW1Vczoqx3nZ9PU5JyNBHmsv5fV3xgBd4oBxI2Co1HOVtOOX1Mej1w6LdhZbYXJLvu4jKKgYIkFX6wwXvt8qIWfF3U5O2Z0ApT3sx0EhskkZKb6iKVhAZlLOoYvpvTO0a89KksnVdIRgOaeI2DXKHP6w]
[INFO] 2021-03-15 18:30:25,015 [stepDefinition.StepDefinitions_API_Test] - Setting Header = [x-device-id] and Value = [anything-different]
[INFO] 2021-03-15 18:30:25,015 [stepDefinition.StepDefinitions_API_Test] - Added :: Header = [x-device-id] and Value = [anything-different]
[INFO] 2021-03-15 18:30:25,016 [stepDefinition.StepDefinitions_API_Test] - Making [GET] request
[INFO] 2021-03-15 18:30:25,189 [stepDefinition.StepDefinitions_API_Test] - Validating response code as [406]
[INFO] 2021-03-15 18:30:25,196 [stepDefinition.StepDefinitions_API_Test] - Base URL:: https://sandbox.neonomics.io
[INFO] 2021-03-15 18:30:25,196 [stepDefinition.StepDefinitions_API_Test] - Endpoitn path :: /ics/v3/banks
[INFO] 2021-03-15 18:30:25,196 [stepDefinition.StepDefinitions_API_Test] - Setting Header = [Accept] and Value = []
[INFO] 2021-03-15 18:30:25,196 [stepDefinition.StepDefinitions_API_Test] - Added :: Header = [Accept] and Value = []
[INFO] 2021-03-15 18:30:25,197 [stepDefinition.StepDefinitions_API_Test] - Setting Header = [Authorization] and Value = []
[INFO] 2021-03-15 18:30:25,197 [stepDefinition.StepDefinitions_API_Test] - Added :: Header = [Authorization] and Value = []
[INFO] 2021-03-15 18:30:25,197 [stepDefinition.StepDefinitions_API_Test] - Setting Header = [x-device-id] and Value = []
[INFO] 2021-03-15 18:30:25,197 [stepDefinition.StepDefinitions_API_Test] - Added :: Header = [x-device-id] and Value = []
[INFO] 2021-03-15 18:30:25,198 [stepDefinition.StepDefinitions_API_Test] - Making [GET] request
[INFO] 2021-03-15 18:30:25,587 [stepDefinition.StepDefinitions_API_Test] - Validating response code as [510]
[INFO] 2021-03-15 18:30:25,594 [stepDefinition.StepDefinitions_API_Test] - Base URL:: https://sandbox.neonomics.io
[INFO] 2021-03-15 18:30:25,594 [stepDefinition.StepDefinitions_API_Test] - Endpoitn path :: /ics/v3/session
[INFO] 2021-03-15 18:30:25,594 [stepDefinition.StepDefinitions_API_Test] - Setting Header = [Content-Type] and Value = [application/json]
[INFO] 2021-03-15 18:30:25,594 [stepDefinition.StepDefinitions_API_Test] - Added :: Header = [Content-Type] and Value = [application/json]
[INFO] 2021-03-15 18:30:25,594 [stepDefinition.StepDefinitions_API_Test] - Setting Header = [Authorization] and Value = [Bearer Token]
[INFO] 2021-03-15 18:30:25,787 [com.neonomics.corelibraries.Authorization] - Response recieved for auth API ::{"refresh_expires_in":2592000,"expires_in":86400,"session_state":"60cce1ff-c851-458a-a07a-b15a8bbd4206","access_token":"eyJhbGciOiJSUzI1NiIsInR5cCIgOiAiSldUIiwia2lkIiA6ICJ2MmFQNDdIQXVTUi1qWmR5U3otNDVDV2RaOFhiWGFBMXNDbWhLbWtJLXRvIn0.eyJleHAiOjE2MTU4OTk2MjUsImlhdCI6MTYxNTgxMzIyNSwianRpIjoiZTZmMjYxZmMtYzJjYS00YmY3LTkxZTEtOTUzNDBhMDBlNDk5IiwiaXNzIjoiaHR0cHM6Ly9zYW5kYm94Lm5lb25vbWljcy5pby9hdXRoL3JlYWxtcy9zYW5kYm94Iiwic3ViIjoiMjE4MDlmM2EtOWJhOS00MDMxLTllM2QtOTdiNTY3Nzc5OWY5IiwidHlwIjoiQmVhcmVyIiwiYXpwIjoiM2QzNWY2MDYtY2Q1Ny00NzRmLTg2NzYtYjc4ZGZiZWFjMzQ1Iiwic2Vzc2lvbl9zdGF0ZSI6IjYwY2NlMWZmLWM4NTEtNDU4YS1hMDdhLWIxNWE4YmJkNDIwNiIsImFjciI6IjEiLCJzY29wZSI6ImJhbnFicmlkZ2VfY2xpZW50Iiwib3JnYW5pemF0aW9uSWQiOiI0MjRhNTc5My01NDQ4LTQ0NjMtODI2YS05NzdhOTc2MTY4NDIiLCJjbGllbnRJZCI6IjNkMzVmNjA2LWNkNTctNDc0Zi04Njc2LWI3OGRmYmVhYzM0NSIsImNsaWVudEhvc3QiOiIxMDMuMjAwLjEwNi4xMzkiLCJja2lkIjoiYmY2NGIzNTktOWFhZC00MjcxLWJjNjItNTFjNDI2NGQyZmQ3IiwiY2xpZW50QWRkcmVzcyI6IjEwMy4yMDAuMTA2LjEzOSJ9.INT3cQ8i-nt55Xm-47Agcx4X587iUiWpxX-9AvSZBBbrYZW4Q0BP0jOYmDSgQKnkHg5J934D_ThCXWLTmCBEVWbKQ-P10vOYbRvYVkgxoDeVgvi3My_-QAqCLqHC2hrMerhePFSzBSi_pzPbO90hR1nWaATfAya8u-Zdi0n3UElciGD32gzVfMAhlF5QbLudUoYZtsrpi3fQ8FhQI2urPPdwGys_nAW3PLAxDnpZWqdG0Rp8NxTBGHMx1KNuGKNE5JODSLrmc4s3CRGQMP7Iu9ie84bZY4SJMdA6R22FAOFUA-c26Eqn1ZMKINj-N_hL_Gc_ecGr54HwMLwfzvzAUA","scope":"banqbridge_client","token_type":"bearer","refresh_token":"eyJhbGciOiJIUzI1NiIsInR5cCIgOiAiSldUIiwia2lkIiA6ICIwYTAzNjlhNy0yMTg3LTQ3OWYtOTU4NS02Y2QzYTczZDUxOWYifQ.eyJleHAiOjE2MTg0MDUyMjUsImlhdCI6MTYxNTgxMzIyNSwianRpIjoiMWE3NTU2YTMtZmMxMy00Mjk4LTk0YzYtMDQ2MTIyMmY1NTJkIiwiaXNzIjoiaHR0cHM6Ly9zYW5kYm94Lm5lb25vbWljcy5pby9hdXRoL3JlYWxtcy9zYW5kYm94IiwiYXVkIjoiaHR0cHM6Ly9zYW5kYm94Lm5lb25vbWljcy5pby9hdXRoL3JlYWxtcy9zYW5kYm94Iiwic3ViIjoiMjE4MDlmM2EtOWJhOS00MDMxLTllM2QtOTdiNTY3Nzc5OWY5IiwidHlwIjoiUmVmcmVzaCIsImF6cCI6IjNkMzVmNjA2LWNkNTctNDc0Zi04Njc2LWI3OGRmYmVhYzM0NSIsInNlc3Npb25fc3RhdGUiOiI2MGNjZTFmZi1jODUxLTQ1OGEtYTA3YS1iMTVhOGJiZDQyMDYiLCJzY29wZSI6ImJhbnFicmlkZ2VfY2xpZW50In0.2C6w9nMYKl5zmpZCHhnZTuNpIztsTflWeO_zDjEkEeg"}
[INFO] 2021-03-15 18:30:25,825 [stepDefinition.StepDefinitions_API_Test] - Bearer token :: [Bearer eyJhbGciOiJSUzI1NiIsInR5cCIgOiAiSldUIiwia2lkIiA6ICJ2MmFQNDdIQXVTUi1qWmR5U3otNDVDV2RaOFhiWGFBMXNDbWhLbWtJLXRvIn0.eyJleHAiOjE2MTU4OTk2MjUsImlhdCI6MTYxNTgxMzIyNSwianRpIjoiZTZmMjYxZmMtYzJjYS00YmY3LTkxZTEtOTUzNDBhMDBlNDk5IiwiaXNzIjoiaHR0cHM6Ly9zYW5kYm94Lm5lb25vbWljcy5pby9hdXRoL3JlYWxtcy9zYW5kYm94Iiwic3ViIjoiMjE4MDlmM2EtOWJhOS00MDMxLTllM2QtOTdiNTY3Nzc5OWY5IiwidHlwIjoiQmVhcmVyIiwiYXpwIjoiM2QzNWY2MDYtY2Q1Ny00NzRmLTg2NzYtYjc4ZGZiZWFjMzQ1Iiwic2Vzc2lvbl9zdGF0ZSI6IjYwY2NlMWZmLWM4NTEtNDU4YS1hMDdhLWIxNWE4YmJkNDIwNiIsImFjciI6IjEiLCJzY29wZSI6ImJhbnFicmlkZ2VfY2xpZW50Iiwib3JnYW5pemF0aW9uSWQiOiI0MjRhNTc5My01NDQ4LTQ0NjMtODI2YS05NzdhOTc2MTY4NDIiLCJjbGllbnRJZCI6IjNkMzVmNjA2LWNkNTctNDc0Zi04Njc2LWI3OGRmYmVhYzM0NSIsImNsaWVudEhvc3QiOiIxMDMuMjAwLjEwNi4xMzkiLCJja2lkIjoiYmY2NGIzNTktOWFhZC00MjcxLWJjNjItNTFjNDI2NGQyZmQ3IiwiY2xpZW50QWRkcmVzcyI6IjEwMy4yMDAuMTA2LjEzOSJ9.INT3cQ8i-nt55Xm-47Agcx4X587iUiWpxX-9AvSZBBbrYZW4Q0BP0jOYmDSgQKnkHg5J934D_ThCXWLTmCBEVWbKQ-P10vOYbRvYVkgxoDeVgvi3My_-QAqCLqHC2hrMerhePFSzBSi_pzPbO90hR1nWaATfAya8u-Zdi0n3UElciGD32gzVfMAhlF5QbLudUoYZtsrpi3fQ8FhQI2urPPdwGys_nAW3PLAxDnpZWqdG0Rp8NxTBGHMx1KNuGKNE5JODSLrmc4s3CRGQMP7Iu9ie84bZY4SJMdA6R22FAOFUA-c26Eqn1ZMKINj-N_hL_Gc_ecGr54HwMLwfzvzAUA]
[INFO] 2021-03-15 18:30:25,825 [stepDefinition.StepDefinitions_API_Test] - Added :: Header = [Authorization] and Value = [Bearer eyJhbGciOiJSUzI1NiIsInR5cCIgOiAiSldUIiwia2lkIiA6ICJ2MmFQNDdIQXVTUi1qWmR5U3otNDVDV2RaOFhiWGFBMXNDbWhLbWtJLXRvIn0.eyJleHAiOjE2MTU4OTk2MjUsImlhdCI6MTYxNTgxMzIyNSwianRpIjoiZTZmMjYxZmMtYzJjYS00YmY3LTkxZTEtOTUzNDBhMDBlNDk5IiwiaXNzIjoiaHR0cHM6Ly9zYW5kYm94Lm5lb25vbWljcy5pby9hdXRoL3JlYWxtcy9zYW5kYm94Iiwic3ViIjoiMjE4MDlmM2EtOWJhOS00MDMxLTllM2QtOTdiNTY3Nzc5OWY5IiwidHlwIjoiQmVhcmVyIiwiYXpwIjoiM2QzNWY2MDYtY2Q1Ny00NzRmLTg2NzYtYjc4ZGZiZWFjMzQ1Iiwic2Vzc2lvbl9zdGF0ZSI6IjYwY2NlMWZmLWM4NTEtNDU4YS1hMDdhLWIxNWE4YmJkNDIwNiIsImFjciI6IjEiLCJzY29wZSI6ImJhbnFicmlkZ2VfY2xpZW50Iiwib3JnYW5pemF0aW9uSWQiOiI0MjRhNTc5My01NDQ4LTQ0NjMtODI2YS05NzdhOTc2MTY4NDIiLCJjbGllbnRJZCI6IjNkMzVmNjA2LWNkNTctNDc0Zi04Njc2LWI3OGRmYmVhYzM0NSIsImNsaWVudEhvc3QiOiIxMDMuMjAwLjEwNi4xMzkiLCJja2lkIjoiYmY2NGIzNTktOWFhZC00MjcxLWJjNjItNTFjNDI2NGQyZmQ3IiwiY2xpZW50QWRkcmVzcyI6IjEwMy4yMDAuMTA2LjEzOSJ9.INT3cQ8i-nt55Xm-47Agcx4X587iUiWpxX-9AvSZBBbrYZW4Q0BP0jOYmDSgQKnkHg5J934D_ThCXWLTmCBEVWbKQ-P10vOYbRvYVkgxoDeVgvi3My_-QAqCLqHC2hrMerhePFSzBSi_pzPbO90hR1nWaATfAya8u-Zdi0n3UElciGD32gzVfMAhlF5QbLudUoYZtsrpi3fQ8FhQI2urPPdwGys_nAW3PLAxDnpZWqdG0Rp8NxTBGHMx1KNuGKNE5JODSLrmc4s3CRGQMP7Iu9ie84bZY4SJMdA6R22FAOFUA-c26Eqn1ZMKINj-N_hL_Gc_ecGr54HwMLwfzvzAUA]
[INFO] 2021-03-15 18:30:25,825 [stepDefinition.StepDefinitions_API_Test] - Setting Header = [x-device-id] and Value = [example_id_for_quickstart]
[INFO] 2021-03-15 18:30:25,826 [stepDefinition.StepDefinitions_API_Test] - Added :: Header = [x-device-id] and Value = [example_id_for_quickstart]
[INFO] 2021-03-15 18:30:25,826 [stepDefinition.StepDefinitions_API_Test] - Adding body content for Key = [[bankId, anVzdG9iYW5rLnYxSlVTVE5PS0s=]] and Value = [{]]
[INFO] 2021-03-15 18:30:25,826 [stepDefinition.StepDefinitions_API_Test] - Raw body needs to be added to request
[INFO] 2021-03-15 18:30:25,827 [stepDefinition.StepDefinitions_API_Test] - {"bankId":"anVzdG9iYW5rLnYxSlVTVE5PS0s\u003d"}
[INFO] 2021-03-15 18:30:25,828 [stepDefinition.StepDefinitions_API_Test] - Making [POST] request
[INFO] 2021-03-15 18:30:26,027 [stepDefinition.StepDefinitions_API_Test] - Validating response code as [201]
[ERROR] 2021-03-15 18:30:26,027 [stepDefinition.StepDefinitions_API_Test] - Please provide proper API area type
[INFO] 2021-03-15 18:30:26,034 [stepDefinition.StepDefinitions_API_Test] - Base URL:: https://sandbox.neonomics.io
[INFO] 2021-03-15 18:30:26,034 [stepDefinition.StepDefinitions_API_Test] - Endpoitn path :: /ics/v3/sessioned
[INFO] 2021-03-15 18:30:26,035 [stepDefinition.StepDefinitions_API_Test] - Setting Header = [Content-Type] and Value = [application/json]
[INFO] 2021-03-15 18:30:26,035 [stepDefinition.StepDefinitions_API_Test] - Added :: Header = [Content-Type] and Value = [application/json]
[INFO] 2021-03-15 18:30:26,035 [stepDefinition.StepDefinitions_API_Test] - Setting Header = [Authorization] and Value = [Bearer Token]
[INFO] 2021-03-15 18:30:26,240 [com.neonomics.corelibraries.Authorization] - Response recieved for auth API ::{"refresh_expires_in":2592000,"expires_in":86400,"session_state":"2096cf29-20f1-4b80-aec7-938c925d0957","access_token":"eyJhbGciOiJSUzI1NiIsInR5cCIgOiAiSldUIiwia2lkIiA6ICJ2MmFQNDdIQXVTUi1qWmR5U3otNDVDV2RaOFhiWGFBMXNDbWhLbWtJLXRvIn0.eyJleHAiOjE2MTU4OTk2MjYsImlhdCI6MTYxNTgxMzIyNiwianRpIjoiOGU0MTU1NWItYTdhYS00ZDAzLTllMTQtNmNkNmRhMzZlZWZmIiwiaXNzIjoiaHR0cHM6Ly9zYW5kYm94Lm5lb25vbWljcy5pby9hdXRoL3JlYWxtcy9zYW5kYm94Iiwic3ViIjoiMjE4MDlmM2EtOWJhOS00MDMxLTllM2QtOTdiNTY3Nzc5OWY5IiwidHlwIjoiQmVhcmVyIiwiYXpwIjoiM2QzNWY2MDYtY2Q1Ny00NzRmLTg2NzYtYjc4ZGZiZWFjMzQ1Iiwic2Vzc2lvbl9zdGF0ZSI6IjIwOTZjZjI5LTIwZjEtNGI4MC1hZWM3LTkzOGM5MjVkMDk1NyIsImFjciI6IjEiLCJzY29wZSI6ImJhbnFicmlkZ2VfY2xpZW50Iiwib3JnYW5pemF0aW9uSWQiOiI0MjRhNTc5My01NDQ4LTQ0NjMtODI2YS05NzdhOTc2MTY4NDIiLCJjbGllbnRJZCI6IjNkMzVmNjA2LWNkNTctNDc0Zi04Njc2LWI3OGRmYmVhYzM0NSIsImNsaWVudEhvc3QiOiIxMDMuMjAwLjEwNi4xMzkiLCJja2lkIjoiYmY2NGIzNTktOWFhZC00MjcxLWJjNjItNTFjNDI2NGQyZmQ3IiwiY2xpZW50QWRkcmVzcyI6IjEwMy4yMDAuMTA2LjEzOSJ9.J0zLMzYxhaEt2UTr0A7CwyO0BJ8o5YUWwWFJ2wrT3I0ReVUUI5Co3PLtx2Zm1r891IXD7Knusl8g4OGcnJUuRdyQ3BzxIaJpbQb3R4wsOCPauVD07oSpQp88PN59c-BclCvxRJ4FnFAtpMYy77Y5m98X260S3TKCPld7mD63cdKk6l3ZaTyTcJITcwo_jXrUspm2m-Oj5TCFAFDgHmfDhzB_6JvTmm_xYmgzEX6Y88IuD4lwbv06TIolhGTMxvRzqsxNP11Hd9UkY2RSKJq5X6z-0ROVCp5apDQZQp2GJgmpKkdrRInOzrpmQ29y5Z1BI9rftXA1MRV7DpVRu3vfvg","scope":"banqbridge_client","token_type":"bearer","refresh_token":"eyJhbGciOiJIUzI1NiIsInR5cCIgOiAiSldUIiwia2lkIiA6ICIwYTAzNjlhNy0yMTg3LTQ3OWYtOTU4NS02Y2QzYTczZDUxOWYifQ.eyJleHAiOjE2MTg0MDUyMjYsImlhdCI6MTYxNTgxMzIyNiwianRpIjoiZGU2ZDMxZWEtYzQzZC00M2IzLTliNDEtNDMwNWNiNjgzNDExIiwiaXNzIjoiaHR0cHM6Ly9zYW5kYm94Lm5lb25vbWljcy5pby9hdXRoL3JlYWxtcy9zYW5kYm94IiwiYXVkIjoiaHR0cHM6Ly9zYW5kYm94Lm5lb25vbWljcy5pby9hdXRoL3JlYWxtcy9zYW5kYm94Iiwic3ViIjoiMjE4MDlmM2EtOWJhOS00MDMxLTllM2QtOTdiNTY3Nzc5OWY5IiwidHlwIjoiUmVmcmVzaCIsImF6cCI6IjNkMzVmNjA2LWNkNTctNDc0Zi04Njc2LWI3OGRmYmVhYzM0NSIsInNlc3Npb25fc3RhdGUiOiIyMDk2Y2YyOS0yMGYxLTRiODAtYWVjNy05MzhjOTI1ZDA5NTciLCJzY29wZSI6ImJhbnFicmlkZ2VfY2xpZW50In0.k2EPVy93cosJ7D2zon_u-Dzmu4Z9OEsn3uFMqGLCq5o"}
[INFO] 2021-03-15 18:30:26,273 [stepDefinition.StepDefinitions_API_Test] - Bearer token :: [Bearer eyJhbGciOiJSUzI1NiIsInR5cCIgOiAiSldUIiwia2lkIiA6ICJ2MmFQNDdIQXVTUi1qWmR5U3otNDVDV2RaOFhiWGFBMXNDbWhLbWtJLXRvIn0.eyJleHAiOjE2MTU4OTk2MjYsImlhdCI6MTYxNTgxMzIyNiwianRpIjoiOGU0MTU1NWItYTdhYS00ZDAzLTllMTQtNmNkNmRhMzZlZWZmIiwiaXNzIjoiaHR0cHM6Ly9zYW5kYm94Lm5lb25vbWljcy5pby9hdXRoL3JlYWxtcy9zYW5kYm94Iiwic3ViIjoiMjE4MDlmM2EtOWJhOS00MDMxLTllM2QtOTdiNTY3Nzc5OWY5IiwidHlwIjoiQmVhcmVyIiwiYXpwIjoiM2QzNWY2MDYtY2Q1Ny00NzRmLTg2NzYtYjc4ZGZiZWFjMzQ1Iiwic2Vzc2lvbl9zdGF0ZSI6IjIwOTZjZjI5LTIwZjEtNGI4MC1hZWM3LTkzOGM5MjVkMDk1NyIsImFjciI6IjEiLCJzY29wZSI6ImJhbnFicmlkZ2VfY2xpZW50Iiwib3JnYW5pemF0aW9uSWQiOiI0MjRhNTc5My01NDQ4LTQ0NjMtODI2YS05NzdhOTc2MTY4NDIiLCJjbGllbnRJZCI6IjNkMzVmNjA2LWNkNTctNDc0Zi04Njc2LWI3OGRmYmVhYzM0NSIsImNsaWVudEhvc3QiOiIxMDMuMjAwLjEwNi4xMzkiLCJja2lkIjoiYmY2NGIzNTktOWFhZC00MjcxLWJjNjItNTFjNDI2NGQyZmQ3IiwiY2xpZW50QWRkcmVzcyI6IjEwMy4yMDAuMTA2LjEzOSJ9.J0zLMzYxhaEt2UTr0A7CwyO0BJ8o5YUWwWFJ2wrT3I0ReVUUI5Co3PLtx2Zm1r891IXD7Knusl8g4OGcnJUuRdyQ3BzxIaJpbQb3R4wsOCPauVD07oSpQp88PN59c-BclCvxRJ4FnFAtpMYy77Y5m98X260S3TKCPld7mD63cdKk6l3ZaTyTcJITcwo_jXrUspm2m-Oj5TCFAFDgHmfDhzB_6JvTmm_xYmgzEX6Y88IuD4lwbv06TIolhGTMxvRzqsxNP11Hd9UkY2RSKJq5X6z-0ROVCp5apDQZQp2GJgmpKkdrRInOzrpmQ29y5Z1BI9rftXA1MRV7DpVRu3vfvg]
[INFO] 2021-03-15 18:30:26,274 [stepDefinition.StepDefinitions_API_Test] - Added :: Header = [Authorization] and Value = [Bearer eyJhbGciOiJSUzI1NiIsInR5cCIgOiAiSldUIiwia2lkIiA6ICJ2MmFQNDdIQXVTUi1qWmR5U3otNDVDV2RaOFhiWGFBMXNDbWhLbWtJLXRvIn0.eyJleHAiOjE2MTU4OTk2MjYsImlhdCI6MTYxNTgxMzIyNiwianRpIjoiOGU0MTU1NWItYTdhYS00ZDAzLTllMTQtNmNkNmRhMzZlZWZmIiwiaXNzIjoiaHR0cHM6Ly9zYW5kYm94Lm5lb25vbWljcy5pby9hdXRoL3JlYWxtcy9zYW5kYm94Iiwic3ViIjoiMjE4MDlmM2EtOWJhOS00MDMxLTllM2QtOTdiNTY3Nzc5OWY5IiwidHlwIjoiQmVhcmVyIiwiYXpwIjoiM2QzNWY2MDYtY2Q1Ny00NzRmLTg2NzYtYjc4ZGZiZWFjMzQ1Iiwic2Vzc2lvbl9zdGF0ZSI6IjIwOTZjZjI5LTIwZjEtNGI4MC1hZWM3LTkzOGM5MjVkMDk1NyIsImFjciI6IjEiLCJzY29wZSI6ImJhbnFicmlkZ2VfY2xpZW50Iiwib3JnYW5pemF0aW9uSWQiOiI0MjRhNTc5My01NDQ4LTQ0NjMtODI2YS05NzdhOTc2MTY4NDIiLCJjbGllbnRJZCI6IjNkMzVmNjA2LWNkNTctNDc0Zi04Njc2LWI3OGRmYmVhYzM0NSIsImNsaWVudEhvc3QiOiIxMDMuMjAwLjEwNi4xMzkiLCJja2lkIjoiYmY2NGIzNTktOWFhZC00MjcxLWJjNjItNTFjNDI2NGQyZmQ3IiwiY2xpZW50QWRkcmVzcyI6IjEwMy4yMDAuMTA2LjEzOSJ9.J0zLMzYxhaEt2UTr0A7CwyO0BJ8o5YUWwWFJ2wrT3I0ReVUUI5Co3PLtx2Zm1r891IXD7Knusl8g4OGcnJUuRdyQ3BzxIaJpbQb3R4wsOCPauVD07oSpQp88PN59c-BclCvxRJ4FnFAtpMYy77Y5m98X260S3TKCPld7mD63cdKk6l3ZaTyTcJITcwo_jXrUspm2m-Oj5TCFAFDgHmfDhzB_6JvTmm_xYmgzEX6Y88IuD4lwbv06TIolhGTMxvRzqsxNP11Hd9UkY2RSKJq5X6z-0ROVCp5apDQZQp2GJgmpKkdrRInOzrpmQ29y5Z1BI9rftXA1MRV7DpVRu3vfvg]
[INFO] 2021-03-15 18:30:26,274 [stepDefinition.StepDefinitions_API_Test] - Setting Header = [x-device-id] and Value = [example_id_for_quickstart]
[INFO] 2021-03-15 18:30:26,274 [stepDefinition.StepDefinitions_API_Test] - Added :: Header = [x-device-id] and Value = [example_id_for_quickstart]
[INFO] 2021-03-15 18:30:26,274 [stepDefinition.StepDefinitions_API_Test] - Adding body content for Key = [[bankId, anVzdG9iYW5rLnYxSlVTVE5PS0s=]] and Value = [{]]
[INFO] 2021-03-15 18:30:26,275 [stepDefinition.StepDefinitions_API_Test] - Raw body needs to be added to request
[INFO] 2021-03-15 18:30:26,275 [stepDefinition.StepDefinitions_API_Test] - {"bankId":"anVzdG9iYW5rLnYxSlVTVE5PS0s\u003d"}
[INFO] 2021-03-15 18:30:26,275 [stepDefinition.StepDefinitions_API_Test] - Making [POST] request
[INFO] 2021-03-15 18:30:26,448 [stepDefinition.StepDefinitions_API_Test] - Validating response code as [510]
[ERROR] 2021-03-15 18:30:26,448 [stepDefinition.StepDefinitions_API_Test] - Please provide proper API area type
[INFO] 2021-03-15 18:30:26,455 [stepDefinition.StepDefinitions_API_Test] - Base URL:: https://sandbox.neonomics.io
[INFO] 2021-03-15 18:30:26,455 [stepDefinition.StepDefinitions_API_Test] - Endpoitn path :: /ics/v3/session
[INFO] 2021-03-15 18:30:26,455 [stepDefinition.StepDefinitions_API_Test] - Setting Header = [Content-Type] and Value = [application/javascript]
[INFO] 2021-03-15 18:30:26,455 [stepDefinition.StepDefinitions_API_Test] - Added :: Header = [Content-Type] and Value = [application/javascript]
[INFO] 2021-03-15 18:30:26,456 [stepDefinition.StepDefinitions_API_Test] - Setting Header = [Authorization] and Value = [Bearer Token]
[INFO] 2021-03-15 18:30:26,875 [com.neonomics.corelibraries.Authorization] - Response recieved for auth API ::{"refresh_expires_in":2592000,"expires_in":86400,"session_state":"2b982f86-e939-40eb-8a8e-d11ad7d4b76d","access_token":"eyJhbGciOiJSUzI1NiIsInR5cCIgOiAiSldUIiwia2lkIiA6ICJ2MmFQNDdIQXVTUi1qWmR5U3otNDVDV2RaOFhiWGFBMXNDbWhLbWtJLXRvIn0.eyJleHAiOjE2MTU4OTk2MjcsImlhdCI6MTYxNTgxMzIyNywianRpIjoiZTIxMWZhMWEtZDQ4Ny00YmU4LTgzNmEtMDE2MzU1NzFiMGFkIiwiaXNzIjoiaHR0cHM6Ly9zYW5kYm94Lm5lb25vbWljcy5pby9hdXRoL3JlYWxtcy9zYW5kYm94Iiwic3ViIjoiMjE4MDlmM2EtOWJhOS00MDMxLTllM2QtOTdiNTY3Nzc5OWY5IiwidHlwIjoiQmVhcmVyIiwiYXpwIjoiM2QzNWY2MDYtY2Q1Ny00NzRmLTg2NzYtYjc4ZGZiZWFjMzQ1Iiwic2Vzc2lvbl9zdGF0ZSI6IjJiOTgyZjg2LWU5MzktNDBlYi04YThlLWQxMWFkN2Q0Yjc2ZCIsImFjciI6IjEiLCJzY29wZSI6ImJhbnFicmlkZ2VfY2xpZW50Iiwib3JnYW5pemF0aW9uSWQiOiI0MjRhNTc5My01NDQ4LTQ0NjMtODI2YS05NzdhOTc2MTY4NDIiLCJjbGllbnRJZCI6IjNkMzVmNjA2LWNkNTctNDc0Zi04Njc2LWI3OGRmYmVhYzM0NSIsImNsaWVudEhvc3QiOiIxMDMuMjAwLjEwNi4xMzkiLCJja2lkIjoiYmY2NGIzNTktOWFhZC00MjcxLWJjNjItNTFjNDI2NGQyZmQ3IiwiY2xpZW50QWRkcmVzcyI6IjEwMy4yMDAuMTA2LjEzOSJ9.IebwWse07AWb6hLak9p_i2B39GsZ5Un9lfAfAJjhfyC1Wne-8k_kh28lJLgoG1FO7LCNJ2A-7duirQHREQeobrKq0EvOpm4PNLUOEGNZzrm5eDk_QnAivWEt0xfoRQXydYvA4Qfq3o_7uW7TYdCCtnFGZdPdfvDFRxNiQ5nFZcpi9gAjNx8f-II7v1HWVE4V3Y4FS2XcdFG7YXmPtnYpXViQdRBBZtUpHK4LCnyL7OOuv7nqP2Pv6mB9Bi3RF2oxDCivQAZiHG4HneVAU8TIC1KvEFH8khScDMxaWJG8OiJLNdkO2O9dMf96JFBipW0MpqvRhE9D_lcrVRB9lAkR0w","scope":"banqbridge_client","token_type":"bearer","refresh_token":"eyJhbGciOiJIUzI1NiIsInR5cCIgOiAiSldUIiwia2lkIiA6ICIwYTAzNjlhNy0yMTg3LTQ3OWYtOTU4NS02Y2QzYTczZDUxOWYifQ.eyJleHAiOjE2MTg0MDUyMjcsImlhdCI6MTYxNTgxMzIyNywianRpIjoiNmViNjIyOGItMGJlZi00YzkzLWE4ZDgtZWUwZjhhYTNkYTRmIiwiaXNzIjoiaHR0cHM6Ly9zYW5kYm94Lm5lb25vbWljcy5pby9hdXRoL3JlYWxtcy9zYW5kYm94IiwiYXVkIjoiaHR0cHM6Ly9zYW5kYm94Lm5lb25vbWljcy5pby9hdXRoL3JlYWxtcy9zYW5kYm94Iiwic3ViIjoiMjE4MDlmM2EtOWJhOS00MDMxLTllM2QtOTdiNTY3Nzc5OWY5IiwidHlwIjoiUmVmcmVzaCIsImF6cCI6IjNkMzVmNjA2LWNkNTctNDc0Zi04Njc2LWI3OGRmYmVhYzM0NSIsInNlc3Npb25fc3RhdGUiOiIyYjk4MmY4Ni1lOTM5LTQwZWItOGE4ZS1kMTFhZDdkNGI3NmQiLCJzY29wZSI6ImJhbnFicmlkZ2VfY2xpZW50In0.u-0tlqcQlLgHJ9zphY2CGMmYzXe1YQoqxW2lz9qvT_w"}
[INFO] 2021-03-15 18:30:26,911 [stepDefinition.StepDefinitions_API_Test] - Bearer token :: [Bearer eyJhbGciOiJSUzI1NiIsInR5cCIgOiAiSldUIiwia2lkIiA6ICJ2MmFQNDdIQXVTUi1qWmR5U3otNDVDV2RaOFhiWGFBMXNDbWhLbWtJLXRvIn0.eyJleHAiOjE2MTU4OTk2MjcsImlhdCI6MTYxNTgxMzIyNywianRpIjoiZTIxMWZhMWEtZDQ4Ny00YmU4LTgzNmEtMDE2MzU1NzFiMGFkIiwiaXNzIjoiaHR0cHM6Ly9zYW5kYm94Lm5lb25vbWljcy5pby9hdXRoL3JlYWxtcy9zYW5kYm94Iiwic3ViIjoiMjE4MDlmM2EtOWJhOS00MDMxLTllM2QtOTdiNTY3Nzc5OWY5IiwidHlwIjoiQmVhcmVyIiwiYXpwIjoiM2QzNWY2MDYtY2Q1Ny00NzRmLTg2NzYtYjc4ZGZiZWFjMzQ1Iiwic2Vzc2lvbl9zdGF0ZSI6IjJiOTgyZjg2LWU5MzktNDBlYi04YThlLWQxMWFkN2Q0Yjc2ZCIsImFjciI6IjEiLCJzY29wZSI6ImJhbnFicmlkZ2VfY2xpZW50Iiwib3JnYW5pemF0aW9uSWQiOiI0MjRhNTc5My01NDQ4LTQ0NjMtODI2YS05NzdhOTc2MTY4NDIiLCJjbGllbnRJZCI6IjNkMzVmNjA2LWNkNTctNDc0Zi04Njc2LWI3OGRmYmVhYzM0NSIsImNsaWVudEhvc3QiOiIxMDMuMjAwLjEwNi4xMzkiLCJja2lkIjoiYmY2NGIzNTktOWFhZC00MjcxLWJjNjItNTFjNDI2NGQyZmQ3IiwiY2xpZW50QWRkcmVzcyI6IjEwMy4yMDAuMTA2LjEzOSJ9.IebwWse07AWb6hLak9p_i2B39GsZ5Un9lfAfAJjhfyC1Wne-8k_kh28lJLgoG1FO7LCNJ2A-7duirQHREQeobrKq0EvOpm4PNLUOEGNZzrm5eDk_QnAivWEt0xfoRQXydYvA4Qfq3o_7uW7TYdCCtnFGZdPdfvDFRxNiQ5nFZcpi9gAjNx8f-II7v1HWVE4V3Y4FS2XcdFG7YXmPtnYpXViQdRBBZtUpHK4LCnyL7OOuv7nqP2Pv6mB9Bi3RF2oxDCivQAZiHG4HneVAU8TIC1KvEFH8khScDMxaWJG8OiJLNdkO2O9dMf96JFBipW0MpqvRhE9D_lcrVRB9lAkR0w]
[INFO] 2021-03-15 18:30:26,911 [stepDefinition.StepDefinitions_API_Test] - Added :: Header = [Authorization] and Value = [Bearer eyJhbGciOiJSUzI1NiIsInR5cCIgOiAiSldUIiwia2lkIiA6ICJ2MmFQNDdIQXVTUi1qWmR5U3otNDVDV2RaOFhiWGFBMXNDbWhLbWtJLXRvIn0.eyJleHAiOjE2MTU4OTk2MjcsImlhdCI6MTYxNTgxMzIyNywianRpIjoiZTIxMWZhMWEtZDQ4Ny00YmU4LTgzNmEtMDE2MzU1NzFiMGFkIiwiaXNzIjoiaHR0cHM6Ly9zYW5kYm94Lm5lb25vbWljcy5pby9hdXRoL3JlYWxtcy9zYW5kYm94Iiwic3ViIjoiMjE4MDlmM2EtOWJhOS00MDMxLTllM2QtOTdiNTY3Nzc5OWY5IiwidHlwIjoiQmVhcmVyIiwiYXpwIjoiM2QzNWY2MDYtY2Q1Ny00NzRmLTg2NzYtYjc4ZGZiZWFjMzQ1Iiwic2Vzc2lvbl9zdGF0ZSI6IjJiOTgyZjg2LWU5MzktNDBlYi04YThlLWQxMWFkN2Q0Yjc2ZCIsImFjciI6IjEiLCJzY29wZSI6ImJhbnFicmlkZ2VfY2xpZW50Iiwib3JnYW5pemF0aW9uSWQiOiI0MjRhNTc5My01NDQ4LTQ0NjMtODI2YS05NzdhOTc2MTY4NDIiLCJjbGllbnRJZCI6IjNkMzVmNjA2LWNkNTctNDc0Zi04Njc2LWI3OGRmYmVhYzM0NSIsImNsaWVudEhvc3QiOiIxMDMuMjAwLjEwNi4xMzkiLCJja2lkIjoiYmY2NGIzNTktOWFhZC00MjcxLWJjNjItNTFjNDI2NGQyZmQ3IiwiY2xpZW50QWRkcmVzcyI6IjEwMy4yMDAuMTA2LjEzOSJ9.IebwWse07AWb6hLak9p_i2B39GsZ5Un9lfAfAJjhfyC1Wne-8k_kh28lJLgoG1FO7LCNJ2A-7duirQHREQeobrKq0EvOpm4PNLUOEGNZzrm5eDk_QnAivWEt0xfoRQXydYvA4Qfq3o_7uW7TYdCCtnFGZdPdfvDFRxNiQ5nFZcpi9gAjNx8f-II7v1HWVE4V3Y4FS2XcdFG7YXmPtnYpXViQdRBBZtUpHK4LCnyL7OOuv7nqP2Pv6mB9Bi3RF2oxDCivQAZiHG4HneVAU8TIC1KvEFH8khScDMxaWJG8OiJLNdkO2O9dMf96JFBipW0MpqvRhE9D_lcrVRB9lAkR0w]
[INFO] 2021-03-15 18:30:26,912 [stepDefinition.StepDefinitions_API_Test] - Setting Header = [x-device-id] and Value = [example_id_for_quickstart]
[INFO] 2021-03-15 18:30:26,912 [stepDefinition.StepDefinitions_API_Test] - Added :: Header = [x-device-id] and Value = [example_id_for_quickstart]
[INFO] 2021-03-15 18:30:26,912 [stepDefinition.StepDefinitions_API_Test] - Adding body content for Key = [[bankId, anVzdG9iYW5rLnYxSlVTVE5PS0s=]] and Value = [{]]
[INFO] 2021-03-15 18:30:26,912 [stepDefinition.StepDefinitions_API_Test] - Raw body needs to be added to request
[INFO] 2021-03-15 18:30:26,912 [stepDefinition.StepDefinitions_API_Test] - {"bankId":"anVzdG9iYW5rLnYxSlVTVE5PS0s\u003d"}
[INFO] 2021-03-15 18:30:26,913 [stepDefinition.StepDefinitions_API_Test] - Making [POST] request
[INFO] 2021-03-15 18:30:27,100 [stepDefinition.StepDefinitions_API_Test] - Validating response code as [520]
[ERROR] 2021-03-15 18:30:27,100 [stepDefinition.StepDefinitions_API_Test] - Please provide proper API area type
[INFO] 2021-03-15 18:30:27,106 [stepDefinition.StepDefinitions_API_Test] - Base URL:: https://sandbox.neonomics.io
[INFO] 2021-03-15 18:30:27,106 [stepDefinition.StepDefinitions_API_Test] - Endpoitn path :: /ics/v3/session
[INFO] 2021-03-15 18:30:27,106 [stepDefinition.StepDefinitions_API_Test] - Setting Header = [Content-Type] and Value = [application/json]
[INFO] 2021-03-15 18:30:27,106 [stepDefinition.StepDefinitions_API_Test] - Added :: Header = [Content-Type] and Value = [application/json]
[INFO] 2021-03-15 18:30:27,106 [stepDefinition.StepDefinitions_API_Test] - Setting Header = [Authorization] and Value = []
[INFO] 2021-03-15 18:30:27,106 [stepDefinition.StepDefinitions_API_Test] - Added :: Header = [Authorization] and Value = []
[INFO] 2021-03-15 18:30:27,106 [stepDefinition.StepDefinitions_API_Test] - Setting Header = [x-device-id] and Value = [example_id_for_quickstart]
[INFO] 2021-03-15 18:30:27,106 [stepDefinition.StepDefinitions_API_Test] - Added :: Header = [x-device-id] and Value = [example_id_for_quickstart]
[INFO] 2021-03-15 18:30:27,107 [stepDefinition.StepDefinitions_API_Test] - Adding body content for Key = [[bankId, anVzdG9iYW5rLnYxSlVTVE5PS0s=]] and Value = [{]]
[INFO] 2021-03-15 18:30:27,107 [stepDefinition.StepDefinitions_API_Test] - Raw body needs to be added to request
[INFO] 2021-03-15 18:30:27,107 [stepDefinition.StepDefinitions_API_Test] - {"bankId":"anVzdG9iYW5rLnYxSlVTVE5PS0s\u003d"}
[INFO] 2021-03-15 18:30:27,107 [stepDefinition.StepDefinitions_API_Test] - Making [POST] request
[INFO] 2021-03-15 18:30:27,536 [stepDefinition.StepDefinitions_API_Test] - Validating response code as [401]
[INFO] 2021-03-15 18:30:27,549 [stepDefinition.StepDefinitions_API_Test] - Base URL:: https://sandbox.neonomics.io
[INFO] 2021-03-15 18:30:27,549 [stepDefinition.StepDefinitions_API_Test] - Endpoitn path :: /ics/v3/session
[INFO] 2021-03-15 18:30:27,549 [stepDefinition.StepDefinitions_API_Test] - Setting Header = [Content-Type] and Value = [application/json]
[INFO] 2021-03-15 18:30:27,549 [stepDefinition.StepDefinitions_API_Test] - Added :: Header = [Content-Type] and Value = [application/json]
[INFO] 2021-03-15 18:30:27,549 [stepDefinition.StepDefinitions_API_Test] - Setting Header = [Authorization] and Value = [Bearer Token]
[INFO] 2021-03-15 18:30:27,744 [com.neonomics.corelibraries.Authorization] - Response recieved for auth API ::{"refresh_expires_in":2592000,"expires_in":86400,"session_state":"9712af6d-de5e-4c00-814b-e740eea754d7","access_token":"eyJhbGciOiJSUzI1NiIsInR5cCIgOiAiSldUIiwia2lkIiA6ICJ2MmFQNDdIQXVTUi1qWmR5U3otNDVDV2RaOFhiWGFBMXNDbWhLbWtJLXRvIn0.eyJleHAiOjE2MTU4OTk2MjcsImlhdCI6MTYxNTgxMzIyNywianRpIjoiNmYzOGFkM2UtNDhhMy00MWFhLTgwM2EtN2NmZWUwNzk1NGIyIiwiaXNzIjoiaHR0cHM6Ly9zYW5kYm94Lm5lb25vbWljcy5pby9hdXRoL3JlYWxtcy9zYW5kYm94Iiwic3ViIjoiMjE4MDlmM2EtOWJhOS00MDMxLTllM2QtOTdiNTY3Nzc5OWY5IiwidHlwIjoiQmVhcmVyIiwiYXpwIjoiM2QzNWY2MDYtY2Q1Ny00NzRmLTg2NzYtYjc4ZGZiZWFjMzQ1Iiwic2Vzc2lvbl9zdGF0ZSI6Ijk3MTJhZjZkLWRlNWUtNGMwMC04MTRiLWU3NDBlZWE3NTRkNyIsImFjciI6IjEiLCJzY29wZSI6ImJhbnFicmlkZ2VfY2xpZW50Iiwib3JnYW5pemF0aW9uSWQiOiI0MjRhNTc5My01NDQ4LTQ0NjMtODI2YS05NzdhOTc2MTY4NDIiLCJjbGllbnRJZCI6IjNkMzVmNjA2LWNkNTctNDc0Zi04Njc2LWI3OGRmYmVhYzM0NSIsImNsaWVudEhvc3QiOiIxMDMuMjAwLjEwNi4xMzkiLCJja2lkIjoiYmY2NGIzNTktOWFhZC00MjcxLWJjNjItNTFjNDI2NGQyZmQ3IiwiY2xpZW50QWRkcmVzcyI6IjEwMy4yMDAuMTA2LjEzOSJ9.JWcLO7JYsn1AWu4Lz4_FPAUk8oOSg7E6LIjJrJIUzSs-UV0L2IOS9l84_z8KyHNaSPJxmTiqsptzr8ch7fw7fmsUrXXLfPetdPab-Cmmag4mz6PVA5doZ0aLquR7t_3isWnASrkP7Lm9BYnrJOYA-dde7Hxgj2NS7JUVOVuvXGc4XzG6PZeH4851UMraMOx_9lVWGJPUfOF3VO6DUHpIPbZvO6t0zWbp_deHiJILqnog0YpKRjuIOIVaMXpTy8VGVDcvrKH6hug5Z2umkppk24JXuAXO3t4ZnO_YBhX544iOpsjR7MgZD3pFeK6OoGuCggwJpZoa0A8OLlXETfBPuQ","scope":"banqbridge_client","token_type":"bearer","refresh_token":"eyJhbGciOiJIUzI1NiIsInR5cCIgOiAiSldUIiwia2lkIiA6ICIwYTAzNjlhNy0yMTg3LTQ3OWYtOTU4NS02Y2QzYTczZDUxOWYifQ.eyJleHAiOjE2MTg0MDUyMjcsImlhdCI6MTYxNTgxMzIyNywianRpIjoiMThhNGI5NzctZTE0Yi00MDVkLWJiNzgtMzM0ODM5MmU1MDIzIiwiaXNzIjoiaHR0cHM6Ly9zYW5kYm94Lm5lb25vbWljcy5pby9hdXRoL3JlYWxtcy9zYW5kYm94IiwiYXVkIjoiaHR0cHM6Ly9zYW5kYm94Lm5lb25vbWljcy5pby9hdXRoL3JlYWxtcy9zYW5kYm94Iiwic3ViIjoiMjE4MDlmM2EtOWJhOS00MDMxLTllM2QtOTdiNTY3Nzc5OWY5IiwidHlwIjoiUmVmcmVzaCIsImF6cCI6IjNkMzVmNjA2LWNkNTctNDc0Zi04Njc2LWI3OGRmYmVhYzM0NSIsInNlc3Npb25fc3RhdGUiOiI5NzEyYWY2ZC1kZTVlLTRjMDAtODE0Yi1lNzQwZWVhNzU0ZDciLCJzY29wZSI6ImJhbnFicmlkZ2VfY2xpZW50In0.X_8rSHrZud4pttz5TEjN71LhP9J0cmoGkxMlNlrvH6k"}
[INFO] 2021-03-15 18:30:27,775 [stepDefinition.StepDefinitions_API_Test] - Bearer token :: [Bearer eyJhbGciOiJSUzI1NiIsInR5cCIgOiAiSldUIiwia2lkIiA6ICJ2MmFQNDdIQXVTUi1qWmR5U3otNDVDV2RaOFhiWGFBMXNDbWhLbWtJLXRvIn0.eyJleHAiOjE2MTU4OTk2MjcsImlhdCI6MTYxNTgxMzIyNywianRpIjoiNmYzOGFkM2UtNDhhMy00MWFhLTgwM2EtN2NmZWUwNzk1NGIyIiwiaXNzIjoiaHR0cHM6Ly9zYW5kYm94Lm5lb25vbWljcy5pby9hdXRoL3JlYWxtcy9zYW5kYm94Iiwic3ViIjoiMjE4MDlmM2EtOWJhOS00MDMxLTllM2QtOTdiNTY3Nzc5OWY5IiwidHlwIjoiQmVhcmVyIiwiYXpwIjoiM2QzNWY2MDYtY2Q1Ny00NzRmLTg2NzYtYjc4ZGZiZWFjMzQ1Iiwic2Vzc2lvbl9zdGF0ZSI6Ijk3MTJhZjZkLWRlNWUtNGMwMC04MTRiLWU3NDBlZWE3NTRkNyIsImFjciI6IjEiLCJzY29wZSI6ImJhbnFicmlkZ2VfY2xpZW50Iiwib3JnYW5pemF0aW9uSWQiOiI0MjRhNTc5My01NDQ4LTQ0NjMtODI2YS05NzdhOTc2MTY4NDIiLCJjbGllbnRJZCI6IjNkMzVmNjA2LWNkNTctNDc0Zi04Njc2LWI3OGRmYmVhYzM0NSIsImNsaWVudEhvc3QiOiIxMDMuMjAwLjEwNi4xMzkiLCJja2lkIjoiYmY2NGIzNTktOWFhZC00MjcxLWJjNjItNTFjNDI2NGQyZmQ3IiwiY2xpZW50QWRkcmVzcyI6IjEwMy4yMDAuMTA2LjEzOSJ9.JWcLO7JYsn1AWu4Lz4_FPAUk8oOSg7E6LIjJrJIUzSs-UV0L2IOS9l84_z8KyHNaSPJxmTiqsptzr8ch7fw7fmsUrXXLfPetdPab-Cmmag4mz6PVA5doZ0aLquR7t_3isWnASrkP7Lm9BYnrJOYA-dde7Hxgj2NS7JUVOVuvXGc4XzG6PZeH4851UMraMOx_9lVWGJPUfOF3VO6DUHpIPbZvO6t0zWbp_deHiJILqnog0YpKRjuIOIVaMXpTy8VGVDcvrKH6hug5Z2umkppk24JXuAXO3t4ZnO_YBhX544iOpsjR7MgZD3pFeK6OoGuCggwJpZoa0A8OLlXETfBPuQ]
[INFO] 2021-03-15 18:30:27,775 [stepDefinition.StepDefinitions_API_Test] - Added :: Header = [Authorization] and Value = [Bearer eyJhbGciOiJSUzI1NiIsInR5cCIgOiAiSldUIiwia2lkIiA6ICJ2MmFQNDdIQXVTUi1qWmR5U3otNDVDV2RaOFhiWGFBMXNDbWhLbWtJLXRvIn0.eyJleHAiOjE2MTU4OTk2MjcsImlhdCI6MTYxNTgxMzIyNywianRpIjoiNmYzOGFkM2UtNDhhMy00MWFhLTgwM2EtN2NmZWUwNzk1NGIyIiwiaXNzIjoiaHR0cHM6Ly9zYW5kYm94Lm5lb25vbWljcy5pby9hdXRoL3JlYWxtcy9zYW5kYm94Iiwic3ViIjoiMjE4MDlmM2EtOWJhOS00MDMxLTllM2QtOTdiNTY3Nzc5OWY5IiwidHlwIjoiQmVhcmVyIiwiYXpwIjoiM2QzNWY2MDYtY2Q1Ny00NzRmLTg2NzYtYjc4ZGZiZWFjMzQ1Iiwic2Vzc2lvbl9zdGF0ZSI6Ijk3MTJhZjZkLWRlNWUtNGMwMC04MTRiLWU3NDBlZWE3NTRkNyIsImFjciI6IjEiLCJzY29wZSI6ImJhbnFicmlkZ2VfY2xpZW50Iiwib3JnYW5pemF0aW9uSWQiOiI0MjRhNTc5My01NDQ4LTQ0NjMtODI2YS05NzdhOTc2MTY4NDIiLCJjbGllbnRJZCI6IjNkMzVmNjA2LWNkNTctNDc0Zi04Njc2LWI3OGRmYmVhYzM0NSIsImNsaWVudEhvc3QiOiIxMDMuMjAwLjEwNi4xMzkiLCJja2lkIjoiYmY2NGIzNTktOWFhZC00MjcxLWJjNjItNTFjNDI2NGQyZmQ3IiwiY2xpZW50QWRkcmVzcyI6IjEwMy4yMDAuMTA2LjEzOSJ9.JWcLO7JYsn1AWu4Lz4_FPAUk8oOSg7E6LIjJrJIUzSs-UV0L2IOS9l84_z8KyHNaSPJxmTiqsptzr8ch7fw7fmsUrXXLfPetdPab-Cmmag4mz6PVA5doZ0aLquR7t_3isWnASrkP7Lm9BYnrJOYA-dde7Hxgj2NS7JUVOVuvXGc4XzG6PZeH4851UMraMOx_9lVWGJPUfOF3VO6DUHpIPbZvO6t0zWbp_deHiJILqnog0YpKRjuIOIVaMXpTy8VGVDcvrKH6hug5Z2umkppk24JXuAXO3t4ZnO_YBhX544iOpsjR7MgZD3pFeK6OoGuCggwJpZoa0A8OLlXETfBPuQ]
[INFO] 2021-03-15 18:30:27,776 [stepDefinition.StepDefinitions_API_Test] - Setting Header = [x-device-id] and Value = []
[INFO] 2021-03-15 18:30:27,776 [stepDefinition.StepDefinitions_API_Test] - Added :: Header = [x-device-id] and Value = []
[INFO] 2021-03-15 18:30:27,776 [stepDefinition.StepDefinitions_API_Test] - Adding body content for Key = [[bankId, anVzdG9iYW5rLnYxSlVTVE5PS0s=]] and Value = [{]]
[INFO] 2021-03-15 18:30:27,776 [stepDefinition.StepDefinitions_API_Test] - Raw body needs to be added to request
[INFO] 2021-03-15 18:30:27,776 [stepDefinition.StepDefinitions_API_Test] - {"bankId":"anVzdG9iYW5rLnYxSlVTVE5PS0s\u003d"}
[INFO] 2021-03-15 18:30:27,776 [stepDefinition.StepDefinitions_API_Test] - Making [POST] request
[INFO] 2021-03-15 18:30:27,951 [stepDefinition.StepDefinitions_API_Test] - Validating response code as [510]
[ERROR] 2021-03-15 18:30:27,951 [stepDefinition.StepDefinitions_API_Test] - Please provide proper API area type
[INFO] 2021-03-15 18:30:27,957 [stepDefinition.StepDefinitions_API_Test] - Base URL:: https://sandbox.neonomics.io
[INFO] 2021-03-15 18:30:27,957 [stepDefinition.StepDefinitions_API_Test] - Endpoitn path :: /ics/v3/session/{sessionId}
[INFO] 2021-03-15 18:30:27,958 [stepDefinition.StepDefinitions_API_Test] - Setting Header = [Accept] and Value = [application/json]
[INFO] 2021-03-15 18:30:27,958 [stepDefinition.StepDefinitions_API_Test] - Added :: Header = [Accept] and Value = [application/json]
[INFO] 2021-03-15 18:30:27,958 [stepDefinition.StepDefinitions_API_Test] - Setting Header = [Authorization] and Value = [Bearer Token]
[INFO] 2021-03-15 18:30:28,368 [com.neonomics.corelibraries.Authorization] - Response recieved for auth API ::{"refresh_expires_in":2592000,"expires_in":86400,"session_state":"9086966c-3408-4900-b51a-7014d8cc0a17","access_token":"eyJhbGciOiJSUzI1NiIsInR5cCIgOiAiSldUIiwia2lkIiA6ICJ2MmFQNDdIQXVTUi1qWmR5U3otNDVDV2RaOFhiWGFBMXNDbWhLbWtJLXRvIn0.eyJleHAiOjE2MTU4OTk2MjgsImlhdCI6MTYxNTgxMzIyOCwianRpIjoiYWIxZTNkNmQtNmIyMy00OWZhLWFlMGYtNzkzNTEyZGJhNzNiIiwiaXNzIjoiaHR0cHM6Ly9zYW5kYm94Lm5lb25vbWljcy5pby9hdXRoL3JlYWxtcy9zYW5kYm94Iiwic3ViIjoiMjE4MDlmM2EtOWJhOS00MDMxLTllM2QtOTdiNTY3Nzc5OWY5IiwidHlwIjoiQmVhcmVyIiwiYXpwIjoiM2QzNWY2MDYtY2Q1Ny00NzRmLTg2NzYtYjc4ZGZiZWFjMzQ1Iiwic2Vzc2lvbl9zdGF0ZSI6IjkwODY5NjZjLTM0MDgtNDkwMC1iNTFhLTcwMTRkOGNjMGExNyIsImFjciI6IjEiLCJzY29wZSI6ImJhbnFicmlkZ2VfY2xpZW50Iiwib3JnYW5pemF0aW9uSWQiOiI0MjRhNTc5My01NDQ4LTQ0NjMtODI2YS05NzdhOTc2MTY4NDIiLCJjbGllbnRJZCI6IjNkMzVmNjA2LWNkNTctNDc0Zi04Njc2LWI3OGRmYmVhYzM0NSIsImNsaWVudEhvc3QiOiIxMDMuMjAwLjEwNi4xMzkiLCJja2lkIjoiYmY2NGIzNTktOWFhZC00MjcxLWJjNjItNTFjNDI2NGQyZmQ3IiwiY2xpZW50QWRkcmVzcyI6IjEwMy4yMDAuMTA2LjEzOSJ9.Io1Re4B9bDQm1q52MJ_Rr-TgV4l6U8U9CEU9FBwtio4Fc4rBpM7JlYGUwlvLIvjPPbdUlctM3o2UMK2lVq_KRPWJzDtjYFfx3_NtqG5ZtP4bjxQ1EmVrkFB7e9fW5q2e2qqUwueb408y6TN-K2MWgfx9hT9bVpolQf4OgC4RBx_8i-nqKtkzn_Uzd4VwaSonB2NnYQvRl4pgRdUpcQG0FTcMd_mjVf2Wef0ULW5URhnx8FV3zn98NsvyRe_RQb-8DcVdxI5HAbd6Z_uoAt1m9gWSgtbdrwmCu-N3XIjbwgYTylr_V1DXyMRuWbJgzK8lhWKpCXBlXlbQws7HMLg43w","scope":"banqbridge_client","token_type":"bearer","refresh_token":"eyJhbGciOiJIUzI1NiIsInR5cCIgOiAiSldUIiwia2lkIiA6ICIwYTAzNjlhNy0yMTg3LTQ3OWYtOTU4NS02Y2QzYTczZDUxOWYifQ.eyJleHAiOjE2MTg0MDUyMjgsImlhdCI6MTYxNTgxMzIyOCwianRpIjoiZmY4NzYyNGUtNTdmOS00MzRiLTg2YTEtMGFjYzEzMTA5NTdhIiwiaXNzIjoiaHR0cHM6Ly9zYW5kYm94Lm5lb25vbWljcy5pby9hdXRoL3JlYWxtcy9zYW5kYm94IiwiYXVkIjoiaHR0cHM6Ly9zYW5kYm94Lm5lb25vbWljcy5pby9hdXRoL3JlYWxtcy9zYW5kYm94Iiwic3ViIjoiMjE4MDlmM2EtOWJhOS00MDMxLTllM2QtOTdiNTY3Nzc5OWY5IiwidHlwIjoiUmVmcmVzaCIsImF6cCI6IjNkMzVmNjA2LWNkNTctNDc0Zi04Njc2LWI3OGRmYmVhYzM0NSIsInNlc3Npb25fc3RhdGUiOiI5MDg2OTY2Yy0zNDA4LTQ5MDAtYjUxYS03MDE0ZDhjYzBhMTciLCJzY29wZSI6ImJhbnFicmlkZ2VfY2xpZW50In0.MySHWsRLGLp40QMTpIRzQKzmb24UwPRQkDqOOVcxxlY"}
[INFO] 2021-03-15 18:30:28,399 [stepDefinition.StepDefinitions_API_Test] - Bearer token :: [Bearer eyJhbGciOiJSUzI1NiIsInR5cCIgOiAiSldUIiwia2lkIiA6ICJ2MmFQNDdIQXVTUi1qWmR5U3otNDVDV2RaOFhiWGFBMXNDbWhLbWtJLXRvIn0.eyJleHAiOjE2MTU4OTk2MjgsImlhdCI6MTYxNTgxMzIyOCwianRpIjoiYWIxZTNkNmQtNmIyMy00OWZhLWFlMGYtNzkzNTEyZGJhNzNiIiwiaXNzIjoiaHR0cHM6Ly9zYW5kYm94Lm5lb25vbWljcy5pby9hdXRoL3JlYWxtcy9zYW5kYm94Iiwic3ViIjoiMjE4MDlmM2EtOWJhOS00MDMxLTllM2QtOTdiNTY3Nzc5OWY5IiwidHlwIjoiQmVhcmVyIiwiYXpwIjoiM2QzNWY2MDYtY2Q1Ny00NzRmLTg2NzYtYjc4ZGZiZWFjMzQ1Iiwic2Vzc2lvbl9zdGF0ZSI6IjkwODY5NjZjLTM0MDgtNDkwMC1iNTFhLTcwMTRkOGNjMGExNyIsImFjciI6IjEiLCJzY29wZSI6ImJhbnFicmlkZ2VfY2xpZW50Iiwib3JnYW5pemF0aW9uSWQiOiI0MjRhNTc5My01NDQ4LTQ0NjMtODI2YS05NzdhOTc2MTY4NDIiLCJjbGllbnRJZCI6IjNkMzVmNjA2LWNkNTctNDc0Zi04Njc2LWI3OGRmYmVhYzM0NSIsImNsaWVudEhvc3QiOiIxMDMuMjAwLjEwNi4xMzkiLCJja2lkIjoiYmY2NGIzNTktOWFhZC00MjcxLWJjNjItNTFjNDI2NGQyZmQ3IiwiY2xpZW50QWRkcmVzcyI6IjEwMy4yMDAuMTA2LjEzOSJ9.Io1Re4B9bDQm1q52MJ_Rr-TgV4l6U8U9CEU9FBwtio4Fc4rBpM7JlYGUwlvLIvjPPbdUlctM3o2UMK2lVq_KRPWJzDtjYFfx3_NtqG5ZtP4bjxQ1EmVrkFB7e9fW5q2e2qqUwueb408y6TN-K2MWgfx9hT9bVpolQf4OgC4RBx_8i-nqKtkzn_Uzd4VwaSonB2NnYQvRl4pgRdUpcQG0FTcMd_mjVf2Wef0ULW5URhnx8FV3zn98NsvyRe_RQb-8DcVdxI5HAbd6Z_uoAt1m9gWSgtbdrwmCu-N3XIjbwgYTylr_V1DXyMRuWbJgzK8lhWKpCXBlXlbQws7HMLg43w]
[INFO] 2021-03-15 18:30:28,399 [stepDefinition.StepDefinitions_API_Test] - Added :: Header = [Authorization] and Value = [Bearer eyJhbGciOiJSUzI1NiIsInR5cCIgOiAiSldUIiwia2lkIiA6ICJ2MmFQNDdIQXVTUi1qWmR5U3otNDVDV2RaOFhiWGFBMXNDbWhLbWtJLXRvIn0.eyJleHAiOjE2MTU4OTk2MjgsImlhdCI6MTYxNTgxMzIyOCwianRpIjoiYWIxZTNkNmQtNmIyMy00OWZhLWFlMGYtNzkzNTEyZGJhNzNiIiwiaXNzIjoiaHR0cHM6Ly9zYW5kYm94Lm5lb25vbWljcy5pby9hdXRoL3JlYWxtcy9zYW5kYm94Iiwic3ViIjoiMjE4MDlmM2EtOWJhOS00MDMxLTllM2QtOTdiNTY3Nzc5OWY5IiwidHlwIjoiQmVhcmVyIiwiYXpwIjoiM2QzNWY2MDYtY2Q1Ny00NzRmLTg2NzYtYjc4ZGZiZWFjMzQ1Iiwic2Vzc2lvbl9zdGF0ZSI6IjkwODY5NjZjLTM0MDgtNDkwMC1iNTFhLTcwMTRkOGNjMGExNyIsImFjciI6IjEiLCJzY29wZSI6ImJhbnFicmlkZ2VfY2xpZW50Iiwib3JnYW5pemF0aW9uSWQiOiI0MjRhNTc5My01NDQ4LTQ0NjMtODI2YS05NzdhOTc2MTY4NDIiLCJjbGllbnRJZCI6IjNkMzVmNjA2LWNkNTctNDc0Zi04Njc2LWI3OGRmYmVhYzM0NSIsImNsaWVudEhvc3QiOiIxMDMuMjAwLjEwNi4xMzkiLCJja2lkIjoiYmY2NGIzNTktOWFhZC00MjcxLWJjNjItNTFjNDI2NGQyZmQ3IiwiY2xpZW50QWRkcmVzcyI6IjEwMy4yMDAuMTA2LjEzOSJ9.Io1Re4B9bDQm1q52MJ_Rr-TgV4l6U8U9CEU9FBwtio4Fc4rBpM7JlYGUwlvLIvjPPbdUlctM3o2UMK2lVq_KRPWJzDtjYFfx3_NtqG5ZtP4bjxQ1EmVrkFB7e9fW5q2e2qqUwueb408y6TN-K2MWgfx9hT9bVpolQf4OgC4RBx_8i-nqKtkzn_Uzd4VwaSonB2NnYQvRl4pgRdUpcQG0FTcMd_mjVf2Wef0ULW5URhnx8FV3zn98NsvyRe_RQb-8DcVdxI5HAbd6Z_uoAt1m9gWSgtbdrwmCu-N3XIjbwgYTylr_V1DXyMRuWbJgzK8lhWKpCXBlXlbQws7HMLg43w]
[INFO] 2021-03-15 18:30:28,399 [stepDefinition.StepDefinitions_API_Test] - Setting Header = [x-device-id] and Value = [example_id_for_quickstart]
[INFO] 2021-03-15 18:30:28,399 [stepDefinition.StepDefinitions_API_Test] - Added :: Header = [x-device-id] and Value = [example_id_for_quickstart]
[INFO] 2021-03-15 18:30:28,400 [stepDefinition.StepDefinitions_API_Test] - Creating session ID for bank ID [anVzdG9iYW5rLnYxSlVTVE5PS0s=] and Device ID [example_id_for_quickstart] for further API testing
[INFO] 2021-03-15 18:30:28,656 [com.neonomics.corelibraries.Session] - Response recieved for getting session ID ::{"sessionId":"c0e8f232-6579-4444-a72f-dbcb890665e7"}
[INFO] 2021-03-15 18:30:28,662 [stepDefinition.StepDefinitions_API_Test] - Received session ID as [c0e8f232-6579-4444-a72f-dbcb890665e7]
[INFO] 2021-03-15 18:30:28,663 [stepDefinition.StepDefinitions_API_Test] - Making [GET] request
[INFO] 2021-03-15 18:30:28,841 [stepDefinition.StepDefinitions_API_Test] - Validating response code as [200]
[INFO] 2021-03-15 18:30:28,844 [stepDefinition.StepDefinitions_API_Test] - Base URL:: https://sandbox.neonomics.io
[INFO] 2021-03-15 18:30:28,844 [stepDefinition.StepDefinitions_API_Test] - Endpoitn path :: /ics/v3/sn/asa{sessionId}
[INFO] 2021-03-15 18:30:28,845 [stepDefinition.StepDefinitions_API_Test] - Setting Header = [Accept] and Value = [application/json]
[INFO] 2021-03-15 18:30:28,845 [stepDefinition.StepDefinitions_API_Test] - Added :: Header = [Accept] and Value = [application/json]
[INFO] 2021-03-15 18:30:28,845 [stepDefinition.StepDefinitions_API_Test] - Setting Header = [Authorization] and Value = [Bearer Token]
[INFO] 2021-03-15 18:30:29,039 [com.neonomics.corelibraries.Authorization] - Response recieved for auth API ::{"refresh_expires_in":2592000,"expires_in":86400,"session_state":"d1293157-339e-4e7d-a050-c71c8f5cf27d","access_token":"eyJhbGciOiJSUzI1NiIsInR5cCIgOiAiSldUIiwia2lkIiA6ICJ2MmFQNDdIQXVTUi1qWmR5U3otNDVDV2RaOFhiWGFBMXNDbWhLbWtJLXRvIn0.eyJleHAiOjE2MTU4OTk2MjksImlhdCI6MTYxNTgxMzIyOSwianRpIjoiN2VjYThlNTgtZDE4Ny00NWIyLThkYjYtNGY1MTZkNTU1YjVhIiwiaXNzIjoiaHR0cHM6Ly9zYW5kYm94Lm5lb25vbWljcy5pby9hdXRoL3JlYWxtcy9zYW5kYm94Iiwic3ViIjoiMjE4MDlmM2EtOWJhOS00MDMxLTllM2QtOTdiNTY3Nzc5OWY5IiwidHlwIjoiQmVhcmVyIiwiYXpwIjoiM2QzNWY2MDYtY2Q1Ny00NzRmLTg2NzYtYjc4ZGZiZWFjMzQ1Iiwic2Vzc2lvbl9zdGF0ZSI6ImQxMjkzMTU3LTMzOWUtNGU3ZC1hMDUwLWM3MWM4ZjVjZjI3ZCIsImFjciI6IjEiLCJzY29wZSI6ImJhbnFicmlkZ2VfY2xpZW50Iiwib3JnYW5pemF0aW9uSWQiOiI0MjRhNTc5My01NDQ4LTQ0NjMtODI2YS05NzdhOTc2MTY4NDIiLCJjbGllbnRJZCI6IjNkMzVmNjA2LWNkNTctNDc0Zi04Njc2LWI3OGRmYmVhYzM0NSIsImNsaWVudEhvc3QiOiIxMDMuMjAwLjEwNi4xMzkiLCJja2lkIjoiYmY2NGIzNTktOWFhZC00MjcxLWJjNjItNTFjNDI2NGQyZmQ3IiwiY2xpZW50QWRkcmVzcyI6IjEwMy4yMDAuMTA2LjEzOSJ9.C9sWT5wUkuHRYFSg1GS8F1icwPhtCIaVgYV23elXoQKGE6FKR2B1vwuXzAK-NLg2WjUI-_lvZNzbyV4PH5T-g416kciRlWJ8zzRJ01Eo37oAbGkwFOJH9x-pkp_z5TvaB0Z-NhVkGBwyOr4swmW9Dx_dTukAUt1xbonL7gWqvk6tzEBqMvdNp80Ii5-1dlquHHn0jGUNpuuL4ecXyV5I4lhEplmY_cXm8nMKanYkDAA4X8A6Soz0GlCYL_faT2E4xX0UqpnRJXTFz1vX2qMf6F_Uq-qOoFj9E6T1X2M8-UBbpjV37g7tlVu__Rw_FLQO84ISduNIyfZ3SvRiEInzhQ","scope":"banqbridge_client","token_type":"bearer","refresh_token":"eyJhbGciOiJIUzI1NiIsInR5cCIgOiAiSldUIiwia2lkIiA6ICIwYTAzNjlhNy0yMTg3LTQ3OWYtOTU4NS02Y2QzYTczZDUxOWYifQ.eyJleHAiOjE2MTg0MDUyMjksImlhdCI6MTYxNTgxMzIyOSwianRpIjoiMWViNTc3OGUtNTMzYy00YTU4LWJjMDQtNmM1MDlmNmI2YTJiIiwiaXNzIjoiaHR0cHM6Ly9zYW5kYm94Lm5lb25vbWljcy5pby9hdXRoL3JlYWxtcy9zYW5kYm94IiwiYXVkIjoiaHR0cHM6Ly9zYW5kYm94Lm5lb25vbWljcy5pby9hdXRoL3JlYWxtcy9zYW5kYm94Iiwic3ViIjoiMjE4MDlmM2EtOWJhOS00MDMxLTllM2QtOTdiNTY3Nzc5OWY5IiwidHlwIjoiUmVmcmVzaCIsImF6cCI6IjNkMzVmNjA2LWNkNTctNDc0Zi04Njc2LWI3OGRmYmVhYzM0NSIsInNlc3Npb25fc3RhdGUiOiJkMTI5MzE1Ny0zMzllLTRlN2QtYTA1MC1jNzFjOGY1Y2YyN2QiLCJzY29wZSI6ImJhbnFicmlkZ2VfY2xpZW50In0.ajBo63_-7_31QJMBRG8xv3CX1Pj8f6Hcqdq99I8zfDU"}
[INFO] 2021-03-15 18:30:29,073 [stepDefinition.StepDefinitions_API_Test] - Bearer token :: [Bearer eyJhbGciOiJSUzI1NiIsInR5cCIgOiAiSldUIiwia2lkIiA6ICJ2MmFQNDdIQXVTUi1qWmR5U3otNDVDV2RaOFhiWGFBMXNDbWhLbWtJLXRvIn0.eyJleHAiOjE2MTU4OTk2MjksImlhdCI6MTYxNTgxMzIyOSwianRpIjoiN2VjYThlNTgtZDE4Ny00NWIyLThkYjYtNGY1MTZkNTU1YjVhIiwiaXNzIjoiaHR0cHM6Ly9zYW5kYm94Lm5lb25vbWljcy5pby9hdXRoL3JlYWxtcy9zYW5kYm94Iiwic3ViIjoiMjE4MDlmM2EtOWJhOS00MDMxLTllM2QtOTdiNTY3Nzc5OWY5IiwidHlwIjoiQmVhcmVyIiwiYXpwIjoiM2QzNWY2MDYtY2Q1Ny00NzRmLTg2NzYtYjc4ZGZiZWFjMzQ1Iiwic2Vzc2lvbl9zdGF0ZSI6ImQxMjkzMTU3LTMzOWUtNGU3ZC1hMDUwLWM3MWM4ZjVjZjI3ZCIsImFjciI6IjEiLCJzY29wZSI6ImJhbnFicmlkZ2VfY2xpZW50Iiwib3JnYW5pemF0aW9uSWQiOiI0MjRhNTc5My01NDQ4LTQ0NjMtODI2YS05NzdhOTc2MTY4NDIiLCJjbGllbnRJZCI6IjNkMzVmNjA2LWNkNTctNDc0Zi04Njc2LWI3OGRmYmVhYzM0NSIsImNsaWVudEhvc3QiOiIxMDMuMjAwLjEwNi4xMzkiLCJja2lkIjoiYmY2NGIzNTktOWFhZC00MjcxLWJjNjItNTFjNDI2NGQyZmQ3IiwiY2xpZW50QWRkcmVzcyI6IjEwMy4yMDAuMTA2LjEzOSJ9.C9sWT5wUkuHRYFSg1GS8F1icwPhtCIaVgYV23elXoQKGE6FKR2B1vwuXzAK-NLg2WjUI-_lvZNzbyV4PH5T-g416kciRlWJ8zzRJ01Eo37oAbGkwFOJH9x-pkp_z5TvaB0Z-NhVkGBwyOr4swmW9Dx_dTukAUt1xbonL7gWqvk6tzEBqMvdNp80Ii5-1dlquHHn0jGUNpuuL4ecXyV5I4lhEplmY_cXm8nMKanYkDAA4X8A6Soz0GlCYL_faT2E4xX0UqpnRJXTFz1vX2qMf6F_Uq-qOoFj9E6T1X2M8-UBbpjV37g7tlVu__Rw_FLQO84ISduNIyfZ3SvRiEInzhQ]
[INFO] 2021-03-15 18:30:29,073 [stepDefinition.StepDefinitions_API_Test] - Added :: Header = [Authorization] and Value = [Bearer eyJhbGciOiJSUzI1NiIsInR5cCIgOiAiSldUIiwia2lkIiA6ICJ2MmFQNDdIQXVTUi1qWmR5U3otNDVDV2RaOFhiWGFBMXNDbWhLbWtJLXRvIn0.eyJleHAiOjE2MTU4OTk2MjksImlhdCI6MTYxNTgxMzIyOSwianRpIjoiN2VjYThlNTgtZDE4Ny00NWIyLThkYjYtNGY1MTZkNTU1YjVhIiwiaXNzIjoiaHR0cHM6Ly9zYW5kYm94Lm5lb25vbWljcy5pby9hdXRoL3JlYWxtcy9zYW5kYm94Iiwic3ViIjoiMjE4MDlmM2EtOWJhOS00MDMxLTllM2QtOTdiNTY3Nzc5OWY5IiwidHlwIjoiQmVhcmVyIiwiYXpwIjoiM2QzNWY2MDYtY2Q1Ny00NzRmLTg2NzYtYjc4ZGZiZWFjMzQ1Iiwic2Vzc2lvbl9zdGF0ZSI6ImQxMjkzMTU3LTMzOWUtNGU3ZC1hMDUwLWM3MWM4ZjVjZjI3ZCIsImFjciI6IjEiLCJzY29wZSI6ImJhbnFicmlkZ2VfY2xpZW50Iiwib3JnYW5pemF0aW9uSWQiOiI0MjRhNTc5My01NDQ4LTQ0NjMtODI2YS05NzdhOTc2MTY4NDIiLCJjbGllbnRJZCI6IjNkMzVmNjA2LWNkNTctNDc0Zi04Njc2LWI3OGRmYmVhYzM0NSIsImNsaWVudEhvc3QiOiIxMDMuMjAwLjEwNi4xMzkiLCJja2lkIjoiYmY2NGIzNTktOWFhZC00MjcxLWJjNjItNTFjNDI2NGQyZmQ3IiwiY2xpZW50QWRkcmVzcyI6IjEwMy4yMDAuMTA2LjEzOSJ9.C9sWT5wUkuHRYFSg1GS8F1icwPhtCIaVgYV23elXoQKGE6FKR2B1vwuXzAK-NLg2WjUI-_lvZNzbyV4PH5T-g416kciRlWJ8zzRJ01Eo37oAbGkwFOJH9x-pkp_z5TvaB0Z-NhVkGBwyOr4swmW9Dx_dTukAUt1xbonL7gWqvk6tzEBqMvdNp80Ii5-1dlquHHn0jGUNpuuL4ecXyV5I4lhEplmY_cXm8nMKanYkDAA4X8A6Soz0GlCYL_faT2E4xX0UqpnRJXTFz1vX2qMf6F_Uq-qOoFj9E6T1X2M8-UBbpjV37g7tlVu__Rw_FLQO84ISduNIyfZ3SvRiEInzhQ]
[INFO] 2021-03-15 18:30:29,073 [stepDefinition.StepDefinitions_API_Test] - Setting Header = [x-device-id] and Value = [example_id_for_quickstart]
[INFO] 2021-03-15 18:30:29,073 [stepDefinition.StepDefinitions_API_Test] - Added :: Header = [x-device-id] and Value = [example_id_for_quickstart]
[INFO] 2021-03-15 18:30:29,073 [stepDefinition.StepDefinitions_API_Test] - Creating session ID for bank ID [anVzdG9iYW5rLnYxSlVTVE5PS0s=] and Device ID [example_id_for_quickstart] for further API testing
[INFO] 2021-03-15 18:30:29,276 [com.neonomics.corelibraries.Session] - Response recieved for getting session ID ::{"sessionId":"415ca375-f927-4fd8-999b-acb3f78415d8"}
[INFO] 2021-03-15 18:30:29,282 [stepDefinition.StepDefinitions_API_Test] - Received session ID as [415ca375-f927-4fd8-999b-acb3f78415d8]
[INFO] 2021-03-15 18:30:29,282 [stepDefinition.StepDefinitions_API_Test] - Making [GET] request
[INFO] 2021-03-15 18:30:29,447 [stepDefinition.StepDefinitions_API_Test] - Validating response code as [510]
[INFO] 2021-03-15 18:30:29,450 [stepDefinition.StepDefinitions_API_Test] - Base URL:: https://sandbox.neonomics.io
[INFO] 2021-03-15 18:30:29,450 [stepDefinition.StepDefinitions_API_Test] - Endpoitn path :: /ics/v3/session/{sessionId}
[INFO] 2021-03-15 18:30:29,451 [stepDefinition.StepDefinitions_API_Test] - Setting Header = [Accept] and Value = [application/json]
[INFO] 2021-03-15 18:30:29,451 [stepDefinition.StepDefinitions_API_Test] - Added :: Header = [Accept] and Value = [application/json]
[INFO] 2021-03-15 18:30:29,451 [stepDefinition.StepDefinitions_API_Test] - Setting Header = [Authorization] and Value = []
[INFO] 2021-03-15 18:30:29,451 [stepDefinition.StepDefinitions_API_Test] - Added :: Header = [Authorization] and Value = []
[INFO] 2021-03-15 18:30:29,451 [stepDefinition.StepDefinitions_API_Test] - Setting Header = [x-device-id] and Value = []
[INFO] 2021-03-15 18:30:29,451 [stepDefinition.StepDefinitions_API_Test] - Added :: Header = [x-device-id] and Value = []
[INFO] 2021-03-15 18:30:29,451 [stepDefinition.StepDefinitions_API_Test] - Creating session ID for bank ID [anVzdG9iYW5rLnYxSlVTVE5PS0s=] and Device ID [] for further API testing
[INFO] 2021-03-15 18:30:29,642 [stepDefinition.StepDefinitions_API_Test] - Base URL:: https://sandbox.neonomics.io
[INFO] 2021-03-15 18:30:29,642 [stepDefinition.StepDefinitions_API_Test] - Endpoitn path :: /ics/v3/session/{sessionId}
[INFO] 2021-03-15 18:30:29,643 [stepDefinition.StepDefinitions_API_Test] - Setting Header = [Accept] and Value = [application/x-www-form-urlencoded]
[INFO] 2021-03-15 18:30:29,643 [stepDefinition.StepDefinitions_API_Test] - Added :: Header = [Accept] and Value = [application/x-www-form-urlencoded]
[INFO] 2021-03-15 18:30:29,643 [stepDefinition.StepDefinitions_API_Test] - Setting Header = [Authorization] and Value = [Bearer Token]
[INFO] 2021-03-15 18:30:30,059 [com.neonomics.corelibraries.Authorization] - Response recieved for auth API ::{"refresh_expires_in":2592000,"expires_in":86400,"session_state":"0b0ad93e-90d4-45d3-abdd-90faa59f03b2","access_token":"eyJhbGciOiJSUzI1NiIsInR5cCIgOiAiSldUIiwia2lkIiA6ICJ2MmFQNDdIQXVTUi1qWmR5U3otNDVDV2RaOFhiWGFBMXNDbWhLbWtJLXRvIn0.eyJleHAiOjE2MTU4OTk2MzAsImlhdCI6MTYxNTgxMzIzMCwianRpIjoiMGRlMTMxNWMtOTQ0ZS00NjIyLWE4M2UtOTk0ODRmMDVhNTUzIiwiaXNzIjoiaHR0cHM6Ly9zYW5kYm94Lm5lb25vbWljcy5pby9hdXRoL3JlYWxtcy9zYW5kYm94Iiwic3ViIjoiMjE4MDlmM2EtOWJhOS00MDMxLTllM2QtOTdiNTY3Nzc5OWY5IiwidHlwIjoiQmVhcmVyIiwiYXpwIjoiM2QzNWY2MDYtY2Q1Ny00NzRmLTg2NzYtYjc4ZGZiZWFjMzQ1Iiwic2Vzc2lvbl9zdGF0ZSI6IjBiMGFkOTNlLTkwZDQtNDVkMy1hYmRkLTkwZmFhNTlmMDNiMiIsImFjciI6IjEiLCJzY29wZSI6ImJhbnFicmlkZ2VfY2xpZW50Iiwib3JnYW5pemF0aW9uSWQiOiI0MjRhNTc5My01NDQ4LTQ0NjMtODI2YS05NzdhOTc2MTY4NDIiLCJjbGllbnRJZCI6IjNkMzVmNjA2LWNkNTctNDc0Zi04Njc2LWI3OGRmYmVhYzM0NSIsImNsaWVudEhvc3QiOiIxMDMuMjAwLjEwNi4xMzkiLCJja2lkIjoiYmY2NGIzNTktOWFhZC00MjcxLWJjNjItNTFjNDI2NGQyZmQ3IiwiY2xpZW50QWRkcmVzcyI6IjEwMy4yMDAuMTA2LjEzOSJ9.bt6WibM3f7LYfNDH3tWf8C8r-L7DnZgD484o4JJj36eSBOn2DrzJWRxgHoFmGKcYSMZOnRbx9Ky1EXEkkgxcOTLu-oy6IBak73JFIHm3B1lOLopEuo3wOhlrKGorXEziffALjcsBDCfMbwkA11_04tFc5eLX31AWvD_Vy4-lVmyggJQagiyceOUe_5N6DkhEE2HR_tRmFmQXpdYKvdRX-oy9WIfaekD57kN_DKs7uubppigC18anxbbV8FOAr7DKZ4PPbATMS5F7KKRXKAvABKAbbahENm5PVOt7-4pZMQLM5VZlKGIOVQ4S6neN-1bwUcqC0yL8OSNFekmSgOnTDw","scope":"banqbridge_client","token_type":"bearer","refresh_token":"eyJhbGciOiJIUzI1NiIsInR5cCIgOiAiSldUIiwia2lkIiA6ICIwYTAzNjlhNy0yMTg3LTQ3OWYtOTU4NS02Y2QzYTczZDUxOWYifQ.eyJleHAiOjE2MTg0MDUyMzAsImlhdCI6MTYxNTgxMzIzMCwianRpIjoiMmJjYmMxMGYtMGFkZi00ZWMzLTg3ODItY2IwZTU1ZjUyMGY5IiwiaXNzIjoiaHR0cHM6Ly9zYW5kYm94Lm5lb25vbWljcy5pby9hdXRoL3JlYWxtcy9zYW5kYm94IiwiYXVkIjoiaHR0cHM6Ly9zYW5kYm94Lm5lb25vbWljcy5pby9hdXRoL3JlYWxtcy9zYW5kYm94Iiwic3ViIjoiMjE4MDlmM2EtOWJhOS00MDMxLTllM2QtOTdiNTY3Nzc5OWY5IiwidHlwIjoiUmVmcmVzaCIsImF6cCI6IjNkMzVmNjA2LWNkNTctNDc0Zi04Njc2LWI3OGRmYmVhYzM0NSIsInNlc3Npb25fc3RhdGUiOiIwYjBhZDkzZS05MGQ0LTQ1ZDMtYWJkZC05MGZhYTU5ZjAzYjIiLCJzY29wZSI6ImJhbnFicmlkZ2VfY2xpZW50In0.8MsbbXblzLixnjpHGXCgvW7IaKmdmpPgJKyBv4bXTIM"}
[INFO] 2021-03-15 18:30:30,092 [stepDefinition.StepDefinitions_API_Test] - Bearer token :: [Bearer eyJhbGciOiJSUzI1NiIsInR5cCIgOiAiSldUIiwia2lkIiA6ICJ2MmFQNDdIQXVTUi1qWmR5U3otNDVDV2RaOFhiWGFBMXNDbWhLbWtJLXRvIn0.eyJleHAiOjE2MTU4OTk2MzAsImlhdCI6MTYxNTgxMzIzMCwianRpIjoiMGRlMTMxNWMtOTQ0ZS00NjIyLWE4M2UtOTk0ODRmMDVhNTUzIiwiaXNzIjoiaHR0cHM6Ly9zYW5kYm94Lm5lb25vbWljcy5pby9hdXRoL3JlYWxtcy9zYW5kYm94Iiwic3ViIjoiMjE4MDlmM2EtOWJhOS00MDMxLTllM2QtOTdiNTY3Nzc5OWY5IiwidHlwIjoiQmVhcmVyIiwiYXpwIjoiM2QzNWY2MDYtY2Q1Ny00NzRmLTg2NzYtYjc4ZGZiZWFjMzQ1Iiwic2Vzc2lvbl9zdGF0ZSI6IjBiMGFkOTNlLTkwZDQtNDVkMy1hYmRkLTkwZmFhNTlmMDNiMiIsImFjciI6IjEiLCJzY29wZSI6ImJhbnFicmlkZ2VfY2xpZW50Iiwib3JnYW5pemF0aW9uSWQiOiI0MjRhNTc5My01NDQ4LTQ0NjMtODI2YS05NzdhOTc2MTY4NDIiLCJjbGllbnRJZCI6IjNkMzVmNjA2LWNkNTctNDc0Zi04Njc2LWI3OGRmYmVhYzM0NSIsImNsaWVudEhvc3QiOiIxMDMuMjAwLjEwNi4xMzkiLCJja2lkIjoiYmY2NGIzNTktOWFhZC00MjcxLWJjNjItNTFjNDI2NGQyZmQ3IiwiY2xpZW50QWRkcmVzcyI6IjEwMy4yMDAuMTA2LjEzOSJ9.bt6WibM3f7LYfNDH3tWf8C8r-L7DnZgD484o4JJj36eSBOn2DrzJWRxgHoFmGKcYSMZOnRbx9Ky1EXEkkgxcOTLu-oy6IBak73JFIHm3B1lOLopEuo3wOhlrKGorXEziffALjcsBDCfMbwkA11_04tFc5eLX31AWvD_Vy4-lVmyggJQagiyceOUe_5N6DkhEE2HR_tRmFmQXpdYKvdRX-oy9WIfaekD57kN_DKs7uubppigC18anxbbV8FOAr7DKZ4PPbATMS5F7KKRXKAvABKAbbahENm5PVOt7-4pZMQLM5VZlKGIOVQ4S6neN-1bwUcqC0yL8OSNFekmSgOnTDw]
[INFO] 2021-03-15 18:30:30,092 [stepDefinition.StepDefinitions_API_Test] - Added :: Header = [Authorization] and Value = [Bearer eyJhbGciOiJSUzI1NiIsInR5cCIgOiAiSldUIiwia2lkIiA6ICJ2MmFQNDdIQXVTUi1qWmR5U3otNDVDV2RaOFhiWGFBMXNDbWhLbWtJLXRvIn0.eyJleHAiOjE2MTU4OTk2MzAsImlhdCI6MTYxNTgxMzIzMCwianRpIjoiMGRlMTMxNWMtOTQ0ZS00NjIyLWE4M2UtOTk0ODRmMDVhNTUzIiwiaXNzIjoiaHR0cHM6Ly9zYW5kYm94Lm5lb25vbWljcy5pby9hdXRoL3JlYWxtcy9zYW5kYm94Iiwic3ViIjoiMjE4MDlmM2EtOWJhOS00MDMxLTllM2QtOTdiNTY3Nzc5OWY5IiwidHlwIjoiQmVhcmVyIiwiYXpwIjoiM2QzNWY2MDYtY2Q1Ny00NzRmLTg2NzYtYjc4ZGZiZWFjMzQ1Iiwic2Vzc2lvbl9zdGF0ZSI6IjBiMGFkOTNlLTkwZDQtNDVkMy1hYmRkLTkwZmFhNTlmMDNiMiIsImFjciI6IjEiLCJzY29wZSI6ImJhbnFicmlkZ2VfY2xpZW50Iiwib3JnYW5pemF0aW9uSWQiOiI0MjRhNTc5My01NDQ4LTQ0NjMtODI2YS05NzdhOTc2MTY4NDIiLCJjbGllbnRJZCI6IjNkMzVmNjA2LWNkNTctNDc0Zi04Njc2LWI3OGRmYmVhYzM0NSIsImNsaWVudEhvc3QiOiIxMDMuMjAwLjEwNi4xMzkiLCJja2lkIjoiYmY2NGIzNTktOWFhZC00MjcxLWJjNjItNTFjNDI2NGQyZmQ3IiwiY2xpZW50QWRkcmVzcyI6IjEwMy4yMDAuMTA2LjEzOSJ9.bt6WibM3f7LYfNDH3tWf8C8r-L7DnZgD484o4JJj36eSBOn2DrzJWRxgHoFmGKcYSMZOnRbx9Ky1EXEkkgxcOTLu-oy6IBak73JFIHm3B1lOLopEuo3wOhlrKGorXEziffALjcsBDCfMbwkA11_04tFc5eLX31AWvD_Vy4-lVmyggJQagiyceOUe_5N6DkhEE2HR_tRmFmQXpdYKvdRX-oy9WIfaekD57kN_DKs7uubppigC18anxbbV8FOAr7DKZ4PPbATMS5F7KKRXKAvABKAbbahENm5PVOt7-4pZMQLM5VZlKGIOVQ4S6neN-1bwUcqC0yL8OSNFekmSgOnTDw]
[INFO] 2021-03-15 18:30:30,092 [stepDefinition.StepDefinitions_API_Test] - Setting Header = [x-device-id] and Value = [anything-different]
[INFO] 2021-03-15 18:30:30,092 [stepDefinition.StepDefinitions_API_Test] - Added :: Header = [x-device-id] and Value = [anything-different]
[INFO] 2021-03-15 18:30:30,092 [stepDefinition.StepDefinitions_API_Test] - Creating session ID for bank ID [anVzdG9iYW5rLnYxSlVTVE5PS0s=] and Device ID [anything-different] for further API testing
[INFO] 2021-03-15 18:30:30,277 [com.neonomics.corelibraries.Session] - Response recieved for getting session ID ::{"sessionId":"c5e12551-fa16-4200-9900-b71661b5c318"}
[INFO] 2021-03-15 18:30:30,283 [stepDefinition.StepDefinitions_API_Test] - Received session ID as [c5e12551-fa16-4200-9900-b71661b5c318]
[INFO] 2021-03-15 18:30:30,284 [stepDefinition.StepDefinitions_API_Test] - Making [GET] request
[INFO] 2021-03-15 18:30:30,456 [stepDefinition.StepDefinitions_API_Test] - Validating response code as [406]
[INFO] 2021-03-15 18:30:30,460 [stepDefinition.StepDefinitions_API_Test] - Base URL:: https://sandbox.neonomics.io
[INFO] 2021-03-15 18:30:30,460 [stepDefinition.StepDefinitions_API_Test] - Endpoitn path :: /ics/v3/session/{sessionId}
[INFO] 2021-03-15 18:30:30,460 [stepDefinition.StepDefinitions_API_Test] - Setting Header = [Accept] and Value = []
[INFO] 2021-03-15 18:30:30,460 [stepDefinition.StepDefinitions_API_Test] - Added :: Header = [Accept] and Value = []
[INFO] 2021-03-15 18:30:30,460 [stepDefinition.StepDefinitions_API_Test] - Setting Header = [Authorization] and Value = []
[INFO] 2021-03-15 18:30:30,460 [stepDefinition.StepDefinitions_API_Test] - Added :: Header = [Authorization] and Value = []
[INFO] 2021-03-15 18:30:30,460 [stepDefinition.StepDefinitions_API_Test] - Setting Header = [x-device-id] and Value = []
[INFO] 2021-03-15 18:30:30,460 [stepDefinition.StepDefinitions_API_Test] - Added :: Header = [x-device-id] and Value = []
[INFO] 2021-03-15 18:30:30,460 [stepDefinition.StepDefinitions_API_Test] - Creating session ID for bank ID [anVzdG9iYW5rLnYxSlVTVE5PS0s=] and Device ID [] for further API testing
