2021-03-19 00:49:18.469 [main] INFO  stepDefinition.StepDefinitions_Functional_Test    : ********************************************************************************************************
2021-03-19 00:49:18.471 [main] INFO  stepDefinition.StepDefinitions_Functional_Test    : --- Execution Started :::: Verify that Auth token API works for various combinations
2021-03-19 00:49:18.471 [main] INFO  stepDefinition.StepDefinitions_Functional_Test    : ********************************************************************************************************
2021-03-19 00:49:18.569 [main] INFO  stepDefinition.StepDefinitions_API_Test           : Base URL [https://sandbox.neonomics.io]
2021-03-19 00:49:18.569 [main] INFO  stepDefinition.StepDefinitions_API_Test           : Endpoint path [/auth/realms/sandbox/protocol/openid-connect/token]
2021-03-19 00:49:18.570 [main] INFO  stepDefinition.StepDefinitions_API_Test           : Setting Header = [Content-Type] and Value = [application/x-www-form-urlencoded]
2021-03-19 00:49:18.570 [main] INFO  stepDefinition.StepDefinitions_API_Test           : Added :: Header = [Content-Type] and Value = [application/x-www-form-urlencoded]
2021-03-19 00:49:18.571 [main] INFO  stepDefinition.StepDefinitions_API_Test           : Setting request paramter as Key = [grant_type] and Value = [client_credentials]
2021-03-19 00:49:18.572 [main] INFO  stepDefinition.StepDefinitions_API_Test           : Setting request paramter as Key = [client_id] and Value = [valid]
2021-03-19 00:49:18.573 [main] INFO  stepDefinition.StepDefinitions_API_Test           : Setting request paramter as Key = [client_secret] and Value = [valid]
2021-03-19 00:49:18.622 [main] INFO  stepDefinition.StepDefinitions_API_Test           : Making [POST] request
2021-03-19 00:49:19.821 [main] INFO  stepDefinition.StepDefinitions_API_Test           : Validating response code as [200]
2021-03-19 00:49:19.853 [main] INFO  stepDefinition.StepDefinitions_Functional_Test    : ********************************************************************************************************
2021-03-19 00:49:19.853 [main] INFO  stepDefinition.StepDefinitions_Functional_Test    : --- Execution Started :::: Verify that Auth token API works for various combinations
2021-03-19 00:49:19.853 [main] INFO  stepDefinition.StepDefinitions_Functional_Test    : ********************************************************************************************************
2021-03-19 00:49:19.854 [main] INFO  stepDefinition.StepDefinitions_API_Test           : Base URL [https://sandbox.neonomics.io]
2021-03-19 00:49:19.854 [main] INFO  stepDefinition.StepDefinitions_API_Test           : Endpoint path [/auth/realms/sandbox/protocol/openid-connect/token]
2021-03-19 00:49:19.855 [main] INFO  stepDefinition.StepDefinitions_API_Test           : Setting Header = [Content-Type] and Value = [application/json]
2021-03-19 00:49:19.855 [main] INFO  stepDefinition.StepDefinitions_API_Test           : Added :: Header = [Content-Type] and Value = [application/json]
2021-03-19 00:49:19.856 [main] INFO  stepDefinition.StepDefinitions_API_Test           : Setting request paramter as Key = [grant_type] and Value = [client_credentials]
2021-03-19 00:49:19.856 [main] INFO  stepDefinition.StepDefinitions_API_Test           : Setting request paramter as Key = [client_id] and Value = [valid]
2021-03-19 00:49:19.857 [main] INFO  stepDefinition.StepDefinitions_API_Test           : Setting request paramter as Key = [client_secret] and Value = [valid]
2021-03-19 00:49:19.857 [main] INFO  stepDefinition.StepDefinitions_API_Test           : Making [POST] request
2021-03-19 00:49:20.318 [main] INFO  stepDefinition.StepDefinitions_API_Test           : Validating response code as [510]
2021-03-19 00:49:20.505 [main] INFO  stepDefinition.StepDefinitions_Functional_Test    : ********************************************************************************************************
2021-03-19 00:49:20.506 [main] INFO  stepDefinition.StepDefinitions_Functional_Test    : --- Execution Started :::: Verify that Auth token API works for various combinations
2021-03-19 00:49:20.506 [main] INFO  stepDefinition.StepDefinitions_Functional_Test    : ********************************************************************************************************
2021-03-19 00:49:20.507 [main] INFO  stepDefinition.StepDefinitions_API_Test           : Base URL [https://sandbox.neonomics.io]
2021-03-19 00:49:20.507 [main] INFO  stepDefinition.StepDefinitions_API_Test           : Endpoint path [/auth/realms/sandbox/protocol/openid-connect/token]
2021-03-19 00:49:20.507 [main] INFO  stepDefinition.StepDefinitions_API_Test           : Setting Header = [Content-Type] and Value = [application/x-www-form-urlencoded]
2021-03-19 00:49:20.507 [main] INFO  stepDefinition.StepDefinitions_API_Test           : Added :: Header = [Content-Type] and Value = [application/x-www-form-urlencoded]
2021-03-19 00:49:20.508 [main] INFO  stepDefinition.StepDefinitions_API_Test           : Setting request paramter as Key = [grant_type] and Value = [authorization_code]
2021-03-19 00:49:20.509 [main] INFO  stepDefinition.StepDefinitions_API_Test           : Setting request paramter as Key = [client_id] and Value = [valid]
2021-03-19 00:49:20.509 [main] INFO  stepDefinition.StepDefinitions_API_Test           : Setting request paramter as Key = [client_secret] and Value = [valid]
2021-03-19 00:49:20.511 [main] INFO  stepDefinition.StepDefinitions_API_Test           : Making [POST] request
2021-03-19 00:49:20.961 [main] INFO  stepDefinition.StepDefinitions_API_Test           : Validating response code as [510]
2021-03-19 00:49:20.974 [main] INFO  stepDefinition.StepDefinitions_Functional_Test    : ********************************************************************************************************
2021-03-19 00:49:20.974 [main] INFO  stepDefinition.StepDefinitions_Functional_Test    : --- Execution Started :::: Verify that Auth token API works for various combinations
2021-03-19 00:49:20.974 [main] INFO  stepDefinition.StepDefinitions_Functional_Test    : ********************************************************************************************************
2021-03-19 00:49:20.975 [main] INFO  stepDefinition.StepDefinitions_API_Test           : Base URL [https://sandbox.neonomics.io]
2021-03-19 00:49:20.975 [main] INFO  stepDefinition.StepDefinitions_API_Test           : Endpoint path [/auth/realms/sandbox/protocol/openid-connect/token]
2021-03-19 00:49:20.976 [main] INFO  stepDefinition.StepDefinitions_API_Test           : Setting Header = [Content-Type] and Value = [application/x-www-form-urlencoded]
2021-03-19 00:49:20.976 [main] INFO  stepDefinition.StepDefinitions_API_Test           : Added :: Header = [Content-Type] and Value = [application/x-www-form-urlencoded]
2021-03-19 00:49:20.976 [main] INFO  stepDefinition.StepDefinitions_API_Test           : Setting request paramter as Key = [grant_type] and Value = [client_credentials]
2021-03-19 00:49:20.977 [main] INFO  stepDefinition.StepDefinitions_API_Test           : Setting request paramter as Key = [client_id] and Value = [invalid]
2021-03-19 00:49:20.977 [main] INFO  stepDefinition.StepDefinitions_API_Test           : Setting request paramter as Key = [client_secret] and Value = [valid]
2021-03-19 00:49:20.978 [main] INFO  stepDefinition.StepDefinitions_API_Test           : Making [POST] request
2021-03-19 00:49:21.431 [main] INFO  stepDefinition.StepDefinitions_API_Test           : Validating response code as [510]
2021-03-19 00:49:21.442 [main] INFO  stepDefinition.StepDefinitions_Functional_Test    : ********************************************************************************************************
2021-03-19 00:49:21.442 [main] INFO  stepDefinition.StepDefinitions_Functional_Test    : --- Execution Started :::: Verify that Auth token API works for various combinations
2021-03-19 00:49:21.442 [main] INFO  stepDefinition.StepDefinitions_Functional_Test    : ********************************************************************************************************
2021-03-19 00:49:21.443 [main] INFO  stepDefinition.StepDefinitions_API_Test           : Base URL [https://sandbox.neonomics.io]
2021-03-19 00:49:21.443 [main] INFO  stepDefinition.StepDefinitions_API_Test           : Endpoint path [/auth/realms/sandbox/protocol/openid-connect/token]
2021-03-19 00:49:21.443 [main] INFO  stepDefinition.StepDefinitions_API_Test           : Setting Header = [Content-Type] and Value = [application/json]
2021-03-19 00:49:21.443 [main] INFO  stepDefinition.StepDefinitions_API_Test           : Added :: Header = [Content-Type] and Value = [application/json]
2021-03-19 00:49:21.444 [main] INFO  stepDefinition.StepDefinitions_API_Test           : Setting request paramter as Key = [grant_type] and Value = [client_credentials]
2021-03-19 00:49:21.444 [main] INFO  stepDefinition.StepDefinitions_API_Test           : Setting request paramter as Key = [client_id] and Value = [valid]
2021-03-19 00:49:21.444 [main] INFO  stepDefinition.StepDefinitions_API_Test           : Setting request paramter as Key = [client_secret] and Value = [invalid]
2021-03-19 00:49:21.445 [main] INFO  stepDefinition.StepDefinitions_API_Test           : Making [POST] request
2021-03-19 00:49:21.891 [main] INFO  stepDefinition.StepDefinitions_API_Test           : Validating response code as [510]
2021-03-19 00:49:21.900 [main] INFO  stepDefinition.StepDefinitions_Functional_Test    : ********************************************************************************************************
2021-03-19 00:49:21.900 [main] INFO  stepDefinition.StepDefinitions_Functional_Test    : --- Execution Started :::: Verify that Banks API works for various combinations
2021-03-19 00:49:21.900 [main] INFO  stepDefinition.StepDefinitions_Functional_Test    : ********************************************************************************************************
2021-03-19 00:49:21.901 [main] INFO  stepDefinition.StepDefinitions_API_Test           : Base URL [https://sandbox.neonomics.io]
2021-03-19 00:49:21.901 [main] INFO  stepDefinition.StepDefinitions_API_Test           : Endpoint path [/ics/v3/banks]
2021-03-19 00:49:21.901 [main] INFO  stepDefinition.StepDefinitions_API_Test           : Setting Header = [Accept] and Value = [application/json]
2021-03-19 00:49:21.901 [main] INFO  stepDefinition.StepDefinitions_API_Test           : Added :: Header = [Accept] and Value = [application/json]
2021-03-19 00:49:21.902 [main] INFO  stepDefinition.StepDefinitions_API_Test           : Setting Header = [Authorization] and Value = [Bearer Token]
2021-03-19 00:49:22.429 [main] INFO  com.neonomics.corelibraries.Authorization         : Response recieved for auth API ::{"refresh_expires_in":2592000,"expires_in":86400,"session_state":"bfb1153c-6fa8-464d-b400-91cf0b482127","access_token":"eyJhbGciOiJSUzI1NiIsInR5cCIgOiAiSldUIiwia2lkIiA6ICJ2MmFQNDdIQXVTUi1qWmR5U3otNDVDV2RaOFhiWGFBMXNDbWhLbWtJLXRvIn0.eyJleHAiOjE2MTYxODE1NjIsImlhdCI6MTYxNjA5NTE2MiwianRpIjoiNWZjY2NmMmEtNzY2ZC00ZGNlLWE0NDYtMjcwODFmMDRlNWY1IiwiaXNzIjoiaHR0cHM6Ly9zYW5kYm94Lm5lb25vbWljcy5pby9hdXRoL3JlYWxtcy9zYW5kYm94Iiwic3ViIjoiMjE4MDlmM2EtOWJhOS00MDMxLTllM2QtOTdiNTY3Nzc5OWY5IiwidHlwIjoiQmVhcmVyIiwiYXpwIjoiM2QzNWY2MDYtY2Q1Ny00NzRmLTg2NzYtYjc4ZGZiZWFjMzQ1Iiwic2Vzc2lvbl9zdGF0ZSI6ImJmYjExNTNjLTZmYTgtNDY0ZC1iNDAwLTkxY2YwYjQ4MjEyNyIsImFjciI6IjEiLCJzY29wZSI6ImJhbnFicmlkZ2VfY2xpZW50Iiwib3JnYW5pemF0aW9uSWQiOiI0MjRhNTc5My01NDQ4LTQ0NjMtODI2YS05NzdhOTc2MTY4NDIiLCJjbGllbnRJZCI6IjNkMzVmNjA2LWNkNTctNDc0Zi04Njc2LWI3OGRmYmVhYzM0NSIsImNsaWVudEhvc3QiOiIxMDMuMjAwLjEwNi4xNzEiLCJja2lkIjoiYmY2NGIzNTktOWFhZC00MjcxLWJjNjItNTFjNDI2NGQyZmQ3IiwiY2xpZW50QWRkcmVzcyI6IjEwMy4yMDAuMTA2LjE3MSJ9.bwXFY11u2kW_yWPKLOBYIMJPfXRkuYSTrQu5tIf2-HE2yX3JgePkUR4xaio8ECY2BaI9vir3krXPREGsQ1U8xpIIMMOkc2LCsQpVzC_eVCZ8P7sEW6kFurXLX6kF6R1j8wU_afqOUhXKye_YT8_bVFq2pAXp9kyW8fuHUzsgpeO6uwGdE338l4909eQSnHEIrfMdooT5u2EMUZB4e6IitbjknT2W0cz1KmkcitPw1aIckNl-3NfnqxlaDwAC68EzwYAAQQzZAR5Dc7tnXkziZEmTHlZdBKz71PZX1DWEM9wTLrtqm9pYa4uY3YLzQwHbpL1BpOals4tZfGDSLBDMpg","scope":"banqbridge_client","token_type":"bearer","refresh_token":"eyJhbGciOiJIUzI1NiIsInR5cCIgOiAiSldUIiwia2lkIiA6ICIwYTAzNjlhNy0yMTg3LTQ3OWYtOTU4NS02Y2QzYTczZDUxOWYifQ.eyJleHAiOjE2MTg2ODcxNjIsImlhdCI6MTYxNjA5NTE2MiwianRpIjoiMjc4MjlmMzAtMzY2NS00YTljLTk3NTEtZWZhNzE1ZWE0MzZmIiwiaXNzIjoiaHR0cHM6Ly9zYW5kYm94Lm5lb25vbWljcy5pby9hdXRoL3JlYWxtcy9zYW5kYm94IiwiYXVkIjoiaHR0cHM6Ly9zYW5kYm94Lm5lb25vbWljcy5pby9hdXRoL3JlYWxtcy9zYW5kYm94Iiwic3ViIjoiMjE4MDlmM2EtOWJhOS00MDMxLTllM2QtOTdiNTY3Nzc5OWY5IiwidHlwIjoiUmVmcmVzaCIsImF6cCI6IjNkMzVmNjA2LWNkNTctNDc0Zi04Njc2LWI3OGRmYmVhYzM0NSIsInNlc3Npb25fc3RhdGUiOiJiZmIxMTUzYy02ZmE4LTQ2NGQtYjQwMC05MWNmMGI0ODIxMjciLCJzY29wZSI6ImJhbnFicmlkZ2VfY2xpZW50In0.RJVxEwNQwbQpz-g-AgthX18EozPDrRPBBrpDL6RkGWc"}
2021-03-19 00:49:22.839 [main] INFO  stepDefinition.StepDefinitions_API_Test           : Bearer token :: [Bearer eyJhbGciOiJSUzI1NiIsInR5cCIgOiAiSldUIiwia2lkIiA6ICJ2MmFQNDdIQXVTUi1qWmR5U3otNDVDV2RaOFhiWGFBMXNDbWhLbWtJLXRvIn0.eyJleHAiOjE2MTYxODE1NjIsImlhdCI6MTYxNjA5NTE2MiwianRpIjoiNWZjY2NmMmEtNzY2ZC00ZGNlLWE0NDYtMjcwODFmMDRlNWY1IiwiaXNzIjoiaHR0cHM6Ly9zYW5kYm94Lm5lb25vbWljcy5pby9hdXRoL3JlYWxtcy9zYW5kYm94Iiwic3ViIjoiMjE4MDlmM2EtOWJhOS00MDMxLTllM2QtOTdiNTY3Nzc5OWY5IiwidHlwIjoiQmVhcmVyIiwiYXpwIjoiM2QzNWY2MDYtY2Q1Ny00NzRmLTg2NzYtYjc4ZGZiZWFjMzQ1Iiwic2Vzc2lvbl9zdGF0ZSI6ImJmYjExNTNjLTZmYTgtNDY0ZC1iNDAwLTkxY2YwYjQ4MjEyNyIsImFjciI6IjEiLCJzY29wZSI6ImJhbnFicmlkZ2VfY2xpZW50Iiwib3JnYW5pemF0aW9uSWQiOiI0MjRhNTc5My01NDQ4LTQ0NjMtODI2YS05NzdhOTc2MTY4NDIiLCJjbGllbnRJZCI6IjNkMzVmNjA2LWNkNTctNDc0Zi04Njc2LWI3OGRmYmVhYzM0NSIsImNsaWVudEhvc3QiOiIxMDMuMjAwLjEwNi4xNzEiLCJja2lkIjoiYmY2NGIzNTktOWFhZC00MjcxLWJjNjItNTFjNDI2NGQyZmQ3IiwiY2xpZW50QWRkcmVzcyI6IjEwMy4yMDAuMTA2LjE3MSJ9.bwXFY11u2kW_yWPKLOBYIMJPfXRkuYSTrQu5tIf2-HE2yX3JgePkUR4xaio8ECY2BaI9vir3krXPREGsQ1U8xpIIMMOkc2LCsQpVzC_eVCZ8P7sEW6kFurXLX6kF6R1j8wU_afqOUhXKye_YT8_bVFq2pAXp9kyW8fuHUzsgpeO6uwGdE338l4909eQSnHEIrfMdooT5u2EMUZB4e6IitbjknT2W0cz1KmkcitPw1aIckNl-3NfnqxlaDwAC68EzwYAAQQzZAR5Dc7tnXkziZEmTHlZdBKz71PZX1DWEM9wTLrtqm9pYa4uY3YLzQwHbpL1BpOals4tZfGDSLBDMpg]
2021-03-19 00:49:22.840 [main] INFO  stepDefinition.StepDefinitions_API_Test           : Added :: Header = [Authorization] and Value = [Bearer eyJhbGciOiJSUzI1NiIsInR5cCIgOiAiSldUIiwia2lkIiA6ICJ2MmFQNDdIQXVTUi1qWmR5U3otNDVDV2RaOFhiWGFBMXNDbWhLbWtJLXRvIn0.eyJleHAiOjE2MTYxODE1NjIsImlhdCI6MTYxNjA5NTE2MiwianRpIjoiNWZjY2NmMmEtNzY2ZC00ZGNlLWE0NDYtMjcwODFmMDRlNWY1IiwiaXNzIjoiaHR0cHM6Ly9zYW5kYm94Lm5lb25vbWljcy5pby9hdXRoL3JlYWxtcy9zYW5kYm94Iiwic3ViIjoiMjE4MDlmM2EtOWJhOS00MDMxLTllM2QtOTdiNTY3Nzc5OWY5IiwidHlwIjoiQmVhcmVyIiwiYXpwIjoiM2QzNWY2MDYtY2Q1Ny00NzRmLTg2NzYtYjc4ZGZiZWFjMzQ1Iiwic2Vzc2lvbl9zdGF0ZSI6ImJmYjExNTNjLTZmYTgtNDY0ZC1iNDAwLTkxY2YwYjQ4MjEyNyIsImFjciI6IjEiLCJzY29wZSI6ImJhbnFicmlkZ2VfY2xpZW50Iiwib3JnYW5pemF0aW9uSWQiOiI0MjRhNTc5My01NDQ4LTQ0NjMtODI2YS05NzdhOTc2MTY4NDIiLCJjbGllbnRJZCI6IjNkMzVmNjA2LWNkNTctNDc0Zi04Njc2LWI3OGRmYmVhYzM0NSIsImNsaWVudEhvc3QiOiIxMDMuMjAwLjEwNi4xNzEiLCJja2lkIjoiYmY2NGIzNTktOWFhZC00MjcxLWJjNjItNTFjNDI2NGQyZmQ3IiwiY2xpZW50QWRkcmVzcyI6IjEwMy4yMDAuMTA2LjE3MSJ9.bwXFY11u2kW_yWPKLOBYIMJPfXRkuYSTrQu5tIf2-HE2yX3JgePkUR4xaio8ECY2BaI9vir3krXPREGsQ1U8xpIIMMOkc2LCsQpVzC_eVCZ8P7sEW6kFurXLX6kF6R1j8wU_afqOUhXKye_YT8_bVFq2pAXp9kyW8fuHUzsgpeO6uwGdE338l4909eQSnHEIrfMdooT5u2EMUZB4e6IitbjknT2W0cz1KmkcitPw1aIckNl-3NfnqxlaDwAC68EzwYAAQQzZAR5Dc7tnXkziZEmTHlZdBKz71PZX1DWEM9wTLrtqm9pYa4uY3YLzQwHbpL1BpOals4tZfGDSLBDMpg]
2021-03-19 00:49:22.840 [main] INFO  stepDefinition.StepDefinitions_API_Test           : Setting Header = [x-device-id] and Value = [example_id_for_quickstart]
2021-03-19 00:49:22.840 [main] INFO  stepDefinition.StepDefinitions_API_Test           : Added :: Header = [x-device-id] and Value = [example_id_for_quickstart]
2021-03-19 00:49:22.841 [main] INFO  stepDefinition.StepDefinitions_API_Test           : Making [GET] request
2021-03-19 00:49:23.075 [main] INFO  stepDefinition.StepDefinitions_API_Test           : Validating response code as [200]
2021-03-19 00:49:23.093 [main] INFO  stepDefinition.StepDefinitions_Functional_Test    : ********************************************************************************************************
2021-03-19 00:49:23.093 [main] INFO  stepDefinition.StepDefinitions_Functional_Test    : --- Execution Started :::: Verify that Banks API works for various combinations
2021-03-19 00:49:23.093 [main] INFO  stepDefinition.StepDefinitions_Functional_Test    : ********************************************************************************************************
2021-03-19 00:49:23.094 [main] INFO  stepDefinition.StepDefinitions_API_Test           : Base URL [https://sandbox.neonomics.io]
2021-03-19 00:49:23.094 [main] INFO  stepDefinition.StepDefinitions_API_Test           : Endpoint path [/ics/v3/banksss]
2021-03-19 00:49:23.094 [main] INFO  stepDefinition.StepDefinitions_API_Test           : Setting Header = [Accept] and Value = [application/json]
2021-03-19 00:49:23.094 [main] INFO  stepDefinition.StepDefinitions_API_Test           : Added :: Header = [Accept] and Value = [application/json]
2021-03-19 00:49:23.095 [main] INFO  stepDefinition.StepDefinitions_API_Test           : Setting Header = [Authorization] and Value = [Bearer Token]
2021-03-19 00:49:23.318 [main] INFO  com.neonomics.corelibraries.Authorization         : Response recieved for auth API ::{"refresh_expires_in":2592000,"expires_in":86400,"session_state":"c30d7e83-46f5-47ad-8a82-c4484cba62c7","access_token":"eyJhbGciOiJSUzI1NiIsInR5cCIgOiAiSldUIiwia2lkIiA6ICJ2MmFQNDdIQXVTUi1qWmR5U3otNDVDV2RaOFhiWGFBMXNDbWhLbWtJLXRvIn0.eyJleHAiOjE2MTYxODE1NjMsImlhdCI6MTYxNjA5NTE2MywianRpIjoiNTAzZjY1MjgtN2IyYy00NTA4LWIxZTAtZTUyODVhMTI0OTExIiwiaXNzIjoiaHR0cHM6Ly9zYW5kYm94Lm5lb25vbWljcy5pby9hdXRoL3JlYWxtcy9zYW5kYm94Iiwic3ViIjoiMjE4MDlmM2EtOWJhOS00MDMxLTllM2QtOTdiNTY3Nzc5OWY5IiwidHlwIjoiQmVhcmVyIiwiYXpwIjoiM2QzNWY2MDYtY2Q1Ny00NzRmLTg2NzYtYjc4ZGZiZWFjMzQ1Iiwic2Vzc2lvbl9zdGF0ZSI6ImMzMGQ3ZTgzLTQ2ZjUtNDdhZC04YTgyLWM0NDg0Y2JhNjJjNyIsImFjciI6IjEiLCJzY29wZSI6ImJhbnFicmlkZ2VfY2xpZW50Iiwib3JnYW5pemF0aW9uSWQiOiI0MjRhNTc5My01NDQ4LTQ0NjMtODI2YS05NzdhOTc2MTY4NDIiLCJjbGllbnRJZCI6IjNkMzVmNjA2LWNkNTctNDc0Zi04Njc2LWI3OGRmYmVhYzM0NSIsImNsaWVudEhvc3QiOiIxMDMuMjAwLjEwNi4xNzEiLCJja2lkIjoiYmY2NGIzNTktOWFhZC00MjcxLWJjNjItNTFjNDI2NGQyZmQ3IiwiY2xpZW50QWRkcmVzcyI6IjEwMy4yMDAuMTA2LjE3MSJ9.WsR4_m894-cq6_Rsyt9KOD47Czt4daF4T6qa1ncJ3_U2L4dA7i99dtcRSJt8MFe3IG70kxv_AleAS-nyDf3sKhIUL5KonYK2nsHGqsFKtJqxq-6nB5bLSyCVnvprlRLqgTRrM5q0loSrWwW3tmkwB3FDVtqKKQvDElVIjDnv3YAHJj_oX2RxZojfHtqsWkCYgXwZtWcNuHnKfQ35gEnia0nTxqu-BiwPuMAYhKQzkTqGd21BNRv3zC4kWXxdz20sQgXASzYpPH5ufkBpZspQBVfwipZa-cb8F-X7L9FOlnnbnTdfT3WrD28lMA7YbbKODvRQBOZDqzMIuLz81baNXg","scope":"banqbridge_client","token_type":"bearer","refresh_token":"eyJhbGciOiJIUzI1NiIsInR5cCIgOiAiSldUIiwia2lkIiA6ICIwYTAzNjlhNy0yMTg3LTQ3OWYtOTU4NS02Y2QzYTczZDUxOWYifQ.eyJleHAiOjE2MTg2ODcxNjMsImlhdCI6MTYxNjA5NTE2MywianRpIjoiNGNjZWIxN2YtODI1OS00NTU3LWEwZWItZDIzZGQ5ZDMxMjkxIiwiaXNzIjoiaHR0cHM6Ly9zYW5kYm94Lm5lb25vbWljcy5pby9hdXRoL3JlYWxtcy9zYW5kYm94IiwiYXVkIjoiaHR0cHM6Ly9zYW5kYm94Lm5lb25vbWljcy5pby9hdXRoL3JlYWxtcy9zYW5kYm94Iiwic3ViIjoiMjE4MDlmM2EtOWJhOS00MDMxLTllM2QtOTdiNTY3Nzc5OWY5IiwidHlwIjoiUmVmcmVzaCIsImF6cCI6IjNkMzVmNjA2LWNkNTctNDc0Zi04Njc2LWI3OGRmYmVhYzM0NSIsInNlc3Npb25fc3RhdGUiOiJjMzBkN2U4My00NmY1LTQ3YWQtOGE4Mi1jNDQ4NGNiYTYyYzciLCJzY29wZSI6ImJhbnFicmlkZ2VfY2xpZW50In0.YJeIRTPR6TtgbOKXV1KXH5j1M3LLJDhEZeakrKPSf3k"}
2021-03-19 00:49:23.353 [main] INFO  stepDefinition.StepDefinitions_API_Test           : Bearer token :: [Bearer eyJhbGciOiJSUzI1NiIsInR5cCIgOiAiSldUIiwia2lkIiA6ICJ2MmFQNDdIQXVTUi1qWmR5U3otNDVDV2RaOFhiWGFBMXNDbWhLbWtJLXRvIn0.eyJleHAiOjE2MTYxODE1NjMsImlhdCI6MTYxNjA5NTE2MywianRpIjoiNTAzZjY1MjgtN2IyYy00NTA4LWIxZTAtZTUyODVhMTI0OTExIiwiaXNzIjoiaHR0cHM6Ly9zYW5kYm94Lm5lb25vbWljcy5pby9hdXRoL3JlYWxtcy9zYW5kYm94Iiwic3ViIjoiMjE4MDlmM2EtOWJhOS00MDMxLTllM2QtOTdiNTY3Nzc5OWY5IiwidHlwIjoiQmVhcmVyIiwiYXpwIjoiM2QzNWY2MDYtY2Q1Ny00NzRmLTg2NzYtYjc4ZGZiZWFjMzQ1Iiwic2Vzc2lvbl9zdGF0ZSI6ImMzMGQ3ZTgzLTQ2ZjUtNDdhZC04YTgyLWM0NDg0Y2JhNjJjNyIsImFjciI6IjEiLCJzY29wZSI6ImJhbnFicmlkZ2VfY2xpZW50Iiwib3JnYW5pemF0aW9uSWQiOiI0MjRhNTc5My01NDQ4LTQ0NjMtODI2YS05NzdhOTc2MTY4NDIiLCJjbGllbnRJZCI6IjNkMzVmNjA2LWNkNTctNDc0Zi04Njc2LWI3OGRmYmVhYzM0NSIsImNsaWVudEhvc3QiOiIxMDMuMjAwLjEwNi4xNzEiLCJja2lkIjoiYmY2NGIzNTktOWFhZC00MjcxLWJjNjItNTFjNDI2NGQyZmQ3IiwiY2xpZW50QWRkcmVzcyI6IjEwMy4yMDAuMTA2LjE3MSJ9.WsR4_m894-cq6_Rsyt9KOD47Czt4daF4T6qa1ncJ3_U2L4dA7i99dtcRSJt8MFe3IG70kxv_AleAS-nyDf3sKhIUL5KonYK2nsHGqsFKtJqxq-6nB5bLSyCVnvprlRLqgTRrM5q0loSrWwW3tmkwB3FDVtqKKQvDElVIjDnv3YAHJj_oX2RxZojfHtqsWkCYgXwZtWcNuHnKfQ35gEnia0nTxqu-BiwPuMAYhKQzkTqGd21BNRv3zC4kWXxdz20sQgXASzYpPH5ufkBpZspQBVfwipZa-cb8F-X7L9FOlnnbnTdfT3WrD28lMA7YbbKODvRQBOZDqzMIuLz81baNXg]
2021-03-19 00:49:23.353 [main] INFO  stepDefinition.StepDefinitions_API_Test           : Added :: Header = [Authorization] and Value = [Bearer eyJhbGciOiJSUzI1NiIsInR5cCIgOiAiSldUIiwia2lkIiA6ICJ2MmFQNDdIQXVTUi1qWmR5U3otNDVDV2RaOFhiWGFBMXNDbWhLbWtJLXRvIn0.eyJleHAiOjE2MTYxODE1NjMsImlhdCI6MTYxNjA5NTE2MywianRpIjoiNTAzZjY1MjgtN2IyYy00NTA4LWIxZTAtZTUyODVhMTI0OTExIiwiaXNzIjoiaHR0cHM6Ly9zYW5kYm94Lm5lb25vbWljcy5pby9hdXRoL3JlYWxtcy9zYW5kYm94Iiwic3ViIjoiMjE4MDlmM2EtOWJhOS00MDMxLTllM2QtOTdiNTY3Nzc5OWY5IiwidHlwIjoiQmVhcmVyIiwiYXpwIjoiM2QzNWY2MDYtY2Q1Ny00NzRmLTg2NzYtYjc4ZGZiZWFjMzQ1Iiwic2Vzc2lvbl9zdGF0ZSI6ImMzMGQ3ZTgzLTQ2ZjUtNDdhZC04YTgyLWM0NDg0Y2JhNjJjNyIsImFjciI6IjEiLCJzY29wZSI6ImJhbnFicmlkZ2VfY2xpZW50Iiwib3JnYW5pemF0aW9uSWQiOiI0MjRhNTc5My01NDQ4LTQ0NjMtODI2YS05NzdhOTc2MTY4NDIiLCJjbGllbnRJZCI6IjNkMzVmNjA2LWNkNTctNDc0Zi04Njc2LWI3OGRmYmVhYzM0NSIsImNsaWVudEhvc3QiOiIxMDMuMjAwLjEwNi4xNzEiLCJja2lkIjoiYmY2NGIzNTktOWFhZC00MjcxLWJjNjItNTFjNDI2NGQyZmQ3IiwiY2xpZW50QWRkcmVzcyI6IjEwMy4yMDAuMTA2LjE3MSJ9.WsR4_m894-cq6_Rsyt9KOD47Czt4daF4T6qa1ncJ3_U2L4dA7i99dtcRSJt8MFe3IG70kxv_AleAS-nyDf3sKhIUL5KonYK2nsHGqsFKtJqxq-6nB5bLSyCVnvprlRLqgTRrM5q0loSrWwW3tmkwB3FDVtqKKQvDElVIjDnv3YAHJj_oX2RxZojfHtqsWkCYgXwZtWcNuHnKfQ35gEnia0nTxqu-BiwPuMAYhKQzkTqGd21BNRv3zC4kWXxdz20sQgXASzYpPH5ufkBpZspQBVfwipZa-cb8F-X7L9FOlnnbnTdfT3WrD28lMA7YbbKODvRQBOZDqzMIuLz81baNXg]
2021-03-19 00:49:23.353 [main] INFO  stepDefinition.StepDefinitions_API_Test           : Setting Header = [x-device-id] and Value = [example_id_for_quickstart]
2021-03-19 00:49:23.354 [main] INFO  stepDefinition.StepDefinitions_API_Test           : Added :: Header = [x-device-id] and Value = [example_id_for_quickstart]
2021-03-19 00:49:23.354 [main] INFO  stepDefinition.StepDefinitions_API_Test           : Making [GET] request
2021-03-19 00:49:23.542 [main] INFO  stepDefinition.StepDefinitions_API_Test           : Validating response code as [510]
2021-03-19 00:49:23.550 [main] INFO  stepDefinition.StepDefinitions_Functional_Test    : ********************************************************************************************************
2021-03-19 00:49:23.551 [main] INFO  stepDefinition.StepDefinitions_Functional_Test    : --- Execution Started :::: Verify that Banks API works for various combinations
2021-03-19 00:49:23.551 [main] INFO  stepDefinition.StepDefinitions_Functional_Test    : ********************************************************************************************************
2021-03-19 00:49:23.551 [main] INFO  stepDefinition.StepDefinitions_API_Test           : Base URL [https://sandbox.neonomics.io]
2021-03-19 00:49:23.551 [main] INFO  stepDefinition.StepDefinitions_API_Test           : Endpoint path [/ics/v3/banks]
2021-03-19 00:49:23.551 [main] INFO  stepDefinition.StepDefinitions_API_Test           : Setting Header = [Accept] and Value = [application/json]
2021-03-19 00:49:23.552 [main] INFO  stepDefinition.StepDefinitions_API_Test           : Added :: Header = [Accept] and Value = [application/json]
2021-03-19 00:49:23.552 [main] INFO  stepDefinition.StepDefinitions_API_Test           : Setting Header = [Authorization] and Value = []
2021-03-19 00:49:23.552 [main] INFO  stepDefinition.StepDefinitions_API_Test           : Added :: Header = [Authorization] and Value = []
2021-03-19 00:49:23.552 [main] INFO  stepDefinition.StepDefinitions_API_Test           : Setting Header = [x-device-id] and Value = []
2021-03-19 00:49:23.552 [main] INFO  stepDefinition.StepDefinitions_API_Test           : Added :: Header = [x-device-id] and Value = []
2021-03-19 00:49:23.553 [main] INFO  stepDefinition.StepDefinitions_API_Test           : Making [GET] request
2021-03-19 00:49:23.755 [main] INFO  stepDefinition.StepDefinitions_API_Test           : Validating response code as [510]
2021-03-19 00:49:23.763 [main] INFO  stepDefinition.StepDefinitions_Functional_Test    : ********************************************************************************************************
2021-03-19 00:49:23.763 [main] INFO  stepDefinition.StepDefinitions_Functional_Test    : --- Execution Started :::: Verify that Banks API works for various combinations
2021-03-19 00:49:23.763 [main] INFO  stepDefinition.StepDefinitions_Functional_Test    : ********************************************************************************************************
2021-03-19 00:49:23.763 [main] INFO  stepDefinition.StepDefinitions_API_Test           : Base URL [https://sandbox.neonomics.io]
2021-03-19 00:49:23.763 [main] INFO  stepDefinition.StepDefinitions_API_Test           : Endpoint path [/ics/v3/banks]
2021-03-19 00:49:23.764 [main] INFO  stepDefinition.StepDefinitions_API_Test           : Setting Header = [Accept] and Value = [application/x-www-form-urlencoded]
2021-03-19 00:49:23.764 [main] INFO  stepDefinition.StepDefinitions_API_Test           : Added :: Header = [Accept] and Value = [application/x-www-form-urlencoded]
2021-03-19 00:49:23.764 [main] INFO  stepDefinition.StepDefinitions_API_Test           : Setting Header = [Authorization] and Value = [Bearer Token]
2021-03-19 00:49:23.976 [main] INFO  com.neonomics.corelibraries.Authorization         : Response recieved for auth API ::{"refresh_expires_in":2592000,"expires_in":86400,"session_state":"a158ec18-549f-450b-87b0-70f9c59d47bf","access_token":"eyJhbGciOiJSUzI1NiIsInR5cCIgOiAiSldUIiwia2lkIiA6ICJ2MmFQNDdIQXVTUi1qWmR5U3otNDVDV2RaOFhiWGFBMXNDbWhLbWtJLXRvIn0.eyJleHAiOjE2MTYxODE1NjQsImlhdCI6MTYxNjA5NTE2NCwianRpIjoiOWQ3ZTkzMjMtMTFmNy00YWM4LTkyNmItODg1YTI4ZjgwYjg2IiwiaXNzIjoiaHR0cHM6Ly9zYW5kYm94Lm5lb25vbWljcy5pby9hdXRoL3JlYWxtcy9zYW5kYm94Iiwic3ViIjoiMjE4MDlmM2EtOWJhOS00MDMxLTllM2QtOTdiNTY3Nzc5OWY5IiwidHlwIjoiQmVhcmVyIiwiYXpwIjoiM2QzNWY2MDYtY2Q1Ny00NzRmLTg2NzYtYjc4ZGZiZWFjMzQ1Iiwic2Vzc2lvbl9zdGF0ZSI6ImExNThlYzE4LTU0OWYtNDUwYi04N2IwLTcwZjljNTlkNDdiZiIsImFjciI6IjEiLCJzY29wZSI6ImJhbnFicmlkZ2VfY2xpZW50Iiwib3JnYW5pemF0aW9uSWQiOiI0MjRhNTc5My01NDQ4LTQ0NjMtODI2YS05NzdhOTc2MTY4NDIiLCJjbGllbnRJZCI6IjNkMzVmNjA2LWNkNTctNDc0Zi04Njc2LWI3OGRmYmVhYzM0NSIsImNsaWVudEhvc3QiOiIxMDMuMjAwLjEwNi4xNzEiLCJja2lkIjoiYmY2NGIzNTktOWFhZC00MjcxLWJjNjItNTFjNDI2NGQyZmQ3IiwiY2xpZW50QWRkcmVzcyI6IjEwMy4yMDAuMTA2LjE3MSJ9.GhNrvlJaXGRsxrXa5RjJntiEt5zot-F3L8Mzch3hJnD8_VjkLWECUEJbO23T-jMLQzRAGhPbzm01Gm53gAziycFCIEUpGv5iiS1nzAN8UA2PXynu4o1aKhWN_r8C9NZJEx7ttsKCu-8Jg09eRonNdxulEuTkF2P1A5zJmuwihZIN9PAbDlbj-bdh05ISswaGkwb3Gqc2wtfXoy0zOET_mEEdqcHxI8A5sUih--0FHkY0f_OtNuM-VaD387MYBdvzpET2GGbNeuf237Xg2KorS72YZ6Nry_ZkRaGwRdLXOsoiy3v02KJeabZ32SFnCku1GxrjJttmkv3qDOOdVRx-Vg","scope":"banqbridge_client","token_type":"bearer","refresh_token":"eyJhbGciOiJIUzI1NiIsInR5cCIgOiAiSldUIiwia2lkIiA6ICIwYTAzNjlhNy0yMTg3LTQ3OWYtOTU4NS02Y2QzYTczZDUxOWYifQ.eyJleHAiOjE2MTg2ODcxNjQsImlhdCI6MTYxNjA5NTE2NCwianRpIjoiZjM0ODUxMTUtODExMi00ODlkLTg4MGMtNDg2NDhlMWI4ZjBiIiwiaXNzIjoiaHR0cHM6Ly9zYW5kYm94Lm5lb25vbWljcy5pby9hdXRoL3JlYWxtcy9zYW5kYm94IiwiYXVkIjoiaHR0cHM6Ly9zYW5kYm94Lm5lb25vbWljcy5pby9hdXRoL3JlYWxtcy9zYW5kYm94Iiwic3ViIjoiMjE4MDlmM2EtOWJhOS00MDMxLTllM2QtOTdiNTY3Nzc5OWY5IiwidHlwIjoiUmVmcmVzaCIsImF6cCI6IjNkMzVmNjA2LWNkNTctNDc0Zi04Njc2LWI3OGRmYmVhYzM0NSIsInNlc3Npb25fc3RhdGUiOiJhMTU4ZWMxOC01NDlmLTQ1MGItODdiMC03MGY5YzU5ZDQ3YmYiLCJzY29wZSI6ImJhbnFicmlkZ2VfY2xpZW50In0.KNInoJHM2I08IYp1W5TeKBMxmA2MgpDIzVdjxVr3nAs"}
2021-03-19 00:49:24.004 [main] INFO  stepDefinition.StepDefinitions_API_Test           : Bearer token :: [Bearer eyJhbGciOiJSUzI1NiIsInR5cCIgOiAiSldUIiwia2lkIiA6ICJ2MmFQNDdIQXVTUi1qWmR5U3otNDVDV2RaOFhiWGFBMXNDbWhLbWtJLXRvIn0.eyJleHAiOjE2MTYxODE1NjQsImlhdCI6MTYxNjA5NTE2NCwianRpIjoiOWQ3ZTkzMjMtMTFmNy00YWM4LTkyNmItODg1YTI4ZjgwYjg2IiwiaXNzIjoiaHR0cHM6Ly9zYW5kYm94Lm5lb25vbWljcy5pby9hdXRoL3JlYWxtcy9zYW5kYm94Iiwic3ViIjoiMjE4MDlmM2EtOWJhOS00MDMxLTllM2QtOTdiNTY3Nzc5OWY5IiwidHlwIjoiQmVhcmVyIiwiYXpwIjoiM2QzNWY2MDYtY2Q1Ny00NzRmLTg2NzYtYjc4ZGZiZWFjMzQ1Iiwic2Vzc2lvbl9zdGF0ZSI6ImExNThlYzE4LTU0OWYtNDUwYi04N2IwLTcwZjljNTlkNDdiZiIsImFjciI6IjEiLCJzY29wZSI6ImJhbnFicmlkZ2VfY2xpZW50Iiwib3JnYW5pemF0aW9uSWQiOiI0MjRhNTc5My01NDQ4LTQ0NjMtODI2YS05NzdhOTc2MTY4NDIiLCJjbGllbnRJZCI6IjNkMzVmNjA2LWNkNTctNDc0Zi04Njc2LWI3OGRmYmVhYzM0NSIsImNsaWVudEhvc3QiOiIxMDMuMjAwLjEwNi4xNzEiLCJja2lkIjoiYmY2NGIzNTktOWFhZC00MjcxLWJjNjItNTFjNDI2NGQyZmQ3IiwiY2xpZW50QWRkcmVzcyI6IjEwMy4yMDAuMTA2LjE3MSJ9.GhNrvlJaXGRsxrXa5RjJntiEt5zot-F3L8Mzch3hJnD8_VjkLWECUEJbO23T-jMLQzRAGhPbzm01Gm53gAziycFCIEUpGv5iiS1nzAN8UA2PXynu4o1aKhWN_r8C9NZJEx7ttsKCu-8Jg09eRonNdxulEuTkF2P1A5zJmuwihZIN9PAbDlbj-bdh05ISswaGkwb3Gqc2wtfXoy0zOET_mEEdqcHxI8A5sUih--0FHkY0f_OtNuM-VaD387MYBdvzpET2GGbNeuf237Xg2KorS72YZ6Nry_ZkRaGwRdLXOsoiy3v02KJeabZ32SFnCku1GxrjJttmkv3qDOOdVRx-Vg]
2021-03-19 00:49:24.004 [main] INFO  stepDefinition.StepDefinitions_API_Test           : Added :: Header = [Authorization] and Value = [Bearer eyJhbGciOiJSUzI1NiIsInR5cCIgOiAiSldUIiwia2lkIiA6ICJ2MmFQNDdIQXVTUi1qWmR5U3otNDVDV2RaOFhiWGFBMXNDbWhLbWtJLXRvIn0.eyJleHAiOjE2MTYxODE1NjQsImlhdCI6MTYxNjA5NTE2NCwianRpIjoiOWQ3ZTkzMjMtMTFmNy00YWM4LTkyNmItODg1YTI4ZjgwYjg2IiwiaXNzIjoiaHR0cHM6Ly9zYW5kYm94Lm5lb25vbWljcy5pby9hdXRoL3JlYWxtcy9zYW5kYm94Iiwic3ViIjoiMjE4MDlmM2EtOWJhOS00MDMxLTllM2QtOTdiNTY3Nzc5OWY5IiwidHlwIjoiQmVhcmVyIiwiYXpwIjoiM2QzNWY2MDYtY2Q1Ny00NzRmLTg2NzYtYjc4ZGZiZWFjMzQ1Iiwic2Vzc2lvbl9zdGF0ZSI6ImExNThlYzE4LTU0OWYtNDUwYi04N2IwLTcwZjljNTlkNDdiZiIsImFjciI6IjEiLCJzY29wZSI6ImJhbnFicmlkZ2VfY2xpZW50Iiwib3JnYW5pemF0aW9uSWQiOiI0MjRhNTc5My01NDQ4LTQ0NjMtODI2YS05NzdhOTc2MTY4NDIiLCJjbGllbnRJZCI6IjNkMzVmNjA2LWNkNTctNDc0Zi04Njc2LWI3OGRmYmVhYzM0NSIsImNsaWVudEhvc3QiOiIxMDMuMjAwLjEwNi4xNzEiLCJja2lkIjoiYmY2NGIzNTktOWFhZC00MjcxLWJjNjItNTFjNDI2NGQyZmQ3IiwiY2xpZW50QWRkcmVzcyI6IjEwMy4yMDAuMTA2LjE3MSJ9.GhNrvlJaXGRsxrXa5RjJntiEt5zot-F3L8Mzch3hJnD8_VjkLWECUEJbO23T-jMLQzRAGhPbzm01Gm53gAziycFCIEUpGv5iiS1nzAN8UA2PXynu4o1aKhWN_r8C9NZJEx7ttsKCu-8Jg09eRonNdxulEuTkF2P1A5zJmuwihZIN9PAbDlbj-bdh05ISswaGkwb3Gqc2wtfXoy0zOET_mEEdqcHxI8A5sUih--0FHkY0f_OtNuM-VaD387MYBdvzpET2GGbNeuf237Xg2KorS72YZ6Nry_ZkRaGwRdLXOsoiy3v02KJeabZ32SFnCku1GxrjJttmkv3qDOOdVRx-Vg]
2021-03-19 00:49:24.004 [main] INFO  stepDefinition.StepDefinitions_API_Test           : Setting Header = [x-device-id] and Value = [anything-different]
2021-03-19 00:49:24.004 [main] INFO  stepDefinition.StepDefinitions_API_Test           : Added :: Header = [x-device-id] and Value = [anything-different]
2021-03-19 00:49:24.005 [main] INFO  stepDefinition.StepDefinitions_API_Test           : Making [GET] request
2021-03-19 00:49:24.197 [main] INFO  stepDefinition.StepDefinitions_API_Test           : Validating response code as [406]
2021-03-19 00:49:24.203 [main] INFO  stepDefinition.StepDefinitions_Functional_Test    : ********************************************************************************************************
2021-03-19 00:49:24.204 [main] INFO  stepDefinition.StepDefinitions_Functional_Test    : --- Execution Started :::: Verify that Banks API works for various combinations
2021-03-19 00:49:24.204 [main] INFO  stepDefinition.StepDefinitions_Functional_Test    : ********************************************************************************************************
2021-03-19 00:49:24.205 [main] INFO  stepDefinition.StepDefinitions_API_Test           : Base URL [https://sandbox.neonomics.io]
2021-03-19 00:49:24.205 [main] INFO  stepDefinition.StepDefinitions_API_Test           : Endpoint path [/ics/v3/banks]
2021-03-19 00:49:24.206 [main] INFO  stepDefinition.StepDefinitions_API_Test           : Setting Header = [Accept] and Value = []
2021-03-19 00:49:24.206 [main] INFO  stepDefinition.StepDefinitions_API_Test           : Added :: Header = [Accept] and Value = []
2021-03-19 00:49:24.206 [main] INFO  stepDefinition.StepDefinitions_API_Test           : Setting Header = [Authorization] and Value = []
2021-03-19 00:49:24.206 [main] INFO  stepDefinition.StepDefinitions_API_Test           : Added :: Header = [Authorization] and Value = []
2021-03-19 00:49:24.207 [main] INFO  stepDefinition.StepDefinitions_API_Test           : Setting Header = [x-device-id] and Value = []
2021-03-19 00:49:24.207 [main] INFO  stepDefinition.StepDefinitions_API_Test           : Added :: Header = [x-device-id] and Value = []
2021-03-19 00:49:24.207 [main] INFO  stepDefinition.StepDefinitions_API_Test           : Making [GET] request
2021-03-19 00:49:24.388 [main] INFO  stepDefinition.StepDefinitions_API_Test           : Validating response code as [510]
2021-03-19 00:49:24.396 [main] INFO  stepDefinition.StepDefinitions_Functional_Test    : ********************************************************************************************************
2021-03-19 00:49:24.396 [main] INFO  stepDefinition.StepDefinitions_Functional_Test    : --- Execution Started :::: Verify that session API works to create new session for various combinations
2021-03-19 00:49:24.396 [main] INFO  stepDefinition.StepDefinitions_Functional_Test    : ********************************************************************************************************
2021-03-19 00:49:24.397 [main] INFO  stepDefinition.StepDefinitions_API_Test           : Base URL [https://sandbox.neonomics.io]
2021-03-19 00:49:24.398 [main] INFO  stepDefinition.StepDefinitions_API_Test           : Endpoint path [/ics/v3/session]
2021-03-19 00:49:24.398 [main] INFO  stepDefinition.StepDefinitions_API_Test           : Setting Header = [Content-Type] and Value = [application/json]
2021-03-19 00:49:24.398 [main] INFO  stepDefinition.StepDefinitions_API_Test           : Added :: Header = [Content-Type] and Value = [application/json]
2021-03-19 00:49:24.398 [main] INFO  stepDefinition.StepDefinitions_API_Test           : Setting Header = [Authorization] and Value = [Bearer Token]
2021-03-19 00:49:24.613 [main] INFO  com.neonomics.corelibraries.Authorization         : Response recieved for auth API ::{"refresh_expires_in":2592000,"expires_in":86400,"session_state":"fa4f7578-771a-4d47-9a8f-7f223ab16299","access_token":"eyJhbGciOiJSUzI1NiIsInR5cCIgOiAiSldUIiwia2lkIiA6ICJ2MmFQNDdIQXVTUi1qWmR5U3otNDVDV2RaOFhiWGFBMXNDbWhLbWtJLXRvIn0.eyJleHAiOjE2MTYxODE1NjQsImlhdCI6MTYxNjA5NTE2NCwianRpIjoiYzhhNjYyYTgtODI2Zi00YjkxLThiYjYtZjI1MzE2OTMwOTJhIiwiaXNzIjoiaHR0cHM6Ly9zYW5kYm94Lm5lb25vbWljcy5pby9hdXRoL3JlYWxtcy9zYW5kYm94Iiwic3ViIjoiMjE4MDlmM2EtOWJhOS00MDMxLTllM2QtOTdiNTY3Nzc5OWY5IiwidHlwIjoiQmVhcmVyIiwiYXpwIjoiM2QzNWY2MDYtY2Q1Ny00NzRmLTg2NzYtYjc4ZGZiZWFjMzQ1Iiwic2Vzc2lvbl9zdGF0ZSI6ImZhNGY3NTc4LTc3MWEtNGQ0Ny05YThmLTdmMjIzYWIxNjI5OSIsImFjciI6IjEiLCJzY29wZSI6ImJhbnFicmlkZ2VfY2xpZW50Iiwib3JnYW5pemF0aW9uSWQiOiI0MjRhNTc5My01NDQ4LTQ0NjMtODI2YS05NzdhOTc2MTY4NDIiLCJjbGllbnRJZCI6IjNkMzVmNjA2LWNkNTctNDc0Zi04Njc2LWI3OGRmYmVhYzM0NSIsImNsaWVudEhvc3QiOiIxMDMuMjAwLjEwNi4xNzEiLCJja2lkIjoiYmY2NGIzNTktOWFhZC00MjcxLWJjNjItNTFjNDI2NGQyZmQ3IiwiY2xpZW50QWRkcmVzcyI6IjEwMy4yMDAuMTA2LjE3MSJ9.PMtL5l7L7qPCKqIW5CiT_DdK3gEIqE2Kt35lkFLkbzxa1FQgZW5q8ldCErq0Kl5QYGzhh58XjBAskKVj0OPiMLk01zzZayEE4H0RTvpDCGAzQuj8yIbx_b6uSocTn2XKYHvMew1TvPa1dHMZD3IIkV5IAxMnM36MRV8z-Z1tAmZwfQMnDrWT1N5PmnCttd08oB_keh9zn24-fntQP9I9T_oDiiy0Ys2AfcjstVOp4co1miKmKLFDA1RBikD4VAs7vcZDJUIa8XOizMT97iJFy4eNY7L0l2yjKCurG5C18FZJ1ibwgDXeiu8bgwMaZO4PfoVWOW3SPiKQIZXw5Bpm4Q","scope":"banqbridge_client","token_type":"bearer","refresh_token":"eyJhbGciOiJIUzI1NiIsInR5cCIgOiAiSldUIiwia2lkIiA6ICIwYTAzNjlhNy0yMTg3LTQ3OWYtOTU4NS02Y2QzYTczZDUxOWYifQ.eyJleHAiOjE2MTg2ODcxNjQsImlhdCI6MTYxNjA5NTE2NCwianRpIjoiMGIyNDY1OTUtY2Q0My00MGQ0LTkyMGQtODYwYjVkNzMwNjE1IiwiaXNzIjoiaHR0cHM6Ly9zYW5kYm94Lm5lb25vbWljcy5pby9hdXRoL3JlYWxtcy9zYW5kYm94IiwiYXVkIjoiaHR0cHM6Ly9zYW5kYm94Lm5lb25vbWljcy5pby9hdXRoL3JlYWxtcy9zYW5kYm94Iiwic3ViIjoiMjE4MDlmM2EtOWJhOS00MDMxLTllM2QtOTdiNTY3Nzc5OWY5IiwidHlwIjoiUmVmcmVzaCIsImF6cCI6IjNkMzVmNjA2LWNkNTctNDc0Zi04Njc2LWI3OGRmYmVhYzM0NSIsInNlc3Npb25fc3RhdGUiOiJmYTRmNzU3OC03NzFhLTRkNDctOWE4Zi03ZjIyM2FiMTYyOTkiLCJzY29wZSI6ImJhbnFicmlkZ2VfY2xpZW50In0.CO2fDr9vQRkEc0hX8MGQS8miakaHC4-k8JLI-Bn8N-E"}
2021-03-19 00:49:24.644 [main] INFO  stepDefinition.StepDefinitions_API_Test           : Bearer token :: [Bearer eyJhbGciOiJSUzI1NiIsInR5cCIgOiAiSldUIiwia2lkIiA6ICJ2MmFQNDdIQXVTUi1qWmR5U3otNDVDV2RaOFhiWGFBMXNDbWhLbWtJLXRvIn0.eyJleHAiOjE2MTYxODE1NjQsImlhdCI6MTYxNjA5NTE2NCwianRpIjoiYzhhNjYyYTgtODI2Zi00YjkxLThiYjYtZjI1MzE2OTMwOTJhIiwiaXNzIjoiaHR0cHM6Ly9zYW5kYm94Lm5lb25vbWljcy5pby9hdXRoL3JlYWxtcy9zYW5kYm94Iiwic3ViIjoiMjE4MDlmM2EtOWJhOS00MDMxLTllM2QtOTdiNTY3Nzc5OWY5IiwidHlwIjoiQmVhcmVyIiwiYXpwIjoiM2QzNWY2MDYtY2Q1Ny00NzRmLTg2NzYtYjc4ZGZiZWFjMzQ1Iiwic2Vzc2lvbl9zdGF0ZSI6ImZhNGY3NTc4LTc3MWEtNGQ0Ny05YThmLTdmMjIzYWIxNjI5OSIsImFjciI6IjEiLCJzY29wZSI6ImJhbnFicmlkZ2VfY2xpZW50Iiwib3JnYW5pemF0aW9uSWQiOiI0MjRhNTc5My01NDQ4LTQ0NjMtODI2YS05NzdhOTc2MTY4NDIiLCJjbGllbnRJZCI6IjNkMzVmNjA2LWNkNTctNDc0Zi04Njc2LWI3OGRmYmVhYzM0NSIsImNsaWVudEhvc3QiOiIxMDMuMjAwLjEwNi4xNzEiLCJja2lkIjoiYmY2NGIzNTktOWFhZC00MjcxLWJjNjItNTFjNDI2NGQyZmQ3IiwiY2xpZW50QWRkcmVzcyI6IjEwMy4yMDAuMTA2LjE3MSJ9.PMtL5l7L7qPCKqIW5CiT_DdK3gEIqE2Kt35lkFLkbzxa1FQgZW5q8ldCErq0Kl5QYGzhh58XjBAskKVj0OPiMLk01zzZayEE4H0RTvpDCGAzQuj8yIbx_b6uSocTn2XKYHvMew1TvPa1dHMZD3IIkV5IAxMnM36MRV8z-Z1tAmZwfQMnDrWT1N5PmnCttd08oB_keh9zn24-fntQP9I9T_oDiiy0Ys2AfcjstVOp4co1miKmKLFDA1RBikD4VAs7vcZDJUIa8XOizMT97iJFy4eNY7L0l2yjKCurG5C18FZJ1ibwgDXeiu8bgwMaZO4PfoVWOW3SPiKQIZXw5Bpm4Q]
2021-03-19 00:49:24.644 [main] INFO  stepDefinition.StepDefinitions_API_Test           : Added :: Header = [Authorization] and Value = [Bearer eyJhbGciOiJSUzI1NiIsInR5cCIgOiAiSldUIiwia2lkIiA6ICJ2MmFQNDdIQXVTUi1qWmR5U3otNDVDV2RaOFhiWGFBMXNDbWhLbWtJLXRvIn0.eyJleHAiOjE2MTYxODE1NjQsImlhdCI6MTYxNjA5NTE2NCwianRpIjoiYzhhNjYyYTgtODI2Zi00YjkxLThiYjYtZjI1MzE2OTMwOTJhIiwiaXNzIjoiaHR0cHM6Ly9zYW5kYm94Lm5lb25vbWljcy5pby9hdXRoL3JlYWxtcy9zYW5kYm94Iiwic3ViIjoiMjE4MDlmM2EtOWJhOS00MDMxLTllM2QtOTdiNTY3Nzc5OWY5IiwidHlwIjoiQmVhcmVyIiwiYXpwIjoiM2QzNWY2MDYtY2Q1Ny00NzRmLTg2NzYtYjc4ZGZiZWFjMzQ1Iiwic2Vzc2lvbl9zdGF0ZSI6ImZhNGY3NTc4LTc3MWEtNGQ0Ny05YThmLTdmMjIzYWIxNjI5OSIsImFjciI6IjEiLCJzY29wZSI6ImJhbnFicmlkZ2VfY2xpZW50Iiwib3JnYW5pemF0aW9uSWQiOiI0MjRhNTc5My01NDQ4LTQ0NjMtODI2YS05NzdhOTc2MTY4NDIiLCJjbGllbnRJZCI6IjNkMzVmNjA2LWNkNTctNDc0Zi04Njc2LWI3OGRmYmVhYzM0NSIsImNsaWVudEhvc3QiOiIxMDMuMjAwLjEwNi4xNzEiLCJja2lkIjoiYmY2NGIzNTktOWFhZC00MjcxLWJjNjItNTFjNDI2NGQyZmQ3IiwiY2xpZW50QWRkcmVzcyI6IjEwMy4yMDAuMTA2LjE3MSJ9.PMtL5l7L7qPCKqIW5CiT_DdK3gEIqE2Kt35lkFLkbzxa1FQgZW5q8ldCErq0Kl5QYGzhh58XjBAskKVj0OPiMLk01zzZayEE4H0RTvpDCGAzQuj8yIbx_b6uSocTn2XKYHvMew1TvPa1dHMZD3IIkV5IAxMnM36MRV8z-Z1tAmZwfQMnDrWT1N5PmnCttd08oB_keh9zn24-fntQP9I9T_oDiiy0Ys2AfcjstVOp4co1miKmKLFDA1RBikD4VAs7vcZDJUIa8XOizMT97iJFy4eNY7L0l2yjKCurG5C18FZJ1ibwgDXeiu8bgwMaZO4PfoVWOW3SPiKQIZXw5Bpm4Q]
2021-03-19 00:49:24.645 [main] INFO  stepDefinition.StepDefinitions_API_Test           : Setting Header = [x-device-id] and Value = [example_id_for_quickstart]
2021-03-19 00:49:24.645 [main] INFO  stepDefinition.StepDefinitions_API_Test           : Added :: Header = [x-device-id] and Value = [example_id_for_quickstart]
2021-03-19 00:49:24.645 [main] INFO  stepDefinition.StepDefinitions_API_Test           : Adding body content for Key = [[bankId, anVzdG9iYW5rLnYxSlVTVE5PS0s=]] and Value = [{]]
2021-03-19 00:49:24.645 [main] INFO  stepDefinition.StepDefinitions_API_Test           : Raw body needs to be added to request
2021-03-19 00:49:24.646 [main] INFO  stepDefinition.StepDefinitions_API_Test           : {"bankId":"anVzdG9iYW5rLnYxSlVTVE5PS0s\u003d"}
2021-03-19 00:49:24.647 [main] INFO  stepDefinition.StepDefinitions_API_Test           : Making [POST] request
2021-03-19 00:49:24.855 [main] INFO  stepDefinition.StepDefinitions_API_Test           : Validating response code as [201]
2021-03-19 00:49:24.856 [main] ERROR stepDefinition.StepDefinitions_API_Test           : Please provide proper API area type
2021-03-19 00:49:24.862 [main] INFO  stepDefinition.StepDefinitions_Functional_Test    : ********************************************************************************************************
2021-03-19 00:49:24.862 [main] INFO  stepDefinition.StepDefinitions_Functional_Test    : --- Execution Started :::: Verify that session API works to create new session for various combinations
2021-03-19 00:49:24.862 [main] INFO  stepDefinition.StepDefinitions_Functional_Test    : ********************************************************************************************************
2021-03-19 00:49:24.863 [main] INFO  stepDefinition.StepDefinitions_API_Test           : Base URL [https://sandbox.neonomics.io]
2021-03-19 00:49:24.863 [main] INFO  stepDefinition.StepDefinitions_API_Test           : Endpoint path [/ics/v3/sessioned]
2021-03-19 00:49:24.863 [main] INFO  stepDefinition.StepDefinitions_API_Test           : Setting Header = [Content-Type] and Value = [application/json]
2021-03-19 00:49:24.863 [main] INFO  stepDefinition.StepDefinitions_API_Test           : Added :: Header = [Content-Type] and Value = [application/json]
2021-03-19 00:49:24.864 [main] INFO  stepDefinition.StepDefinitions_API_Test           : Setting Header = [Authorization] and Value = [Bearer Token]
2021-03-19 00:49:25.093 [main] INFO  com.neonomics.corelibraries.Authorization         : Response recieved for auth API ::{"refresh_expires_in":2592000,"expires_in":86400,"session_state":"6ac47ec9-a552-43c0-bafc-9957a23275c3","access_token":"eyJhbGciOiJSUzI1NiIsInR5cCIgOiAiSldUIiwia2lkIiA6ICJ2MmFQNDdIQXVTUi1qWmR5U3otNDVDV2RaOFhiWGFBMXNDbWhLbWtJLXRvIn0.eyJleHAiOjE2MTYxODE1NjUsImlhdCI6MTYxNjA5NTE2NSwianRpIjoiMjExMWIyYmItYmJhYy00ZDYxLTk0YTQtOGZlNzU2OTYzODUzIiwiaXNzIjoiaHR0cHM6Ly9zYW5kYm94Lm5lb25vbWljcy5pby9hdXRoL3JlYWxtcy9zYW5kYm94Iiwic3ViIjoiMjE4MDlmM2EtOWJhOS00MDMxLTllM2QtOTdiNTY3Nzc5OWY5IiwidHlwIjoiQmVhcmVyIiwiYXpwIjoiM2QzNWY2MDYtY2Q1Ny00NzRmLTg2NzYtYjc4ZGZiZWFjMzQ1Iiwic2Vzc2lvbl9zdGF0ZSI6IjZhYzQ3ZWM5LWE1NTItNDNjMC1iYWZjLTk5NTdhMjMyNzVjMyIsImFjciI6IjEiLCJzY29wZSI6ImJhbnFicmlkZ2VfY2xpZW50Iiwib3JnYW5pemF0aW9uSWQiOiI0MjRhNTc5My01NDQ4LTQ0NjMtODI2YS05NzdhOTc2MTY4NDIiLCJjbGllbnRJZCI6IjNkMzVmNjA2LWNkNTctNDc0Zi04Njc2LWI3OGRmYmVhYzM0NSIsImNsaWVudEhvc3QiOiIxMDMuMjAwLjEwNi4xNzEiLCJja2lkIjoiYmY2NGIzNTktOWFhZC00MjcxLWJjNjItNTFjNDI2NGQyZmQ3IiwiY2xpZW50QWRkcmVzcyI6IjEwMy4yMDAuMTA2LjE3MSJ9.MDtV02YgNj9UsOrUMmFT1HdMRlvhU4Vo0Dl_Gz7Q5Ezdi5KHTmxsJV6eULX1PkA_IhLKYC8uZjzd5C9kMI7WK0uWtzV9cAzPPGIvsJnJMoDdbIJVDZ9_-8HawqkcpWOoRqlAcl-5ArHwfBO1HJh4qESSFtweBbvLQMXg699iNuxdmmt2ckWFjzHSuimZ8yT39LGxI6BqaNHj2UW40OXsCY3FeRozr5uDcsJ0VW2dd70RujYqC67jqR1Df74eYFhfim8QnQ_zWr4VP4mapxiEt_p97c1GwrXJLAXBSjP-6hUaPqGK__SF4Ia4YL9h7ezOQvu4PuI9vt9C_YttNN5oVQ","scope":"banqbridge_client","token_type":"bearer","refresh_token":"eyJhbGciOiJIUzI1NiIsInR5cCIgOiAiSldUIiwia2lkIiA6ICIwYTAzNjlhNy0yMTg3LTQ3OWYtOTU4NS02Y2QzYTczZDUxOWYifQ.eyJleHAiOjE2MTg2ODcxNjUsImlhdCI6MTYxNjA5NTE2NSwianRpIjoiZDRiNDhjMDMtMjNjNS00MWU1LWE3OGEtYmRjYzU4NjZhYWQ4IiwiaXNzIjoiaHR0cHM6Ly9zYW5kYm94Lm5lb25vbWljcy5pby9hdXRoL3JlYWxtcy9zYW5kYm94IiwiYXVkIjoiaHR0cHM6Ly9zYW5kYm94Lm5lb25vbWljcy5pby9hdXRoL3JlYWxtcy9zYW5kYm94Iiwic3ViIjoiMjE4MDlmM2EtOWJhOS00MDMxLTllM2QtOTdiNTY3Nzc5OWY5IiwidHlwIjoiUmVmcmVzaCIsImF6cCI6IjNkMzVmNjA2LWNkNTctNDc0Zi04Njc2LWI3OGRmYmVhYzM0NSIsInNlc3Npb25fc3RhdGUiOiI2YWM0N2VjOS1hNTUyLTQzYzAtYmFmYy05OTU3YTIzMjc1YzMiLCJzY29wZSI6ImJhbnFicmlkZ2VfY2xpZW50In0.zNlkm3FUiDIAdSarz4cMB1jNfSaGsb6o2VMcoAxoYCk"}
2021-03-19 00:49:25.122 [main] INFO  stepDefinition.StepDefinitions_API_Test           : Bearer token :: [Bearer eyJhbGciOiJSUzI1NiIsInR5cCIgOiAiSldUIiwia2lkIiA6ICJ2MmFQNDdIQXVTUi1qWmR5U3otNDVDV2RaOFhiWGFBMXNDbWhLbWtJLXRvIn0.eyJleHAiOjE2MTYxODE1NjUsImlhdCI6MTYxNjA5NTE2NSwianRpIjoiMjExMWIyYmItYmJhYy00ZDYxLTk0YTQtOGZlNzU2OTYzODUzIiwiaXNzIjoiaHR0cHM6Ly9zYW5kYm94Lm5lb25vbWljcy5pby9hdXRoL3JlYWxtcy9zYW5kYm94Iiwic3ViIjoiMjE4MDlmM2EtOWJhOS00MDMxLTllM2QtOTdiNTY3Nzc5OWY5IiwidHlwIjoiQmVhcmVyIiwiYXpwIjoiM2QzNWY2MDYtY2Q1Ny00NzRmLTg2NzYtYjc4ZGZiZWFjMzQ1Iiwic2Vzc2lvbl9zdGF0ZSI6IjZhYzQ3ZWM5LWE1NTItNDNjMC1iYWZjLTk5NTdhMjMyNzVjMyIsImFjciI6IjEiLCJzY29wZSI6ImJhbnFicmlkZ2VfY2xpZW50Iiwib3JnYW5pemF0aW9uSWQiOiI0MjRhNTc5My01NDQ4LTQ0NjMtODI2YS05NzdhOTc2MTY4NDIiLCJjbGllbnRJZCI6IjNkMzVmNjA2LWNkNTctNDc0Zi04Njc2LWI3OGRmYmVhYzM0NSIsImNsaWVudEhvc3QiOiIxMDMuMjAwLjEwNi4xNzEiLCJja2lkIjoiYmY2NGIzNTktOWFhZC00MjcxLWJjNjItNTFjNDI2NGQyZmQ3IiwiY2xpZW50QWRkcmVzcyI6IjEwMy4yMDAuMTA2LjE3MSJ9.MDtV02YgNj9UsOrUMmFT1HdMRlvhU4Vo0Dl_Gz7Q5Ezdi5KHTmxsJV6eULX1PkA_IhLKYC8uZjzd5C9kMI7WK0uWtzV9cAzPPGIvsJnJMoDdbIJVDZ9_-8HawqkcpWOoRqlAcl-5ArHwfBO1HJh4qESSFtweBbvLQMXg699iNuxdmmt2ckWFjzHSuimZ8yT39LGxI6BqaNHj2UW40OXsCY3FeRozr5uDcsJ0VW2dd70RujYqC67jqR1Df74eYFhfim8QnQ_zWr4VP4mapxiEt_p97c1GwrXJLAXBSjP-6hUaPqGK__SF4Ia4YL9h7ezOQvu4PuI9vt9C_YttNN5oVQ]
2021-03-19 00:49:25.122 [main] INFO  stepDefinition.StepDefinitions_API_Test           : Added :: Header = [Authorization] and Value = [Bearer eyJhbGciOiJSUzI1NiIsInR5cCIgOiAiSldUIiwia2lkIiA6ICJ2MmFQNDdIQXVTUi1qWmR5U3otNDVDV2RaOFhiWGFBMXNDbWhLbWtJLXRvIn0.eyJleHAiOjE2MTYxODE1NjUsImlhdCI6MTYxNjA5NTE2NSwianRpIjoiMjExMWIyYmItYmJhYy00ZDYxLTk0YTQtOGZlNzU2OTYzODUzIiwiaXNzIjoiaHR0cHM6Ly9zYW5kYm94Lm5lb25vbWljcy5pby9hdXRoL3JlYWxtcy9zYW5kYm94Iiwic3ViIjoiMjE4MDlmM2EtOWJhOS00MDMxLTllM2QtOTdiNTY3Nzc5OWY5IiwidHlwIjoiQmVhcmVyIiwiYXpwIjoiM2QzNWY2MDYtY2Q1Ny00NzRmLTg2NzYtYjc4ZGZiZWFjMzQ1Iiwic2Vzc2lvbl9zdGF0ZSI6IjZhYzQ3ZWM5LWE1NTItNDNjMC1iYWZjLTk5NTdhMjMyNzVjMyIsImFjciI6IjEiLCJzY29wZSI6ImJhbnFicmlkZ2VfY2xpZW50Iiwib3JnYW5pemF0aW9uSWQiOiI0MjRhNTc5My01NDQ4LTQ0NjMtODI2YS05NzdhOTc2MTY4NDIiLCJjbGllbnRJZCI6IjNkMzVmNjA2LWNkNTctNDc0Zi04Njc2LWI3OGRmYmVhYzM0NSIsImNsaWVudEhvc3QiOiIxMDMuMjAwLjEwNi4xNzEiLCJja2lkIjoiYmY2NGIzNTktOWFhZC00MjcxLWJjNjItNTFjNDI2NGQyZmQ3IiwiY2xpZW50QWRkcmVzcyI6IjEwMy4yMDAuMTA2LjE3MSJ9.MDtV02YgNj9UsOrUMmFT1HdMRlvhU4Vo0Dl_Gz7Q5Ezdi5KHTmxsJV6eULX1PkA_IhLKYC8uZjzd5C9kMI7WK0uWtzV9cAzPPGIvsJnJMoDdbIJVDZ9_-8HawqkcpWOoRqlAcl-5ArHwfBO1HJh4qESSFtweBbvLQMXg699iNuxdmmt2ckWFjzHSuimZ8yT39LGxI6BqaNHj2UW40OXsCY3FeRozr5uDcsJ0VW2dd70RujYqC67jqR1Df74eYFhfim8QnQ_zWr4VP4mapxiEt_p97c1GwrXJLAXBSjP-6hUaPqGK__SF4Ia4YL9h7ezOQvu4PuI9vt9C_YttNN5oVQ]
2021-03-19 00:49:25.122 [main] INFO  stepDefinition.StepDefinitions_API_Test           : Setting Header = [x-device-id] and Value = [example_id_for_quickstart]
2021-03-19 00:49:25.122 [main] INFO  stepDefinition.StepDefinitions_API_Test           : Added :: Header = [x-device-id] and Value = [example_id_for_quickstart]
2021-03-19 00:49:25.123 [main] INFO  stepDefinition.StepDefinitions_API_Test           : Adding body content for Key = [[bankId, anVzdG9iYW5rLnYxSlVTVE5PS0s=]] and Value = [{]]
2021-03-19 00:49:25.123 [main] INFO  stepDefinition.StepDefinitions_API_Test           : Raw body needs to be added to request
2021-03-19 00:49:25.123 [main] INFO  stepDefinition.StepDefinitions_API_Test           : {"bankId":"anVzdG9iYW5rLnYxSlVTVE5PS0s\u003d"}
2021-03-19 00:49:25.123 [main] INFO  stepDefinition.StepDefinitions_API_Test           : Making [POST] request
2021-03-19 00:49:25.334 [main] INFO  stepDefinition.StepDefinitions_API_Test           : Validating response code as [510]
2021-03-19 00:49:25.334 [main] ERROR stepDefinition.StepDefinitions_API_Test           : Please provide proper API area type
2021-03-19 00:49:25.341 [main] INFO  stepDefinition.StepDefinitions_Functional_Test    : ********************************************************************************************************
2021-03-19 00:49:25.341 [main] INFO  stepDefinition.StepDefinitions_Functional_Test    : --- Execution Started :::: Verify that session API works to create new session for various combinations
2021-03-19 00:49:25.341 [main] INFO  stepDefinition.StepDefinitions_Functional_Test    : ********************************************************************************************************
2021-03-19 00:49:25.342 [main] INFO  stepDefinition.StepDefinitions_API_Test           : Base URL [https://sandbox.neonomics.io]
2021-03-19 00:49:25.342 [main] INFO  stepDefinition.StepDefinitions_API_Test           : Endpoint path [/ics/v3/session]
2021-03-19 00:49:25.342 [main] INFO  stepDefinition.StepDefinitions_API_Test           : Setting Header = [Content-Type] and Value = [application/javascript]
2021-03-19 00:49:25.342 [main] INFO  stepDefinition.StepDefinitions_API_Test           : Added :: Header = [Content-Type] and Value = [application/javascript]
2021-03-19 00:49:25.343 [main] INFO  stepDefinition.StepDefinitions_API_Test           : Setting Header = [Authorization] and Value = [Bearer Token]
2021-03-19 00:49:25.984 [main] INFO  com.neonomics.corelibraries.Authorization         : Response recieved for auth API ::{"refresh_expires_in":2592000,"expires_in":86400,"session_state":"e69f8d44-f44e-42e9-ac94-905530f51788","access_token":"eyJhbGciOiJSUzI1NiIsInR5cCIgOiAiSldUIiwia2lkIiA6ICJ2MmFQNDdIQXVTUi1qWmR5U3otNDVDV2RaOFhiWGFBMXNDbWhLbWtJLXRvIn0.eyJleHAiOjE2MTYxODE1NjYsImlhdCI6MTYxNjA5NTE2NiwianRpIjoiMjJiMDIwYmQtMDhlZC00ZDhlLWE5NDItZjRmYjNiZGNjMDc5IiwiaXNzIjoiaHR0cHM6Ly9zYW5kYm94Lm5lb25vbWljcy5pby9hdXRoL3JlYWxtcy9zYW5kYm94Iiwic3ViIjoiMjE4MDlmM2EtOWJhOS00MDMxLTllM2QtOTdiNTY3Nzc5OWY5IiwidHlwIjoiQmVhcmVyIiwiYXpwIjoiM2QzNWY2MDYtY2Q1Ny00NzRmLTg2NzYtYjc4ZGZiZWFjMzQ1Iiwic2Vzc2lvbl9zdGF0ZSI6ImU2OWY4ZDQ0LWY0NGUtNDJlOS1hYzk0LTkwNTUzMGY1MTc4OCIsImFjciI6IjEiLCJzY29wZSI6ImJhbnFicmlkZ2VfY2xpZW50Iiwib3JnYW5pemF0aW9uSWQiOiI0MjRhNTc5My01NDQ4LTQ0NjMtODI2YS05NzdhOTc2MTY4NDIiLCJjbGllbnRJZCI6IjNkMzVmNjA2LWNkNTctNDc0Zi04Njc2LWI3OGRmYmVhYzM0NSIsImNsaWVudEhvc3QiOiIxMDMuMjAwLjEwNi4xNzEiLCJja2lkIjoiYmY2NGIzNTktOWFhZC00MjcxLWJjNjItNTFjNDI2NGQyZmQ3IiwiY2xpZW50QWRkcmVzcyI6IjEwMy4yMDAuMTA2LjE3MSJ9.cXaRLrGsOHYG9MC03YbIR4_5PWpF7mdJ6aih7HmH8PVLBIzyVVXODm35vUFw_nF1uorUMnIdYBCS7eEEhqs77-W6dTfO1yWPnzZXoWUZcmt3PLyhR0DVTK5ZJW6zaJPtZvPDFdmb_wZtxkZoD6eAkRRSp1wZ-L3ssWTICWS-eG218OVAiiQIp41So4rjY3EFQkm2WZe6K2lu34By4ZE8cs8vPrPzdxo_freupk2iPujyy0BRgORX7i5zxC2PLjeDjBmimy4QTua3b8xhPnQ-s-EqJWJSpjaqjaIqNHh320AYiGbpEN_8RKsqcm3ozPyDGIGBPzJ7pkLn_S6SUolRHQ","scope":"banqbridge_client","token_type":"bearer","refresh_token":"eyJhbGciOiJIUzI1NiIsInR5cCIgOiAiSldUIiwia2lkIiA6ICIwYTAzNjlhNy0yMTg3LTQ3OWYtOTU4NS02Y2QzYTczZDUxOWYifQ.eyJleHAiOjE2MTg2ODcxNjYsImlhdCI6MTYxNjA5NTE2NiwianRpIjoiNzFiMzAxNjctYTRiNS00MDYwLWExZDUtZTc1MjlhMjUzZDQ0IiwiaXNzIjoiaHR0cHM6Ly9zYW5kYm94Lm5lb25vbWljcy5pby9hdXRoL3JlYWxtcy9zYW5kYm94IiwiYXVkIjoiaHR0cHM6Ly9zYW5kYm94Lm5lb25vbWljcy5pby9hdXRoL3JlYWxtcy9zYW5kYm94Iiwic3ViIjoiMjE4MDlmM2EtOWJhOS00MDMxLTllM2QtOTdiNTY3Nzc5OWY5IiwidHlwIjoiUmVmcmVzaCIsImF6cCI6IjNkMzVmNjA2LWNkNTctNDc0Zi04Njc2LWI3OGRmYmVhYzM0NSIsInNlc3Npb25fc3RhdGUiOiJlNjlmOGQ0NC1mNDRlLTQyZTktYWM5NC05MDU1MzBmNTE3ODgiLCJzY29wZSI6ImJhbnFicmlkZ2VfY2xpZW50In0.Tf3YGwL1Vw9B7DUwYrQ4PkiJcHKvoV6NXngXj1puNho"}
2021-03-19 00:49:26.010 [main] INFO  stepDefinition.StepDefinitions_API_Test           : Bearer token :: [Bearer eyJhbGciOiJSUzI1NiIsInR5cCIgOiAiSldUIiwia2lkIiA6ICJ2MmFQNDdIQXVTUi1qWmR5U3otNDVDV2RaOFhiWGFBMXNDbWhLbWtJLXRvIn0.eyJleHAiOjE2MTYxODE1NjYsImlhdCI6MTYxNjA5NTE2NiwianRpIjoiMjJiMDIwYmQtMDhlZC00ZDhlLWE5NDItZjRmYjNiZGNjMDc5IiwiaXNzIjoiaHR0cHM6Ly9zYW5kYm94Lm5lb25vbWljcy5pby9hdXRoL3JlYWxtcy9zYW5kYm94Iiwic3ViIjoiMjE4MDlmM2EtOWJhOS00MDMxLTllM2QtOTdiNTY3Nzc5OWY5IiwidHlwIjoiQmVhcmVyIiwiYXpwIjoiM2QzNWY2MDYtY2Q1Ny00NzRmLTg2NzYtYjc4ZGZiZWFjMzQ1Iiwic2Vzc2lvbl9zdGF0ZSI6ImU2OWY4ZDQ0LWY0NGUtNDJlOS1hYzk0LTkwNTUzMGY1MTc4OCIsImFjciI6IjEiLCJzY29wZSI6ImJhbnFicmlkZ2VfY2xpZW50Iiwib3JnYW5pemF0aW9uSWQiOiI0MjRhNTc5My01NDQ4LTQ0NjMtODI2YS05NzdhOTc2MTY4NDIiLCJjbGllbnRJZCI6IjNkMzVmNjA2LWNkNTctNDc0Zi04Njc2LWI3OGRmYmVhYzM0NSIsImNsaWVudEhvc3QiOiIxMDMuMjAwLjEwNi4xNzEiLCJja2lkIjoiYmY2NGIzNTktOWFhZC00MjcxLWJjNjItNTFjNDI2NGQyZmQ3IiwiY2xpZW50QWRkcmVzcyI6IjEwMy4yMDAuMTA2LjE3MSJ9.cXaRLrGsOHYG9MC03YbIR4_5PWpF7mdJ6aih7HmH8PVLBIzyVVXODm35vUFw_nF1uorUMnIdYBCS7eEEhqs77-W6dTfO1yWPnzZXoWUZcmt3PLyhR0DVTK5ZJW6zaJPtZvPDFdmb_wZtxkZoD6eAkRRSp1wZ-L3ssWTICWS-eG218OVAiiQIp41So4rjY3EFQkm2WZe6K2lu34By4ZE8cs8vPrPzdxo_freupk2iPujyy0BRgORX7i5zxC2PLjeDjBmimy4QTua3b8xhPnQ-s-EqJWJSpjaqjaIqNHh320AYiGbpEN_8RKsqcm3ozPyDGIGBPzJ7pkLn_S6SUolRHQ]
2021-03-19 00:49:26.010 [main] INFO  stepDefinition.StepDefinitions_API_Test           : Added :: Header = [Authorization] and Value = [Bearer eyJhbGciOiJSUzI1NiIsInR5cCIgOiAiSldUIiwia2lkIiA6ICJ2MmFQNDdIQXVTUi1qWmR5U3otNDVDV2RaOFhiWGFBMXNDbWhLbWtJLXRvIn0.eyJleHAiOjE2MTYxODE1NjYsImlhdCI6MTYxNjA5NTE2NiwianRpIjoiMjJiMDIwYmQtMDhlZC00ZDhlLWE5NDItZjRmYjNiZGNjMDc5IiwiaXNzIjoiaHR0cHM6Ly9zYW5kYm94Lm5lb25vbWljcy5pby9hdXRoL3JlYWxtcy9zYW5kYm94Iiwic3ViIjoiMjE4MDlmM2EtOWJhOS00MDMxLTllM2QtOTdiNTY3Nzc5OWY5IiwidHlwIjoiQmVhcmVyIiwiYXpwIjoiM2QzNWY2MDYtY2Q1Ny00NzRmLTg2NzYtYjc4ZGZiZWFjMzQ1Iiwic2Vzc2lvbl9zdGF0ZSI6ImU2OWY4ZDQ0LWY0NGUtNDJlOS1hYzk0LTkwNTUzMGY1MTc4OCIsImFjciI6IjEiLCJzY29wZSI6ImJhbnFicmlkZ2VfY2xpZW50Iiwib3JnYW5pemF0aW9uSWQiOiI0MjRhNTc5My01NDQ4LTQ0NjMtODI2YS05NzdhOTc2MTY4NDIiLCJjbGllbnRJZCI6IjNkMzVmNjA2LWNkNTctNDc0Zi04Njc2LWI3OGRmYmVhYzM0NSIsImNsaWVudEhvc3QiOiIxMDMuMjAwLjEwNi4xNzEiLCJja2lkIjoiYmY2NGIzNTktOWFhZC00MjcxLWJjNjItNTFjNDI2NGQyZmQ3IiwiY2xpZW50QWRkcmVzcyI6IjEwMy4yMDAuMTA2LjE3MSJ9.cXaRLrGsOHYG9MC03YbIR4_5PWpF7mdJ6aih7HmH8PVLBIzyVVXODm35vUFw_nF1uorUMnIdYBCS7eEEhqs77-W6dTfO1yWPnzZXoWUZcmt3PLyhR0DVTK5ZJW6zaJPtZvPDFdmb_wZtxkZoD6eAkRRSp1wZ-L3ssWTICWS-eG218OVAiiQIp41So4rjY3EFQkm2WZe6K2lu34By4ZE8cs8vPrPzdxo_freupk2iPujyy0BRgORX7i5zxC2PLjeDjBmimy4QTua3b8xhPnQ-s-EqJWJSpjaqjaIqNHh320AYiGbpEN_8RKsqcm3ozPyDGIGBPzJ7pkLn_S6SUolRHQ]
2021-03-19 00:49:26.010 [main] INFO  stepDefinition.StepDefinitions_API_Test           : Setting Header = [x-device-id] and Value = [example_id_for_quickstart]
2021-03-19 00:49:26.010 [main] INFO  stepDefinition.StepDefinitions_API_Test           : Added :: Header = [x-device-id] and Value = [example_id_for_quickstart]
2021-03-19 00:49:26.011 [main] INFO  stepDefinition.StepDefinitions_API_Test           : Adding body content for Key = [[bankId, anVzdG9iYW5rLnYxSlVTVE5PS0s=]] and Value = [{]]
2021-03-19 00:49:26.011 [main] INFO  stepDefinition.StepDefinitions_API_Test           : Raw body needs to be added to request
2021-03-19 00:49:26.011 [main] INFO  stepDefinition.StepDefinitions_API_Test           : {"bankId":"anVzdG9iYW5rLnYxSlVTVE5PS0s\u003d"}
2021-03-19 00:49:26.011 [main] INFO  stepDefinition.StepDefinitions_API_Test           : Making [POST] request
2021-03-19 00:49:26.263 [main] INFO  stepDefinition.StepDefinitions_API_Test           : Validating response code as [520]
2021-03-19 00:49:26.263 [main] ERROR stepDefinition.StepDefinitions_API_Test           : Please provide proper API area type
2021-03-19 00:49:26.269 [main] INFO  stepDefinition.StepDefinitions_Functional_Test    : ********************************************************************************************************
2021-03-19 00:49:26.269 [main] INFO  stepDefinition.StepDefinitions_Functional_Test    : --- Execution Started :::: Verify that session API works to create new session for various combinations
2021-03-19 00:49:26.269 [main] INFO  stepDefinition.StepDefinitions_Functional_Test    : ********************************************************************************************************
2021-03-19 00:49:26.270 [main] INFO  stepDefinition.StepDefinitions_API_Test           : Base URL [https://sandbox.neonomics.io]
2021-03-19 00:49:26.270 [main] INFO  stepDefinition.StepDefinitions_API_Test           : Endpoint path [/ics/v3/session]
2021-03-19 00:49:26.270 [main] INFO  stepDefinition.StepDefinitions_API_Test           : Setting Header = [Content-Type] and Value = [application/json]
2021-03-19 00:49:26.270 [main] INFO  stepDefinition.StepDefinitions_API_Test           : Added :: Header = [Content-Type] and Value = [application/json]
2021-03-19 00:49:26.270 [main] INFO  stepDefinition.StepDefinitions_API_Test           : Setting Header = [Authorization] and Value = []
2021-03-19 00:49:26.270 [main] INFO  stepDefinition.StepDefinitions_API_Test           : Added :: Header = [Authorization] and Value = []
2021-03-19 00:49:26.271 [main] INFO  stepDefinition.StepDefinitions_API_Test           : Setting Header = [x-device-id] and Value = [example_id_for_quickstart]
2021-03-19 00:49:26.271 [main] INFO  stepDefinition.StepDefinitions_API_Test           : Added :: Header = [x-device-id] and Value = [example_id_for_quickstart]
2021-03-19 00:49:26.271 [main] INFO  stepDefinition.StepDefinitions_API_Test           : Adding body content for Key = [[bankId, anVzdG9iYW5rLnYxSlVTVE5PS0s=]] and Value = [{]]
2021-03-19 00:49:26.271 [main] INFO  stepDefinition.StepDefinitions_API_Test           : Raw body needs to be added to request
2021-03-19 00:49:26.271 [main] INFO  stepDefinition.StepDefinitions_API_Test           : {"bankId":"anVzdG9iYW5rLnYxSlVTVE5PS0s\u003d"}
2021-03-19 00:49:26.272 [main] INFO  stepDefinition.StepDefinitions_API_Test           : Making [POST] request
2021-03-19 00:49:26.706 [main] INFO  stepDefinition.StepDefinitions_API_Test           : Validating response code as [401]
2021-03-19 00:49:26.712 [main] INFO  stepDefinition.StepDefinitions_Functional_Test    : ********************************************************************************************************
2021-03-19 00:49:26.712 [main] INFO  stepDefinition.StepDefinitions_Functional_Test    : --- Execution Started :::: Verify that session API works to create new session for various combinations
2021-03-19 00:49:26.712 [main] INFO  stepDefinition.StepDefinitions_Functional_Test    : ********************************************************************************************************
2021-03-19 00:49:26.712 [main] INFO  stepDefinition.StepDefinitions_API_Test           : Base URL [https://sandbox.neonomics.io]
2021-03-19 00:49:26.712 [main] INFO  stepDefinition.StepDefinitions_API_Test           : Endpoint path [/ics/v3/session]
2021-03-19 00:49:26.712 [main] INFO  stepDefinition.StepDefinitions_API_Test           : Setting Header = [Content-Type] and Value = [application/json]
2021-03-19 00:49:26.712 [main] INFO  stepDefinition.StepDefinitions_API_Test           : Added :: Header = [Content-Type] and Value = [application/json]
2021-03-19 00:49:26.713 [main] INFO  stepDefinition.StepDefinitions_API_Test           : Setting Header = [Authorization] and Value = [Bearer Token]
2021-03-19 00:49:26.923 [main] INFO  com.neonomics.corelibraries.Authorization         : Response recieved for auth API ::{"refresh_expires_in":2592000,"expires_in":86400,"session_state":"d8cde532-77cb-4305-8f20-d6c564fc7c73","access_token":"eyJhbGciOiJSUzI1NiIsInR5cCIgOiAiSldUIiwia2lkIiA6ICJ2MmFQNDdIQXVTUi1qWmR5U3otNDVDV2RaOFhiWGFBMXNDbWhLbWtJLXRvIn0.eyJleHAiOjE2MTYxODE1NjcsImlhdCI6MTYxNjA5NTE2NywianRpIjoiZjQxMDM2MGMtOWZhZS00OTFlLTgzYTUtMWFkYmViYTNkODE0IiwiaXNzIjoiaHR0cHM6Ly9zYW5kYm94Lm5lb25vbWljcy5pby9hdXRoL3JlYWxtcy9zYW5kYm94Iiwic3ViIjoiMjE4MDlmM2EtOWJhOS00MDMxLTllM2QtOTdiNTY3Nzc5OWY5IiwidHlwIjoiQmVhcmVyIiwiYXpwIjoiM2QzNWY2MDYtY2Q1Ny00NzRmLTg2NzYtYjc4ZGZiZWFjMzQ1Iiwic2Vzc2lvbl9zdGF0ZSI6ImQ4Y2RlNTMyLTc3Y2ItNDMwNS04ZjIwLWQ2YzU2NGZjN2M3MyIsImFjciI6IjEiLCJzY29wZSI6ImJhbnFicmlkZ2VfY2xpZW50Iiwib3JnYW5pemF0aW9uSWQiOiI0MjRhNTc5My01NDQ4LTQ0NjMtODI2YS05NzdhOTc2MTY4NDIiLCJjbGllbnRJZCI6IjNkMzVmNjA2LWNkNTctNDc0Zi04Njc2LWI3OGRmYmVhYzM0NSIsImNsaWVudEhvc3QiOiIxMDMuMjAwLjEwNi4xNzEiLCJja2lkIjoiYmY2NGIzNTktOWFhZC00MjcxLWJjNjItNTFjNDI2NGQyZmQ3IiwiY2xpZW50QWRkcmVzcyI6IjEwMy4yMDAuMTA2LjE3MSJ9.UjauJ7K9Uni3ljpmWnUMBpq3-wCy32i0T1NMvif-pUCMSifusPFYnzXo_sTaD0ficQFzv630tJ6IuwoGmkbjDU0HDDx2zYF-s9Ya0zxKm9jZKP7NAJ-gs6I3n5POUfWIgUf4JzH7l06Z6ZZb-gNJgcKzzmd7T4V_5ofK23qRPyEhGDoaKD4jDFTrVfisDU9gJf68S3csiXwI-f2-W5hIf6Lvp395mQFydyXgXZzMY8ydw4iAomabjCGCF1zR2_3Ngv5gkSWvDXNi8EQV09XXCMYndkqMwTUF6Q-PF5u20FebUxKLOTg2zCsnv3IPcnUj3mk1rxJjj1lzeZ729VaLUQ","scope":"banqbridge_client","token_type":"bearer","refresh_token":"eyJhbGciOiJIUzI1NiIsInR5cCIgOiAiSldUIiwia2lkIiA6ICIwYTAzNjlhNy0yMTg3LTQ3OWYtOTU4NS02Y2QzYTczZDUxOWYifQ.eyJleHAiOjE2MTg2ODcxNjcsImlhdCI6MTYxNjA5NTE2NywianRpIjoiMzJmZGFjZGMtNjllNS00ZDVkLTllNzktMWM3MTJmZmMyMDYwIiwiaXNzIjoiaHR0cHM6Ly9zYW5kYm94Lm5lb25vbWljcy5pby9hdXRoL3JlYWxtcy9zYW5kYm94IiwiYXVkIjoiaHR0cHM6Ly9zYW5kYm94Lm5lb25vbWljcy5pby9hdXRoL3JlYWxtcy9zYW5kYm94Iiwic3ViIjoiMjE4MDlmM2EtOWJhOS00MDMxLTllM2QtOTdiNTY3Nzc5OWY5IiwidHlwIjoiUmVmcmVzaCIsImF6cCI6IjNkMzVmNjA2LWNkNTctNDc0Zi04Njc2LWI3OGRmYmVhYzM0NSIsInNlc3Npb25fc3RhdGUiOiJkOGNkZTUzMi03N2NiLTQzMDUtOGYyMC1kNmM1NjRmYzdjNzMiLCJzY29wZSI6ImJhbnFicmlkZ2VfY2xpZW50In0.0LzHkDLWDktv1qny6k8--Zfj66UYfPEftyJkmJ3fllg"}
2021-03-19 00:49:26.957 [main] INFO  stepDefinition.StepDefinitions_API_Test           : Bearer token :: [Bearer eyJhbGciOiJSUzI1NiIsInR5cCIgOiAiSldUIiwia2lkIiA6ICJ2MmFQNDdIQXVTUi1qWmR5U3otNDVDV2RaOFhiWGFBMXNDbWhLbWtJLXRvIn0.eyJleHAiOjE2MTYxODE1NjcsImlhdCI6MTYxNjA5NTE2NywianRpIjoiZjQxMDM2MGMtOWZhZS00OTFlLTgzYTUtMWFkYmViYTNkODE0IiwiaXNzIjoiaHR0cHM6Ly9zYW5kYm94Lm5lb25vbWljcy5pby9hdXRoL3JlYWxtcy9zYW5kYm94Iiwic3ViIjoiMjE4MDlmM2EtOWJhOS00MDMxLTllM2QtOTdiNTY3Nzc5OWY5IiwidHlwIjoiQmVhcmVyIiwiYXpwIjoiM2QzNWY2MDYtY2Q1Ny00NzRmLTg2NzYtYjc4ZGZiZWFjMzQ1Iiwic2Vzc2lvbl9zdGF0ZSI6ImQ4Y2RlNTMyLTc3Y2ItNDMwNS04ZjIwLWQ2YzU2NGZjN2M3MyIsImFjciI6IjEiLCJzY29wZSI6ImJhbnFicmlkZ2VfY2xpZW50Iiwib3JnYW5pemF0aW9uSWQiOiI0MjRhNTc5My01NDQ4LTQ0NjMtODI2YS05NzdhOTc2MTY4NDIiLCJjbGllbnRJZCI6IjNkMzVmNjA2LWNkNTctNDc0Zi04Njc2LWI3OGRmYmVhYzM0NSIsImNsaWVudEhvc3QiOiIxMDMuMjAwLjEwNi4xNzEiLCJja2lkIjoiYmY2NGIzNTktOWFhZC00MjcxLWJjNjItNTFjNDI2NGQyZmQ3IiwiY2xpZW50QWRkcmVzcyI6IjEwMy4yMDAuMTA2LjE3MSJ9.UjauJ7K9Uni3ljpmWnUMBpq3-wCy32i0T1NMvif-pUCMSifusPFYnzXo_sTaD0ficQFzv630tJ6IuwoGmkbjDU0HDDx2zYF-s9Ya0zxKm9jZKP7NAJ-gs6I3n5POUfWIgUf4JzH7l06Z6ZZb-gNJgcKzzmd7T4V_5ofK23qRPyEhGDoaKD4jDFTrVfisDU9gJf68S3csiXwI-f2-W5hIf6Lvp395mQFydyXgXZzMY8ydw4iAomabjCGCF1zR2_3Ngv5gkSWvDXNi8EQV09XXCMYndkqMwTUF6Q-PF5u20FebUxKLOTg2zCsnv3IPcnUj3mk1rxJjj1lzeZ729VaLUQ]
2021-03-19 00:49:26.957 [main] INFO  stepDefinition.StepDefinitions_API_Test           : Added :: Header = [Authorization] and Value = [Bearer eyJhbGciOiJSUzI1NiIsInR5cCIgOiAiSldUIiwia2lkIiA6ICJ2MmFQNDdIQXVTUi1qWmR5U3otNDVDV2RaOFhiWGFBMXNDbWhLbWtJLXRvIn0.eyJleHAiOjE2MTYxODE1NjcsImlhdCI6MTYxNjA5NTE2NywianRpIjoiZjQxMDM2MGMtOWZhZS00OTFlLTgzYTUtMWFkYmViYTNkODE0IiwiaXNzIjoiaHR0cHM6Ly9zYW5kYm94Lm5lb25vbWljcy5pby9hdXRoL3JlYWxtcy9zYW5kYm94Iiwic3ViIjoiMjE4MDlmM2EtOWJhOS00MDMxLTllM2QtOTdiNTY3Nzc5OWY5IiwidHlwIjoiQmVhcmVyIiwiYXpwIjoiM2QzNWY2MDYtY2Q1Ny00NzRmLTg2NzYtYjc4ZGZiZWFjMzQ1Iiwic2Vzc2lvbl9zdGF0ZSI6ImQ4Y2RlNTMyLTc3Y2ItNDMwNS04ZjIwLWQ2YzU2NGZjN2M3MyIsImFjciI6IjEiLCJzY29wZSI6ImJhbnFicmlkZ2VfY2xpZW50Iiwib3JnYW5pemF0aW9uSWQiOiI0MjRhNTc5My01NDQ4LTQ0NjMtODI2YS05NzdhOTc2MTY4NDIiLCJjbGllbnRJZCI6IjNkMzVmNjA2LWNkNTctNDc0Zi04Njc2LWI3OGRmYmVhYzM0NSIsImNsaWVudEhvc3QiOiIxMDMuMjAwLjEwNi4xNzEiLCJja2lkIjoiYmY2NGIzNTktOWFhZC00MjcxLWJjNjItNTFjNDI2NGQyZmQ3IiwiY2xpZW50QWRkcmVzcyI6IjEwMy4yMDAuMTA2LjE3MSJ9.UjauJ7K9Uni3ljpmWnUMBpq3-wCy32i0T1NMvif-pUCMSifusPFYnzXo_sTaD0ficQFzv630tJ6IuwoGmkbjDU0HDDx2zYF-s9Ya0zxKm9jZKP7NAJ-gs6I3n5POUfWIgUf4JzH7l06Z6ZZb-gNJgcKzzmd7T4V_5ofK23qRPyEhGDoaKD4jDFTrVfisDU9gJf68S3csiXwI-f2-W5hIf6Lvp395mQFydyXgXZzMY8ydw4iAomabjCGCF1zR2_3Ngv5gkSWvDXNi8EQV09XXCMYndkqMwTUF6Q-PF5u20FebUxKLOTg2zCsnv3IPcnUj3mk1rxJjj1lzeZ729VaLUQ]
2021-03-19 00:49:26.957 [main] INFO  stepDefinition.StepDefinitions_API_Test           : Setting Header = [x-device-id] and Value = []
2021-03-19 00:49:26.957 [main] INFO  stepDefinition.StepDefinitions_API_Test           : Added :: Header = [x-device-id] and Value = []
2021-03-19 00:49:26.957 [main] INFO  stepDefinition.StepDefinitions_API_Test           : Adding body content for Key = [[bankId, anVzdG9iYW5rLnYxSlVTVE5PS0s=]] and Value = [{]]
2021-03-19 00:49:26.957 [main] INFO  stepDefinition.StepDefinitions_API_Test           : Raw body needs to be added to request
2021-03-19 00:49:26.958 [main] INFO  stepDefinition.StepDefinitions_API_Test           : {"bankId":"anVzdG9iYW5rLnYxSlVTVE5PS0s\u003d"}
2021-03-19 00:49:26.958 [main] INFO  stepDefinition.StepDefinitions_API_Test           : Making [POST] request
2021-03-19 00:49:27.170 [main] INFO  stepDefinition.StepDefinitions_API_Test           : Validating response code as [510]
2021-03-19 00:49:27.171 [main] ERROR stepDefinition.StepDefinitions_API_Test           : Please provide proper API area type
2021-03-19 00:49:27.194 [main] INFO  stepDefinition.StepDefinitions_Functional_Test    : ********************************************************************************************************
2021-03-19 00:49:27.194 [main] INFO  stepDefinition.StepDefinitions_Functional_Test    : --- Execution Started :::: Verify that session API for getting current status works for various combinations
2021-03-19 00:49:27.194 [main] INFO  stepDefinition.StepDefinitions_Functional_Test    : ********************************************************************************************************
2021-03-19 00:49:27.195 [main] INFO  stepDefinition.StepDefinitions_API_Test           : Base URL [https://sandbox.neonomics.io]
2021-03-19 00:49:27.195 [main] INFO  stepDefinition.StepDefinitions_API_Test           : Endpoint path [/ics/v3/session/{sessionId}]
2021-03-19 00:49:27.196 [main] INFO  stepDefinition.StepDefinitions_API_Test           : Setting Header = [Accept] and Value = [application/json]
2021-03-19 00:49:27.196 [main] INFO  stepDefinition.StepDefinitions_API_Test           : Added :: Header = [Accept] and Value = [application/json]
2021-03-19 00:49:27.196 [main] INFO  stepDefinition.StepDefinitions_API_Test           : Setting Header = [Authorization] and Value = [Bearer Token]
2021-03-19 00:49:27.640 [main] INFO  com.neonomics.corelibraries.Authorization         : Response recieved for auth API ::{"refresh_expires_in":2592000,"expires_in":86400,"session_state":"f4df086b-d65e-4430-8638-2944ee126152","access_token":"eyJhbGciOiJSUzI1NiIsInR5cCIgOiAiSldUIiwia2lkIiA6ICJ2MmFQNDdIQXVTUi1qWmR5U3otNDVDV2RaOFhiWGFBMXNDbWhLbWtJLXRvIn0.eyJleHAiOjE2MTYxODE1NjgsImlhdCI6MTYxNjA5NTE2OCwianRpIjoiZDZhZTNjZTUtMzNjOC00MTE0LThkNDMtNTIyYzU2MjNiMmRkIiwiaXNzIjoiaHR0cHM6Ly9zYW5kYm94Lm5lb25vbWljcy5pby9hdXRoL3JlYWxtcy9zYW5kYm94Iiwic3ViIjoiMjE4MDlmM2EtOWJhOS00MDMxLTllM2QtOTdiNTY3Nzc5OWY5IiwidHlwIjoiQmVhcmVyIiwiYXpwIjoiM2QzNWY2MDYtY2Q1Ny00NzRmLTg2NzYtYjc4ZGZiZWFjMzQ1Iiwic2Vzc2lvbl9zdGF0ZSI6ImY0ZGYwODZiLWQ2NWUtNDQzMC04NjM4LTI5NDRlZTEyNjE1MiIsImFjciI6IjEiLCJzY29wZSI6ImJhbnFicmlkZ2VfY2xpZW50Iiwib3JnYW5pemF0aW9uSWQiOiI0MjRhNTc5My01NDQ4LTQ0NjMtODI2YS05NzdhOTc2MTY4NDIiLCJjbGllbnRJZCI6IjNkMzVmNjA2LWNkNTctNDc0Zi04Njc2LWI3OGRmYmVhYzM0NSIsImNsaWVudEhvc3QiOiIxMDMuMjAwLjEwNi4xNzEiLCJja2lkIjoiYmY2NGIzNTktOWFhZC00MjcxLWJjNjItNTFjNDI2NGQyZmQ3IiwiY2xpZW50QWRkcmVzcyI6IjEwMy4yMDAuMTA2LjE3MSJ9.Q-nhzE7RUFb-nFaR9A5ADXnO6qsBQdhPAGaRtn5PVExR40zd2MHy2k9gg6tf7tyDg70V3ERduxq0TiTjGcBaJ9RCTT0Mfjq6blcnzTyb1L646K5h0S84CWC_P7y27-VDk_w4rf_oz9S6v8R4E1Mn3GmFiEP_ZZeqnTZXCe3yAvITFXitTCH6TevE2vKlD-iy9teOP-_schPCyUxwojHz6ej-mx8glTGVa6p-KsF87m0YLXgJtlB1-vYbJtgIxDRPMKAq5SqJXGLryb_hyYXEw_p5h3hwtTHKlCkrI8LK1dfyHcb3fci_rUCI2VO12-o81_xOKD8ZcNqAepRxJAcECg","scope":"banqbridge_client","token_type":"bearer","refresh_token":"eyJhbGciOiJIUzI1NiIsInR5cCIgOiAiSldUIiwia2lkIiA6ICIwYTAzNjlhNy0yMTg3LTQ3OWYtOTU4NS02Y2QzYTczZDUxOWYifQ.eyJleHAiOjE2MTg2ODcxNjgsImlhdCI6MTYxNjA5NTE2OCwianRpIjoiMmNjZjUxMDctNzlmOC00MmE4LWI1YTItZmFmMDgyMTdkNjMwIiwiaXNzIjoiaHR0cHM6Ly9zYW5kYm94Lm5lb25vbWljcy5pby9hdXRoL3JlYWxtcy9zYW5kYm94IiwiYXVkIjoiaHR0cHM6Ly9zYW5kYm94Lm5lb25vbWljcy5pby9hdXRoL3JlYWxtcy9zYW5kYm94Iiwic3ViIjoiMjE4MDlmM2EtOWJhOS00MDMxLTllM2QtOTdiNTY3Nzc5OWY5IiwidHlwIjoiUmVmcmVzaCIsImF6cCI6IjNkMzVmNjA2LWNkNTctNDc0Zi04Njc2LWI3OGRmYmVhYzM0NSIsInNlc3Npb25fc3RhdGUiOiJmNGRmMDg2Yi1kNjVlLTQ0MzAtODYzOC0yOTQ0ZWUxMjYxNTIiLCJzY29wZSI6ImJhbnFicmlkZ2VfY2xpZW50In0.Fl_7GFJIXKCwIN10lfrYhcpB2-yPHPDJfVf0O-P-otk"}
2021-03-19 00:49:27.668 [main] INFO  stepDefinition.StepDefinitions_API_Test           : Bearer token :: [Bearer eyJhbGciOiJSUzI1NiIsInR5cCIgOiAiSldUIiwia2lkIiA6ICJ2MmFQNDdIQXVTUi1qWmR5U3otNDVDV2RaOFhiWGFBMXNDbWhLbWtJLXRvIn0.eyJleHAiOjE2MTYxODE1NjgsImlhdCI6MTYxNjA5NTE2OCwianRpIjoiZDZhZTNjZTUtMzNjOC00MTE0LThkNDMtNTIyYzU2MjNiMmRkIiwiaXNzIjoiaHR0cHM6Ly9zYW5kYm94Lm5lb25vbWljcy5pby9hdXRoL3JlYWxtcy9zYW5kYm94Iiwic3ViIjoiMjE4MDlmM2EtOWJhOS00MDMxLTllM2QtOTdiNTY3Nzc5OWY5IiwidHlwIjoiQmVhcmVyIiwiYXpwIjoiM2QzNWY2MDYtY2Q1Ny00NzRmLTg2NzYtYjc4ZGZiZWFjMzQ1Iiwic2Vzc2lvbl9zdGF0ZSI6ImY0ZGYwODZiLWQ2NWUtNDQzMC04NjM4LTI5NDRlZTEyNjE1MiIsImFjciI6IjEiLCJzY29wZSI6ImJhbnFicmlkZ2VfY2xpZW50Iiwib3JnYW5pemF0aW9uSWQiOiI0MjRhNTc5My01NDQ4LTQ0NjMtODI2YS05NzdhOTc2MTY4NDIiLCJjbGllbnRJZCI6IjNkMzVmNjA2LWNkNTctNDc0Zi04Njc2LWI3OGRmYmVhYzM0NSIsImNsaWVudEhvc3QiOiIxMDMuMjAwLjEwNi4xNzEiLCJja2lkIjoiYmY2NGIzNTktOWFhZC00MjcxLWJjNjItNTFjNDI2NGQyZmQ3IiwiY2xpZW50QWRkcmVzcyI6IjEwMy4yMDAuMTA2LjE3MSJ9.Q-nhzE7RUFb-nFaR9A5ADXnO6qsBQdhPAGaRtn5PVExR40zd2MHy2k9gg6tf7tyDg70V3ERduxq0TiTjGcBaJ9RCTT0Mfjq6blcnzTyb1L646K5h0S84CWC_P7y27-VDk_w4rf_oz9S6v8R4E1Mn3GmFiEP_ZZeqnTZXCe3yAvITFXitTCH6TevE2vKlD-iy9teOP-_schPCyUxwojHz6ej-mx8glTGVa6p-KsF87m0YLXgJtlB1-vYbJtgIxDRPMKAq5SqJXGLryb_hyYXEw_p5h3hwtTHKlCkrI8LK1dfyHcb3fci_rUCI2VO12-o81_xOKD8ZcNqAepRxJAcECg]
2021-03-19 00:49:27.668 [main] INFO  stepDefinition.StepDefinitions_API_Test           : Added :: Header = [Authorization] and Value = [Bearer eyJhbGciOiJSUzI1NiIsInR5cCIgOiAiSldUIiwia2lkIiA6ICJ2MmFQNDdIQXVTUi1qWmR5U3otNDVDV2RaOFhiWGFBMXNDbWhLbWtJLXRvIn0.eyJleHAiOjE2MTYxODE1NjgsImlhdCI6MTYxNjA5NTE2OCwianRpIjoiZDZhZTNjZTUtMzNjOC00MTE0LThkNDMtNTIyYzU2MjNiMmRkIiwiaXNzIjoiaHR0cHM6Ly9zYW5kYm94Lm5lb25vbWljcy5pby9hdXRoL3JlYWxtcy9zYW5kYm94Iiwic3ViIjoiMjE4MDlmM2EtOWJhOS00MDMxLTllM2QtOTdiNTY3Nzc5OWY5IiwidHlwIjoiQmVhcmVyIiwiYXpwIjoiM2QzNWY2MDYtY2Q1Ny00NzRmLTg2NzYtYjc4ZGZiZWFjMzQ1Iiwic2Vzc2lvbl9zdGF0ZSI6ImY0ZGYwODZiLWQ2NWUtNDQzMC04NjM4LTI5NDRlZTEyNjE1MiIsImFjciI6IjEiLCJzY29wZSI6ImJhbnFicmlkZ2VfY2xpZW50Iiwib3JnYW5pemF0aW9uSWQiOiI0MjRhNTc5My01NDQ4LTQ0NjMtODI2YS05NzdhOTc2MTY4NDIiLCJjbGllbnRJZCI6IjNkMzVmNjA2LWNkNTctNDc0Zi04Njc2LWI3OGRmYmVhYzM0NSIsImNsaWVudEhvc3QiOiIxMDMuMjAwLjEwNi4xNzEiLCJja2lkIjoiYmY2NGIzNTktOWFhZC00MjcxLWJjNjItNTFjNDI2NGQyZmQ3IiwiY2xpZW50QWRkcmVzcyI6IjEwMy4yMDAuMTA2LjE3MSJ9.Q-nhzE7RUFb-nFaR9A5ADXnO6qsBQdhPAGaRtn5PVExR40zd2MHy2k9gg6tf7tyDg70V3ERduxq0TiTjGcBaJ9RCTT0Mfjq6blcnzTyb1L646K5h0S84CWC_P7y27-VDk_w4rf_oz9S6v8R4E1Mn3GmFiEP_ZZeqnTZXCe3yAvITFXitTCH6TevE2vKlD-iy9teOP-_schPCyUxwojHz6ej-mx8glTGVa6p-KsF87m0YLXgJtlB1-vYbJtgIxDRPMKAq5SqJXGLryb_hyYXEw_p5h3hwtTHKlCkrI8LK1dfyHcb3fci_rUCI2VO12-o81_xOKD8ZcNqAepRxJAcECg]
2021-03-19 00:49:27.668 [main] INFO  stepDefinition.StepDefinitions_API_Test           : Setting Header = [x-device-id] and Value = [example_id_for_quickstart]
2021-03-19 00:49:27.668 [main] INFO  stepDefinition.StepDefinitions_API_Test           : Added :: Header = [x-device-id] and Value = [example_id_for_quickstart]
2021-03-19 00:49:27.668 [main] INFO  stepDefinition.StepDefinitions_API_Test           : Creating session ID for bank ID [anVzdG9iYW5rLnYxSlVTVE5PS0s=] and Device ID [example_id_for_quickstart] for further API testing
2021-03-19 00:49:27.941 [main] INFO  com.neonomics.corelibraries.Session               : Response recieved for getting session ID ::{"sessionId":"03c0727f-693b-4fb4-8f6e-0095cbf83c95"}
2021-03-19 00:49:27.948 [main] INFO  stepDefinition.StepDefinitions_API_Test           : Received session ID as [03c0727f-693b-4fb4-8f6e-0095cbf83c95]
2021-03-19 00:49:27.949 [main] INFO  stepDefinition.StepDefinitions_API_Test           : Making [GET] request
2021-03-19 00:49:28.143 [main] INFO  stepDefinition.StepDefinitions_API_Test           : Validating response code as [200]
2021-03-19 00:49:28.150 [main] INFO  stepDefinition.StepDefinitions_Functional_Test    : ********************************************************************************************************
2021-03-19 00:49:28.150 [main] INFO  stepDefinition.StepDefinitions_Functional_Test    : --- Execution Started :::: Verify that session API for getting current status works for various combinations
2021-03-19 00:49:28.150 [main] INFO  stepDefinition.StepDefinitions_Functional_Test    : ********************************************************************************************************
2021-03-19 00:49:28.151 [main] INFO  stepDefinition.StepDefinitions_API_Test           : Base URL [https://sandbox.neonomics.io]
2021-03-19 00:49:28.151 [main] INFO  stepDefinition.StepDefinitions_API_Test           : Endpoint path [/ics/v3/sn/asa{sessionId}]
2021-03-19 00:49:28.151 [main] INFO  stepDefinition.StepDefinitions_API_Test           : Setting Header = [Accept] and Value = [application/json]
2021-03-19 00:49:28.151 [main] INFO  stepDefinition.StepDefinitions_API_Test           : Added :: Header = [Accept] and Value = [application/json]
2021-03-19 00:49:28.151 [main] INFO  stepDefinition.StepDefinitions_API_Test           : Setting Header = [Authorization] and Value = [Bearer Token]
2021-03-19 00:49:28.366 [main] INFO  com.neonomics.corelibraries.Authorization         : Response recieved for auth API ::{"refresh_expires_in":2592000,"expires_in":86400,"session_state":"7834d22a-ce0b-49ed-9a5a-f42ebc6fdb26","access_token":"eyJhbGciOiJSUzI1NiIsInR5cCIgOiAiSldUIiwia2lkIiA6ICJ2MmFQNDdIQXVTUi1qWmR5U3otNDVDV2RaOFhiWGFBMXNDbWhLbWtJLXRvIn0.eyJleHAiOjE2MTYxODE1NjgsImlhdCI6MTYxNjA5NTE2OCwianRpIjoiZTMxZDJhYTctYjQ5MS00MTAwLWEzOWQtYjgwZTFjMTVlM2RlIiwiaXNzIjoiaHR0cHM6Ly9zYW5kYm94Lm5lb25vbWljcy5pby9hdXRoL3JlYWxtcy9zYW5kYm94Iiwic3ViIjoiMjE4MDlmM2EtOWJhOS00MDMxLTllM2QtOTdiNTY3Nzc5OWY5IiwidHlwIjoiQmVhcmVyIiwiYXpwIjoiM2QzNWY2MDYtY2Q1Ny00NzRmLTg2NzYtYjc4ZGZiZWFjMzQ1Iiwic2Vzc2lvbl9zdGF0ZSI6Ijc4MzRkMjJhLWNlMGItNDllZC05YTVhLWY0MmViYzZmZGIyNiIsImFjciI6IjEiLCJzY29wZSI6ImJhbnFicmlkZ2VfY2xpZW50Iiwib3JnYW5pemF0aW9uSWQiOiI0MjRhNTc5My01NDQ4LTQ0NjMtODI2YS05NzdhOTc2MTY4NDIiLCJjbGllbnRJZCI6IjNkMzVmNjA2LWNkNTctNDc0Zi04Njc2LWI3OGRmYmVhYzM0NSIsImNsaWVudEhvc3QiOiIxMDMuMjAwLjEwNi4xNzEiLCJja2lkIjoiYmY2NGIzNTktOWFhZC00MjcxLWJjNjItNTFjNDI2NGQyZmQ3IiwiY2xpZW50QWRkcmVzcyI6IjEwMy4yMDAuMTA2LjE3MSJ9.UkXEvMy_QBTX3xjsIqSBrGB2KnvMGOt9mRcYeez2n9m4wY1SzsHBV7TSmu8FwCyd_77_1LPp4mNm2WmLD4U5wJ1VQ5hVzS_Y7s5_JiQoOUi3YHkZnEPsn3ut7juiRD7ez-opl_M56NLnxXhNFltvkNIIRpESQ_84QBFIL0iuOIIa7seV082f8nJ5S_OyBZypn-UPy80LIJgFaXolPKupW7lPP5cdBK18e4rgo9gd89eGod-x56ovEARGQxuT9pyupcphO1Wlm_dX4tBkXXHMoKOLzJKssc2RIsPtxNQTpo8-QoFgPBk_x8llLrBB29tKWAIEJu6Gye1pMHKsFQPmnQ","scope":"banqbridge_client","token_type":"bearer","refresh_token":"eyJhbGciOiJIUzI1NiIsInR5cCIgOiAiSldUIiwia2lkIiA6ICIwYTAzNjlhNy0yMTg3LTQ3OWYtOTU4NS02Y2QzYTczZDUxOWYifQ.eyJleHAiOjE2MTg2ODcxNjgsImlhdCI6MTYxNjA5NTE2OCwianRpIjoiNWUwZWZiMDgtZDA0NC00MzY0LTkyNDAtNzFmOGM1NDJkZDY4IiwiaXNzIjoiaHR0cHM6Ly9zYW5kYm94Lm5lb25vbWljcy5pby9hdXRoL3JlYWxtcy9zYW5kYm94IiwiYXVkIjoiaHR0cHM6Ly9zYW5kYm94Lm5lb25vbWljcy5pby9hdXRoL3JlYWxtcy9zYW5kYm94Iiwic3ViIjoiMjE4MDlmM2EtOWJhOS00MDMxLTllM2QtOTdiNTY3Nzc5OWY5IiwidHlwIjoiUmVmcmVzaCIsImF6cCI6IjNkMzVmNjA2LWNkNTctNDc0Zi04Njc2LWI3OGRmYmVhYzM0NSIsInNlc3Npb25fc3RhdGUiOiI3ODM0ZDIyYS1jZTBiLTQ5ZWQtOWE1YS1mNDJlYmM2ZmRiMjYiLCJzY29wZSI6ImJhbnFicmlkZ2VfY2xpZW50In0.AmYI91BSJfZC-q-S-G18gA6OC3UsxrzBsyjlFi0bluc"}
2021-03-19 00:49:28.391 [main] INFO  stepDefinition.StepDefinitions_API_Test           : Bearer token :: [Bearer eyJhbGciOiJSUzI1NiIsInR5cCIgOiAiSldUIiwia2lkIiA6ICJ2MmFQNDdIQXVTUi1qWmR5U3otNDVDV2RaOFhiWGFBMXNDbWhLbWtJLXRvIn0.eyJleHAiOjE2MTYxODE1NjgsImlhdCI6MTYxNjA5NTE2OCwianRpIjoiZTMxZDJhYTctYjQ5MS00MTAwLWEzOWQtYjgwZTFjMTVlM2RlIiwiaXNzIjoiaHR0cHM6Ly9zYW5kYm94Lm5lb25vbWljcy5pby9hdXRoL3JlYWxtcy9zYW5kYm94Iiwic3ViIjoiMjE4MDlmM2EtOWJhOS00MDMxLTllM2QtOTdiNTY3Nzc5OWY5IiwidHlwIjoiQmVhcmVyIiwiYXpwIjoiM2QzNWY2MDYtY2Q1Ny00NzRmLTg2NzYtYjc4ZGZiZWFjMzQ1Iiwic2Vzc2lvbl9zdGF0ZSI6Ijc4MzRkMjJhLWNlMGItNDllZC05YTVhLWY0MmViYzZmZGIyNiIsImFjciI6IjEiLCJzY29wZSI6ImJhbnFicmlkZ2VfY2xpZW50Iiwib3JnYW5pemF0aW9uSWQiOiI0MjRhNTc5My01NDQ4LTQ0NjMtODI2YS05NzdhOTc2MTY4NDIiLCJjbGllbnRJZCI6IjNkMzVmNjA2LWNkNTctNDc0Zi04Njc2LWI3OGRmYmVhYzM0NSIsImNsaWVudEhvc3QiOiIxMDMuMjAwLjEwNi4xNzEiLCJja2lkIjoiYmY2NGIzNTktOWFhZC00MjcxLWJjNjItNTFjNDI2NGQyZmQ3IiwiY2xpZW50QWRkcmVzcyI6IjEwMy4yMDAuMTA2LjE3MSJ9.UkXEvMy_QBTX3xjsIqSBrGB2KnvMGOt9mRcYeez2n9m4wY1SzsHBV7TSmu8FwCyd_77_1LPp4mNm2WmLD4U5wJ1VQ5hVzS_Y7s5_JiQoOUi3YHkZnEPsn3ut7juiRD7ez-opl_M56NLnxXhNFltvkNIIRpESQ_84QBFIL0iuOIIa7seV082f8nJ5S_OyBZypn-UPy80LIJgFaXolPKupW7lPP5cdBK18e4rgo9gd89eGod-x56ovEARGQxuT9pyupcphO1Wlm_dX4tBkXXHMoKOLzJKssc2RIsPtxNQTpo8-QoFgPBk_x8llLrBB29tKWAIEJu6Gye1pMHKsFQPmnQ]
2021-03-19 00:49:28.391 [main] INFO  stepDefinition.StepDefinitions_API_Test           : Added :: Header = [Authorization] and Value = [Bearer eyJhbGciOiJSUzI1NiIsInR5cCIgOiAiSldUIiwia2lkIiA6ICJ2MmFQNDdIQXVTUi1qWmR5U3otNDVDV2RaOFhiWGFBMXNDbWhLbWtJLXRvIn0.eyJleHAiOjE2MTYxODE1NjgsImlhdCI6MTYxNjA5NTE2OCwianRpIjoiZTMxZDJhYTctYjQ5MS00MTAwLWEzOWQtYjgwZTFjMTVlM2RlIiwiaXNzIjoiaHR0cHM6Ly9zYW5kYm94Lm5lb25vbWljcy5pby9hdXRoL3JlYWxtcy9zYW5kYm94Iiwic3ViIjoiMjE4MDlmM2EtOWJhOS00MDMxLTllM2QtOTdiNTY3Nzc5OWY5IiwidHlwIjoiQmVhcmVyIiwiYXpwIjoiM2QzNWY2MDYtY2Q1Ny00NzRmLTg2NzYtYjc4ZGZiZWFjMzQ1Iiwic2Vzc2lvbl9zdGF0ZSI6Ijc4MzRkMjJhLWNlMGItNDllZC05YTVhLWY0MmViYzZmZGIyNiIsImFjciI6IjEiLCJzY29wZSI6ImJhbnFicmlkZ2VfY2xpZW50Iiwib3JnYW5pemF0aW9uSWQiOiI0MjRhNTc5My01NDQ4LTQ0NjMtODI2YS05NzdhOTc2MTY4NDIiLCJjbGllbnRJZCI6IjNkMzVmNjA2LWNkNTctNDc0Zi04Njc2LWI3OGRmYmVhYzM0NSIsImNsaWVudEhvc3QiOiIxMDMuMjAwLjEwNi4xNzEiLCJja2lkIjoiYmY2NGIzNTktOWFhZC00MjcxLWJjNjItNTFjNDI2NGQyZmQ3IiwiY2xpZW50QWRkcmVzcyI6IjEwMy4yMDAuMTA2LjE3MSJ9.UkXEvMy_QBTX3xjsIqSBrGB2KnvMGOt9mRcYeez2n9m4wY1SzsHBV7TSmu8FwCyd_77_1LPp4mNm2WmLD4U5wJ1VQ5hVzS_Y7s5_JiQoOUi3YHkZnEPsn3ut7juiRD7ez-opl_M56NLnxXhNFltvkNIIRpESQ_84QBFIL0iuOIIa7seV082f8nJ5S_OyBZypn-UPy80LIJgFaXolPKupW7lPP5cdBK18e4rgo9gd89eGod-x56ovEARGQxuT9pyupcphO1Wlm_dX4tBkXXHMoKOLzJKssc2RIsPtxNQTpo8-QoFgPBk_x8llLrBB29tKWAIEJu6Gye1pMHKsFQPmnQ]
2021-03-19 00:49:28.391 [main] INFO  stepDefinition.StepDefinitions_API_Test           : Setting Header = [x-device-id] and Value = [example_id_for_quickstart]
2021-03-19 00:49:28.391 [main] INFO  stepDefinition.StepDefinitions_API_Test           : Added :: Header = [x-device-id] and Value = [example_id_for_quickstart]
2021-03-19 00:49:28.391 [main] INFO  stepDefinition.StepDefinitions_API_Test           : Creating session ID for bank ID [anVzdG9iYW5rLnYxSlVTVE5PS0s=] and Device ID [example_id_for_quickstart] for further API testing
2021-03-19 00:49:28.585 [main] INFO  com.neonomics.corelibraries.Session               : Response recieved for getting session ID ::{"sessionId":"fc21f5c3-c5c6-40f4-a3e6-105914ff22ed"}
2021-03-19 00:49:28.592 [main] INFO  stepDefinition.StepDefinitions_API_Test           : Received session ID as [fc21f5c3-c5c6-40f4-a3e6-105914ff22ed]
2021-03-19 00:49:28.592 [main] INFO  stepDefinition.StepDefinitions_API_Test           : Making [GET] request
2021-03-19 00:49:28.777 [main] INFO  stepDefinition.StepDefinitions_API_Test           : Validating response code as [510]
2021-03-19 00:49:28.785 [main] INFO  stepDefinition.StepDefinitions_Functional_Test    : ********************************************************************************************************
2021-03-19 00:49:28.785 [main] INFO  stepDefinition.StepDefinitions_Functional_Test    : --- Execution Started :::: Verify that session API for getting current status works for various combinations
2021-03-19 00:49:28.785 [main] INFO  stepDefinition.StepDefinitions_Functional_Test    : ********************************************************************************************************
2021-03-19 00:49:28.786 [main] INFO  stepDefinition.StepDefinitions_API_Test           : Base URL [https://sandbox.neonomics.io]
2021-03-19 00:49:28.786 [main] INFO  stepDefinition.StepDefinitions_API_Test           : Endpoint path [/ics/v3/session/{sessionId}]
2021-03-19 00:49:28.786 [main] INFO  stepDefinition.StepDefinitions_API_Test           : Setting Header = [Accept] and Value = [application/json]
2021-03-19 00:49:28.786 [main] INFO  stepDefinition.StepDefinitions_API_Test           : Added :: Header = [Accept] and Value = [application/json]
2021-03-19 00:49:28.786 [main] INFO  stepDefinition.StepDefinitions_API_Test           : Setting Header = [Authorization] and Value = []
2021-03-19 00:49:28.786 [main] INFO  stepDefinition.StepDefinitions_API_Test           : Added :: Header = [Authorization] and Value = []
2021-03-19 00:49:28.786 [main] INFO  stepDefinition.StepDefinitions_API_Test           : Setting Header = [x-device-id] and Value = []
2021-03-19 00:49:28.786 [main] INFO  stepDefinition.StepDefinitions_API_Test           : Added :: Header = [x-device-id] and Value = []
2021-03-19 00:49:28.786 [main] INFO  stepDefinition.StepDefinitions_API_Test           : Creating session ID for bank ID [anVzdG9iYW5rLnYxSlVTVE5PS0s=] and Device ID [] for further API testing
2021-03-19 00:49:29.011 [main] INFO  stepDefinition.StepDefinitions_Functional_Test    : ********************************************************************************************************
2021-03-19 00:49:29.011 [main] INFO  stepDefinition.StepDefinitions_Functional_Test    : --- Execution Started :::: Verify that session API for getting current status works for various combinations
2021-03-19 00:49:29.011 [main] INFO  stepDefinition.StepDefinitions_Functional_Test    : ********************************************************************************************************
2021-03-19 00:49:29.012 [main] INFO  stepDefinition.StepDefinitions_API_Test           : Base URL [https://sandbox.neonomics.io]
2021-03-19 00:49:29.012 [main] INFO  stepDefinition.StepDefinitions_API_Test           : Endpoint path [/ics/v3/session/{sessionId}]
2021-03-19 00:49:29.012 [main] INFO  stepDefinition.StepDefinitions_API_Test           : Setting Header = [Accept] and Value = [application/x-www-form-urlencoded]
2021-03-19 00:49:29.012 [main] INFO  stepDefinition.StepDefinitions_API_Test           : Added :: Header = [Accept] and Value = [application/x-www-form-urlencoded]
2021-03-19 00:49:29.012 [main] INFO  stepDefinition.StepDefinitions_API_Test           : Setting Header = [Authorization] and Value = [Bearer Token]
2021-03-19 00:49:29.500 [main] INFO  com.neonomics.corelibraries.Authorization         : Response recieved for auth API ::{"refresh_expires_in":2592000,"expires_in":86400,"session_state":"2e3a7fa4-e513-45f9-8f4c-c1d9e9d21c5b","access_token":"eyJhbGciOiJSUzI1NiIsInR5cCIgOiAiSldUIiwia2lkIiA6ICJ2MmFQNDdIQXVTUi1qWmR5U3otNDVDV2RaOFhiWGFBMXNDbWhLbWtJLXRvIn0.eyJleHAiOjE2MTYxODE1NjksImlhdCI6MTYxNjA5NTE2OSwianRpIjoiMGRkM2E4NWEtMTNiMy00MGMwLTllMWMtMjJkZjYzNjBmYmI3IiwiaXNzIjoiaHR0cHM6Ly9zYW5kYm94Lm5lb25vbWljcy5pby9hdXRoL3JlYWxtcy9zYW5kYm94Iiwic3ViIjoiMjE4MDlmM2EtOWJhOS00MDMxLTllM2QtOTdiNTY3Nzc5OWY5IiwidHlwIjoiQmVhcmVyIiwiYXpwIjoiM2QzNWY2MDYtY2Q1Ny00NzRmLTg2NzYtYjc4ZGZiZWFjMzQ1Iiwic2Vzc2lvbl9zdGF0ZSI6IjJlM2E3ZmE0LWU1MTMtNDVmOS04ZjRjLWMxZDllOWQyMWM1YiIsImFjciI6IjEiLCJzY29wZSI6ImJhbnFicmlkZ2VfY2xpZW50Iiwib3JnYW5pemF0aW9uSWQiOiI0MjRhNTc5My01NDQ4LTQ0NjMtODI2YS05NzdhOTc2MTY4NDIiLCJjbGllbnRJZCI6IjNkMzVmNjA2LWNkNTctNDc0Zi04Njc2LWI3OGRmYmVhYzM0NSIsImNsaWVudEhvc3QiOiIxMDMuMjAwLjEwNi4xNzEiLCJja2lkIjoiYmY2NGIzNTktOWFhZC00MjcxLWJjNjItNTFjNDI2NGQyZmQ3IiwiY2xpZW50QWRkcmVzcyI6IjEwMy4yMDAuMTA2LjE3MSJ9.DjowYTtrk8rTOTHr7m16bK1Ohx-elrDRAXnNRYvuFC3SPmx4FUhIGRsuFtICzkilCShpuMk1GAc0wJ7c7ia6xEJGXylet9Jxt4msTdEvp3ACb3bSktIiNdVijTY8JpmnUOEvSNL-iy9MWlwsLLS_InRv1oBH2rofM8w3DujgwiBG_Np1CU2m78d6ZfPQbDjf2Bup8UQ7iK4pHM_diIVXoeRhHcgluAMgw0SfcFxa1VlpjNYrqHmvYkqJZuCJIbxp3UgQD2Q1Cf7b2CULx7XHBXUBWIqWXVMAFUQTWY1wUxTgO81NVNkva_v7JeyeMSfn6LoSkOIbB2cHrT0DtQTJMg","scope":"banqbridge_client","token_type":"bearer","refresh_token":"eyJhbGciOiJIUzI1NiIsInR5cCIgOiAiSldUIiwia2lkIiA6ICIwYTAzNjlhNy0yMTg3LTQ3OWYtOTU4NS02Y2QzYTczZDUxOWYifQ.eyJleHAiOjE2MTg2ODcxNjksImlhdCI6MTYxNjA5NTE2OSwianRpIjoiNzRhNjdiZjUtMGYxOC00OWU4LWFiMjAtYWFmZTYyYWIyM2YxIiwiaXNzIjoiaHR0cHM6Ly9zYW5kYm94Lm5lb25vbWljcy5pby9hdXRoL3JlYWxtcy9zYW5kYm94IiwiYXVkIjoiaHR0cHM6Ly9zYW5kYm94Lm5lb25vbWljcy5pby9hdXRoL3JlYWxtcy9zYW5kYm94Iiwic3ViIjoiMjE4MDlmM2EtOWJhOS00MDMxLTllM2QtOTdiNTY3Nzc5OWY5IiwidHlwIjoiUmVmcmVzaCIsImF6cCI6IjNkMzVmNjA2LWNkNTctNDc0Zi04Njc2LWI3OGRmYmVhYzM0NSIsInNlc3Npb25fc3RhdGUiOiIyZTNhN2ZhNC1lNTEzLTQ1ZjktOGY0Yy1jMWQ5ZTlkMjFjNWIiLCJzY29wZSI6ImJhbnFicmlkZ2VfY2xpZW50In0.zqhkdDJXzGF5mlSUE9CG3iK3Irb_GH_kniv1BmfXzlA"}
2021-03-19 00:49:29.525 [main] INFO  stepDefinition.StepDefinitions_API_Test           : Bearer token :: [Bearer eyJhbGciOiJSUzI1NiIsInR5cCIgOiAiSldUIiwia2lkIiA6ICJ2MmFQNDdIQXVTUi1qWmR5U3otNDVDV2RaOFhiWGFBMXNDbWhLbWtJLXRvIn0.eyJleHAiOjE2MTYxODE1NjksImlhdCI6MTYxNjA5NTE2OSwianRpIjoiMGRkM2E4NWEtMTNiMy00MGMwLTllMWMtMjJkZjYzNjBmYmI3IiwiaXNzIjoiaHR0cHM6Ly9zYW5kYm94Lm5lb25vbWljcy5pby9hdXRoL3JlYWxtcy9zYW5kYm94Iiwic3ViIjoiMjE4MDlmM2EtOWJhOS00MDMxLTllM2QtOTdiNTY3Nzc5OWY5IiwidHlwIjoiQmVhcmVyIiwiYXpwIjoiM2QzNWY2MDYtY2Q1Ny00NzRmLTg2NzYtYjc4ZGZiZWFjMzQ1Iiwic2Vzc2lvbl9zdGF0ZSI6IjJlM2E3ZmE0LWU1MTMtNDVmOS04ZjRjLWMxZDllOWQyMWM1YiIsImFjciI6IjEiLCJzY29wZSI6ImJhbnFicmlkZ2VfY2xpZW50Iiwib3JnYW5pemF0aW9uSWQiOiI0MjRhNTc5My01NDQ4LTQ0NjMtODI2YS05NzdhOTc2MTY4NDIiLCJjbGllbnRJZCI6IjNkMzVmNjA2LWNkNTctNDc0Zi04Njc2LWI3OGRmYmVhYzM0NSIsImNsaWVudEhvc3QiOiIxMDMuMjAwLjEwNi4xNzEiLCJja2lkIjoiYmY2NGIzNTktOWFhZC00MjcxLWJjNjItNTFjNDI2NGQyZmQ3IiwiY2xpZW50QWRkcmVzcyI6IjEwMy4yMDAuMTA2LjE3MSJ9.DjowYTtrk8rTOTHr7m16bK1Ohx-elrDRAXnNRYvuFC3SPmx4FUhIGRsuFtICzkilCShpuMk1GAc0wJ7c7ia6xEJGXylet9Jxt4msTdEvp3ACb3bSktIiNdVijTY8JpmnUOEvSNL-iy9MWlwsLLS_InRv1oBH2rofM8w3DujgwiBG_Np1CU2m78d6ZfPQbDjf2Bup8UQ7iK4pHM_diIVXoeRhHcgluAMgw0SfcFxa1VlpjNYrqHmvYkqJZuCJIbxp3UgQD2Q1Cf7b2CULx7XHBXUBWIqWXVMAFUQTWY1wUxTgO81NVNkva_v7JeyeMSfn6LoSkOIbB2cHrT0DtQTJMg]
2021-03-19 00:49:29.525 [main] INFO  stepDefinition.StepDefinitions_API_Test           : Added :: Header = [Authorization] and Value = [Bearer eyJhbGciOiJSUzI1NiIsInR5cCIgOiAiSldUIiwia2lkIiA6ICJ2MmFQNDdIQXVTUi1qWmR5U3otNDVDV2RaOFhiWGFBMXNDbWhLbWtJLXRvIn0.eyJleHAiOjE2MTYxODE1NjksImlhdCI6MTYxNjA5NTE2OSwianRpIjoiMGRkM2E4NWEtMTNiMy00MGMwLTllMWMtMjJkZjYzNjBmYmI3IiwiaXNzIjoiaHR0cHM6Ly9zYW5kYm94Lm5lb25vbWljcy5pby9hdXRoL3JlYWxtcy9zYW5kYm94Iiwic3ViIjoiMjE4MDlmM2EtOWJhOS00MDMxLTllM2QtOTdiNTY3Nzc5OWY5IiwidHlwIjoiQmVhcmVyIiwiYXpwIjoiM2QzNWY2MDYtY2Q1Ny00NzRmLTg2NzYtYjc4ZGZiZWFjMzQ1Iiwic2Vzc2lvbl9zdGF0ZSI6IjJlM2E3ZmE0LWU1MTMtNDVmOS04ZjRjLWMxZDllOWQyMWM1YiIsImFjciI6IjEiLCJzY29wZSI6ImJhbnFicmlkZ2VfY2xpZW50Iiwib3JnYW5pemF0aW9uSWQiOiI0MjRhNTc5My01NDQ4LTQ0NjMtODI2YS05NzdhOTc2MTY4NDIiLCJjbGllbnRJZCI6IjNkMzVmNjA2LWNkNTctNDc0Zi04Njc2LWI3OGRmYmVhYzM0NSIsImNsaWVudEhvc3QiOiIxMDMuMjAwLjEwNi4xNzEiLCJja2lkIjoiYmY2NGIzNTktOWFhZC00MjcxLWJjNjItNTFjNDI2NGQyZmQ3IiwiY2xpZW50QWRkcmVzcyI6IjEwMy4yMDAuMTA2LjE3MSJ9.DjowYTtrk8rTOTHr7m16bK1Ohx-elrDRAXnNRYvuFC3SPmx4FUhIGRsuFtICzkilCShpuMk1GAc0wJ7c7ia6xEJGXylet9Jxt4msTdEvp3ACb3bSktIiNdVijTY8JpmnUOEvSNL-iy9MWlwsLLS_InRv1oBH2rofM8w3DujgwiBG_Np1CU2m78d6ZfPQbDjf2Bup8UQ7iK4pHM_diIVXoeRhHcgluAMgw0SfcFxa1VlpjNYrqHmvYkqJZuCJIbxp3UgQD2Q1Cf7b2CULx7XHBXUBWIqWXVMAFUQTWY1wUxTgO81NVNkva_v7JeyeMSfn6LoSkOIbB2cHrT0DtQTJMg]
2021-03-19 00:49:29.525 [main] INFO  stepDefinition.StepDefinitions_API_Test           : Setting Header = [x-device-id] and Value = [anything-different]
2021-03-19 00:49:29.525 [main] INFO  stepDefinition.StepDefinitions_API_Test           : Added :: Header = [x-device-id] and Value = [anything-different]
2021-03-19 00:49:29.526 [main] INFO  stepDefinition.StepDefinitions_API_Test           : Creating session ID for bank ID [anVzdG9iYW5rLnYxSlVTVE5PS0s=] and Device ID [anything-different] for further API testing
2021-03-19 00:49:29.727 [main] INFO  com.neonomics.corelibraries.Session               : Response recieved for getting session ID ::{"sessionId":"8613c2c3-64f5-4aea-b81f-52bba2fcbfcd"}
2021-03-19 00:49:29.733 [main] INFO  stepDefinition.StepDefinitions_API_Test           : Received session ID as [8613c2c3-64f5-4aea-b81f-52bba2fcbfcd]
2021-03-19 00:49:29.734 [main] INFO  stepDefinition.StepDefinitions_API_Test           : Making [GET] request
2021-03-19 00:49:29.947 [main] INFO  stepDefinition.StepDefinitions_API_Test           : Validating response code as [406]
2021-03-19 00:49:29.952 [main] INFO  stepDefinition.StepDefinitions_Functional_Test    : ********************************************************************************************************
2021-03-19 00:49:29.952 [main] INFO  stepDefinition.StepDefinitions_Functional_Test    : --- Execution Started :::: Verify that session API for getting current status works for various combinations
2021-03-19 00:49:29.952 [main] INFO  stepDefinition.StepDefinitions_Functional_Test    : ********************************************************************************************************
2021-03-19 00:49:29.952 [main] INFO  stepDefinition.StepDefinitions_API_Test           : Base URL [https://sandbox.neonomics.io]
2021-03-19 00:49:29.952 [main] INFO  stepDefinition.StepDefinitions_API_Test           : Endpoint path [/ics/v3/session/{sessionId}]
2021-03-19 00:49:29.953 [main] INFO  stepDefinition.StepDefinitions_API_Test           : Setting Header = [Accept] and Value = []
2021-03-19 00:49:29.953 [main] INFO  stepDefinition.StepDefinitions_API_Test           : Added :: Header = [Accept] and Value = []
2021-03-19 00:49:29.953 [main] INFO  stepDefinition.StepDefinitions_API_Test           : Setting Header = [Authorization] and Value = []
2021-03-19 00:49:29.953 [main] INFO  stepDefinition.StepDefinitions_API_Test           : Added :: Header = [Authorization] and Value = []
2021-03-19 00:49:29.953 [main] INFO  stepDefinition.StepDefinitions_API_Test           : Setting Header = [x-device-id] and Value = []
2021-03-19 00:49:29.953 [main] INFO  stepDefinition.StepDefinitions_API_Test           : Added :: Header = [x-device-id] and Value = []
2021-03-19 00:49:29.953 [main] INFO  stepDefinition.StepDefinitions_API_Test           : Creating session ID for bank ID [anVzdG9iYW5rLnYxSlVTVE5PS0s=] and Device ID [] for further API testing
