2021-03-19 00:08:27.634 [main] INFO  stepDefinition.StepDefinitions_Functional_Test - ********************************************************************************************************
2021-03-19 00:08:27.636 [main] INFO  stepDefinition.StepDefinitions_Functional_Test - --- Execution Started :::: Verity that Auth token API works for various combinations
2021-03-19 00:08:27.636 [main] INFO  stepDefinition.StepDefinitions_Functional_Test - ********************************************************************************************************
2021-03-19 00:08:27.734 [main] INFO  stepDefinition.StepDefinitions_API_Test - Base URL [https://sandbox.neonomics.io]
2021-03-19 00:08:27.734 [main] INFO  stepDefinition.StepDefinitions_API_Test - Endpoint path [/auth/realms/sandbox/protocol/openid-connect/token]
2021-03-19 00:08:27.735 [main] INFO  stepDefinition.StepDefinitions_API_Test - Setting Header = [Content-Type] and Value = [application/x-www-form-urlencoded]
2021-03-19 00:08:27.736 [main] INFO  stepDefinition.StepDefinitions_API_Test - Added :: Header = [Content-Type] and Value = [application/x-www-form-urlencoded]
2021-03-19 00:08:27.737 [main] INFO  stepDefinition.StepDefinitions_API_Test - Setting request paramter as Key = [grant_type] and Value = [client_credentials]
2021-03-19 00:08:27.738 [main] INFO  stepDefinition.StepDefinitions_API_Test - Setting request paramter as Key = [client_id] and Value = [valid]
2021-03-19 00:08:27.739 [main] INFO  stepDefinition.StepDefinitions_API_Test - Setting request paramter as Key = [client_secret] and Value = [valid]
2021-03-19 00:08:27.788 [main] INFO  stepDefinition.StepDefinitions_API_Test - Making [POST] request
2021-03-19 00:08:28.721 [main] INFO  stepDefinition.StepDefinitions_API_Test - Validating response code as [200]
2021-03-19 00:08:28.751 [main] INFO  stepDefinition.StepDefinitions_Functional_Test - ********************************************************************************************************
2021-03-19 00:08:28.752 [main] INFO  stepDefinition.StepDefinitions_Functional_Test - --- Execution Started :::: Verity that Auth token API works for various combinations
2021-03-19 00:08:28.752 [main] INFO  stepDefinition.StepDefinitions_Functional_Test - ********************************************************************************************************
2021-03-19 00:08:28.752 [main] INFO  stepDefinition.StepDefinitions_API_Test - Base URL [https://sandbox.neonomics.io]
2021-03-19 00:08:28.753 [main] INFO  stepDefinition.StepDefinitions_API_Test - Endpoint path [/auth/realms/sandbox/protocol/openid-connect/token]
2021-03-19 00:08:28.753 [main] INFO  stepDefinition.StepDefinitions_API_Test - Setting Header = [Content-Type] and Value = [application/json]
2021-03-19 00:08:28.753 [main] INFO  stepDefinition.StepDefinitions_API_Test - Added :: Header = [Content-Type] and Value = [application/json]
2021-03-19 00:08:28.754 [main] INFO  stepDefinition.StepDefinitions_API_Test - Setting request paramter as Key = [grant_type] and Value = [client_credentials]
2021-03-19 00:08:28.754 [main] INFO  stepDefinition.StepDefinitions_API_Test - Setting request paramter as Key = [client_id] and Value = [valid]
2021-03-19 00:08:28.754 [main] INFO  stepDefinition.StepDefinitions_API_Test - Setting request paramter as Key = [client_secret] and Value = [valid]
2021-03-19 00:08:28.755 [main] INFO  stepDefinition.StepDefinitions_API_Test - Making [POST] request
2021-03-19 00:08:29.263 [main] INFO  stepDefinition.StepDefinitions_API_Test - Validating response code as [510]
2021-03-19 00:08:29.440 [main] INFO  stepDefinition.StepDefinitions_Functional_Test - ********************************************************************************************************
2021-03-19 00:08:29.440 [main] INFO  stepDefinition.StepDefinitions_Functional_Test - --- Execution Started :::: Verity that Auth token API works for various combinations
2021-03-19 00:08:29.440 [main] INFO  stepDefinition.StepDefinitions_Functional_Test - ********************************************************************************************************
2021-03-19 00:08:29.441 [main] INFO  stepDefinition.StepDefinitions_API_Test - Base URL [https://sandbox.neonomics.io]
2021-03-19 00:08:29.441 [main] INFO  stepDefinition.StepDefinitions_API_Test - Endpoint path [/auth/realms/sandbox/protocol/openid-connect/token]
2021-03-19 00:08:29.442 [main] INFO  stepDefinition.StepDefinitions_API_Test - Setting Header = [Content-Type] and Value = [application/x-www-form-urlencoded]
2021-03-19 00:08:29.442 [main] INFO  stepDefinition.StepDefinitions_API_Test - Added :: Header = [Content-Type] and Value = [application/x-www-form-urlencoded]
2021-03-19 00:08:29.442 [main] INFO  stepDefinition.StepDefinitions_API_Test - Setting request paramter as Key = [grant_type] and Value = [authorization_code]
2021-03-19 00:08:29.443 [main] INFO  stepDefinition.StepDefinitions_API_Test - Setting request paramter as Key = [client_id] and Value = [valid]
2021-03-19 00:08:29.443 [main] INFO  stepDefinition.StepDefinitions_API_Test - Setting request paramter as Key = [client_secret] and Value = [valid]
2021-03-19 00:08:29.444 [main] INFO  stepDefinition.StepDefinitions_API_Test - Making [POST] request
2021-03-19 00:08:29.890 [main] INFO  stepDefinition.StepDefinitions_API_Test - Validating response code as [510]
2021-03-19 00:08:29.903 [main] INFO  stepDefinition.StepDefinitions_Functional_Test - ********************************************************************************************************
2021-03-19 00:08:29.903 [main] INFO  stepDefinition.StepDefinitions_Functional_Test - --- Execution Started :::: Verity that Auth token API works for various combinations
2021-03-19 00:08:29.903 [main] INFO  stepDefinition.StepDefinitions_Functional_Test - ********************************************************************************************************
2021-03-19 00:08:29.904 [main] INFO  stepDefinition.StepDefinitions_API_Test - Base URL [https://sandbox.neonomics.io]
2021-03-19 00:08:29.904 [main] INFO  stepDefinition.StepDefinitions_API_Test - Endpoint path [/auth/realms/sandbox/protocol/openid-connect/token]
2021-03-19 00:08:29.905 [main] INFO  stepDefinition.StepDefinitions_API_Test - Setting Header = [Content-Type] and Value = [application/x-www-form-urlencoded]
2021-03-19 00:08:29.905 [main] INFO  stepDefinition.StepDefinitions_API_Test - Added :: Header = [Content-Type] and Value = [application/x-www-form-urlencoded]
2021-03-19 00:08:29.906 [main] INFO  stepDefinition.StepDefinitions_API_Test - Setting request paramter as Key = [grant_type] and Value = [client_credentials]
2021-03-19 00:08:29.906 [main] INFO  stepDefinition.StepDefinitions_API_Test - Setting request paramter as Key = [client_id] and Value = [invalid]
2021-03-19 00:08:29.906 [main] INFO  stepDefinition.StepDefinitions_API_Test - Setting request paramter as Key = [client_secret] and Value = [valid]
2021-03-19 00:08:29.907 [main] INFO  stepDefinition.StepDefinitions_API_Test - Making [POST] request
2021-03-19 00:08:30.365 [main] INFO  stepDefinition.StepDefinitions_API_Test - Validating response code as [510]
2021-03-19 00:08:30.376 [main] INFO  stepDefinition.StepDefinitions_Functional_Test - ********************************************************************************************************
2021-03-19 00:08:30.376 [main] INFO  stepDefinition.StepDefinitions_Functional_Test - --- Execution Started :::: Verity that Auth token API works for various combinations
2021-03-19 00:08:30.376 [main] INFO  stepDefinition.StepDefinitions_Functional_Test - ********************************************************************************************************
2021-03-19 00:08:30.377 [main] INFO  stepDefinition.StepDefinitions_API_Test - Base URL [https://sandbox.neonomics.io]
2021-03-19 00:08:30.377 [main] INFO  stepDefinition.StepDefinitions_API_Test - Endpoint path [/auth/realms/sandbox/protocol/openid-connect/token]
2021-03-19 00:08:30.377 [main] INFO  stepDefinition.StepDefinitions_API_Test - Setting Header = [Content-Type] and Value = [application/json]
2021-03-19 00:08:30.378 [main] INFO  stepDefinition.StepDefinitions_API_Test - Added :: Header = [Content-Type] and Value = [application/json]
2021-03-19 00:08:30.379 [main] INFO  stepDefinition.StepDefinitions_API_Test - Setting request paramter as Key = [grant_type] and Value = [client_credentials]
2021-03-19 00:08:30.379 [main] INFO  stepDefinition.StepDefinitions_API_Test - Setting request paramter as Key = [client_id] and Value = [valid]
2021-03-19 00:08:30.379 [main] INFO  stepDefinition.StepDefinitions_API_Test - Setting request paramter as Key = [client_secret] and Value = [invalid]
2021-03-19 00:08:30.380 [main] INFO  stepDefinition.StepDefinitions_API_Test - Making [POST] request
2021-03-19 00:08:30.801 [main] INFO  stepDefinition.StepDefinitions_API_Test - Validating response code as [510]
2021-03-19 00:08:30.810 [main] INFO  stepDefinition.StepDefinitions_Functional_Test - ********************************************************************************************************
2021-03-19 00:08:30.810 [main] INFO  stepDefinition.StepDefinitions_Functional_Test - --- Execution Started :::: Verify that Banks API works for various combinations
2021-03-19 00:08:30.810 [main] INFO  stepDefinition.StepDefinitions_Functional_Test - ********************************************************************************************************
2021-03-19 00:08:30.810 [main] INFO  stepDefinition.StepDefinitions_API_Test - Base URL [https://sandbox.neonomics.io]
2021-03-19 00:08:30.810 [main] INFO  stepDefinition.StepDefinitions_API_Test - Endpoint path [/ics/v3/banks]
2021-03-19 00:08:30.811 [main] INFO  stepDefinition.StepDefinitions_API_Test - Setting Header = [Accept] and Value = [application/json]
2021-03-19 00:08:30.811 [main] INFO  stepDefinition.StepDefinitions_API_Test - Added :: Header = [Accept] and Value = [application/json]
2021-03-19 00:08:30.811 [main] INFO  stepDefinition.StepDefinitions_API_Test - Setting Header = [Authorization] and Value = [Bearer Token]
2021-03-19 00:08:31.326 [main] INFO  com.neonomics.corelibraries.Authorization - Response recieved for auth API ::{"refresh_expires_in":2592000,"expires_in":86400,"session_state":"d9543ecd-70cf-41c1-bd9e-cb7394f4efbf","access_token":"eyJhbGciOiJSUzI1NiIsInR5cCIgOiAiSldUIiwia2lkIiA6ICJ2MmFQNDdIQXVTUi1qWmR5U3otNDVDV2RaOFhiWGFBMXNDbWhLbWtJLXRvIn0.eyJleHAiOjE2MTYxNzkxMTEsImlhdCI6MTYxNjA5MjcxMSwianRpIjoiOWE5OTc3NjktMzBjNy00MTgzLWIwOTQtMzg5YTQzNmFlYjIxIiwiaXNzIjoiaHR0cHM6Ly9zYW5kYm94Lm5lb25vbWljcy5pby9hdXRoL3JlYWxtcy9zYW5kYm94Iiwic3ViIjoiMjE4MDlmM2EtOWJhOS00MDMxLTllM2QtOTdiNTY3Nzc5OWY5IiwidHlwIjoiQmVhcmVyIiwiYXpwIjoiM2QzNWY2MDYtY2Q1Ny00NzRmLTg2NzYtYjc4ZGZiZWFjMzQ1Iiwic2Vzc2lvbl9zdGF0ZSI6ImQ5NTQzZWNkLTcwY2YtNDFjMS1iZDllLWNiNzM5NGY0ZWZiZiIsImFjciI6IjEiLCJzY29wZSI6ImJhbnFicmlkZ2VfY2xpZW50Iiwib3JnYW5pemF0aW9uSWQiOiI0MjRhNTc5My01NDQ4LTQ0NjMtODI2YS05NzdhOTc2MTY4NDIiLCJjbGllbnRJZCI6IjNkMzVmNjA2LWNkNTctNDc0Zi04Njc2LWI3OGRmYmVhYzM0NSIsImNsaWVudEhvc3QiOiIxMDMuMjAwLjEwNi4xNzEiLCJja2lkIjoiYmY2NGIzNTktOWFhZC00MjcxLWJjNjItNTFjNDI2NGQyZmQ3IiwiY2xpZW50QWRkcmVzcyI6IjEwMy4yMDAuMTA2LjE3MSJ9.Jc3b5Bw7eapnGpRX8XkTTDo3eL3tuEZsFAILe-8YTxBX75Fx6OhGOE1H2PKb2NsEVU9N4nHcxYQYkg4jKS7CpVa6oZV33NRBgEk01UOgH0gsHAYX66ekRf3GpqRdC_c00Z66-5r4gIrt4OREIXRez8Tb8kT3nzztDUzPZyuK2gTw4pr0Bn6ODjOhE9eQPYLRMs6OCLLnY4rjH-vvm_FkUx1pZZ85ULh_OQJMpRg5Cexv9gGajgGV1BThnqpGbXFIGysRR3XxflZCRO1wHL7doDHtPHtdqSQnxlczQTS0m8yHE4d_QeCh_6vmIiE2_EyLHmaMNz-DvjuQod6z7qS0Cg","scope":"banqbridge_client","token_type":"bearer","refresh_token":"eyJhbGciOiJIUzI1NiIsInR5cCIgOiAiSldUIiwia2lkIiA6ICIwYTAzNjlhNy0yMTg3LTQ3OWYtOTU4NS02Y2QzYTczZDUxOWYifQ.eyJleHAiOjE2MTg2ODQ3MTEsImlhdCI6MTYxNjA5MjcxMSwianRpIjoiMTcwZmEyZWYtYTFiNC00OGFkLTkzOGMtODcxMGI0YmU5ZTc2IiwiaXNzIjoiaHR0cHM6Ly9zYW5kYm94Lm5lb25vbWljcy5pby9hdXRoL3JlYWxtcy9zYW5kYm94IiwiYXVkIjoiaHR0cHM6Ly9zYW5kYm94Lm5lb25vbWljcy5pby9hdXRoL3JlYWxtcy9zYW5kYm94Iiwic3ViIjoiMjE4MDlmM2EtOWJhOS00MDMxLTllM2QtOTdiNTY3Nzc5OWY5IiwidHlwIjoiUmVmcmVzaCIsImF6cCI6IjNkMzVmNjA2LWNkNTctNDc0Zi04Njc2LWI3OGRmYmVhYzM0NSIsInNlc3Npb25fc3RhdGUiOiJkOTU0M2VjZC03MGNmLTQxYzEtYmQ5ZS1jYjczOTRmNGVmYmYiLCJzY29wZSI6ImJhbnFicmlkZ2VfY2xpZW50In0.cKFTNPCnnrp6NA9VNKTOnIzOSWjZcNlailnN4RZWntg"}
2021-03-19 00:08:31.733 [main] INFO  stepDefinition.StepDefinitions_API_Test - Bearer token :: [Bearer eyJhbGciOiJSUzI1NiIsInR5cCIgOiAiSldUIiwia2lkIiA6ICJ2MmFQNDdIQXVTUi1qWmR5U3otNDVDV2RaOFhiWGFBMXNDbWhLbWtJLXRvIn0.eyJleHAiOjE2MTYxNzkxMTEsImlhdCI6MTYxNjA5MjcxMSwianRpIjoiOWE5OTc3NjktMzBjNy00MTgzLWIwOTQtMzg5YTQzNmFlYjIxIiwiaXNzIjoiaHR0cHM6Ly9zYW5kYm94Lm5lb25vbWljcy5pby9hdXRoL3JlYWxtcy9zYW5kYm94Iiwic3ViIjoiMjE4MDlmM2EtOWJhOS00MDMxLTllM2QtOTdiNTY3Nzc5OWY5IiwidHlwIjoiQmVhcmVyIiwiYXpwIjoiM2QzNWY2MDYtY2Q1Ny00NzRmLTg2NzYtYjc4ZGZiZWFjMzQ1Iiwic2Vzc2lvbl9zdGF0ZSI6ImQ5NTQzZWNkLTcwY2YtNDFjMS1iZDllLWNiNzM5NGY0ZWZiZiIsImFjciI6IjEiLCJzY29wZSI6ImJhbnFicmlkZ2VfY2xpZW50Iiwib3JnYW5pemF0aW9uSWQiOiI0MjRhNTc5My01NDQ4LTQ0NjMtODI2YS05NzdhOTc2MTY4NDIiLCJjbGllbnRJZCI6IjNkMzVmNjA2LWNkNTctNDc0Zi04Njc2LWI3OGRmYmVhYzM0NSIsImNsaWVudEhvc3QiOiIxMDMuMjAwLjEwNi4xNzEiLCJja2lkIjoiYmY2NGIzNTktOWFhZC00MjcxLWJjNjItNTFjNDI2NGQyZmQ3IiwiY2xpZW50QWRkcmVzcyI6IjEwMy4yMDAuMTA2LjE3MSJ9.Jc3b5Bw7eapnGpRX8XkTTDo3eL3tuEZsFAILe-8YTxBX75Fx6OhGOE1H2PKb2NsEVU9N4nHcxYQYkg4jKS7CpVa6oZV33NRBgEk01UOgH0gsHAYX66ekRf3GpqRdC_c00Z66-5r4gIrt4OREIXRez8Tb8kT3nzztDUzPZyuK2gTw4pr0Bn6ODjOhE9eQPYLRMs6OCLLnY4rjH-vvm_FkUx1pZZ85ULh_OQJMpRg5Cexv9gGajgGV1BThnqpGbXFIGysRR3XxflZCRO1wHL7doDHtPHtdqSQnxlczQTS0m8yHE4d_QeCh_6vmIiE2_EyLHmaMNz-DvjuQod6z7qS0Cg]
2021-03-19 00:08:31.733 [main] INFO  stepDefinition.StepDefinitions_API_Test - Added :: Header = [Authorization] and Value = [Bearer eyJhbGciOiJSUzI1NiIsInR5cCIgOiAiSldUIiwia2lkIiA6ICJ2MmFQNDdIQXVTUi1qWmR5U3otNDVDV2RaOFhiWGFBMXNDbWhLbWtJLXRvIn0.eyJleHAiOjE2MTYxNzkxMTEsImlhdCI6MTYxNjA5MjcxMSwianRpIjoiOWE5OTc3NjktMzBjNy00MTgzLWIwOTQtMzg5YTQzNmFlYjIxIiwiaXNzIjoiaHR0cHM6Ly9zYW5kYm94Lm5lb25vbWljcy5pby9hdXRoL3JlYWxtcy9zYW5kYm94Iiwic3ViIjoiMjE4MDlmM2EtOWJhOS00MDMxLTllM2QtOTdiNTY3Nzc5OWY5IiwidHlwIjoiQmVhcmVyIiwiYXpwIjoiM2QzNWY2MDYtY2Q1Ny00NzRmLTg2NzYtYjc4ZGZiZWFjMzQ1Iiwic2Vzc2lvbl9zdGF0ZSI6ImQ5NTQzZWNkLTcwY2YtNDFjMS1iZDllLWNiNzM5NGY0ZWZiZiIsImFjciI6IjEiLCJzY29wZSI6ImJhbnFicmlkZ2VfY2xpZW50Iiwib3JnYW5pemF0aW9uSWQiOiI0MjRhNTc5My01NDQ4LTQ0NjMtODI2YS05NzdhOTc2MTY4NDIiLCJjbGllbnRJZCI6IjNkMzVmNjA2LWNkNTctNDc0Zi04Njc2LWI3OGRmYmVhYzM0NSIsImNsaWVudEhvc3QiOiIxMDMuMjAwLjEwNi4xNzEiLCJja2lkIjoiYmY2NGIzNTktOWFhZC00MjcxLWJjNjItNTFjNDI2NGQyZmQ3IiwiY2xpZW50QWRkcmVzcyI6IjEwMy4yMDAuMTA2LjE3MSJ9.Jc3b5Bw7eapnGpRX8XkTTDo3eL3tuEZsFAILe-8YTxBX75Fx6OhGOE1H2PKb2NsEVU9N4nHcxYQYkg4jKS7CpVa6oZV33NRBgEk01UOgH0gsHAYX66ekRf3GpqRdC_c00Z66-5r4gIrt4OREIXRez8Tb8kT3nzztDUzPZyuK2gTw4pr0Bn6ODjOhE9eQPYLRMs6OCLLnY4rjH-vvm_FkUx1pZZ85ULh_OQJMpRg5Cexv9gGajgGV1BThnqpGbXFIGysRR3XxflZCRO1wHL7doDHtPHtdqSQnxlczQTS0m8yHE4d_QeCh_6vmIiE2_EyLHmaMNz-DvjuQod6z7qS0Cg]
2021-03-19 00:08:31.734 [main] INFO  stepDefinition.StepDefinitions_API_Test - Setting Header = [x-device-id] and Value = [example_id_for_quickstart]
2021-03-19 00:08:31.734 [main] INFO  stepDefinition.StepDefinitions_API_Test - Added :: Header = [x-device-id] and Value = [example_id_for_quickstart]
2021-03-19 00:08:31.735 [main] INFO  stepDefinition.StepDefinitions_API_Test - Making [GET] request
2021-03-19 00:08:31.962 [main] INFO  stepDefinition.StepDefinitions_API_Test - Validating response code as [200]
2021-03-19 00:08:31.980 [main] INFO  stepDefinition.StepDefinitions_Functional_Test - ********************************************************************************************************
2021-03-19 00:08:31.980 [main] INFO  stepDefinition.StepDefinitions_Functional_Test - --- Execution Started :::: Verify that Banks API works for various combinations
2021-03-19 00:08:31.980 [main] INFO  stepDefinition.StepDefinitions_Functional_Test - ********************************************************************************************************
2021-03-19 00:08:31.981 [main] INFO  stepDefinition.StepDefinitions_API_Test - Base URL [https://sandbox.neonomics.io]
2021-03-19 00:08:31.981 [main] INFO  stepDefinition.StepDefinitions_API_Test - Endpoint path [/ics/v3/banksss]
2021-03-19 00:08:31.982 [main] INFO  stepDefinition.StepDefinitions_API_Test - Setting Header = [Accept] and Value = [application/json]
2021-03-19 00:08:31.982 [main] INFO  stepDefinition.StepDefinitions_API_Test - Added :: Header = [Accept] and Value = [application/json]
2021-03-19 00:08:31.982 [main] INFO  stepDefinition.StepDefinitions_API_Test - Setting Header = [Authorization] and Value = [Bearer Token]
2021-03-19 00:08:32.198 [main] INFO  com.neonomics.corelibraries.Authorization - Response recieved for auth API ::{"refresh_expires_in":2592000,"expires_in":86400,"session_state":"04ff014a-ed2f-4fdb-a240-40cda1453a8b","access_token":"eyJhbGciOiJSUzI1NiIsInR5cCIgOiAiSldUIiwia2lkIiA6ICJ2MmFQNDdIQXVTUi1qWmR5U3otNDVDV2RaOFhiWGFBMXNDbWhLbWtJLXRvIn0.eyJleHAiOjE2MTYxNzkxMTIsImlhdCI6MTYxNjA5MjcxMiwianRpIjoiMTE3N2VhNWItNTE1Yi00ZjdjLWFmOTMtZDY3NWM5ZTI1ODJiIiwiaXNzIjoiaHR0cHM6Ly9zYW5kYm94Lm5lb25vbWljcy5pby9hdXRoL3JlYWxtcy9zYW5kYm94Iiwic3ViIjoiMjE4MDlmM2EtOWJhOS00MDMxLTllM2QtOTdiNTY3Nzc5OWY5IiwidHlwIjoiQmVhcmVyIiwiYXpwIjoiM2QzNWY2MDYtY2Q1Ny00NzRmLTg2NzYtYjc4ZGZiZWFjMzQ1Iiwic2Vzc2lvbl9zdGF0ZSI6IjA0ZmYwMTRhLWVkMmYtNGZkYi1hMjQwLTQwY2RhMTQ1M2E4YiIsImFjciI6IjEiLCJzY29wZSI6ImJhbnFicmlkZ2VfY2xpZW50Iiwib3JnYW5pemF0aW9uSWQiOiI0MjRhNTc5My01NDQ4LTQ0NjMtODI2YS05NzdhOTc2MTY4NDIiLCJjbGllbnRJZCI6IjNkMzVmNjA2LWNkNTctNDc0Zi04Njc2LWI3OGRmYmVhYzM0NSIsImNsaWVudEhvc3QiOiIxMDMuMjAwLjEwNi4xNzEiLCJja2lkIjoiYmY2NGIzNTktOWFhZC00MjcxLWJjNjItNTFjNDI2NGQyZmQ3IiwiY2xpZW50QWRkcmVzcyI6IjEwMy4yMDAuMTA2LjE3MSJ9.L2gk-B5obQD_dsfWh8bLgHMZo_tD2dKY-fOcWxAxdqDvBfrFCCPx-yYwIxMIQou04DFQjwFTWq2BrmsTInWxqUM9FnWdO9ixvo9KHVZwEcZcypnREij5u2Oob24bpHNCyFkDQ-YPGZxHtWQdVv9_kA8WTs84-Xzj9bVcaGvbhnddCDrY4qET6rDSsSUWW4KDQPCEB4NPSI_E6Ow9G9nmfMfx0LsjtZRAOa7mg-9GPN7BlUvyTnlVhEp2vV4Ai8iz701YluW3148pCD09Ik1D-W0Wq1SYfcDC4dGWJBCk1c-9UJT9rHa9q2hpAmM890O3qtYkPN2uI0u1RXmeFfSx5w","scope":"banqbridge_client","token_type":"bearer","refresh_token":"eyJhbGciOiJIUzI1NiIsInR5cCIgOiAiSldUIiwia2lkIiA6ICIwYTAzNjlhNy0yMTg3LTQ3OWYtOTU4NS02Y2QzYTczZDUxOWYifQ.eyJleHAiOjE2MTg2ODQ3MTIsImlhdCI6MTYxNjA5MjcxMiwianRpIjoiY2ZkYTNhMWUtMzQ0Yy00NzkzLWJlZjgtM2QwZTUxMDk5OTlmIiwiaXNzIjoiaHR0cHM6Ly9zYW5kYm94Lm5lb25vbWljcy5pby9hdXRoL3JlYWxtcy9zYW5kYm94IiwiYXVkIjoiaHR0cHM6Ly9zYW5kYm94Lm5lb25vbWljcy5pby9hdXRoL3JlYWxtcy9zYW5kYm94Iiwic3ViIjoiMjE4MDlmM2EtOWJhOS00MDMxLTllM2QtOTdiNTY3Nzc5OWY5IiwidHlwIjoiUmVmcmVzaCIsImF6cCI6IjNkMzVmNjA2LWNkNTctNDc0Zi04Njc2LWI3OGRmYmVhYzM0NSIsInNlc3Npb25fc3RhdGUiOiIwNGZmMDE0YS1lZDJmLTRmZGItYTI0MC00MGNkYTE0NTNhOGIiLCJzY29wZSI6ImJhbnFicmlkZ2VfY2xpZW50In0.9WipHpJRDBAgvaGCCrKKvVlngfgTZb5jJBXFUQlRfKo"}
2021-03-19 00:08:32.229 [main] INFO  stepDefinition.StepDefinitions_API_Test - Bearer token :: [Bearer eyJhbGciOiJSUzI1NiIsInR5cCIgOiAiSldUIiwia2lkIiA6ICJ2MmFQNDdIQXVTUi1qWmR5U3otNDVDV2RaOFhiWGFBMXNDbWhLbWtJLXRvIn0.eyJleHAiOjE2MTYxNzkxMTIsImlhdCI6MTYxNjA5MjcxMiwianRpIjoiMTE3N2VhNWItNTE1Yi00ZjdjLWFmOTMtZDY3NWM5ZTI1ODJiIiwiaXNzIjoiaHR0cHM6Ly9zYW5kYm94Lm5lb25vbWljcy5pby9hdXRoL3JlYWxtcy9zYW5kYm94Iiwic3ViIjoiMjE4MDlmM2EtOWJhOS00MDMxLTllM2QtOTdiNTY3Nzc5OWY5IiwidHlwIjoiQmVhcmVyIiwiYXpwIjoiM2QzNWY2MDYtY2Q1Ny00NzRmLTg2NzYtYjc4ZGZiZWFjMzQ1Iiwic2Vzc2lvbl9zdGF0ZSI6IjA0ZmYwMTRhLWVkMmYtNGZkYi1hMjQwLTQwY2RhMTQ1M2E4YiIsImFjciI6IjEiLCJzY29wZSI6ImJhbnFicmlkZ2VfY2xpZW50Iiwib3JnYW5pemF0aW9uSWQiOiI0MjRhNTc5My01NDQ4LTQ0NjMtODI2YS05NzdhOTc2MTY4NDIiLCJjbGllbnRJZCI6IjNkMzVmNjA2LWNkNTctNDc0Zi04Njc2LWI3OGRmYmVhYzM0NSIsImNsaWVudEhvc3QiOiIxMDMuMjAwLjEwNi4xNzEiLCJja2lkIjoiYmY2NGIzNTktOWFhZC00MjcxLWJjNjItNTFjNDI2NGQyZmQ3IiwiY2xpZW50QWRkcmVzcyI6IjEwMy4yMDAuMTA2LjE3MSJ9.L2gk-B5obQD_dsfWh8bLgHMZo_tD2dKY-fOcWxAxdqDvBfrFCCPx-yYwIxMIQou04DFQjwFTWq2BrmsTInWxqUM9FnWdO9ixvo9KHVZwEcZcypnREij5u2Oob24bpHNCyFkDQ-YPGZxHtWQdVv9_kA8WTs84-Xzj9bVcaGvbhnddCDrY4qET6rDSsSUWW4KDQPCEB4NPSI_E6Ow9G9nmfMfx0LsjtZRAOa7mg-9GPN7BlUvyTnlVhEp2vV4Ai8iz701YluW3148pCD09Ik1D-W0Wq1SYfcDC4dGWJBCk1c-9UJT9rHa9q2hpAmM890O3qtYkPN2uI0u1RXmeFfSx5w]
2021-03-19 00:08:32.230 [main] INFO  stepDefinition.StepDefinitions_API_Test - Added :: Header = [Authorization] and Value = [Bearer eyJhbGciOiJSUzI1NiIsInR5cCIgOiAiSldUIiwia2lkIiA6ICJ2MmFQNDdIQXVTUi1qWmR5U3otNDVDV2RaOFhiWGFBMXNDbWhLbWtJLXRvIn0.eyJleHAiOjE2MTYxNzkxMTIsImlhdCI6MTYxNjA5MjcxMiwianRpIjoiMTE3N2VhNWItNTE1Yi00ZjdjLWFmOTMtZDY3NWM5ZTI1ODJiIiwiaXNzIjoiaHR0cHM6Ly9zYW5kYm94Lm5lb25vbWljcy5pby9hdXRoL3JlYWxtcy9zYW5kYm94Iiwic3ViIjoiMjE4MDlmM2EtOWJhOS00MDMxLTllM2QtOTdiNTY3Nzc5OWY5IiwidHlwIjoiQmVhcmVyIiwiYXpwIjoiM2QzNWY2MDYtY2Q1Ny00NzRmLTg2NzYtYjc4ZGZiZWFjMzQ1Iiwic2Vzc2lvbl9zdGF0ZSI6IjA0ZmYwMTRhLWVkMmYtNGZkYi1hMjQwLTQwY2RhMTQ1M2E4YiIsImFjciI6IjEiLCJzY29wZSI6ImJhbnFicmlkZ2VfY2xpZW50Iiwib3JnYW5pemF0aW9uSWQiOiI0MjRhNTc5My01NDQ4LTQ0NjMtODI2YS05NzdhOTc2MTY4NDIiLCJjbGllbnRJZCI6IjNkMzVmNjA2LWNkNTctNDc0Zi04Njc2LWI3OGRmYmVhYzM0NSIsImNsaWVudEhvc3QiOiIxMDMuMjAwLjEwNi4xNzEiLCJja2lkIjoiYmY2NGIzNTktOWFhZC00MjcxLWJjNjItNTFjNDI2NGQyZmQ3IiwiY2xpZW50QWRkcmVzcyI6IjEwMy4yMDAuMTA2LjE3MSJ9.L2gk-B5obQD_dsfWh8bLgHMZo_tD2dKY-fOcWxAxdqDvBfrFCCPx-yYwIxMIQou04DFQjwFTWq2BrmsTInWxqUM9FnWdO9ixvo9KHVZwEcZcypnREij5u2Oob24bpHNCyFkDQ-YPGZxHtWQdVv9_kA8WTs84-Xzj9bVcaGvbhnddCDrY4qET6rDSsSUWW4KDQPCEB4NPSI_E6Ow9G9nmfMfx0LsjtZRAOa7mg-9GPN7BlUvyTnlVhEp2vV4Ai8iz701YluW3148pCD09Ik1D-W0Wq1SYfcDC4dGWJBCk1c-9UJT9rHa9q2hpAmM890O3qtYkPN2uI0u1RXmeFfSx5w]
2021-03-19 00:08:32.230 [main] INFO  stepDefinition.StepDefinitions_API_Test - Setting Header = [x-device-id] and Value = [example_id_for_quickstart]
2021-03-19 00:08:32.230 [main] INFO  stepDefinition.StepDefinitions_API_Test - Added :: Header = [x-device-id] and Value = [example_id_for_quickstart]
2021-03-19 00:08:32.231 [main] INFO  stepDefinition.StepDefinitions_API_Test - Making [GET] request
2021-03-19 00:08:32.433 [main] INFO  stepDefinition.StepDefinitions_API_Test - Validating response code as [510]
2021-03-19 00:08:32.442 [main] INFO  stepDefinition.StepDefinitions_Functional_Test - ********************************************************************************************************
2021-03-19 00:08:32.442 [main] INFO  stepDefinition.StepDefinitions_Functional_Test - --- Execution Started :::: Verify that Banks API works for various combinations
2021-03-19 00:08:32.442 [main] INFO  stepDefinition.StepDefinitions_Functional_Test - ********************************************************************************************************
2021-03-19 00:08:32.443 [main] INFO  stepDefinition.StepDefinitions_API_Test - Base URL [https://sandbox.neonomics.io]
2021-03-19 00:08:32.443 [main] INFO  stepDefinition.StepDefinitions_API_Test - Endpoint path [/ics/v3/banks]
2021-03-19 00:08:32.443 [main] INFO  stepDefinition.StepDefinitions_API_Test - Setting Header = [Accept] and Value = [application/json]
2021-03-19 00:08:32.443 [main] INFO  stepDefinition.StepDefinitions_API_Test - Added :: Header = [Accept] and Value = [application/json]
2021-03-19 00:08:32.443 [main] INFO  stepDefinition.StepDefinitions_API_Test - Setting Header = [Authorization] and Value = []
2021-03-19 00:08:32.443 [main] INFO  stepDefinition.StepDefinitions_API_Test - Added :: Header = [Authorization] and Value = []
2021-03-19 00:08:32.443 [main] INFO  stepDefinition.StepDefinitions_API_Test - Setting Header = [x-device-id] and Value = []
2021-03-19 00:08:32.443 [main] INFO  stepDefinition.StepDefinitions_API_Test - Added :: Header = [x-device-id] and Value = []
2021-03-19 00:08:32.444 [main] INFO  stepDefinition.StepDefinitions_API_Test - Making [GET] request
2021-03-19 00:08:32.672 [main] INFO  stepDefinition.StepDefinitions_API_Test - Validating response code as [510]
2021-03-19 00:08:32.680 [main] INFO  stepDefinition.StepDefinitions_Functional_Test - ********************************************************************************************************
2021-03-19 00:08:32.680 [main] INFO  stepDefinition.StepDefinitions_Functional_Test - --- Execution Started :::: Verify that Banks API works for various combinations
2021-03-19 00:08:32.680 [main] INFO  stepDefinition.StepDefinitions_Functional_Test - ********************************************************************************************************
2021-03-19 00:08:32.681 [main] INFO  stepDefinition.StepDefinitions_API_Test - Base URL [https://sandbox.neonomics.io]
2021-03-19 00:08:32.681 [main] INFO  stepDefinition.StepDefinitions_API_Test - Endpoint path [/ics/v3/banks]
2021-03-19 00:08:32.681 [main] INFO  stepDefinition.StepDefinitions_API_Test - Setting Header = [Accept] and Value = [application/x-www-form-urlencoded]
2021-03-19 00:08:32.681 [main] INFO  stepDefinition.StepDefinitions_API_Test - Added :: Header = [Accept] and Value = [application/x-www-form-urlencoded]
2021-03-19 00:08:32.681 [main] INFO  stepDefinition.StepDefinitions_API_Test - Setting Header = [Authorization] and Value = [Bearer Token]
2021-03-19 00:08:33.038 [main] INFO  com.neonomics.corelibraries.Authorization - Response recieved for auth API ::{"refresh_expires_in":2592000,"expires_in":86400,"session_state":"49246441-c9df-4141-8946-01ef6b512df9","access_token":"eyJhbGciOiJSUzI1NiIsInR5cCIgOiAiSldUIiwia2lkIiA6ICJ2MmFQNDdIQXVTUi1qWmR5U3otNDVDV2RaOFhiWGFBMXNDbWhLbWtJLXRvIn0.eyJleHAiOjE2MTYxNzkxMTMsImlhdCI6MTYxNjA5MjcxMywianRpIjoiZmI4Zjc4ZGYtZTczNi00NTI0LWJlNzItOTIzMjk3NTM4MzVhIiwiaXNzIjoiaHR0cHM6Ly9zYW5kYm94Lm5lb25vbWljcy5pby9hdXRoL3JlYWxtcy9zYW5kYm94Iiwic3ViIjoiMjE4MDlmM2EtOWJhOS00MDMxLTllM2QtOTdiNTY3Nzc5OWY5IiwidHlwIjoiQmVhcmVyIiwiYXpwIjoiM2QzNWY2MDYtY2Q1Ny00NzRmLTg2NzYtYjc4ZGZiZWFjMzQ1Iiwic2Vzc2lvbl9zdGF0ZSI6IjQ5MjQ2NDQxLWM5ZGYtNDE0MS04OTQ2LTAxZWY2YjUxMmRmOSIsImFjciI6IjEiLCJzY29wZSI6ImJhbnFicmlkZ2VfY2xpZW50Iiwib3JnYW5pemF0aW9uSWQiOiI0MjRhNTc5My01NDQ4LTQ0NjMtODI2YS05NzdhOTc2MTY4NDIiLCJjbGllbnRJZCI6IjNkMzVmNjA2LWNkNTctNDc0Zi04Njc2LWI3OGRmYmVhYzM0NSIsImNsaWVudEhvc3QiOiIxMDMuMjAwLjEwNi4xNzEiLCJja2lkIjoiYmY2NGIzNTktOWFhZC00MjcxLWJjNjItNTFjNDI2NGQyZmQ3IiwiY2xpZW50QWRkcmVzcyI6IjEwMy4yMDAuMTA2LjE3MSJ9.GXIp4t_86BK45mcUuZ-0w11RFkbx8wJxAwRQO9T4eNCf8E_6DVLe2l0UB1gqHeenTl_NMtGjCqzrddi1qP1JuI18gqA-UIUW_Aj-2pViY1zJUOeEPQuoFKie4f_IAEnendmQskAfpKT8sZjgBlvKTcAzKiz9dY-1brphbwlOALTfXp5TqsIWBSLnR74ygeKV5oBbrdoFUtb6G3YhAfa7lsFTTBybJiNVxBZcD6uXZc1-WTuf2coo_NFrs8XQGBKzeoO9vASiyGieNPowFN0jS-MLW2TiLKp8pgFbPitcZpkz_eDs-VY-BkxwGt82xT3RCjSR5i--ag84VnaanL4jsA","scope":"banqbridge_client","token_type":"bearer","refresh_token":"eyJhbGciOiJIUzI1NiIsInR5cCIgOiAiSldUIiwia2lkIiA6ICIwYTAzNjlhNy0yMTg3LTQ3OWYtOTU4NS02Y2QzYTczZDUxOWYifQ.eyJleHAiOjE2MTg2ODQ3MTMsImlhdCI6MTYxNjA5MjcxMywianRpIjoiYThiZDExMGEtMzFiYy00NTE3LWE1MjctZmRmOGYyMTU4YzNiIiwiaXNzIjoiaHR0cHM6Ly9zYW5kYm94Lm5lb25vbWljcy5pby9hdXRoL3JlYWxtcy9zYW5kYm94IiwiYXVkIjoiaHR0cHM6Ly9zYW5kYm94Lm5lb25vbWljcy5pby9hdXRoL3JlYWxtcy9zYW5kYm94Iiwic3ViIjoiMjE4MDlmM2EtOWJhOS00MDMxLTllM2QtOTdiNTY3Nzc5OWY5IiwidHlwIjoiUmVmcmVzaCIsImF6cCI6IjNkMzVmNjA2LWNkNTctNDc0Zi04Njc2LWI3OGRmYmVhYzM0NSIsInNlc3Npb25fc3RhdGUiOiI0OTI0NjQ0MS1jOWRmLTQxNDEtODk0Ni0wMWVmNmI1MTJkZjkiLCJzY29wZSI6ImJhbnFicmlkZ2VfY2xpZW50In0.qypO5gxn0pdfcsO_WOeXk3ysm866fnFUZppz-UAWGq8"}
2021-03-19 00:08:33.072 [main] INFO  stepDefinition.StepDefinitions_API_Test - Bearer token :: [Bearer eyJhbGciOiJSUzI1NiIsInR5cCIgOiAiSldUIiwia2lkIiA6ICJ2MmFQNDdIQXVTUi1qWmR5U3otNDVDV2RaOFhiWGFBMXNDbWhLbWtJLXRvIn0.eyJleHAiOjE2MTYxNzkxMTMsImlhdCI6MTYxNjA5MjcxMywianRpIjoiZmI4Zjc4ZGYtZTczNi00NTI0LWJlNzItOTIzMjk3NTM4MzVhIiwiaXNzIjoiaHR0cHM6Ly9zYW5kYm94Lm5lb25vbWljcy5pby9hdXRoL3JlYWxtcy9zYW5kYm94Iiwic3ViIjoiMjE4MDlmM2EtOWJhOS00MDMxLTllM2QtOTdiNTY3Nzc5OWY5IiwidHlwIjoiQmVhcmVyIiwiYXpwIjoiM2QzNWY2MDYtY2Q1Ny00NzRmLTg2NzYtYjc4ZGZiZWFjMzQ1Iiwic2Vzc2lvbl9zdGF0ZSI6IjQ5MjQ2NDQxLWM5ZGYtNDE0MS04OTQ2LTAxZWY2YjUxMmRmOSIsImFjciI6IjEiLCJzY29wZSI6ImJhbnFicmlkZ2VfY2xpZW50Iiwib3JnYW5pemF0aW9uSWQiOiI0MjRhNTc5My01NDQ4LTQ0NjMtODI2YS05NzdhOTc2MTY4NDIiLCJjbGllbnRJZCI6IjNkMzVmNjA2LWNkNTctNDc0Zi04Njc2LWI3OGRmYmVhYzM0NSIsImNsaWVudEhvc3QiOiIxMDMuMjAwLjEwNi4xNzEiLCJja2lkIjoiYmY2NGIzNTktOWFhZC00MjcxLWJjNjItNTFjNDI2NGQyZmQ3IiwiY2xpZW50QWRkcmVzcyI6IjEwMy4yMDAuMTA2LjE3MSJ9.GXIp4t_86BK45mcUuZ-0w11RFkbx8wJxAwRQO9T4eNCf8E_6DVLe2l0UB1gqHeenTl_NMtGjCqzrddi1qP1JuI18gqA-UIUW_Aj-2pViY1zJUOeEPQuoFKie4f_IAEnendmQskAfpKT8sZjgBlvKTcAzKiz9dY-1brphbwlOALTfXp5TqsIWBSLnR74ygeKV5oBbrdoFUtb6G3YhAfa7lsFTTBybJiNVxBZcD6uXZc1-WTuf2coo_NFrs8XQGBKzeoO9vASiyGieNPowFN0jS-MLW2TiLKp8pgFbPitcZpkz_eDs-VY-BkxwGt82xT3RCjSR5i--ag84VnaanL4jsA]
2021-03-19 00:08:33.072 [main] INFO  stepDefinition.StepDefinitions_API_Test - Added :: Header = [Authorization] and Value = [Bearer eyJhbGciOiJSUzI1NiIsInR5cCIgOiAiSldUIiwia2lkIiA6ICJ2MmFQNDdIQXVTUi1qWmR5U3otNDVDV2RaOFhiWGFBMXNDbWhLbWtJLXRvIn0.eyJleHAiOjE2MTYxNzkxMTMsImlhdCI6MTYxNjA5MjcxMywianRpIjoiZmI4Zjc4ZGYtZTczNi00NTI0LWJlNzItOTIzMjk3NTM4MzVhIiwiaXNzIjoiaHR0cHM6Ly9zYW5kYm94Lm5lb25vbWljcy5pby9hdXRoL3JlYWxtcy9zYW5kYm94Iiwic3ViIjoiMjE4MDlmM2EtOWJhOS00MDMxLTllM2QtOTdiNTY3Nzc5OWY5IiwidHlwIjoiQmVhcmVyIiwiYXpwIjoiM2QzNWY2MDYtY2Q1Ny00NzRmLTg2NzYtYjc4ZGZiZWFjMzQ1Iiwic2Vzc2lvbl9zdGF0ZSI6IjQ5MjQ2NDQxLWM5ZGYtNDE0MS04OTQ2LTAxZWY2YjUxMmRmOSIsImFjciI6IjEiLCJzY29wZSI6ImJhbnFicmlkZ2VfY2xpZW50Iiwib3JnYW5pemF0aW9uSWQiOiI0MjRhNTc5My01NDQ4LTQ0NjMtODI2YS05NzdhOTc2MTY4NDIiLCJjbGllbnRJZCI6IjNkMzVmNjA2LWNkNTctNDc0Zi04Njc2LWI3OGRmYmVhYzM0NSIsImNsaWVudEhvc3QiOiIxMDMuMjAwLjEwNi4xNzEiLCJja2lkIjoiYmY2NGIzNTktOWFhZC00MjcxLWJjNjItNTFjNDI2NGQyZmQ3IiwiY2xpZW50QWRkcmVzcyI6IjEwMy4yMDAuMTA2LjE3MSJ9.GXIp4t_86BK45mcUuZ-0w11RFkbx8wJxAwRQO9T4eNCf8E_6DVLe2l0UB1gqHeenTl_NMtGjCqzrddi1qP1JuI18gqA-UIUW_Aj-2pViY1zJUOeEPQuoFKie4f_IAEnendmQskAfpKT8sZjgBlvKTcAzKiz9dY-1brphbwlOALTfXp5TqsIWBSLnR74ygeKV5oBbrdoFUtb6G3YhAfa7lsFTTBybJiNVxBZcD6uXZc1-WTuf2coo_NFrs8XQGBKzeoO9vASiyGieNPowFN0jS-MLW2TiLKp8pgFbPitcZpkz_eDs-VY-BkxwGt82xT3RCjSR5i--ag84VnaanL4jsA]
2021-03-19 00:08:33.073 [main] INFO  stepDefinition.StepDefinitions_API_Test - Setting Header = [x-device-id] and Value = [anything-different]
2021-03-19 00:08:33.073 [main] INFO  stepDefinition.StepDefinitions_API_Test - Added :: Header = [x-device-id] and Value = [anything-different]
2021-03-19 00:08:33.074 [main] INFO  stepDefinition.StepDefinitions_API_Test - Making [GET] request
2021-03-19 00:08:33.444 [main] INFO  stepDefinition.StepDefinitions_API_Test - Validating response code as [406]
2021-03-19 00:08:33.450 [main] INFO  stepDefinition.StepDefinitions_Functional_Test - ********************************************************************************************************
2021-03-19 00:08:33.451 [main] INFO  stepDefinition.StepDefinitions_Functional_Test - --- Execution Started :::: Verify that Banks API works for various combinations
2021-03-19 00:08:33.451 [main] INFO  stepDefinition.StepDefinitions_Functional_Test - ********************************************************************************************************
2021-03-19 00:08:33.452 [main] INFO  stepDefinition.StepDefinitions_API_Test - Base URL [https://sandbox.neonomics.io]
2021-03-19 00:08:33.452 [main] INFO  stepDefinition.StepDefinitions_API_Test - Endpoint path [/ics/v3/banks]
2021-03-19 00:08:33.452 [main] INFO  stepDefinition.StepDefinitions_API_Test - Setting Header = [Accept] and Value = []
2021-03-19 00:08:33.452 [main] INFO  stepDefinition.StepDefinitions_API_Test - Added :: Header = [Accept] and Value = []
2021-03-19 00:08:33.453 [main] INFO  stepDefinition.StepDefinitions_API_Test - Setting Header = [Authorization] and Value = []
2021-03-19 00:08:33.453 [main] INFO  stepDefinition.StepDefinitions_API_Test - Added :: Header = [Authorization] and Value = []
2021-03-19 00:08:33.453 [main] INFO  stepDefinition.StepDefinitions_API_Test - Setting Header = [x-device-id] and Value = []
2021-03-19 00:08:33.453 [main] INFO  stepDefinition.StepDefinitions_API_Test - Added :: Header = [x-device-id] and Value = []
2021-03-19 00:08:33.454 [main] INFO  stepDefinition.StepDefinitions_API_Test - Making [GET] request
2021-03-19 00:08:33.670 [main] INFO  stepDefinition.StepDefinitions_API_Test - Validating response code as [510]
2021-03-19 00:08:33.678 [main] INFO  stepDefinition.StepDefinitions_Functional_Test - ********************************************************************************************************
2021-03-19 00:08:33.678 [main] INFO  stepDefinition.StepDefinitions_Functional_Test - --- Execution Started :::: Verify that session API works to create new session for various combinations
2021-03-19 00:08:33.678 [main] INFO  stepDefinition.StepDefinitions_Functional_Test - ********************************************************************************************************
2021-03-19 00:08:33.679 [main] INFO  stepDefinition.StepDefinitions_API_Test - Base URL [https://sandbox.neonomics.io]
2021-03-19 00:08:33.679 [main] INFO  stepDefinition.StepDefinitions_API_Test - Endpoint path [/ics/v3/session]
2021-03-19 00:08:33.679 [main] INFO  stepDefinition.StepDefinitions_API_Test - Setting Header = [Content-Type] and Value = [application/json]
2021-03-19 00:08:33.680 [main] INFO  stepDefinition.StepDefinitions_API_Test - Added :: Header = [Content-Type] and Value = [application/json]
2021-03-19 00:08:33.680 [main] INFO  stepDefinition.StepDefinitions_API_Test - Setting Header = [Authorization] and Value = [Bearer Token]
2021-03-19 00:08:33.979 [main] INFO  com.neonomics.corelibraries.Authorization - Response recieved for auth API ::{"refresh_expires_in":2592000,"expires_in":86400,"session_state":"754c8212-89ad-4c59-9dea-32d6f7e4f2a1","access_token":"eyJhbGciOiJSUzI1NiIsInR5cCIgOiAiSldUIiwia2lkIiA6ICJ2MmFQNDdIQXVTUi1qWmR5U3otNDVDV2RaOFhiWGFBMXNDbWhLbWtJLXRvIn0.eyJleHAiOjE2MTYxNzkxMTQsImlhdCI6MTYxNjA5MjcxNCwianRpIjoiNjc4ZTk0MjYtY2JmNy00OWVlLTgwODEtNmViMTIyZTNhOTY0IiwiaXNzIjoiaHR0cHM6Ly9zYW5kYm94Lm5lb25vbWljcy5pby9hdXRoL3JlYWxtcy9zYW5kYm94Iiwic3ViIjoiMjE4MDlmM2EtOWJhOS00MDMxLTllM2QtOTdiNTY3Nzc5OWY5IiwidHlwIjoiQmVhcmVyIiwiYXpwIjoiM2QzNWY2MDYtY2Q1Ny00NzRmLTg2NzYtYjc4ZGZiZWFjMzQ1Iiwic2Vzc2lvbl9zdGF0ZSI6Ijc1NGM4MjEyLTg5YWQtNGM1OS05ZGVhLTMyZDZmN2U0ZjJhMSIsImFjciI6IjEiLCJzY29wZSI6ImJhbnFicmlkZ2VfY2xpZW50Iiwib3JnYW5pemF0aW9uSWQiOiI0MjRhNTc5My01NDQ4LTQ0NjMtODI2YS05NzdhOTc2MTY4NDIiLCJjbGllbnRJZCI6IjNkMzVmNjA2LWNkNTctNDc0Zi04Njc2LWI3OGRmYmVhYzM0NSIsImNsaWVudEhvc3QiOiIxMDMuMjAwLjEwNi4xNzEiLCJja2lkIjoiYmY2NGIzNTktOWFhZC00MjcxLWJjNjItNTFjNDI2NGQyZmQ3IiwiY2xpZW50QWRkcmVzcyI6IjEwMy4yMDAuMTA2LjE3MSJ9.R_DUqh4ydUDLrjVUY3Aam8sJ3DWuHJDzZqvsmpyjgFuFzQ-TYRyaVhvQl2uHt4RysYlWyV88zu33R_Ibeam_VcvRXzvpgUx7X1pCUdbAJj9uTUEcshRnXWkX-o_EUnsiXP9bptOHtyQ2m2XzWlDjREvxKiILReKVtYUwk_fVn4iAT7IAKaKH2dpFH_dMYgmAJ-Wp2oNzWoZcbpnuIliM7D827-pHyLMe1XnLCXxhHBwbwL10dyJicAyWjQDKpgrY8d6-xRN7Xahk_T55j-i4c-nhu0snQPaZOyUIPnm8isfe04rxw3TffQ0HwqesHvZdTBJC08fotQqBK7NEnWtJhw","scope":"banqbridge_client","token_type":"bearer","refresh_token":"eyJhbGciOiJIUzI1NiIsInR5cCIgOiAiSldUIiwia2lkIiA6ICIwYTAzNjlhNy0yMTg3LTQ3OWYtOTU4NS02Y2QzYTczZDUxOWYifQ.eyJleHAiOjE2MTg2ODQ3MTQsImlhdCI6MTYxNjA5MjcxNCwianRpIjoiNmIzOTY0NzMtN2NjNy00ZTQ3LTkzNzAtZDYwN2RlM2NlZjQ3IiwiaXNzIjoiaHR0cHM6Ly9zYW5kYm94Lm5lb25vbWljcy5pby9hdXRoL3JlYWxtcy9zYW5kYm94IiwiYXVkIjoiaHR0cHM6Ly9zYW5kYm94Lm5lb25vbWljcy5pby9hdXRoL3JlYWxtcy9zYW5kYm94Iiwic3ViIjoiMjE4MDlmM2EtOWJhOS00MDMxLTllM2QtOTdiNTY3Nzc5OWY5IiwidHlwIjoiUmVmcmVzaCIsImF6cCI6IjNkMzVmNjA2LWNkNTctNDc0Zi04Njc2LWI3OGRmYmVhYzM0NSIsInNlc3Npb25fc3RhdGUiOiI3NTRjODIxMi04OWFkLTRjNTktOWRlYS0zMmQ2ZjdlNGYyYTEiLCJzY29wZSI6ImJhbnFicmlkZ2VfY2xpZW50In0.XnJPjDPowgJcUSsh92_S080bKViHYe84dw3PP1XbuQg"}
2021-03-19 00:08:34.009 [main] INFO  stepDefinition.StepDefinitions_API_Test - Bearer token :: [Bearer eyJhbGciOiJSUzI1NiIsInR5cCIgOiAiSldUIiwia2lkIiA6ICJ2MmFQNDdIQXVTUi1qWmR5U3otNDVDV2RaOFhiWGFBMXNDbWhLbWtJLXRvIn0.eyJleHAiOjE2MTYxNzkxMTQsImlhdCI6MTYxNjA5MjcxNCwianRpIjoiNjc4ZTk0MjYtY2JmNy00OWVlLTgwODEtNmViMTIyZTNhOTY0IiwiaXNzIjoiaHR0cHM6Ly9zYW5kYm94Lm5lb25vbWljcy5pby9hdXRoL3JlYWxtcy9zYW5kYm94Iiwic3ViIjoiMjE4MDlmM2EtOWJhOS00MDMxLTllM2QtOTdiNTY3Nzc5OWY5IiwidHlwIjoiQmVhcmVyIiwiYXpwIjoiM2QzNWY2MDYtY2Q1Ny00NzRmLTg2NzYtYjc4ZGZiZWFjMzQ1Iiwic2Vzc2lvbl9zdGF0ZSI6Ijc1NGM4MjEyLTg5YWQtNGM1OS05ZGVhLTMyZDZmN2U0ZjJhMSIsImFjciI6IjEiLCJzY29wZSI6ImJhbnFicmlkZ2VfY2xpZW50Iiwib3JnYW5pemF0aW9uSWQiOiI0MjRhNTc5My01NDQ4LTQ0NjMtODI2YS05NzdhOTc2MTY4NDIiLCJjbGllbnRJZCI6IjNkMzVmNjA2LWNkNTctNDc0Zi04Njc2LWI3OGRmYmVhYzM0NSIsImNsaWVudEhvc3QiOiIxMDMuMjAwLjEwNi4xNzEiLCJja2lkIjoiYmY2NGIzNTktOWFhZC00MjcxLWJjNjItNTFjNDI2NGQyZmQ3IiwiY2xpZW50QWRkcmVzcyI6IjEwMy4yMDAuMTA2LjE3MSJ9.R_DUqh4ydUDLrjVUY3Aam8sJ3DWuHJDzZqvsmpyjgFuFzQ-TYRyaVhvQl2uHt4RysYlWyV88zu33R_Ibeam_VcvRXzvpgUx7X1pCUdbAJj9uTUEcshRnXWkX-o_EUnsiXP9bptOHtyQ2m2XzWlDjREvxKiILReKVtYUwk_fVn4iAT7IAKaKH2dpFH_dMYgmAJ-Wp2oNzWoZcbpnuIliM7D827-pHyLMe1XnLCXxhHBwbwL10dyJicAyWjQDKpgrY8d6-xRN7Xahk_T55j-i4c-nhu0snQPaZOyUIPnm8isfe04rxw3TffQ0HwqesHvZdTBJC08fotQqBK7NEnWtJhw]
2021-03-19 00:08:34.009 [main] INFO  stepDefinition.StepDefinitions_API_Test - Added :: Header = [Authorization] and Value = [Bearer eyJhbGciOiJSUzI1NiIsInR5cCIgOiAiSldUIiwia2lkIiA6ICJ2MmFQNDdIQXVTUi1qWmR5U3otNDVDV2RaOFhiWGFBMXNDbWhLbWtJLXRvIn0.eyJleHAiOjE2MTYxNzkxMTQsImlhdCI6MTYxNjA5MjcxNCwianRpIjoiNjc4ZTk0MjYtY2JmNy00OWVlLTgwODEtNmViMTIyZTNhOTY0IiwiaXNzIjoiaHR0cHM6Ly9zYW5kYm94Lm5lb25vbWljcy5pby9hdXRoL3JlYWxtcy9zYW5kYm94Iiwic3ViIjoiMjE4MDlmM2EtOWJhOS00MDMxLTllM2QtOTdiNTY3Nzc5OWY5IiwidHlwIjoiQmVhcmVyIiwiYXpwIjoiM2QzNWY2MDYtY2Q1Ny00NzRmLTg2NzYtYjc4ZGZiZWFjMzQ1Iiwic2Vzc2lvbl9zdGF0ZSI6Ijc1NGM4MjEyLTg5YWQtNGM1OS05ZGVhLTMyZDZmN2U0ZjJhMSIsImFjciI6IjEiLCJzY29wZSI6ImJhbnFicmlkZ2VfY2xpZW50Iiwib3JnYW5pemF0aW9uSWQiOiI0MjRhNTc5My01NDQ4LTQ0NjMtODI2YS05NzdhOTc2MTY4NDIiLCJjbGllbnRJZCI6IjNkMzVmNjA2LWNkNTctNDc0Zi04Njc2LWI3OGRmYmVhYzM0NSIsImNsaWVudEhvc3QiOiIxMDMuMjAwLjEwNi4xNzEiLCJja2lkIjoiYmY2NGIzNTktOWFhZC00MjcxLWJjNjItNTFjNDI2NGQyZmQ3IiwiY2xpZW50QWRkcmVzcyI6IjEwMy4yMDAuMTA2LjE3MSJ9.R_DUqh4ydUDLrjVUY3Aam8sJ3DWuHJDzZqvsmpyjgFuFzQ-TYRyaVhvQl2uHt4RysYlWyV88zu33R_Ibeam_VcvRXzvpgUx7X1pCUdbAJj9uTUEcshRnXWkX-o_EUnsiXP9bptOHtyQ2m2XzWlDjREvxKiILReKVtYUwk_fVn4iAT7IAKaKH2dpFH_dMYgmAJ-Wp2oNzWoZcbpnuIliM7D827-pHyLMe1XnLCXxhHBwbwL10dyJicAyWjQDKpgrY8d6-xRN7Xahk_T55j-i4c-nhu0snQPaZOyUIPnm8isfe04rxw3TffQ0HwqesHvZdTBJC08fotQqBK7NEnWtJhw]
2021-03-19 00:08:34.009 [main] INFO  stepDefinition.StepDefinitions_API_Test - Setting Header = [x-device-id] and Value = [example_id_for_quickstart]
2021-03-19 00:08:34.009 [main] INFO  stepDefinition.StepDefinitions_API_Test - Added :: Header = [x-device-id] and Value = [example_id_for_quickstart]
2021-03-19 00:08:34.010 [main] INFO  stepDefinition.StepDefinitions_API_Test - Adding body content for Key = [[bankId, anVzdG9iYW5rLnYxSlVTVE5PS0s=]] and Value = [{]]
2021-03-19 00:08:34.010 [main] INFO  stepDefinition.StepDefinitions_API_Test - Raw body needs to be added to request
2021-03-19 00:08:34.011 [main] INFO  stepDefinition.StepDefinitions_API_Test - {"bankId":"anVzdG9iYW5rLnYxSlVTVE5PS0s\u003d"}
2021-03-19 00:08:34.011 [main] INFO  stepDefinition.StepDefinitions_API_Test - Making [POST] request
2021-03-19 00:08:34.257 [main] INFO  stepDefinition.StepDefinitions_API_Test - Validating response code as [201]
2021-03-19 00:08:34.257 [main] ERROR stepDefinition.StepDefinitions_API_Test - Please provide proper API area type
2021-03-19 00:08:34.263 [main] INFO  stepDefinition.StepDefinitions_Functional_Test - ********************************************************************************************************
2021-03-19 00:08:34.263 [main] INFO  stepDefinition.StepDefinitions_Functional_Test - --- Execution Started :::: Verify that session API works to create new session for various combinations
2021-03-19 00:08:34.263 [main] INFO  stepDefinition.StepDefinitions_Functional_Test - ********************************************************************************************************
2021-03-19 00:08:34.264 [main] INFO  stepDefinition.StepDefinitions_API_Test - Base URL [https://sandbox.neonomics.io]
2021-03-19 00:08:34.264 [main] INFO  stepDefinition.StepDefinitions_API_Test - Endpoint path [/ics/v3/sessioned]
2021-03-19 00:08:34.265 [main] INFO  stepDefinition.StepDefinitions_API_Test - Setting Header = [Content-Type] and Value = [application/json]
2021-03-19 00:08:34.265 [main] INFO  stepDefinition.StepDefinitions_API_Test - Added :: Header = [Content-Type] and Value = [application/json]
2021-03-19 00:08:34.265 [main] INFO  stepDefinition.StepDefinitions_API_Test - Setting Header = [Authorization] and Value = [Bearer Token]
2021-03-19 00:08:34.484 [main] INFO  com.neonomics.corelibraries.Authorization - Response recieved for auth API ::{"refresh_expires_in":2592000,"expires_in":86400,"session_state":"dd21c20f-f1a9-43f4-a150-7038768eebb6","access_token":"eyJhbGciOiJSUzI1NiIsInR5cCIgOiAiSldUIiwia2lkIiA6ICJ2MmFQNDdIQXVTUi1qWmR5U3otNDVDV2RaOFhiWGFBMXNDbWhLbWtJLXRvIn0.eyJleHAiOjE2MTYxNzkxMTQsImlhdCI6MTYxNjA5MjcxNCwianRpIjoiNTMxNDJiZWMtZjM0Yi00OTRkLTgyMjEtYTc3OWI2MWI0OTE2IiwiaXNzIjoiaHR0cHM6Ly9zYW5kYm94Lm5lb25vbWljcy5pby9hdXRoL3JlYWxtcy9zYW5kYm94Iiwic3ViIjoiMjE4MDlmM2EtOWJhOS00MDMxLTllM2QtOTdiNTY3Nzc5OWY5IiwidHlwIjoiQmVhcmVyIiwiYXpwIjoiM2QzNWY2MDYtY2Q1Ny00NzRmLTg2NzYtYjc4ZGZiZWFjMzQ1Iiwic2Vzc2lvbl9zdGF0ZSI6ImRkMjFjMjBmLWYxYTktNDNmNC1hMTUwLTcwMzg3NjhlZWJiNiIsImFjciI6IjEiLCJzY29wZSI6ImJhbnFicmlkZ2VfY2xpZW50Iiwib3JnYW5pemF0aW9uSWQiOiI0MjRhNTc5My01NDQ4LTQ0NjMtODI2YS05NzdhOTc2MTY4NDIiLCJjbGllbnRJZCI6IjNkMzVmNjA2LWNkNTctNDc0Zi04Njc2LWI3OGRmYmVhYzM0NSIsImNsaWVudEhvc3QiOiIxMDMuMjAwLjEwNi4xNzEiLCJja2lkIjoiYmY2NGIzNTktOWFhZC00MjcxLWJjNjItNTFjNDI2NGQyZmQ3IiwiY2xpZW50QWRkcmVzcyI6IjEwMy4yMDAuMTA2LjE3MSJ9.IblFQDQXSinG9IqxDOWpH0sTIASF5aJTWAAw0wtPQ1qQsm2jVtxxRPlkurHC0rMIX1WgKTsxS0JEimX2BHxuy8B7D3gntNaEkiRoc95NAiI_4Mz6pQuw6g2FXPmngZhzE-k_VHxrKl_50nR3SBHbes4jjYf5KwW3LTGQZBhkIWWonuXBsLkLwbiQtMmlz_dBpG59lVRc8_hxdK_0CYwk-ktMNcuOxWe6gkV3kx5hA9Qe9KJBH0gbkI8khzuk1KCYF-6tBozN9mnzEY2YNsuUGJuCAmjngywhjtQTBm7EPU9RtYw4TmRny2zoPZb1h_r2Nbu0V9Papu4bQzualqYMyw","scope":"banqbridge_client","token_type":"bearer","refresh_token":"eyJhbGciOiJIUzI1NiIsInR5cCIgOiAiSldUIiwia2lkIiA6ICIwYTAzNjlhNy0yMTg3LTQ3OWYtOTU4NS02Y2QzYTczZDUxOWYifQ.eyJleHAiOjE2MTg2ODQ3MTQsImlhdCI6MTYxNjA5MjcxNCwianRpIjoiZGYzYzYwOWMtZTZhOC00MzZjLTliZGUtNDI1MTZjYTI0MDM3IiwiaXNzIjoiaHR0cHM6Ly9zYW5kYm94Lm5lb25vbWljcy5pby9hdXRoL3JlYWxtcy9zYW5kYm94IiwiYXVkIjoiaHR0cHM6Ly9zYW5kYm94Lm5lb25vbWljcy5pby9hdXRoL3JlYWxtcy9zYW5kYm94Iiwic3ViIjoiMjE4MDlmM2EtOWJhOS00MDMxLTllM2QtOTdiNTY3Nzc5OWY5IiwidHlwIjoiUmVmcmVzaCIsImF6cCI6IjNkMzVmNjA2LWNkNTctNDc0Zi04Njc2LWI3OGRmYmVhYzM0NSIsInNlc3Npb25fc3RhdGUiOiJkZDIxYzIwZi1mMWE5LTQzZjQtYTE1MC03MDM4NzY4ZWViYjYiLCJzY29wZSI6ImJhbnFicmlkZ2VfY2xpZW50In0.C5FoFJT_pjgupCRk2E8NLqUcC_GwYxRu2GhSdIs5mzE"}
2021-03-19 00:08:34.513 [main] INFO  stepDefinition.StepDefinitions_API_Test - Bearer token :: [Bearer eyJhbGciOiJSUzI1NiIsInR5cCIgOiAiSldUIiwia2lkIiA6ICJ2MmFQNDdIQXVTUi1qWmR5U3otNDVDV2RaOFhiWGFBMXNDbWhLbWtJLXRvIn0.eyJleHAiOjE2MTYxNzkxMTQsImlhdCI6MTYxNjA5MjcxNCwianRpIjoiNTMxNDJiZWMtZjM0Yi00OTRkLTgyMjEtYTc3OWI2MWI0OTE2IiwiaXNzIjoiaHR0cHM6Ly9zYW5kYm94Lm5lb25vbWljcy5pby9hdXRoL3JlYWxtcy9zYW5kYm94Iiwic3ViIjoiMjE4MDlmM2EtOWJhOS00MDMxLTllM2QtOTdiNTY3Nzc5OWY5IiwidHlwIjoiQmVhcmVyIiwiYXpwIjoiM2QzNWY2MDYtY2Q1Ny00NzRmLTg2NzYtYjc4ZGZiZWFjMzQ1Iiwic2Vzc2lvbl9zdGF0ZSI6ImRkMjFjMjBmLWYxYTktNDNmNC1hMTUwLTcwMzg3NjhlZWJiNiIsImFjciI6IjEiLCJzY29wZSI6ImJhbnFicmlkZ2VfY2xpZW50Iiwib3JnYW5pemF0aW9uSWQiOiI0MjRhNTc5My01NDQ4LTQ0NjMtODI2YS05NzdhOTc2MTY4NDIiLCJjbGllbnRJZCI6IjNkMzVmNjA2LWNkNTctNDc0Zi04Njc2LWI3OGRmYmVhYzM0NSIsImNsaWVudEhvc3QiOiIxMDMuMjAwLjEwNi4xNzEiLCJja2lkIjoiYmY2NGIzNTktOWFhZC00MjcxLWJjNjItNTFjNDI2NGQyZmQ3IiwiY2xpZW50QWRkcmVzcyI6IjEwMy4yMDAuMTA2LjE3MSJ9.IblFQDQXSinG9IqxDOWpH0sTIASF5aJTWAAw0wtPQ1qQsm2jVtxxRPlkurHC0rMIX1WgKTsxS0JEimX2BHxuy8B7D3gntNaEkiRoc95NAiI_4Mz6pQuw6g2FXPmngZhzE-k_VHxrKl_50nR3SBHbes4jjYf5KwW3LTGQZBhkIWWonuXBsLkLwbiQtMmlz_dBpG59lVRc8_hxdK_0CYwk-ktMNcuOxWe6gkV3kx5hA9Qe9KJBH0gbkI8khzuk1KCYF-6tBozN9mnzEY2YNsuUGJuCAmjngywhjtQTBm7EPU9RtYw4TmRny2zoPZb1h_r2Nbu0V9Papu4bQzualqYMyw]
2021-03-19 00:08:34.513 [main] INFO  stepDefinition.StepDefinitions_API_Test - Added :: Header = [Authorization] and Value = [Bearer eyJhbGciOiJSUzI1NiIsInR5cCIgOiAiSldUIiwia2lkIiA6ICJ2MmFQNDdIQXVTUi1qWmR5U3otNDVDV2RaOFhiWGFBMXNDbWhLbWtJLXRvIn0.eyJleHAiOjE2MTYxNzkxMTQsImlhdCI6MTYxNjA5MjcxNCwianRpIjoiNTMxNDJiZWMtZjM0Yi00OTRkLTgyMjEtYTc3OWI2MWI0OTE2IiwiaXNzIjoiaHR0cHM6Ly9zYW5kYm94Lm5lb25vbWljcy5pby9hdXRoL3JlYWxtcy9zYW5kYm94Iiwic3ViIjoiMjE4MDlmM2EtOWJhOS00MDMxLTllM2QtOTdiNTY3Nzc5OWY5IiwidHlwIjoiQmVhcmVyIiwiYXpwIjoiM2QzNWY2MDYtY2Q1Ny00NzRmLTg2NzYtYjc4ZGZiZWFjMzQ1Iiwic2Vzc2lvbl9zdGF0ZSI6ImRkMjFjMjBmLWYxYTktNDNmNC1hMTUwLTcwMzg3NjhlZWJiNiIsImFjciI6IjEiLCJzY29wZSI6ImJhbnFicmlkZ2VfY2xpZW50Iiwib3JnYW5pemF0aW9uSWQiOiI0MjRhNTc5My01NDQ4LTQ0NjMtODI2YS05NzdhOTc2MTY4NDIiLCJjbGllbnRJZCI6IjNkMzVmNjA2LWNkNTctNDc0Zi04Njc2LWI3OGRmYmVhYzM0NSIsImNsaWVudEhvc3QiOiIxMDMuMjAwLjEwNi4xNzEiLCJja2lkIjoiYmY2NGIzNTktOWFhZC00MjcxLWJjNjItNTFjNDI2NGQyZmQ3IiwiY2xpZW50QWRkcmVzcyI6IjEwMy4yMDAuMTA2LjE3MSJ9.IblFQDQXSinG9IqxDOWpH0sTIASF5aJTWAAw0wtPQ1qQsm2jVtxxRPlkurHC0rMIX1WgKTsxS0JEimX2BHxuy8B7D3gntNaEkiRoc95NAiI_4Mz6pQuw6g2FXPmngZhzE-k_VHxrKl_50nR3SBHbes4jjYf5KwW3LTGQZBhkIWWonuXBsLkLwbiQtMmlz_dBpG59lVRc8_hxdK_0CYwk-ktMNcuOxWe6gkV3kx5hA9Qe9KJBH0gbkI8khzuk1KCYF-6tBozN9mnzEY2YNsuUGJuCAmjngywhjtQTBm7EPU9RtYw4TmRny2zoPZb1h_r2Nbu0V9Papu4bQzualqYMyw]
2021-03-19 00:08:34.514 [main] INFO  stepDefinition.StepDefinitions_API_Test - Setting Header = [x-device-id] and Value = [example_id_for_quickstart]
2021-03-19 00:08:34.514 [main] INFO  stepDefinition.StepDefinitions_API_Test - Added :: Header = [x-device-id] and Value = [example_id_for_quickstart]
2021-03-19 00:08:34.514 [main] INFO  stepDefinition.StepDefinitions_API_Test - Adding body content for Key = [[bankId, anVzdG9iYW5rLnYxSlVTVE5PS0s=]] and Value = [{]]
2021-03-19 00:08:34.514 [main] INFO  stepDefinition.StepDefinitions_API_Test - Raw body needs to be added to request
2021-03-19 00:08:34.514 [main] INFO  stepDefinition.StepDefinitions_API_Test - {"bankId":"anVzdG9iYW5rLnYxSlVTVE5PS0s\u003d"}
2021-03-19 00:08:34.515 [main] INFO  stepDefinition.StepDefinitions_API_Test - Making [POST] request
2021-03-19 00:08:34.702 [main] INFO  stepDefinition.StepDefinitions_API_Test - Validating response code as [510]
2021-03-19 00:08:34.702 [main] ERROR stepDefinition.StepDefinitions_API_Test - Please provide proper API area type
2021-03-19 00:08:34.708 [main] INFO  stepDefinition.StepDefinitions_Functional_Test - ********************************************************************************************************
2021-03-19 00:08:34.708 [main] INFO  stepDefinition.StepDefinitions_Functional_Test - --- Execution Started :::: Verify that session API works to create new session for various combinations
2021-03-19 00:08:34.708 [main] INFO  stepDefinition.StepDefinitions_Functional_Test - ********************************************************************************************************
2021-03-19 00:08:34.709 [main] INFO  stepDefinition.StepDefinitions_API_Test - Base URL [https://sandbox.neonomics.io]
2021-03-19 00:08:34.709 [main] INFO  stepDefinition.StepDefinitions_API_Test - Endpoint path [/ics/v3/session]
2021-03-19 00:08:34.709 [main] INFO  stepDefinition.StepDefinitions_API_Test - Setting Header = [Content-Type] and Value = [application/javascript]
2021-03-19 00:08:34.709 [main] INFO  stepDefinition.StepDefinitions_API_Test - Added :: Header = [Content-Type] and Value = [application/javascript]
2021-03-19 00:08:34.709 [main] INFO  stepDefinition.StepDefinitions_API_Test - Setting Header = [Authorization] and Value = [Bearer Token]
2021-03-19 00:08:35.145 [main] INFO  com.neonomics.corelibraries.Authorization - Response recieved for auth API ::{"refresh_expires_in":2592000,"expires_in":86400,"session_state":"de88c0dc-724e-4071-813b-4ebf1e84c6bd","access_token":"eyJhbGciOiJSUzI1NiIsInR5cCIgOiAiSldUIiwia2lkIiA6ICJ2MmFQNDdIQXVTUi1qWmR5U3otNDVDV2RaOFhiWGFBMXNDbWhLbWtJLXRvIn0.eyJleHAiOjE2MTYxNzkxMTUsImlhdCI6MTYxNjA5MjcxNSwianRpIjoiZjNmMDgwNWQtODdkMS00MDAxLTg4OGItZDEwY2I3OGVjNzk1IiwiaXNzIjoiaHR0cHM6Ly9zYW5kYm94Lm5lb25vbWljcy5pby9hdXRoL3JlYWxtcy9zYW5kYm94Iiwic3ViIjoiMjE4MDlmM2EtOWJhOS00MDMxLTllM2QtOTdiNTY3Nzc5OWY5IiwidHlwIjoiQmVhcmVyIiwiYXpwIjoiM2QzNWY2MDYtY2Q1Ny00NzRmLTg2NzYtYjc4ZGZiZWFjMzQ1Iiwic2Vzc2lvbl9zdGF0ZSI6ImRlODhjMGRjLTcyNGUtNDA3MS04MTNiLTRlYmYxZTg0YzZiZCIsImFjciI6IjEiLCJzY29wZSI6ImJhbnFicmlkZ2VfY2xpZW50Iiwib3JnYW5pemF0aW9uSWQiOiI0MjRhNTc5My01NDQ4LTQ0NjMtODI2YS05NzdhOTc2MTY4NDIiLCJjbGllbnRJZCI6IjNkMzVmNjA2LWNkNTctNDc0Zi04Njc2LWI3OGRmYmVhYzM0NSIsImNsaWVudEhvc3QiOiIxMDMuMjAwLjEwNi4xNzEiLCJja2lkIjoiYmY2NGIzNTktOWFhZC00MjcxLWJjNjItNTFjNDI2NGQyZmQ3IiwiY2xpZW50QWRkcmVzcyI6IjEwMy4yMDAuMTA2LjE3MSJ9.A_FQz-Rtto-j3RJAGqBKgQ9OEeSTGA_hrl60Fn2V1ExwgPQZsvc2kqF3KFvzuyMGErK65aHeYwHF6_krh0OaPB3lYsDXYvqwic5EAkmmpE7bTVYX6lFhBy35wec5kVaxQqVYZJbiTRdw_l4TmqeyM2pfJeaT0Hx5tRLvAemB43PoGgdMQ6jmavpoARo4YWnycKX_XjyIIeZuIpXQYJ8vffyB7xKiRBVulaLnuMU3p7ggjLXz1wUejlHo6oe_D1828TlKbZ3cr6S3Qxt9wm-kMA_grfely8n6DCYdeO2Pq3L68lw-zNrqEaTnkKKStFFslXjoLmZBLx83ucxEKSwV3w","scope":"banqbridge_client","token_type":"bearer","refresh_token":"eyJhbGciOiJIUzI1NiIsInR5cCIgOiAiSldUIiwia2lkIiA6ICIwYTAzNjlhNy0yMTg3LTQ3OWYtOTU4NS02Y2QzYTczZDUxOWYifQ.eyJleHAiOjE2MTg2ODQ3MTUsImlhdCI6MTYxNjA5MjcxNSwianRpIjoiMzdiMzY5OTktODFiMi00ZmJhLThiM2MtMGM2MTAyOTMyMmVkIiwiaXNzIjoiaHR0cHM6Ly9zYW5kYm94Lm5lb25vbWljcy5pby9hdXRoL3JlYWxtcy9zYW5kYm94IiwiYXVkIjoiaHR0cHM6Ly9zYW5kYm94Lm5lb25vbWljcy5pby9hdXRoL3JlYWxtcy9zYW5kYm94Iiwic3ViIjoiMjE4MDlmM2EtOWJhOS00MDMxLTllM2QtOTdiNTY3Nzc5OWY5IiwidHlwIjoiUmVmcmVzaCIsImF6cCI6IjNkMzVmNjA2LWNkNTctNDc0Zi04Njc2LWI3OGRmYmVhYzM0NSIsInNlc3Npb25fc3RhdGUiOiJkZTg4YzBkYy03MjRlLTQwNzEtODEzYi00ZWJmMWU4NGM2YmQiLCJzY29wZSI6ImJhbnFicmlkZ2VfY2xpZW50In0.UOm97TrlFln3xw_JU7QrGwUwRah038Mt7hc9NBD-jxM"}
2021-03-19 00:08:35.171 [main] INFO  stepDefinition.StepDefinitions_API_Test - Bearer token :: [Bearer eyJhbGciOiJSUzI1NiIsInR5cCIgOiAiSldUIiwia2lkIiA6ICJ2MmFQNDdIQXVTUi1qWmR5U3otNDVDV2RaOFhiWGFBMXNDbWhLbWtJLXRvIn0.eyJleHAiOjE2MTYxNzkxMTUsImlhdCI6MTYxNjA5MjcxNSwianRpIjoiZjNmMDgwNWQtODdkMS00MDAxLTg4OGItZDEwY2I3OGVjNzk1IiwiaXNzIjoiaHR0cHM6Ly9zYW5kYm94Lm5lb25vbWljcy5pby9hdXRoL3JlYWxtcy9zYW5kYm94Iiwic3ViIjoiMjE4MDlmM2EtOWJhOS00MDMxLTllM2QtOTdiNTY3Nzc5OWY5IiwidHlwIjoiQmVhcmVyIiwiYXpwIjoiM2QzNWY2MDYtY2Q1Ny00NzRmLTg2NzYtYjc4ZGZiZWFjMzQ1Iiwic2Vzc2lvbl9zdGF0ZSI6ImRlODhjMGRjLTcyNGUtNDA3MS04MTNiLTRlYmYxZTg0YzZiZCIsImFjciI6IjEiLCJzY29wZSI6ImJhbnFicmlkZ2VfY2xpZW50Iiwib3JnYW5pemF0aW9uSWQiOiI0MjRhNTc5My01NDQ4LTQ0NjMtODI2YS05NzdhOTc2MTY4NDIiLCJjbGllbnRJZCI6IjNkMzVmNjA2LWNkNTctNDc0Zi04Njc2LWI3OGRmYmVhYzM0NSIsImNsaWVudEhvc3QiOiIxMDMuMjAwLjEwNi4xNzEiLCJja2lkIjoiYmY2NGIzNTktOWFhZC00MjcxLWJjNjItNTFjNDI2NGQyZmQ3IiwiY2xpZW50QWRkcmVzcyI6IjEwMy4yMDAuMTA2LjE3MSJ9.A_FQz-Rtto-j3RJAGqBKgQ9OEeSTGA_hrl60Fn2V1ExwgPQZsvc2kqF3KFvzuyMGErK65aHeYwHF6_krh0OaPB3lYsDXYvqwic5EAkmmpE7bTVYX6lFhBy35wec5kVaxQqVYZJbiTRdw_l4TmqeyM2pfJeaT0Hx5tRLvAemB43PoGgdMQ6jmavpoARo4YWnycKX_XjyIIeZuIpXQYJ8vffyB7xKiRBVulaLnuMU3p7ggjLXz1wUejlHo6oe_D1828TlKbZ3cr6S3Qxt9wm-kMA_grfely8n6DCYdeO2Pq3L68lw-zNrqEaTnkKKStFFslXjoLmZBLx83ucxEKSwV3w]
2021-03-19 00:08:35.172 [main] INFO  stepDefinition.StepDefinitions_API_Test - Added :: Header = [Authorization] and Value = [Bearer eyJhbGciOiJSUzI1NiIsInR5cCIgOiAiSldUIiwia2lkIiA6ICJ2MmFQNDdIQXVTUi1qWmR5U3otNDVDV2RaOFhiWGFBMXNDbWhLbWtJLXRvIn0.eyJleHAiOjE2MTYxNzkxMTUsImlhdCI6MTYxNjA5MjcxNSwianRpIjoiZjNmMDgwNWQtODdkMS00MDAxLTg4OGItZDEwY2I3OGVjNzk1IiwiaXNzIjoiaHR0cHM6Ly9zYW5kYm94Lm5lb25vbWljcy5pby9hdXRoL3JlYWxtcy9zYW5kYm94Iiwic3ViIjoiMjE4MDlmM2EtOWJhOS00MDMxLTllM2QtOTdiNTY3Nzc5OWY5IiwidHlwIjoiQmVhcmVyIiwiYXpwIjoiM2QzNWY2MDYtY2Q1Ny00NzRmLTg2NzYtYjc4ZGZiZWFjMzQ1Iiwic2Vzc2lvbl9zdGF0ZSI6ImRlODhjMGRjLTcyNGUtNDA3MS04MTNiLTRlYmYxZTg0YzZiZCIsImFjciI6IjEiLCJzY29wZSI6ImJhbnFicmlkZ2VfY2xpZW50Iiwib3JnYW5pemF0aW9uSWQiOiI0MjRhNTc5My01NDQ4LTQ0NjMtODI2YS05NzdhOTc2MTY4NDIiLCJjbGllbnRJZCI6IjNkMzVmNjA2LWNkNTctNDc0Zi04Njc2LWI3OGRmYmVhYzM0NSIsImNsaWVudEhvc3QiOiIxMDMuMjAwLjEwNi4xNzEiLCJja2lkIjoiYmY2NGIzNTktOWFhZC00MjcxLWJjNjItNTFjNDI2NGQyZmQ3IiwiY2xpZW50QWRkcmVzcyI6IjEwMy4yMDAuMTA2LjE3MSJ9.A_FQz-Rtto-j3RJAGqBKgQ9OEeSTGA_hrl60Fn2V1ExwgPQZsvc2kqF3KFvzuyMGErK65aHeYwHF6_krh0OaPB3lYsDXYvqwic5EAkmmpE7bTVYX6lFhBy35wec5kVaxQqVYZJbiTRdw_l4TmqeyM2pfJeaT0Hx5tRLvAemB43PoGgdMQ6jmavpoARo4YWnycKX_XjyIIeZuIpXQYJ8vffyB7xKiRBVulaLnuMU3p7ggjLXz1wUejlHo6oe_D1828TlKbZ3cr6S3Qxt9wm-kMA_grfely8n6DCYdeO2Pq3L68lw-zNrqEaTnkKKStFFslXjoLmZBLx83ucxEKSwV3w]
2021-03-19 00:08:35.172 [main] INFO  stepDefinition.StepDefinitions_API_Test - Setting Header = [x-device-id] and Value = [example_id_for_quickstart]
2021-03-19 00:08:35.172 [main] INFO  stepDefinition.StepDefinitions_API_Test - Added :: Header = [x-device-id] and Value = [example_id_for_quickstart]
2021-03-19 00:08:35.172 [main] INFO  stepDefinition.StepDefinitions_API_Test - Adding body content for Key = [[bankId, anVzdG9iYW5rLnYxSlVTVE5PS0s=]] and Value = [{]]
2021-03-19 00:08:35.173 [main] INFO  stepDefinition.StepDefinitions_API_Test - Raw body needs to be added to request
2021-03-19 00:08:35.173 [main] INFO  stepDefinition.StepDefinitions_API_Test - {"bankId":"anVzdG9iYW5rLnYxSlVTVE5PS0s\u003d"}
2021-03-19 00:08:35.173 [main] INFO  stepDefinition.StepDefinitions_API_Test - Making [POST] request
2021-03-19 00:08:35.376 [main] INFO  stepDefinition.StepDefinitions_API_Test - Validating response code as [520]
2021-03-19 00:08:35.376 [main] ERROR stepDefinition.StepDefinitions_API_Test - Please provide proper API area type
2021-03-19 00:08:35.382 [main] INFO  stepDefinition.StepDefinitions_Functional_Test - ********************************************************************************************************
2021-03-19 00:08:35.382 [main] INFO  stepDefinition.StepDefinitions_Functional_Test - --- Execution Started :::: Verify that session API works to create new session for various combinations
2021-03-19 00:08:35.382 [main] INFO  stepDefinition.StepDefinitions_Functional_Test - ********************************************************************************************************
2021-03-19 00:08:35.383 [main] INFO  stepDefinition.StepDefinitions_API_Test - Base URL [https://sandbox.neonomics.io]
2021-03-19 00:08:35.383 [main] INFO  stepDefinition.StepDefinitions_API_Test - Endpoint path [/ics/v3/session]
2021-03-19 00:08:35.383 [main] INFO  stepDefinition.StepDefinitions_API_Test - Setting Header = [Content-Type] and Value = [application/json]
2021-03-19 00:08:35.383 [main] INFO  stepDefinition.StepDefinitions_API_Test - Added :: Header = [Content-Type] and Value = [application/json]
2021-03-19 00:08:35.383 [main] INFO  stepDefinition.StepDefinitions_API_Test - Setting Header = [Authorization] and Value = []
2021-03-19 00:08:35.383 [main] INFO  stepDefinition.StepDefinitions_API_Test - Added :: Header = [Authorization] and Value = []
2021-03-19 00:08:35.383 [main] INFO  stepDefinition.StepDefinitions_API_Test - Setting Header = [x-device-id] and Value = [example_id_for_quickstart]
2021-03-19 00:08:35.383 [main] INFO  stepDefinition.StepDefinitions_API_Test - Added :: Header = [x-device-id] and Value = [example_id_for_quickstart]
2021-03-19 00:08:35.383 [main] INFO  stepDefinition.StepDefinitions_API_Test - Adding body content for Key = [[bankId, anVzdG9iYW5rLnYxSlVTVE5PS0s=]] and Value = [{]]
2021-03-19 00:08:35.383 [main] INFO  stepDefinition.StepDefinitions_API_Test - Raw body needs to be added to request
2021-03-19 00:08:35.384 [main] INFO  stepDefinition.StepDefinitions_API_Test - {"bankId":"anVzdG9iYW5rLnYxSlVTVE5PS0s\u003d"}
2021-03-19 00:08:35.384 [main] INFO  stepDefinition.StepDefinitions_API_Test - Making [POST] request
2021-03-19 00:08:35.804 [main] INFO  stepDefinition.StepDefinitions_API_Test - Validating response code as [401]
2021-03-19 00:08:35.810 [main] INFO  stepDefinition.StepDefinitions_Functional_Test - ********************************************************************************************************
2021-03-19 00:08:35.810 [main] INFO  stepDefinition.StepDefinitions_Functional_Test - --- Execution Started :::: Verify that session API works to create new session for various combinations
2021-03-19 00:08:35.810 [main] INFO  stepDefinition.StepDefinitions_Functional_Test - ********************************************************************************************************
2021-03-19 00:08:35.811 [main] INFO  stepDefinition.StepDefinitions_API_Test - Base URL [https://sandbox.neonomics.io]
2021-03-19 00:08:35.811 [main] INFO  stepDefinition.StepDefinitions_API_Test - Endpoint path [/ics/v3/session]
2021-03-19 00:08:35.811 [main] INFO  stepDefinition.StepDefinitions_API_Test - Setting Header = [Content-Type] and Value = [application/json]
2021-03-19 00:08:35.811 [main] INFO  stepDefinition.StepDefinitions_API_Test - Added :: Header = [Content-Type] and Value = [application/json]
2021-03-19 00:08:35.811 [main] INFO  stepDefinition.StepDefinitions_API_Test - Setting Header = [Authorization] and Value = [Bearer Token]
2021-03-19 00:08:36.029 [main] INFO  com.neonomics.corelibraries.Authorization - Response recieved for auth API ::{"refresh_expires_in":2592000,"expires_in":86400,"session_state":"56712fa6-5e25-4a52-9cbb-c245a7c06734","access_token":"eyJhbGciOiJSUzI1NiIsInR5cCIgOiAiSldUIiwia2lkIiA6ICJ2MmFQNDdIQXVTUi1qWmR5U3otNDVDV2RaOFhiWGFBMXNDbWhLbWtJLXRvIn0.eyJleHAiOjE2MTYxNzkxMTYsImlhdCI6MTYxNjA5MjcxNiwianRpIjoiZjdmNzIyYTctOTE1My00Yjk5LWIwNjEtZjAwYjQ2NmYzNWNlIiwiaXNzIjoiaHR0cHM6Ly9zYW5kYm94Lm5lb25vbWljcy5pby9hdXRoL3JlYWxtcy9zYW5kYm94Iiwic3ViIjoiMjE4MDlmM2EtOWJhOS00MDMxLTllM2QtOTdiNTY3Nzc5OWY5IiwidHlwIjoiQmVhcmVyIiwiYXpwIjoiM2QzNWY2MDYtY2Q1Ny00NzRmLTg2NzYtYjc4ZGZiZWFjMzQ1Iiwic2Vzc2lvbl9zdGF0ZSI6IjU2NzEyZmE2LTVlMjUtNGE1Mi05Y2JiLWMyNDVhN2MwNjczNCIsImFjciI6IjEiLCJzY29wZSI6ImJhbnFicmlkZ2VfY2xpZW50Iiwib3JnYW5pemF0aW9uSWQiOiI0MjRhNTc5My01NDQ4LTQ0NjMtODI2YS05NzdhOTc2MTY4NDIiLCJjbGllbnRJZCI6IjNkMzVmNjA2LWNkNTctNDc0Zi04Njc2LWI3OGRmYmVhYzM0NSIsImNsaWVudEhvc3QiOiIxMDMuMjAwLjEwNi4xNzEiLCJja2lkIjoiYmY2NGIzNTktOWFhZC00MjcxLWJjNjItNTFjNDI2NGQyZmQ3IiwiY2xpZW50QWRkcmVzcyI6IjEwMy4yMDAuMTA2LjE3MSJ9.SEyotWCmZ3az6KvaLDLR5BQpK2KVvIw2ypwEEm5OVqseLoJ2cVX6fwUBYyAz7GSWHfUY_ph9xc4tJdITBzB5zAdwSPheF-tN6txzVnGY_pMf4FHBFL6J2jGXe_ZOwY9CK4t3kJib7O06kU9-yCAQTiICwdIDBOgKz4fqKPSOkdFdwI-ElENnZFhxo5C-7G0auV-1Epejtk9QLgmNGd0ta1DnQES2AqwjYDbjn3RRwmnD5I8kvGSTdvvqcnCH_KomlPluZxxGyjgZY1OypeuMpdcoxrn72erNvmhMnUV9OBA-NBTeN3iZXNjgPnvY-iN6YFVR-hyLwrORDPeoXODFHQ","scope":"banqbridge_client","token_type":"bearer","refresh_token":"eyJhbGciOiJIUzI1NiIsInR5cCIgOiAiSldUIiwia2lkIiA6ICIwYTAzNjlhNy0yMTg3LTQ3OWYtOTU4NS02Y2QzYTczZDUxOWYifQ.eyJleHAiOjE2MTg2ODQ3MTYsImlhdCI6MTYxNjA5MjcxNiwianRpIjoiN2M5MDg5ODYtZjU4Ny00MmViLWE3MTYtYmYyZDdkZTJjMjA1IiwiaXNzIjoiaHR0cHM6Ly9zYW5kYm94Lm5lb25vbWljcy5pby9hdXRoL3JlYWxtcy9zYW5kYm94IiwiYXVkIjoiaHR0cHM6Ly9zYW5kYm94Lm5lb25vbWljcy5pby9hdXRoL3JlYWxtcy9zYW5kYm94Iiwic3ViIjoiMjE4MDlmM2EtOWJhOS00MDMxLTllM2QtOTdiNTY3Nzc5OWY5IiwidHlwIjoiUmVmcmVzaCIsImF6cCI6IjNkMzVmNjA2LWNkNTctNDc0Zi04Njc2LWI3OGRmYmVhYzM0NSIsInNlc3Npb25fc3RhdGUiOiI1NjcxMmZhNi01ZTI1LTRhNTItOWNiYi1jMjQ1YTdjMDY3MzQiLCJzY29wZSI6ImJhbnFicmlkZ2VfY2xpZW50In0.4MSm_TiYPa_EOedNQHUgz1YD0o_73ajevjW1aE3pQGw"}
2021-03-19 00:08:36.057 [main] INFO  stepDefinition.StepDefinitions_API_Test - Bearer token :: [Bearer eyJhbGciOiJSUzI1NiIsInR5cCIgOiAiSldUIiwia2lkIiA6ICJ2MmFQNDdIQXVTUi1qWmR5U3otNDVDV2RaOFhiWGFBMXNDbWhLbWtJLXRvIn0.eyJleHAiOjE2MTYxNzkxMTYsImlhdCI6MTYxNjA5MjcxNiwianRpIjoiZjdmNzIyYTctOTE1My00Yjk5LWIwNjEtZjAwYjQ2NmYzNWNlIiwiaXNzIjoiaHR0cHM6Ly9zYW5kYm94Lm5lb25vbWljcy5pby9hdXRoL3JlYWxtcy9zYW5kYm94Iiwic3ViIjoiMjE4MDlmM2EtOWJhOS00MDMxLTllM2QtOTdiNTY3Nzc5OWY5IiwidHlwIjoiQmVhcmVyIiwiYXpwIjoiM2QzNWY2MDYtY2Q1Ny00NzRmLTg2NzYtYjc4ZGZiZWFjMzQ1Iiwic2Vzc2lvbl9zdGF0ZSI6IjU2NzEyZmE2LTVlMjUtNGE1Mi05Y2JiLWMyNDVhN2MwNjczNCIsImFjciI6IjEiLCJzY29wZSI6ImJhbnFicmlkZ2VfY2xpZW50Iiwib3JnYW5pemF0aW9uSWQiOiI0MjRhNTc5My01NDQ4LTQ0NjMtODI2YS05NzdhOTc2MTY4NDIiLCJjbGllbnRJZCI6IjNkMzVmNjA2LWNkNTctNDc0Zi04Njc2LWI3OGRmYmVhYzM0NSIsImNsaWVudEhvc3QiOiIxMDMuMjAwLjEwNi4xNzEiLCJja2lkIjoiYmY2NGIzNTktOWFhZC00MjcxLWJjNjItNTFjNDI2NGQyZmQ3IiwiY2xpZW50QWRkcmVzcyI6IjEwMy4yMDAuMTA2LjE3MSJ9.SEyotWCmZ3az6KvaLDLR5BQpK2KVvIw2ypwEEm5OVqseLoJ2cVX6fwUBYyAz7GSWHfUY_ph9xc4tJdITBzB5zAdwSPheF-tN6txzVnGY_pMf4FHBFL6J2jGXe_ZOwY9CK4t3kJib7O06kU9-yCAQTiICwdIDBOgKz4fqKPSOkdFdwI-ElENnZFhxo5C-7G0auV-1Epejtk9QLgmNGd0ta1DnQES2AqwjYDbjn3RRwmnD5I8kvGSTdvvqcnCH_KomlPluZxxGyjgZY1OypeuMpdcoxrn72erNvmhMnUV9OBA-NBTeN3iZXNjgPnvY-iN6YFVR-hyLwrORDPeoXODFHQ]
2021-03-19 00:08:36.057 [main] INFO  stepDefinition.StepDefinitions_API_Test - Added :: Header = [Authorization] and Value = [Bearer eyJhbGciOiJSUzI1NiIsInR5cCIgOiAiSldUIiwia2lkIiA6ICJ2MmFQNDdIQXVTUi1qWmR5U3otNDVDV2RaOFhiWGFBMXNDbWhLbWtJLXRvIn0.eyJleHAiOjE2MTYxNzkxMTYsImlhdCI6MTYxNjA5MjcxNiwianRpIjoiZjdmNzIyYTctOTE1My00Yjk5LWIwNjEtZjAwYjQ2NmYzNWNlIiwiaXNzIjoiaHR0cHM6Ly9zYW5kYm94Lm5lb25vbWljcy5pby9hdXRoL3JlYWxtcy9zYW5kYm94Iiwic3ViIjoiMjE4MDlmM2EtOWJhOS00MDMxLTllM2QtOTdiNTY3Nzc5OWY5IiwidHlwIjoiQmVhcmVyIiwiYXpwIjoiM2QzNWY2MDYtY2Q1Ny00NzRmLTg2NzYtYjc4ZGZiZWFjMzQ1Iiwic2Vzc2lvbl9zdGF0ZSI6IjU2NzEyZmE2LTVlMjUtNGE1Mi05Y2JiLWMyNDVhN2MwNjczNCIsImFjciI6IjEiLCJzY29wZSI6ImJhbnFicmlkZ2VfY2xpZW50Iiwib3JnYW5pemF0aW9uSWQiOiI0MjRhNTc5My01NDQ4LTQ0NjMtODI2YS05NzdhOTc2MTY4NDIiLCJjbGllbnRJZCI6IjNkMzVmNjA2LWNkNTctNDc0Zi04Njc2LWI3OGRmYmVhYzM0NSIsImNsaWVudEhvc3QiOiIxMDMuMjAwLjEwNi4xNzEiLCJja2lkIjoiYmY2NGIzNTktOWFhZC00MjcxLWJjNjItNTFjNDI2NGQyZmQ3IiwiY2xpZW50QWRkcmVzcyI6IjEwMy4yMDAuMTA2LjE3MSJ9.SEyotWCmZ3az6KvaLDLR5BQpK2KVvIw2ypwEEm5OVqseLoJ2cVX6fwUBYyAz7GSWHfUY_ph9xc4tJdITBzB5zAdwSPheF-tN6txzVnGY_pMf4FHBFL6J2jGXe_ZOwY9CK4t3kJib7O06kU9-yCAQTiICwdIDBOgKz4fqKPSOkdFdwI-ElENnZFhxo5C-7G0auV-1Epejtk9QLgmNGd0ta1DnQES2AqwjYDbjn3RRwmnD5I8kvGSTdvvqcnCH_KomlPluZxxGyjgZY1OypeuMpdcoxrn72erNvmhMnUV9OBA-NBTeN3iZXNjgPnvY-iN6YFVR-hyLwrORDPeoXODFHQ]
2021-03-19 00:08:36.058 [main] INFO  stepDefinition.StepDefinitions_API_Test - Setting Header = [x-device-id] and Value = []
2021-03-19 00:08:36.058 [main] INFO  stepDefinition.StepDefinitions_API_Test - Added :: Header = [x-device-id] and Value = []
2021-03-19 00:08:36.058 [main] INFO  stepDefinition.StepDefinitions_API_Test - Adding body content for Key = [[bankId, anVzdG9iYW5rLnYxSlVTVE5PS0s=]] and Value = [{]]
2021-03-19 00:08:36.058 [main] INFO  stepDefinition.StepDefinitions_API_Test - Raw body needs to be added to request
2021-03-19 00:08:36.058 [main] INFO  stepDefinition.StepDefinitions_API_Test - {"bankId":"anVzdG9iYW5rLnYxSlVTVE5PS0s\u003d"}
2021-03-19 00:08:36.059 [main] INFO  stepDefinition.StepDefinitions_API_Test - Making [POST] request
2021-03-19 00:08:36.254 [main] INFO  stepDefinition.StepDefinitions_API_Test - Validating response code as [510]
2021-03-19 00:08:36.254 [main] ERROR stepDefinition.StepDefinitions_API_Test - Please provide proper API area type
2021-03-19 00:08:36.283 [main] INFO  stepDefinition.StepDefinitions_Functional_Test - ********************************************************************************************************
2021-03-19 00:08:36.283 [main] INFO  stepDefinition.StepDefinitions_Functional_Test - --- Execution Started :::: Verify that session API for getting current status works for various combinations
2021-03-19 00:08:36.283 [main] INFO  stepDefinition.StepDefinitions_Functional_Test - ********************************************************************************************************
2021-03-19 00:08:36.284 [main] INFO  stepDefinition.StepDefinitions_API_Test - Base URL [https://sandbox.neonomics.io]
2021-03-19 00:08:36.284 [main] INFO  stepDefinition.StepDefinitions_API_Test - Endpoint path [/ics/v3/session/{sessionId}]
2021-03-19 00:08:36.284 [main] INFO  stepDefinition.StepDefinitions_API_Test - Setting Header = [Accept] and Value = [application/json]
2021-03-19 00:08:36.284 [main] INFO  stepDefinition.StepDefinitions_API_Test - Added :: Header = [Accept] and Value = [application/json]
2021-03-19 00:08:36.285 [main] INFO  stepDefinition.StepDefinitions_API_Test - Setting Header = [Authorization] and Value = [Bearer Token]
2021-03-19 00:08:36.718 [main] INFO  com.neonomics.corelibraries.Authorization - Response recieved for auth API ::{"refresh_expires_in":2592000,"expires_in":86400,"session_state":"84986264-9690-46e1-9234-c3b2a7a97683","access_token":"eyJhbGciOiJSUzI1NiIsInR5cCIgOiAiSldUIiwia2lkIiA6ICJ2MmFQNDdIQXVTUi1qWmR5U3otNDVDV2RaOFhiWGFBMXNDbWhLbWtJLXRvIn0.eyJleHAiOjE2MTYxNzkxMTcsImlhdCI6MTYxNjA5MjcxNywianRpIjoiNGIwZWEwNzEtZDVjNC00MTM4LWI0MDAtNDQ0M2JiMGNiOGE4IiwiaXNzIjoiaHR0cHM6Ly9zYW5kYm94Lm5lb25vbWljcy5pby9hdXRoL3JlYWxtcy9zYW5kYm94Iiwic3ViIjoiMjE4MDlmM2EtOWJhOS00MDMxLTllM2QtOTdiNTY3Nzc5OWY5IiwidHlwIjoiQmVhcmVyIiwiYXpwIjoiM2QzNWY2MDYtY2Q1Ny00NzRmLTg2NzYtYjc4ZGZiZWFjMzQ1Iiwic2Vzc2lvbl9zdGF0ZSI6Ijg0OTg2MjY0LTk2OTAtNDZlMS05MjM0LWMzYjJhN2E5NzY4MyIsImFjciI6IjEiLCJzY29wZSI6ImJhbnFicmlkZ2VfY2xpZW50Iiwib3JnYW5pemF0aW9uSWQiOiI0MjRhNTc5My01NDQ4LTQ0NjMtODI2YS05NzdhOTc2MTY4NDIiLCJjbGllbnRJZCI6IjNkMzVmNjA2LWNkNTctNDc0Zi04Njc2LWI3OGRmYmVhYzM0NSIsImNsaWVudEhvc3QiOiIxMDMuMjAwLjEwNi4xNzEiLCJja2lkIjoiYmY2NGIzNTktOWFhZC00MjcxLWJjNjItNTFjNDI2NGQyZmQ3IiwiY2xpZW50QWRkcmVzcyI6IjEwMy4yMDAuMTA2LjE3MSJ9.L7vn2XzBKl0PNpQw0pikZ-1QCH0Xy1ACrD3ohA5MxLnGZfcJbJJYXQrThJw7PZTCb7mEJ9yhIlj6_c-4MbgMlyIiqRZzcHx5BS_NA_raHy8x9Omc5g4QCvq1RpFxLsFHitSQHYnegpqj8re-bwTW9PXEfYwWaWA21hFL6rObwLLGr_0McdA_TeWfe18JWo-GV8W2lnL_Qq2kkgxEFZHLVmAEh9ONRXvHP7Cr6evcFrInZqAjpILVPNJyouUVMmDHDDqmyyFi9pyAnft9LFnZDCcbWHBwRXDOuNiyTqHdQ1V0PQ8YRrVdPnL-HxCPQWmH7MlRtTohNExQvcjbeaDi4A","scope":"banqbridge_client","token_type":"bearer","refresh_token":"eyJhbGciOiJIUzI1NiIsInR5cCIgOiAiSldUIiwia2lkIiA6ICIwYTAzNjlhNy0yMTg3LTQ3OWYtOTU4NS02Y2QzYTczZDUxOWYifQ.eyJleHAiOjE2MTg2ODQ3MTcsImlhdCI6MTYxNjA5MjcxNywianRpIjoiZDgzYjVlZGEtYTE4Yi00NzFjLWIxN2MtOWJiZjRmZDU1MTc0IiwiaXNzIjoiaHR0cHM6Ly9zYW5kYm94Lm5lb25vbWljcy5pby9hdXRoL3JlYWxtcy9zYW5kYm94IiwiYXVkIjoiaHR0cHM6Ly9zYW5kYm94Lm5lb25vbWljcy5pby9hdXRoL3JlYWxtcy9zYW5kYm94Iiwic3ViIjoiMjE4MDlmM2EtOWJhOS00MDMxLTllM2QtOTdiNTY3Nzc5OWY5IiwidHlwIjoiUmVmcmVzaCIsImF6cCI6IjNkMzVmNjA2LWNkNTctNDc0Zi04Njc2LWI3OGRmYmVhYzM0NSIsInNlc3Npb25fc3RhdGUiOiI4NDk4NjI2NC05NjkwLTQ2ZTEtOTIzNC1jM2IyYTdhOTc2ODMiLCJzY29wZSI6ImJhbnFicmlkZ2VfY2xpZW50In0.UwXaqroiW9lLtiU2ItJdpiXLtXbw5lnvoCwSOEGnjk4"}
2021-03-19 00:08:36.744 [main] INFO  stepDefinition.StepDefinitions_API_Test - Bearer token :: [Bearer eyJhbGciOiJSUzI1NiIsInR5cCIgOiAiSldUIiwia2lkIiA6ICJ2MmFQNDdIQXVTUi1qWmR5U3otNDVDV2RaOFhiWGFBMXNDbWhLbWtJLXRvIn0.eyJleHAiOjE2MTYxNzkxMTcsImlhdCI6MTYxNjA5MjcxNywianRpIjoiNGIwZWEwNzEtZDVjNC00MTM4LWI0MDAtNDQ0M2JiMGNiOGE4IiwiaXNzIjoiaHR0cHM6Ly9zYW5kYm94Lm5lb25vbWljcy5pby9hdXRoL3JlYWxtcy9zYW5kYm94Iiwic3ViIjoiMjE4MDlmM2EtOWJhOS00MDMxLTllM2QtOTdiNTY3Nzc5OWY5IiwidHlwIjoiQmVhcmVyIiwiYXpwIjoiM2QzNWY2MDYtY2Q1Ny00NzRmLTg2NzYtYjc4ZGZiZWFjMzQ1Iiwic2Vzc2lvbl9zdGF0ZSI6Ijg0OTg2MjY0LTk2OTAtNDZlMS05MjM0LWMzYjJhN2E5NzY4MyIsImFjciI6IjEiLCJzY29wZSI6ImJhbnFicmlkZ2VfY2xpZW50Iiwib3JnYW5pemF0aW9uSWQiOiI0MjRhNTc5My01NDQ4LTQ0NjMtODI2YS05NzdhOTc2MTY4NDIiLCJjbGllbnRJZCI6IjNkMzVmNjA2LWNkNTctNDc0Zi04Njc2LWI3OGRmYmVhYzM0NSIsImNsaWVudEhvc3QiOiIxMDMuMjAwLjEwNi4xNzEiLCJja2lkIjoiYmY2NGIzNTktOWFhZC00MjcxLWJjNjItNTFjNDI2NGQyZmQ3IiwiY2xpZW50QWRkcmVzcyI6IjEwMy4yMDAuMTA2LjE3MSJ9.L7vn2XzBKl0PNpQw0pikZ-1QCH0Xy1ACrD3ohA5MxLnGZfcJbJJYXQrThJw7PZTCb7mEJ9yhIlj6_c-4MbgMlyIiqRZzcHx5BS_NA_raHy8x9Omc5g4QCvq1RpFxLsFHitSQHYnegpqj8re-bwTW9PXEfYwWaWA21hFL6rObwLLGr_0McdA_TeWfe18JWo-GV8W2lnL_Qq2kkgxEFZHLVmAEh9ONRXvHP7Cr6evcFrInZqAjpILVPNJyouUVMmDHDDqmyyFi9pyAnft9LFnZDCcbWHBwRXDOuNiyTqHdQ1V0PQ8YRrVdPnL-HxCPQWmH7MlRtTohNExQvcjbeaDi4A]
2021-03-19 00:08:36.744 [main] INFO  stepDefinition.StepDefinitions_API_Test - Added :: Header = [Authorization] and Value = [Bearer eyJhbGciOiJSUzI1NiIsInR5cCIgOiAiSldUIiwia2lkIiA6ICJ2MmFQNDdIQXVTUi1qWmR5U3otNDVDV2RaOFhiWGFBMXNDbWhLbWtJLXRvIn0.eyJleHAiOjE2MTYxNzkxMTcsImlhdCI6MTYxNjA5MjcxNywianRpIjoiNGIwZWEwNzEtZDVjNC00MTM4LWI0MDAtNDQ0M2JiMGNiOGE4IiwiaXNzIjoiaHR0cHM6Ly9zYW5kYm94Lm5lb25vbWljcy5pby9hdXRoL3JlYWxtcy9zYW5kYm94Iiwic3ViIjoiMjE4MDlmM2EtOWJhOS00MDMxLTllM2QtOTdiNTY3Nzc5OWY5IiwidHlwIjoiQmVhcmVyIiwiYXpwIjoiM2QzNWY2MDYtY2Q1Ny00NzRmLTg2NzYtYjc4ZGZiZWFjMzQ1Iiwic2Vzc2lvbl9zdGF0ZSI6Ijg0OTg2MjY0LTk2OTAtNDZlMS05MjM0LWMzYjJhN2E5NzY4MyIsImFjciI6IjEiLCJzY29wZSI6ImJhbnFicmlkZ2VfY2xpZW50Iiwib3JnYW5pemF0aW9uSWQiOiI0MjRhNTc5My01NDQ4LTQ0NjMtODI2YS05NzdhOTc2MTY4NDIiLCJjbGllbnRJZCI6IjNkMzVmNjA2LWNkNTctNDc0Zi04Njc2LWI3OGRmYmVhYzM0NSIsImNsaWVudEhvc3QiOiIxMDMuMjAwLjEwNi4xNzEiLCJja2lkIjoiYmY2NGIzNTktOWFhZC00MjcxLWJjNjItNTFjNDI2NGQyZmQ3IiwiY2xpZW50QWRkcmVzcyI6IjEwMy4yMDAuMTA2LjE3MSJ9.L7vn2XzBKl0PNpQw0pikZ-1QCH0Xy1ACrD3ohA5MxLnGZfcJbJJYXQrThJw7PZTCb7mEJ9yhIlj6_c-4MbgMlyIiqRZzcHx5BS_NA_raHy8x9Omc5g4QCvq1RpFxLsFHitSQHYnegpqj8re-bwTW9PXEfYwWaWA21hFL6rObwLLGr_0McdA_TeWfe18JWo-GV8W2lnL_Qq2kkgxEFZHLVmAEh9ONRXvHP7Cr6evcFrInZqAjpILVPNJyouUVMmDHDDqmyyFi9pyAnft9LFnZDCcbWHBwRXDOuNiyTqHdQ1V0PQ8YRrVdPnL-HxCPQWmH7MlRtTohNExQvcjbeaDi4A]
2021-03-19 00:08:36.745 [main] INFO  stepDefinition.StepDefinitions_API_Test - Setting Header = [x-device-id] and Value = [example_id_for_quickstart]
2021-03-19 00:08:36.745 [main] INFO  stepDefinition.StepDefinitions_API_Test - Added :: Header = [x-device-id] and Value = [example_id_for_quickstart]
2021-03-19 00:08:36.745 [main] INFO  stepDefinition.StepDefinitions_API_Test - Creating session ID for bank ID [anVzdG9iYW5rLnYxSlVTVE5PS0s=] and Device ID [example_id_for_quickstart] for further API testing
2021-03-19 00:08:37.016 [main] INFO  com.neonomics.corelibraries.Session - Response recieved for getting session ID ::{"sessionId":"77d3a56c-1113-433e-bf9e-19d12ccd9165"}
2021-03-19 00:08:37.022 [main] INFO  stepDefinition.StepDefinitions_API_Test - Received session ID as [77d3a56c-1113-433e-bf9e-19d12ccd9165]
2021-03-19 00:08:37.023 [main] INFO  stepDefinition.StepDefinitions_API_Test - Making [GET] request
2021-03-19 00:08:37.231 [main] INFO  stepDefinition.StepDefinitions_API_Test - Validating response code as [200]
2021-03-19 00:08:37.237 [main] INFO  stepDefinition.StepDefinitions_Functional_Test - ********************************************************************************************************
2021-03-19 00:08:37.237 [main] INFO  stepDefinition.StepDefinitions_Functional_Test - --- Execution Started :::: Verify that session API for getting current status works for various combinations
2021-03-19 00:08:37.237 [main] INFO  stepDefinition.StepDefinitions_Functional_Test - ********************************************************************************************************
2021-03-19 00:08:37.237 [main] INFO  stepDefinition.StepDefinitions_API_Test - Base URL [https://sandbox.neonomics.io]
2021-03-19 00:08:37.237 [main] INFO  stepDefinition.StepDefinitions_API_Test - Endpoint path [/ics/v3/sn/asa{sessionId}]
2021-03-19 00:08:37.238 [main] INFO  stepDefinition.StepDefinitions_API_Test - Setting Header = [Accept] and Value = [application/json]
2021-03-19 00:08:37.238 [main] INFO  stepDefinition.StepDefinitions_API_Test - Added :: Header = [Accept] and Value = [application/json]
2021-03-19 00:08:37.238 [main] INFO  stepDefinition.StepDefinitions_API_Test - Setting Header = [Authorization] and Value = [Bearer Token]
2021-03-19 00:08:37.485 [main] INFO  com.neonomics.corelibraries.Authorization - Response recieved for auth API ::{"refresh_expires_in":2592000,"expires_in":86400,"session_state":"b2fdd612-218c-4cd4-bdd3-2137c90f3b2e","access_token":"eyJhbGciOiJSUzI1NiIsInR5cCIgOiAiSldUIiwia2lkIiA6ICJ2MmFQNDdIQXVTUi1qWmR5U3otNDVDV2RaOFhiWGFBMXNDbWhLbWtJLXRvIn0.eyJleHAiOjE2MTYxNzkxMTcsImlhdCI6MTYxNjA5MjcxNywianRpIjoiOGI1MzQ0ZGUtZDRhZC00ZDgyLThmMjMtYTQxMTYyNmJiZTEzIiwiaXNzIjoiaHR0cHM6Ly9zYW5kYm94Lm5lb25vbWljcy5pby9hdXRoL3JlYWxtcy9zYW5kYm94Iiwic3ViIjoiMjE4MDlmM2EtOWJhOS00MDMxLTllM2QtOTdiNTY3Nzc5OWY5IiwidHlwIjoiQmVhcmVyIiwiYXpwIjoiM2QzNWY2MDYtY2Q1Ny00NzRmLTg2NzYtYjc4ZGZiZWFjMzQ1Iiwic2Vzc2lvbl9zdGF0ZSI6ImIyZmRkNjEyLTIxOGMtNGNkNC1iZGQzLTIxMzdjOTBmM2IyZSIsImFjciI6IjEiLCJzY29wZSI6ImJhbnFicmlkZ2VfY2xpZW50Iiwib3JnYW5pemF0aW9uSWQiOiI0MjRhNTc5My01NDQ4LTQ0NjMtODI2YS05NzdhOTc2MTY4NDIiLCJjbGllbnRJZCI6IjNkMzVmNjA2LWNkNTctNDc0Zi04Njc2LWI3OGRmYmVhYzM0NSIsImNsaWVudEhvc3QiOiIxMDMuMjAwLjEwNi4xNzEiLCJja2lkIjoiYmY2NGIzNTktOWFhZC00MjcxLWJjNjItNTFjNDI2NGQyZmQ3IiwiY2xpZW50QWRkcmVzcyI6IjEwMy4yMDAuMTA2LjE3MSJ9.SrQnmmj7k-iqFreJ7XcRe_ILOqEzu0vsMfIRe7q4YRUdyntU5cUKgtb6P8GRRC12CQBN5-EqkJYixiEx9QMslvQqmS7wrc81Z3QS6jcfXFHDixahDGWFK6dOn8LJhkpDFJWp6HBs-bHSKN7XP91N03ckP3jqMDvEMoi3aqBzn3JHNT_bBsj34CHMX3aRJza9_NWyMDhw9kLUbvprPKhONXhczjcnQOf1saCr9N1_70AzupblDGiZd8e4TmOq9G-t0ZlRRPPwPQe83MFV2DkKDB0ojy9pT7WAjcyGgC1StgwQjtDXzZD_ZX5WrPmwxIsiCfLfvyj0vTnZYXVM3Y-5BQ","scope":"banqbridge_client","token_type":"bearer","refresh_token":"eyJhbGciOiJIUzI1NiIsInR5cCIgOiAiSldUIiwia2lkIiA6ICIwYTAzNjlhNy0yMTg3LTQ3OWYtOTU4NS02Y2QzYTczZDUxOWYifQ.eyJleHAiOjE2MTg2ODQ3MTcsImlhdCI6MTYxNjA5MjcxNywianRpIjoiNzYwMzM2NjMtZGM1MS00MDk3LTg1YmEtNmJmZjM3NzMxNmU0IiwiaXNzIjoiaHR0cHM6Ly9zYW5kYm94Lm5lb25vbWljcy5pby9hdXRoL3JlYWxtcy9zYW5kYm94IiwiYXVkIjoiaHR0cHM6Ly9zYW5kYm94Lm5lb25vbWljcy5pby9hdXRoL3JlYWxtcy9zYW5kYm94Iiwic3ViIjoiMjE4MDlmM2EtOWJhOS00MDMxLTllM2QtOTdiNTY3Nzc5OWY5IiwidHlwIjoiUmVmcmVzaCIsImF6cCI6IjNkMzVmNjA2LWNkNTctNDc0Zi04Njc2LWI3OGRmYmVhYzM0NSIsInNlc3Npb25fc3RhdGUiOiJiMmZkZDYxMi0yMThjLTRjZDQtYmRkMy0yMTM3YzkwZjNiMmUiLCJzY29wZSI6ImJhbnFicmlkZ2VfY2xpZW50In0.nabVJGUSfdyy7aB_1HIDjJKXibFKSm74UpuGRfizbQ4"}
2021-03-19 00:08:37.512 [main] INFO  stepDefinition.StepDefinitions_API_Test - Bearer token :: [Bearer eyJhbGciOiJSUzI1NiIsInR5cCIgOiAiSldUIiwia2lkIiA6ICJ2MmFQNDdIQXVTUi1qWmR5U3otNDVDV2RaOFhiWGFBMXNDbWhLbWtJLXRvIn0.eyJleHAiOjE2MTYxNzkxMTcsImlhdCI6MTYxNjA5MjcxNywianRpIjoiOGI1MzQ0ZGUtZDRhZC00ZDgyLThmMjMtYTQxMTYyNmJiZTEzIiwiaXNzIjoiaHR0cHM6Ly9zYW5kYm94Lm5lb25vbWljcy5pby9hdXRoL3JlYWxtcy9zYW5kYm94Iiwic3ViIjoiMjE4MDlmM2EtOWJhOS00MDMxLTllM2QtOTdiNTY3Nzc5OWY5IiwidHlwIjoiQmVhcmVyIiwiYXpwIjoiM2QzNWY2MDYtY2Q1Ny00NzRmLTg2NzYtYjc4ZGZiZWFjMzQ1Iiwic2Vzc2lvbl9zdGF0ZSI6ImIyZmRkNjEyLTIxOGMtNGNkNC1iZGQzLTIxMzdjOTBmM2IyZSIsImFjciI6IjEiLCJzY29wZSI6ImJhbnFicmlkZ2VfY2xpZW50Iiwib3JnYW5pemF0aW9uSWQiOiI0MjRhNTc5My01NDQ4LTQ0NjMtODI2YS05NzdhOTc2MTY4NDIiLCJjbGllbnRJZCI6IjNkMzVmNjA2LWNkNTctNDc0Zi04Njc2LWI3OGRmYmVhYzM0NSIsImNsaWVudEhvc3QiOiIxMDMuMjAwLjEwNi4xNzEiLCJja2lkIjoiYmY2NGIzNTktOWFhZC00MjcxLWJjNjItNTFjNDI2NGQyZmQ3IiwiY2xpZW50QWRkcmVzcyI6IjEwMy4yMDAuMTA2LjE3MSJ9.SrQnmmj7k-iqFreJ7XcRe_ILOqEzu0vsMfIRe7q4YRUdyntU5cUKgtb6P8GRRC12CQBN5-EqkJYixiEx9QMslvQqmS7wrc81Z3QS6jcfXFHDixahDGWFK6dOn8LJhkpDFJWp6HBs-bHSKN7XP91N03ckP3jqMDvEMoi3aqBzn3JHNT_bBsj34CHMX3aRJza9_NWyMDhw9kLUbvprPKhONXhczjcnQOf1saCr9N1_70AzupblDGiZd8e4TmOq9G-t0ZlRRPPwPQe83MFV2DkKDB0ojy9pT7WAjcyGgC1StgwQjtDXzZD_ZX5WrPmwxIsiCfLfvyj0vTnZYXVM3Y-5BQ]
2021-03-19 00:08:37.512 [main] INFO  stepDefinition.StepDefinitions_API_Test - Added :: Header = [Authorization] and Value = [Bearer eyJhbGciOiJSUzI1NiIsInR5cCIgOiAiSldUIiwia2lkIiA6ICJ2MmFQNDdIQXVTUi1qWmR5U3otNDVDV2RaOFhiWGFBMXNDbWhLbWtJLXRvIn0.eyJleHAiOjE2MTYxNzkxMTcsImlhdCI6MTYxNjA5MjcxNywianRpIjoiOGI1MzQ0ZGUtZDRhZC00ZDgyLThmMjMtYTQxMTYyNmJiZTEzIiwiaXNzIjoiaHR0cHM6Ly9zYW5kYm94Lm5lb25vbWljcy5pby9hdXRoL3JlYWxtcy9zYW5kYm94Iiwic3ViIjoiMjE4MDlmM2EtOWJhOS00MDMxLTllM2QtOTdiNTY3Nzc5OWY5IiwidHlwIjoiQmVhcmVyIiwiYXpwIjoiM2QzNWY2MDYtY2Q1Ny00NzRmLTg2NzYtYjc4ZGZiZWFjMzQ1Iiwic2Vzc2lvbl9zdGF0ZSI6ImIyZmRkNjEyLTIxOGMtNGNkNC1iZGQzLTIxMzdjOTBmM2IyZSIsImFjciI6IjEiLCJzY29wZSI6ImJhbnFicmlkZ2VfY2xpZW50Iiwib3JnYW5pemF0aW9uSWQiOiI0MjRhNTc5My01NDQ4LTQ0NjMtODI2YS05NzdhOTc2MTY4NDIiLCJjbGllbnRJZCI6IjNkMzVmNjA2LWNkNTctNDc0Zi04Njc2LWI3OGRmYmVhYzM0NSIsImNsaWVudEhvc3QiOiIxMDMuMjAwLjEwNi4xNzEiLCJja2lkIjoiYmY2NGIzNTktOWFhZC00MjcxLWJjNjItNTFjNDI2NGQyZmQ3IiwiY2xpZW50QWRkcmVzcyI6IjEwMy4yMDAuMTA2LjE3MSJ9.SrQnmmj7k-iqFreJ7XcRe_ILOqEzu0vsMfIRe7q4YRUdyntU5cUKgtb6P8GRRC12CQBN5-EqkJYixiEx9QMslvQqmS7wrc81Z3QS6jcfXFHDixahDGWFK6dOn8LJhkpDFJWp6HBs-bHSKN7XP91N03ckP3jqMDvEMoi3aqBzn3JHNT_bBsj34CHMX3aRJza9_NWyMDhw9kLUbvprPKhONXhczjcnQOf1saCr9N1_70AzupblDGiZd8e4TmOq9G-t0ZlRRPPwPQe83MFV2DkKDB0ojy9pT7WAjcyGgC1StgwQjtDXzZD_ZX5WrPmwxIsiCfLfvyj0vTnZYXVM3Y-5BQ]
2021-03-19 00:08:37.513 [main] INFO  stepDefinition.StepDefinitions_API_Test - Setting Header = [x-device-id] and Value = [example_id_for_quickstart]
2021-03-19 00:08:37.513 [main] INFO  stepDefinition.StepDefinitions_API_Test - Added :: Header = [x-device-id] and Value = [example_id_for_quickstart]
2021-03-19 00:08:37.513 [main] INFO  stepDefinition.StepDefinitions_API_Test - Creating session ID for bank ID [anVzdG9iYW5rLnYxSlVTVE5PS0s=] and Device ID [example_id_for_quickstart] for further API testing
2021-03-19 00:08:37.718 [main] INFO  com.neonomics.corelibraries.Session - Response recieved for getting session ID ::{"sessionId":"77286d8c-d262-49b2-9a2e-72d88d00f3e2"}
2021-03-19 00:08:37.725 [main] INFO  stepDefinition.StepDefinitions_API_Test - Received session ID as [77286d8c-d262-49b2-9a2e-72d88d00f3e2]
2021-03-19 00:08:37.725 [main] INFO  stepDefinition.StepDefinitions_API_Test - Making [GET] request
2021-03-19 00:08:37.898 [main] INFO  stepDefinition.StepDefinitions_API_Test - Validating response code as [510]
2021-03-19 00:08:37.906 [main] INFO  stepDefinition.StepDefinitions_Functional_Test - ********************************************************************************************************
2021-03-19 00:08:37.906 [main] INFO  stepDefinition.StepDefinitions_Functional_Test - --- Execution Started :::: Verify that session API for getting current status works for various combinations
2021-03-19 00:08:37.906 [main] INFO  stepDefinition.StepDefinitions_Functional_Test - ********************************************************************************************************
2021-03-19 00:08:37.907 [main] INFO  stepDefinition.StepDefinitions_API_Test - Base URL [https://sandbox.neonomics.io]
2021-03-19 00:08:37.907 [main] INFO  stepDefinition.StepDefinitions_API_Test - Endpoint path [/ics/v3/session/{sessionId}]
2021-03-19 00:08:37.907 [main] INFO  stepDefinition.StepDefinitions_API_Test - Setting Header = [Accept] and Value = [application/json]
2021-03-19 00:08:37.907 [main] INFO  stepDefinition.StepDefinitions_API_Test - Added :: Header = [Accept] and Value = [application/json]
2021-03-19 00:08:37.907 [main] INFO  stepDefinition.StepDefinitions_API_Test - Setting Header = [Authorization] and Value = []
2021-03-19 00:08:37.907 [main] INFO  stepDefinition.StepDefinitions_API_Test - Added :: Header = [Authorization] and Value = []
2021-03-19 00:08:37.907 [main] INFO  stepDefinition.StepDefinitions_API_Test - Setting Header = [x-device-id] and Value = []
2021-03-19 00:08:37.907 [main] INFO  stepDefinition.StepDefinitions_API_Test - Added :: Header = [x-device-id] and Value = []
2021-03-19 00:08:37.907 [main] INFO  stepDefinition.StepDefinitions_API_Test - Creating session ID for bank ID [anVzdG9iYW5rLnYxSlVTVE5PS0s=] and Device ID [] for further API testing
2021-03-19 00:08:38.117 [main] INFO  stepDefinition.StepDefinitions_Functional_Test - ********************************************************************************************************
2021-03-19 00:08:38.117 [main] INFO  stepDefinition.StepDefinitions_Functional_Test - --- Execution Started :::: Verify that session API for getting current status works for various combinations
2021-03-19 00:08:38.117 [main] INFO  stepDefinition.StepDefinitions_Functional_Test - ********************************************************************************************************
2021-03-19 00:08:38.117 [main] INFO  stepDefinition.StepDefinitions_API_Test - Base URL [https://sandbox.neonomics.io]
2021-03-19 00:08:38.117 [main] INFO  stepDefinition.StepDefinitions_API_Test - Endpoint path [/ics/v3/session/{sessionId}]
2021-03-19 00:08:38.117 [main] INFO  stepDefinition.StepDefinitions_API_Test - Setting Header = [Accept] and Value = [application/x-www-form-urlencoded]
2021-03-19 00:08:38.118 [main] INFO  stepDefinition.StepDefinitions_API_Test - Added :: Header = [Accept] and Value = [application/x-www-form-urlencoded]
2021-03-19 00:08:38.118 [main] INFO  stepDefinition.StepDefinitions_API_Test - Setting Header = [Authorization] and Value = [Bearer Token]
2021-03-19 00:08:38.556 [main] INFO  com.neonomics.corelibraries.Authorization - Response recieved for auth API ::{"refresh_expires_in":2592000,"expires_in":86400,"session_state":"f507ba4a-d88c-4821-bc09-68ffdc207dfe","access_token":"eyJhbGciOiJSUzI1NiIsInR5cCIgOiAiSldUIiwia2lkIiA6ICJ2MmFQNDdIQXVTUi1qWmR5U3otNDVDV2RaOFhiWGFBMXNDbWhLbWtJLXRvIn0.eyJleHAiOjE2MTYxNzkxMTgsImlhdCI6MTYxNjA5MjcxOCwianRpIjoiZmY2NjA5NDMtMWVkZi00MzllLTg1ZGMtNmIxNjZlYTg5MzczIiwiaXNzIjoiaHR0cHM6Ly9zYW5kYm94Lm5lb25vbWljcy5pby9hdXRoL3JlYWxtcy9zYW5kYm94Iiwic3ViIjoiMjE4MDlmM2EtOWJhOS00MDMxLTllM2QtOTdiNTY3Nzc5OWY5IiwidHlwIjoiQmVhcmVyIiwiYXpwIjoiM2QzNWY2MDYtY2Q1Ny00NzRmLTg2NzYtYjc4ZGZiZWFjMzQ1Iiwic2Vzc2lvbl9zdGF0ZSI6ImY1MDdiYTRhLWQ4OGMtNDgyMS1iYzA5LTY4ZmZkYzIwN2RmZSIsImFjciI6IjEiLCJzY29wZSI6ImJhbnFicmlkZ2VfY2xpZW50Iiwib3JnYW5pemF0aW9uSWQiOiI0MjRhNTc5My01NDQ4LTQ0NjMtODI2YS05NzdhOTc2MTY4NDIiLCJjbGllbnRJZCI6IjNkMzVmNjA2LWNkNTctNDc0Zi04Njc2LWI3OGRmYmVhYzM0NSIsImNsaWVudEhvc3QiOiIxMDMuMjAwLjEwNi4xNzEiLCJja2lkIjoiYmY2NGIzNTktOWFhZC00MjcxLWJjNjItNTFjNDI2NGQyZmQ3IiwiY2xpZW50QWRkcmVzcyI6IjEwMy4yMDAuMTA2LjE3MSJ9.KzW02jfgEkm5QHGBMEC5i_VQXnbAGoxpGVIGNc867-xio7taP4uiC-yYU7h6EjS1gwcGBh-mwbuJt_Nb_L8OQ-Z-QQiw0o6XmP7jZHOe95U7xYAEabVw27wVvAqmOZA-bLQ82my4ZK4ZAWSxNDUGLMCv1D_1bvz44jPJeKSrunPH3UoqvGwa879C0rQDKqUX4VeV8DRfiWlPI2VhftBZKrLhhiAZ63sxu3CaybDEi2OhA_jKv0dvZeFL7Tn-elAXAaKKRGVHKw7_CTzi-vIHXYHgcnCSj6USh0_98WH8j6l8eVf8s2105Znub7FDexRV5PMTXHKN5vcPsbM8us1PCw","scope":"banqbridge_client","token_type":"bearer","refresh_token":"eyJhbGciOiJIUzI1NiIsInR5cCIgOiAiSldUIiwia2lkIiA6ICIwYTAzNjlhNy0yMTg3LTQ3OWYtOTU4NS02Y2QzYTczZDUxOWYifQ.eyJleHAiOjE2MTg2ODQ3MTgsImlhdCI6MTYxNjA5MjcxOCwianRpIjoiODU1MmM5NzQtODQ4Ni00MzY0LWIxMzQtZjI1YTEyYjM5NWIwIiwiaXNzIjoiaHR0cHM6Ly9zYW5kYm94Lm5lb25vbWljcy5pby9hdXRoL3JlYWxtcy9zYW5kYm94IiwiYXVkIjoiaHR0cHM6Ly9zYW5kYm94Lm5lb25vbWljcy5pby9hdXRoL3JlYWxtcy9zYW5kYm94Iiwic3ViIjoiMjE4MDlmM2EtOWJhOS00MDMxLTllM2QtOTdiNTY3Nzc5OWY5IiwidHlwIjoiUmVmcmVzaCIsImF6cCI6IjNkMzVmNjA2LWNkNTctNDc0Zi04Njc2LWI3OGRmYmVhYzM0NSIsInNlc3Npb25fc3RhdGUiOiJmNTA3YmE0YS1kODhjLTQ4MjEtYmMwOS02OGZmZGMyMDdkZmUiLCJzY29wZSI6ImJhbnFicmlkZ2VfY2xpZW50In0.InQtljSbUzWPUbuYEnu4h58ZQJOA0Yhj2ExymlLsHQ0"}
2021-03-19 00:08:38.583 [main] INFO  stepDefinition.StepDefinitions_API_Test - Bearer token :: [Bearer eyJhbGciOiJSUzI1NiIsInR5cCIgOiAiSldUIiwia2lkIiA6ICJ2MmFQNDdIQXVTUi1qWmR5U3otNDVDV2RaOFhiWGFBMXNDbWhLbWtJLXRvIn0.eyJleHAiOjE2MTYxNzkxMTgsImlhdCI6MTYxNjA5MjcxOCwianRpIjoiZmY2NjA5NDMtMWVkZi00MzllLTg1ZGMtNmIxNjZlYTg5MzczIiwiaXNzIjoiaHR0cHM6Ly9zYW5kYm94Lm5lb25vbWljcy5pby9hdXRoL3JlYWxtcy9zYW5kYm94Iiwic3ViIjoiMjE4MDlmM2EtOWJhOS00MDMxLTllM2QtOTdiNTY3Nzc5OWY5IiwidHlwIjoiQmVhcmVyIiwiYXpwIjoiM2QzNWY2MDYtY2Q1Ny00NzRmLTg2NzYtYjc4ZGZiZWFjMzQ1Iiwic2Vzc2lvbl9zdGF0ZSI6ImY1MDdiYTRhLWQ4OGMtNDgyMS1iYzA5LTY4ZmZkYzIwN2RmZSIsImFjciI6IjEiLCJzY29wZSI6ImJhbnFicmlkZ2VfY2xpZW50Iiwib3JnYW5pemF0aW9uSWQiOiI0MjRhNTc5My01NDQ4LTQ0NjMtODI2YS05NzdhOTc2MTY4NDIiLCJjbGllbnRJZCI6IjNkMzVmNjA2LWNkNTctNDc0Zi04Njc2LWI3OGRmYmVhYzM0NSIsImNsaWVudEhvc3QiOiIxMDMuMjAwLjEwNi4xNzEiLCJja2lkIjoiYmY2NGIzNTktOWFhZC00MjcxLWJjNjItNTFjNDI2NGQyZmQ3IiwiY2xpZW50QWRkcmVzcyI6IjEwMy4yMDAuMTA2LjE3MSJ9.KzW02jfgEkm5QHGBMEC5i_VQXnbAGoxpGVIGNc867-xio7taP4uiC-yYU7h6EjS1gwcGBh-mwbuJt_Nb_L8OQ-Z-QQiw0o6XmP7jZHOe95U7xYAEabVw27wVvAqmOZA-bLQ82my4ZK4ZAWSxNDUGLMCv1D_1bvz44jPJeKSrunPH3UoqvGwa879C0rQDKqUX4VeV8DRfiWlPI2VhftBZKrLhhiAZ63sxu3CaybDEi2OhA_jKv0dvZeFL7Tn-elAXAaKKRGVHKw7_CTzi-vIHXYHgcnCSj6USh0_98WH8j6l8eVf8s2105Znub7FDexRV5PMTXHKN5vcPsbM8us1PCw]
2021-03-19 00:08:38.583 [main] INFO  stepDefinition.StepDefinitions_API_Test - Added :: Header = [Authorization] and Value = [Bearer eyJhbGciOiJSUzI1NiIsInR5cCIgOiAiSldUIiwia2lkIiA6ICJ2MmFQNDdIQXVTUi1qWmR5U3otNDVDV2RaOFhiWGFBMXNDbWhLbWtJLXRvIn0.eyJleHAiOjE2MTYxNzkxMTgsImlhdCI6MTYxNjA5MjcxOCwianRpIjoiZmY2NjA5NDMtMWVkZi00MzllLTg1ZGMtNmIxNjZlYTg5MzczIiwiaXNzIjoiaHR0cHM6Ly9zYW5kYm94Lm5lb25vbWljcy5pby9hdXRoL3JlYWxtcy9zYW5kYm94Iiwic3ViIjoiMjE4MDlmM2EtOWJhOS00MDMxLTllM2QtOTdiNTY3Nzc5OWY5IiwidHlwIjoiQmVhcmVyIiwiYXpwIjoiM2QzNWY2MDYtY2Q1Ny00NzRmLTg2NzYtYjc4ZGZiZWFjMzQ1Iiwic2Vzc2lvbl9zdGF0ZSI6ImY1MDdiYTRhLWQ4OGMtNDgyMS1iYzA5LTY4ZmZkYzIwN2RmZSIsImFjciI6IjEiLCJzY29wZSI6ImJhbnFicmlkZ2VfY2xpZW50Iiwib3JnYW5pemF0aW9uSWQiOiI0MjRhNTc5My01NDQ4LTQ0NjMtODI2YS05NzdhOTc2MTY4NDIiLCJjbGllbnRJZCI6IjNkMzVmNjA2LWNkNTctNDc0Zi04Njc2LWI3OGRmYmVhYzM0NSIsImNsaWVudEhvc3QiOiIxMDMuMjAwLjEwNi4xNzEiLCJja2lkIjoiYmY2NGIzNTktOWFhZC00MjcxLWJjNjItNTFjNDI2NGQyZmQ3IiwiY2xpZW50QWRkcmVzcyI6IjEwMy4yMDAuMTA2LjE3MSJ9.KzW02jfgEkm5QHGBMEC5i_VQXnbAGoxpGVIGNc867-xio7taP4uiC-yYU7h6EjS1gwcGBh-mwbuJt_Nb_L8OQ-Z-QQiw0o6XmP7jZHOe95U7xYAEabVw27wVvAqmOZA-bLQ82my4ZK4ZAWSxNDUGLMCv1D_1bvz44jPJeKSrunPH3UoqvGwa879C0rQDKqUX4VeV8DRfiWlPI2VhftBZKrLhhiAZ63sxu3CaybDEi2OhA_jKv0dvZeFL7Tn-elAXAaKKRGVHKw7_CTzi-vIHXYHgcnCSj6USh0_98WH8j6l8eVf8s2105Znub7FDexRV5PMTXHKN5vcPsbM8us1PCw]
2021-03-19 00:08:38.583 [main] INFO  stepDefinition.StepDefinitions_API_Test - Setting Header = [x-device-id] and Value = [anything-different]
2021-03-19 00:08:38.583 [main] INFO  stepDefinition.StepDefinitions_API_Test - Added :: Header = [x-device-id] and Value = [anything-different]
2021-03-19 00:08:38.583 [main] INFO  stepDefinition.StepDefinitions_API_Test - Creating session ID for bank ID [anVzdG9iYW5rLnYxSlVTVE5PS0s=] and Device ID [anything-different] for further API testing
2021-03-19 00:08:38.907 [main] INFO  com.neonomics.corelibraries.Session - Response recieved for getting session ID ::{"sessionId":"6ad3ed14-55bd-42f7-8038-9bae93e5b468"}
2021-03-19 00:08:38.914 [main] INFO  stepDefinition.StepDefinitions_API_Test - Received session ID as [6ad3ed14-55bd-42f7-8038-9bae93e5b468]
2021-03-19 00:08:38.915 [main] INFO  stepDefinition.StepDefinitions_API_Test - Making [GET] request
2021-03-19 00:08:39.096 [main] INFO  stepDefinition.StepDefinitions_API_Test - Validating response code as [406]
2021-03-19 00:08:39.101 [main] INFO  stepDefinition.StepDefinitions_Functional_Test - ********************************************************************************************************
2021-03-19 00:08:39.101 [main] INFO  stepDefinition.StepDefinitions_Functional_Test - --- Execution Started :::: Verify that session API for getting current status works for various combinations
2021-03-19 00:08:39.101 [main] INFO  stepDefinition.StepDefinitions_Functional_Test - ********************************************************************************************************
2021-03-19 00:08:39.101 [main] INFO  stepDefinition.StepDefinitions_API_Test - Base URL [https://sandbox.neonomics.io]
2021-03-19 00:08:39.101 [main] INFO  stepDefinition.StepDefinitions_API_Test - Endpoint path [/ics/v3/session/{sessionId}]
2021-03-19 00:08:39.102 [main] INFO  stepDefinition.StepDefinitions_API_Test - Setting Header = [Accept] and Value = []
2021-03-19 00:08:39.102 [main] INFO  stepDefinition.StepDefinitions_API_Test - Added :: Header = [Accept] and Value = []
2021-03-19 00:08:39.102 [main] INFO  stepDefinition.StepDefinitions_API_Test - Setting Header = [Authorization] and Value = []
2021-03-19 00:08:39.102 [main] INFO  stepDefinition.StepDefinitions_API_Test - Added :: Header = [Authorization] and Value = []
2021-03-19 00:08:39.102 [main] INFO  stepDefinition.StepDefinitions_API_Test - Setting Header = [x-device-id] and Value = []
2021-03-19 00:08:39.102 [main] INFO  stepDefinition.StepDefinitions_API_Test - Added :: Header = [x-device-id] and Value = []
2021-03-19 00:08:39.102 [main] INFO  stepDefinition.StepDefinitions_API_Test - Creating session ID for bank ID [anVzdG9iYW5rLnYxSlVTVE5PS0s=] and Device ID [] for further API testing
