2021-03-19 10:24:08.517 [main] INFO  stepDefinition.StepDefinitions_Functional_Test    : ********************************************************************************************************
2021-03-19 10:24:08.518 [main] INFO  stepDefinition.StepDefinitions_Functional_Test    : ********************************************************************************************************
2021-03-19 10:24:08.518 [main] INFO  stepDefinition.StepDefinitions_Functional_Test    : --- Execution Started :::: Verify that Auth token API works for various combinations
2021-03-19 10:24:08.518 [main] INFO  stepDefinition.StepDefinitions_Functional_Test    : ********************************************************************************************************
2021-03-19 10:24:08.613 [main] INFO  stepDefinition.StepDefinitions_API_Test           : Base URL [https://sandbox.neonomics.io]
2021-03-19 10:24:08.614 [main] INFO  stepDefinition.StepDefinitions_API_Test           : Endpoint path [/auth/realms/sandbox/protocol/openid-connect/token]
2021-03-19 10:24:08.615 [main] INFO  stepDefinition.StepDefinitions_API_Test           : Setting Header = [Content-Type] and Value = [application/x-www-form-urlencoded]
2021-03-19 10:24:08.615 [main] INFO  stepDefinition.StepDefinitions_API_Test           : Added :: Header = [Content-Type] and Value = [application/x-www-form-urlencoded]
2021-03-19 10:24:08.616 [main] INFO  stepDefinition.StepDefinitions_API_Test           : Setting request parameter as Key = [grant_type] and Value = [client_credentials]
2021-03-19 10:24:08.617 [main] INFO  stepDefinition.StepDefinitions_API_Test           : Setting request parameter as Key = [client_id] and Value = [valid]
2021-03-19 10:24:08.618 [main] INFO  stepDefinition.StepDefinitions_API_Test           : Setting request parameter as Key = [client_secret] and Value = [valid]
2021-03-19 10:24:08.665 [main] INFO  stepDefinition.StepDefinitions_API_Test           : Making [POST] request
2021-03-19 10:24:09.720 [main] INFO  stepDefinition.StepDefinitions_API_Test           : Headers ::[Content-Type=application/json
x-xss-protection=1; mode=block
x-content-type-options=nosniff
Access-Control-Allow-Origin=*
X-CORRELATION-ID=3688f84f-5b38-4293-a324-2623d746b56f
Content-Length=156
Expires=Fri, 19 Mar 2021 04:54:09 GMT
Cache-Control=max-age=0, no-cache, no-store
Pragma=no-cache
Date=Fri, 19 Mar 2021 04:54:09 GMT
Connection=close
Server-Timing=cdn-cache; desc=MISS
Server-Timing=edge; dur=327
Server-Timing=origin; dur=37
Strict-Transport-Security=max-age=86400 ; includeSubDomains ; preload]
2021-03-19 10:24:09.725 [main] INFO  stepDefinition.StepDefinitions_API_Test           : Cookies ::[{}]
2021-03-19 10:24:09.725 [main] INFO  stepDefinition.StepDefinitions_API_Test           : Status Code :: [510]
2021-03-19 10:24:09.725 [main] INFO  stepDefinition.StepDefinitions_API_Test           : Status Line ::[HTTP/1.1 510 Unknown]
2021-03-19 10:24:09.726 [main] INFO  stepDefinition.StepDefinitions_API_Test           : Session ID ::[null]
2021-03-19 10:24:09.761 [main] INFO  stepDefinition.StepDefinitions_API_Test           : Headers ::[{
    "id": "3688f84f-5b38-4293-a324-2623d746b56f",
    "errorCode": "2005",
    "message": "Invalid client id/secret",
    "source": "A",
    "type": "FATAL",
    "timestamp": 1616129649620
}]
2021-03-19 10:24:09.762 [main] INFO  stepDefinition.StepDefinitions_API_Test           : Validating response code as [200]
2021-03-19 10:24:09.788 [main] INFO  stepDefinition.StepDefinitions_Functional_Test    : ********************************************************************************************************
2021-03-19 10:24:09.788 [main] INFO  stepDefinition.StepDefinitions_Functional_Test    : ********************************************************************************************************
2021-03-19 10:24:09.788 [main] INFO  stepDefinition.StepDefinitions_Functional_Test    : --- Execution Started :::: Verify that Auth token API works for various combinations
2021-03-19 10:24:09.788 [main] INFO  stepDefinition.StepDefinitions_Functional_Test    : ********************************************************************************************************
2021-03-19 10:24:09.789 [main] INFO  stepDefinition.StepDefinitions_API_Test           : Base URL [https://sandbox.neonomics.io]
2021-03-19 10:24:09.789 [main] INFO  stepDefinition.StepDefinitions_API_Test           : Endpoint path [/auth/realms/sandbox/protocol/openid-connect/token]
2021-03-19 10:24:09.789 [main] INFO  stepDefinition.StepDefinitions_API_Test           : Setting Header = [Content-Type] and Value = [application/json]
2021-03-19 10:24:09.790 [main] INFO  stepDefinition.StepDefinitions_API_Test           : Added :: Header = [Content-Type] and Value = [application/json]
2021-03-19 10:24:09.790 [main] INFO  stepDefinition.StepDefinitions_API_Test           : Setting request parameter as Key = [grant_type] and Value = [client_credentials]
2021-03-19 10:24:09.791 [main] INFO  stepDefinition.StepDefinitions_API_Test           : Setting request parameter as Key = [client_id] and Value = [valid]
2021-03-19 10:24:09.791 [main] INFO  stepDefinition.StepDefinitions_API_Test           : Setting request parameter as Key = [client_secret] and Value = [valid]
2021-03-19 10:24:09.792 [main] INFO  stepDefinition.StepDefinitions_API_Test           : Making [POST] request
2021-03-19 10:24:10.196 [main] INFO  stepDefinition.StepDefinitions_API_Test           : Headers ::[Content-Type=application/json
x-xss-protection=1; mode=block
x-content-type-options=nosniff
Access-Control-Allow-Origin=*
X-CORRELATION-ID=2d9b50dd-6259-4dfc-a55d-36c301ee4b47
Content-Length=84
Expires=Fri, 19 Mar 2021 04:54:10 GMT
Cache-Control=max-age=0, no-cache, no-store
Pragma=no-cache
Date=Fri, 19 Mar 2021 04:54:10 GMT
Connection=close
Server-Timing=cdn-cache; desc=MISS
Server-Timing=edge; dur=335
Server-Timing=origin; dur=11
Strict-Transport-Security=max-age=86400 ; includeSubDomains ; preload]
2021-03-19 10:24:10.196 [main] INFO  stepDefinition.StepDefinitions_API_Test           : Cookies ::[{}]
2021-03-19 10:24:10.196 [main] INFO  stepDefinition.StepDefinitions_API_Test           : Status Code :: [510]
2021-03-19 10:24:10.196 [main] INFO  stepDefinition.StepDefinitions_API_Test           : Status Line ::[HTTP/1.1 510 Unknown]
2021-03-19 10:24:10.196 [main] INFO  stepDefinition.StepDefinitions_API_Test           : Session ID ::[null]
2021-03-19 10:24:10.197 [main] INFO  stepDefinition.StepDefinitions_API_Test           : Headers ::[{
    "error": "invalid_request",
    "error_description": "Missing form parameter: grant_type"
}]
2021-03-19 10:24:10.198 [main] INFO  stepDefinition.StepDefinitions_API_Test           : Validating response code as [510]
2021-03-19 10:24:10.373 [main] INFO  stepDefinition.StepDefinitions_Functional_Test    : ********************************************************************************************************
2021-03-19 10:24:10.373 [main] INFO  stepDefinition.StepDefinitions_Functional_Test    : ********************************************************************************************************
2021-03-19 10:24:10.373 [main] INFO  stepDefinition.StepDefinitions_Functional_Test    : --- Execution Started :::: Verify that Auth token API works for various combinations
2021-03-19 10:24:10.373 [main] INFO  stepDefinition.StepDefinitions_Functional_Test    : ********************************************************************************************************
2021-03-19 10:24:10.374 [main] INFO  stepDefinition.StepDefinitions_API_Test           : Base URL [https://sandbox.neonomics.io]
2021-03-19 10:24:10.374 [main] INFO  stepDefinition.StepDefinitions_API_Test           : Endpoint path [/auth/realms/sandbox/protocol/openid-connect/token]
2021-03-19 10:24:10.375 [main] INFO  stepDefinition.StepDefinitions_API_Test           : Setting Header = [Content-Type] and Value = [application/x-www-form-urlencoded]
2021-03-19 10:24:10.375 [main] INFO  stepDefinition.StepDefinitions_API_Test           : Added :: Header = [Content-Type] and Value = [application/x-www-form-urlencoded]
2021-03-19 10:24:10.375 [main] INFO  stepDefinition.StepDefinitions_API_Test           : Setting request parameter as Key = [grant_type] and Value = [authorization_code]
2021-03-19 10:24:10.376 [main] INFO  stepDefinition.StepDefinitions_API_Test           : Setting request parameter as Key = [client_id] and Value = [valid]
2021-03-19 10:24:10.377 [main] INFO  stepDefinition.StepDefinitions_API_Test           : Setting request parameter as Key = [client_secret] and Value = [valid]
2021-03-19 10:24:10.378 [main] INFO  stepDefinition.StepDefinitions_API_Test           : Making [POST] request
2021-03-19 10:24:10.797 [main] INFO  stepDefinition.StepDefinitions_API_Test           : Headers ::[Content-Type=application/json
x-xss-protection=1; mode=block
x-content-type-options=nosniff
Access-Control-Allow-Origin=*
X-CORRELATION-ID=d00ebeb3-0358-49b3-afd2-3f1ea2ee63bc
Content-Length=156
Expires=Fri, 19 Mar 2021 04:54:10 GMT
Cache-Control=max-age=0, no-cache, no-store
Pragma=no-cache
Date=Fri, 19 Mar 2021 04:54:10 GMT
Connection=close
Server-Timing=cdn-cache; desc=MISS
Server-Timing=edge; dur=326
Server-Timing=origin; dur=39
Strict-Transport-Security=max-age=86400 ; includeSubDomains ; preload]
2021-03-19 10:24:10.797 [main] INFO  stepDefinition.StepDefinitions_API_Test           : Cookies ::[{}]
2021-03-19 10:24:10.797 [main] INFO  stepDefinition.StepDefinitions_API_Test           : Status Code :: [510]
2021-03-19 10:24:10.797 [main] INFO  stepDefinition.StepDefinitions_API_Test           : Status Line ::[HTTP/1.1 510 Unknown]
2021-03-19 10:24:10.797 [main] INFO  stepDefinition.StepDefinitions_API_Test           : Session ID ::[null]
2021-03-19 10:24:10.798 [main] INFO  stepDefinition.StepDefinitions_API_Test           : Headers ::[{
    "id": "d00ebeb3-0358-49b3-afd2-3f1ea2ee63bc",
    "errorCode": "2005",
    "message": "Invalid client id/secret",
    "source": "A",
    "type": "FATAL",
    "timestamp": 1616129650730
}]
2021-03-19 10:24:10.799 [main] INFO  stepDefinition.StepDefinitions_API_Test           : Validating response code as [510]
2021-03-19 10:24:10.809 [main] INFO  stepDefinition.StepDefinitions_Functional_Test    : ********************************************************************************************************
2021-03-19 10:24:10.809 [main] INFO  stepDefinition.StepDefinitions_Functional_Test    : ********************************************************************************************************
2021-03-19 10:24:10.810 [main] INFO  stepDefinition.StepDefinitions_Functional_Test    : --- Execution Started :::: Verify that Auth token API works for various combinations
2021-03-19 10:24:10.810 [main] INFO  stepDefinition.StepDefinitions_Functional_Test    : ********************************************************************************************************
2021-03-19 10:24:10.810 [main] INFO  stepDefinition.StepDefinitions_API_Test           : Base URL [https://sandbox.neonomics.io]
2021-03-19 10:24:10.810 [main] INFO  stepDefinition.StepDefinitions_API_Test           : Endpoint path [/auth/realms/sandbox/protocol/openid-connect/token]
2021-03-19 10:24:10.811 [main] INFO  stepDefinition.StepDefinitions_API_Test           : Setting Header = [Content-Type] and Value = [application/x-www-form-urlencoded]
2021-03-19 10:24:10.811 [main] INFO  stepDefinition.StepDefinitions_API_Test           : Added :: Header = [Content-Type] and Value = [application/x-www-form-urlencoded]
2021-03-19 10:24:10.811 [main] INFO  stepDefinition.StepDefinitions_API_Test           : Setting request parameter as Key = [grant_type] and Value = [client_credentials]
2021-03-19 10:24:10.811 [main] INFO  stepDefinition.StepDefinitions_API_Test           : Setting request parameter as Key = [client_id] and Value = [invalid]
2021-03-19 10:24:10.812 [main] INFO  stepDefinition.StepDefinitions_API_Test           : Setting request parameter as Key = [client_secret] and Value = [valid]
2021-03-19 10:24:10.813 [main] INFO  stepDefinition.StepDefinitions_API_Test           : Making [POST] request
2021-03-19 10:24:11.211 [main] INFO  stepDefinition.StepDefinitions_API_Test           : Headers ::[Content-Type=application/json
x-xss-protection=1; mode=block
x-content-type-options=nosniff
Access-Control-Allow-Origin=*
X-CORRELATION-ID=af83b93f-d94d-4422-9b2c-0014cb653bfb
Content-Length=156
Expires=Fri, 19 Mar 2021 04:54:11 GMT
Cache-Control=max-age=0, no-cache, no-store
Pragma=no-cache
Date=Fri, 19 Mar 2021 04:54:11 GMT
Connection=close
Server-Timing=cdn-cache; desc=MISS
Server-Timing=edge; dur=336
Server-Timing=origin; dur=16
Strict-Transport-Security=max-age=86400 ; includeSubDomains ; preload]
2021-03-19 10:24:11.211 [main] INFO  stepDefinition.StepDefinitions_API_Test           : Cookies ::[{}]
2021-03-19 10:24:11.211 [main] INFO  stepDefinition.StepDefinitions_API_Test           : Status Code :: [510]
2021-03-19 10:24:11.211 [main] INFO  stepDefinition.StepDefinitions_API_Test           : Status Line ::[HTTP/1.1 510 Unknown]
2021-03-19 10:24:11.211 [main] INFO  stepDefinition.StepDefinitions_API_Test           : Session ID ::[null]
2021-03-19 10:24:11.212 [main] INFO  stepDefinition.StepDefinitions_API_Test           : Headers ::[{
    "id": "af83b93f-d94d-4422-9b2c-0014cb653bfb",
    "errorCode": "2005",
    "message": "Invalid client id/secret",
    "source": "A",
    "type": "FATAL",
    "timestamp": 1616129651140
}]
2021-03-19 10:24:11.212 [main] INFO  stepDefinition.StepDefinitions_API_Test           : Validating response code as [510]
2021-03-19 10:24:11.222 [main] INFO  stepDefinition.StepDefinitions_Functional_Test    : ********************************************************************************************************
2021-03-19 10:24:11.222 [main] INFO  stepDefinition.StepDefinitions_Functional_Test    : ********************************************************************************************************
2021-03-19 10:24:11.222 [main] INFO  stepDefinition.StepDefinitions_Functional_Test    : --- Execution Started :::: Verify that Auth token API works for various combinations
2021-03-19 10:24:11.222 [main] INFO  stepDefinition.StepDefinitions_Functional_Test    : ********************************************************************************************************
2021-03-19 10:24:11.223 [main] INFO  stepDefinition.StepDefinitions_API_Test           : Base URL [https://sandbox.neonomics.io]
2021-03-19 10:24:11.223 [main] INFO  stepDefinition.StepDefinitions_API_Test           : Endpoint path [/auth/realms/sandbox/protocol/openid-connect/token]
2021-03-19 10:24:11.223 [main] INFO  stepDefinition.StepDefinitions_API_Test           : Setting Header = [Content-Type] and Value = [application/json]
2021-03-19 10:24:11.223 [main] INFO  stepDefinition.StepDefinitions_API_Test           : Added :: Header = [Content-Type] and Value = [application/json]
2021-03-19 10:24:11.223 [main] INFO  stepDefinition.StepDefinitions_API_Test           : Setting request parameter as Key = [grant_type] and Value = [client_credentials]
2021-03-19 10:24:11.223 [main] INFO  stepDefinition.StepDefinitions_API_Test           : Setting request parameter as Key = [client_id] and Value = [valid]
2021-03-19 10:24:11.224 [main] INFO  stepDefinition.StepDefinitions_API_Test           : Setting request parameter as Key = [client_secret] and Value = [invalid]
2021-03-19 10:24:11.224 [main] INFO  stepDefinition.StepDefinitions_API_Test           : Making [POST] request
2021-03-19 10:24:11.619 [main] INFO  stepDefinition.StepDefinitions_API_Test           : Headers ::[Content-Type=application/json
x-xss-protection=1; mode=block
x-content-type-options=nosniff
Access-Control-Allow-Origin=*
X-CORRELATION-ID=577f7ba8-2902-4204-b04f-5f2824d0a302
Content-Length=84
Expires=Fri, 19 Mar 2021 04:54:11 GMT
Cache-Control=max-age=0, no-cache, no-store
Pragma=no-cache
Date=Fri, 19 Mar 2021 04:54:11 GMT
Connection=close
Server-Timing=cdn-cache; desc=MISS
Server-Timing=edge; dur=335
Server-Timing=origin; dur=13
Strict-Transport-Security=max-age=86400 ; includeSubDomains ; preload]
2021-03-19 10:24:11.619 [main] INFO  stepDefinition.StepDefinitions_API_Test           : Cookies ::[{}]
2021-03-19 10:24:11.619 [main] INFO  stepDefinition.StepDefinitions_API_Test           : Status Code :: [510]
2021-03-19 10:24:11.620 [main] INFO  stepDefinition.StepDefinitions_API_Test           : Status Line ::[HTTP/1.1 510 Unknown]
2021-03-19 10:24:11.620 [main] INFO  stepDefinition.StepDefinitions_API_Test           : Session ID ::[null]
2021-03-19 10:24:11.621 [main] INFO  stepDefinition.StepDefinitions_API_Test           : Headers ::[{
    "error": "invalid_request",
    "error_description": "Missing form parameter: grant_type"
}]
2021-03-19 10:24:11.621 [main] INFO  stepDefinition.StepDefinitions_API_Test           : Validating response code as [510]
