2021-04-02 10:59:42.033 [main] INFO  stepDefinition.StepDefinitions_Functional_Test    : ********************************************************************************************************
2021-04-02 10:59:42.033 [main] INFO  stepDefinition.StepDefinitions_Functional_Test    : ********************************************************************************************************
2021-04-02 10:59:42.034 [main] INFO  stepDefinition.StepDefinitions_Functional_Test    : --- Execution Started :::: User retrieves accounts from Justo Bank
2021-04-02 10:59:42.034 [main] INFO  stepDefinition.StepDefinitions_Functional_Test    : ********************************************************************************************************
2021-04-02 10:59:42.034 [main] INFO  stepDefinition.StepDefinitions_Functional_Test    : ********************************************************************************************************
2021-04-02 10:59:44.535 [main] INFO  com.neonomics.corelibraries.Authorization         : Headers :: [Content-Type=application/json
x-xss-protection=1; mode=block
x-content-type-options=nosniff
Access-Control-Allow-Origin=*
X-CORRELATION-ID=dec1785d-bcde-4fe0-bf4e-1ea38feb4a74
X-Content-Type-Options=nosniff
X-XSS-Protection=1; mode=block
Vary=Accept-Encoding
Content-Encoding=gzip
Expires=Fri, 02 Apr 2021 05:29:43 GMT
Cache-Control=max-age=0, no-cache, no-store
Pragma=no-cache
Date=Fri, 02 Apr 2021 05:29:43 GMT
Content-Length=1233
Connection=keep-alive
Set-Cookie=KC_RESTART=; Version=1; Expires=Thu, 01-Jan-1970 00:00:10 GMT; Max-Age=0; Path=/auth/realms/sandbox/; Secure; HttpOnly
Server-Timing=cdn-cache; desc=MISS
Server-Timing=edge; dur=294
Server-Timing=origin; dur=1050
Strict-Transport-Security=max-age=86400 ; includeSubDomains ; preload]
2021-04-02 10:59:44.536 [main] INFO  com.neonomics.corelibraries.Authorization         : Cookies :: [{KC_RESTART=}]
2021-04-02 10:59:44.536 [main] INFO  com.neonomics.corelibraries.Authorization         : Status Code :: [200]
2021-04-02 10:59:44.536 [main] INFO  com.neonomics.corelibraries.Authorization         : Status Line :: [HTTP/1.1 200 OK]
2021-04-02 10:59:44.537 [main] INFO  com.neonomics.corelibraries.Authorization         : Session ID :: [null]
2021-04-02 10:59:44.539 [main] INFO  com.neonomics.corelibraries.Authorization         : Response Time :: [1981] milliseconds
2021-04-02 10:59:44.540 [main] INFO  com.neonomics.corelibraries.Authorization         : Response :: [{"refresh_expires_in":2592000,"expires_in":86400,"session_state":"e3f31e96-e6bf-4c78-b42e-64186b5c27b5","access_token":"eyJhbGciOiJSUzI1NiIsInR5cCIgOiAiSldUIiwia2lkIiA6ICJ2MmFQNDdIQXVTUi1qWmR5U3otNDVDV2RaOFhiWGFBMXNDbWhLbWtJLXRvIn0.eyJleHAiOjE2MTc0Mjc3ODMsImlhdCI6MTYxNzM0MTM4MywianRpIjoiY2ZmNmEwNzctYzc3YS00NGQ3LTllMjEtMjlmOGJlMWQyNGYxIiwiaXNzIjoiaHR0cHM6Ly9zYW5kYm94Lm5lb25vbWljcy5pby9hdXRoL3JlYWxtcy9zYW5kYm94Iiwic3ViIjoiMjE4MDlmM2EtOWJhOS00MDMxLTllM2QtOTdiNTY3Nzc5OWY5IiwidHlwIjoiQmVhcmVyIiwiYXpwIjoiM2QzNWY2MDYtY2Q1Ny00NzRmLTg2NzYtYjc4ZGZiZWFjMzQ1Iiwic2Vzc2lvbl9zdGF0ZSI6ImUzZjMxZTk2LWU2YmYtNGM3OC1iNDJlLTY0MTg2YjVjMjdiNSIsImFjciI6IjEiLCJzY29wZSI6ImJhbnFicmlkZ2VfY2xpZW50Iiwib3JnYW5pemF0aW9uSWQiOiI0MjRhNTc5My01NDQ4LTQ0NjMtODI2YS05NzdhOTc2MTY4NDIiLCJjbGllbnRJZCI6IjNkMzVmNjA2LWNkNTctNDc0Zi04Njc2LWI3OGRmYmVhYzM0NSIsImNsaWVudEhvc3QiOiIxMDMuMjAwLjEwNi4xNjYiLCJja2lkIjoiYmY2NGIzNTktOWFhZC00MjcxLWJjNjItNTFjNDI2NGQyZmQ3IiwiY2xpZW50QWRkcmVzcyI6IjEwMy4yMDAuMTA2LjE2NiJ9.MX005LkyFsuhhr3b5dFKzLkTCPOLOi3mQEstc4QF1SyY8IKHBYFvSCmMo1bIfsL7DPCnbuE5KBOGKxO_bcrtu2rD0Rh0RLXpTAkcmTDPKh1xQI8PziXfr0jVittqX92oL1eTpUDRBLr1VUf4MMBHw8tU_TPGEw8eaAKyx5nAXFrtuftCN94mjZXUbODE-SDgzJzM9FRmUSfFg7C4KfR2nh9xq-pQXz2sdKTO2Ny-PmPo3lRVv_kYdnesyhDO_1Yxn-gZyGbVZGA3ZHh38or65tpBOhY5czAgbKHw_vMeU95DjmiVkOiOz3l8rVlP35Uptoe7AcA4Ji8SR4MzykIW2A","scope":"banqbridge_client","token_type":"bearer","refresh_token":"eyJhbGciOiJIUzI1NiIsInR5cCIgOiAiSldUIiwia2lkIiA6ICIwYTAzNjlhNy0yMTg3LTQ3OWYtOTU4NS02Y2QzYTczZDUxOWYifQ.eyJleHAiOjE2MTk5MzMzODMsImlhdCI6MTYxNzM0MTM4MywianRpIjoiMDBhMGVlNGQtNzQwNi00OGU3LWE3NzEtOWQ3ZTljNzQwY2YxIiwiaXNzIjoiaHR0cHM6Ly9zYW5kYm94Lm5lb25vbWljcy5pby9hdXRoL3JlYWxtcy9zYW5kYm94IiwiYXVkIjoiaHR0cHM6Ly9zYW5kYm94Lm5lb25vbWljcy5pby9hdXRoL3JlYWxtcy9zYW5kYm94Iiwic3ViIjoiMjE4MDlmM2EtOWJhOS00MDMxLTllM2QtOTdiNTY3Nzc5OWY5IiwidHlwIjoiUmVmcmVzaCIsImF6cCI6IjNkMzVmNjA2LWNkNTctNDc0Zi04Njc2LWI3OGRmYmVhYzM0NSIsInNlc3Npb25fc3RhdGUiOiJlM2YzMWU5Ni1lNmJmLTRjNzgtYjQyZS02NDE4NmI1YzI3YjUiLCJzY29wZSI6ImJhbnFicmlkZ2VfY2xpZW50In0.ckeReCJ-S-HR5eQ-FiHk4yMrs2wKpWk5MAxr25G7wA8"}]
2021-04-02 10:59:44.919 [main] INFO  stepDefinition.StepDefinitions_Functional_Test    : Getting authentication token set
2021-04-02 10:59:44.919 [main] INFO  stepDefinition.StepDefinitions_Functional_Test    : Access token and Refresh token::{access_token=eyJhbGciOiJSUzI1NiIsInR5cCIgOiAiSldUIiwia2lkIiA6ICJ2MmFQNDdIQXVTUi1qWmR5U3otNDVDV2RaOFhiWGFBMXNDbWhLbWtJLXRvIn0.eyJleHAiOjE2MTc0Mjc3ODMsImlhdCI6MTYxNzM0MTM4MywianRpIjoiY2ZmNmEwNzctYzc3YS00NGQ3LTllMjEtMjlmOGJlMWQyNGYxIiwiaXNzIjoiaHR0cHM6Ly9zYW5kYm94Lm5lb25vbWljcy5pby9hdXRoL3JlYWxtcy9zYW5kYm94Iiwic3ViIjoiMjE4MDlmM2EtOWJhOS00MDMxLTllM2QtOTdiNTY3Nzc5OWY5IiwidHlwIjoiQmVhcmVyIiwiYXpwIjoiM2QzNWY2MDYtY2Q1Ny00NzRmLTg2NzYtYjc4ZGZiZWFjMzQ1Iiwic2Vzc2lvbl9zdGF0ZSI6ImUzZjMxZTk2LWU2YmYtNGM3OC1iNDJlLTY0MTg2YjVjMjdiNSIsImFjciI6IjEiLCJzY29wZSI6ImJhbnFicmlkZ2VfY2xpZW50Iiwib3JnYW5pemF0aW9uSWQiOiI0MjRhNTc5My01NDQ4LTQ0NjMtODI2YS05NzdhOTc2MTY4NDIiLCJjbGllbnRJZCI6IjNkMzVmNjA2LWNkNTctNDc0Zi04Njc2LWI3OGRmYmVhYzM0NSIsImNsaWVudEhvc3QiOiIxMDMuMjAwLjEwNi4xNjYiLCJja2lkIjoiYmY2NGIzNTktOWFhZC00MjcxLWJjNjItNTFjNDI2NGQyZmQ3IiwiY2xpZW50QWRkcmVzcyI6IjEwMy4yMDAuMTA2LjE2NiJ9.MX005LkyFsuhhr3b5dFKzLkTCPOLOi3mQEstc4QF1SyY8IKHBYFvSCmMo1bIfsL7DPCnbuE5KBOGKxO_bcrtu2rD0Rh0RLXpTAkcmTDPKh1xQI8PziXfr0jVittqX92oL1eTpUDRBLr1VUf4MMBHw8tU_TPGEw8eaAKyx5nAXFrtuftCN94mjZXUbODE-SDgzJzM9FRmUSfFg7C4KfR2nh9xq-pQXz2sdKTO2Ny-PmPo3lRVv_kYdnesyhDO_1Yxn-gZyGbVZGA3ZHh38or65tpBOhY5czAgbKHw_vMeU95DjmiVkOiOz3l8rVlP35Uptoe7AcA4Ji8SR4MzykIW2A, refresh_token=eyJhbGciOiJIUzI1NiIsInR5cCIgOiAiSldUIiwia2lkIiA6ICIwYTAzNjlhNy0yMTg3LTQ3OWYtOTU4NS02Y2QzYTczZDUxOWYifQ.eyJleHAiOjE2MTk5MzMzODMsImlhdCI6MTYxNzM0MTM4MywianRpIjoiMDBhMGVlNGQtNzQwNi00OGU3LWE3NzEtOWQ3ZTljNzQwY2YxIiwiaXNzIjoiaHR0cHM6Ly9zYW5kYm94Lm5lb25vbWljcy5pby9hdXRoL3JlYWxtcy9zYW5kYm94IiwiYXVkIjoiaHR0cHM6Ly9zYW5kYm94Lm5lb25vbWljcy5pby9hdXRoL3JlYWxtcy9zYW5kYm94Iiwic3ViIjoiMjE4MDlmM2EtOWJhOS00MDMxLTllM2QtOTdiNTY3Nzc5OWY5IiwidHlwIjoiUmVmcmVzaCIsImF6cCI6IjNkMzVmNjA2LWNkNTctNDc0Zi04Njc2LWI3OGRmYmVhYzM0NSIsInNlc3Npb25fc3RhdGUiOiJlM2YzMWU5Ni1lNmJmLTRjNzgtYjQyZS02NDE4NmI1YzI3YjUiLCJzY29wZSI6ImJhbnFicmlkZ2VfY2xpZW50In0.ckeReCJ-S-HR5eQ-FiHk4yMrs2wKpWk5MAxr25G7wA8}
2021-04-02 10:59:44.920 [main] INFO  com.neonomics.corelibraries.Banks                 : Getting bank ID for bank [Justo Bank]
2021-04-02 10:59:44.921 [main] INFO  com.neonomics.corelibraries.Banks                 : Getting information about bank [Justo Bank]
2021-04-02 10:59:45.399 [main] INFO  com.neonomics.corelibraries.Banks                 : Headers :: [Content-Type=application/json;charset=UTF-8
Access-Control-Allow-Origin=*
X-CORRELATION-ID=6c0b5b9e-4c88-400c-83ed-7ba295759b7b
X-Content-Type-Options=nosniff
X-XSS-Protection=1; mode=block
Vary=Accept-Encoding
Content-Encoding=gzip
Expires=Fri, 02 Apr 2021 05:29:45 GMT
Cache-Control=max-age=0, no-cache, no-store
Pragma=no-cache
Date=Fri, 02 Apr 2021 05:29:45 GMT
Content-Length=625
Connection=keep-alive
Server-Timing=cdn-cache; desc=MISS
Server-Timing=edge; dur=97
Server-Timing=origin; dur=304
Strict-Transport-Security=max-age=86400 ; includeSubDomains ; preload]
2021-04-02 10:59:45.402 [main] INFO  com.neonomics.corelibraries.Banks                 : Cookies :: [{}]
2021-04-02 10:59:45.402 [main] INFO  com.neonomics.corelibraries.Banks                 : Status Code :: [200]
2021-04-02 10:59:45.403 [main] INFO  com.neonomics.corelibraries.Banks                 : Status Line :: [HTTP/1.1 200 OK]
2021-04-02 10:59:45.403 [main] INFO  com.neonomics.corelibraries.Banks                 : Session ID :: [null]
2021-04-02 10:59:45.403 [main] INFO  com.neonomics.corelibraries.Banks                 : Response Time :: [453] milliseconds
2021-04-02 10:59:45.403 [main] INFO  com.neonomics.corelibraries.Banks                 : Response :: [[{"countryCode":"NO","bankingGroupName":"DNB Group","personalIdentificationRequired":true,"id":"RG5iLm5vLnYxRE5CQU5PS0s=","bankDisplayName":"DNB","supportedServices":["accounts","domestic-transfer"],"bic":"DNBANOKK","bankOfficialName":"DNB ASA","status":"AVAILABLE"},{"countryCode":"FI","bankingGroupName":"OP Financial Group","personalIdentificationRequired":false,"id":"T1AuRkkudjFPS09ZRklISA==","bankDisplayName":"OP","supportedServices":["accounts","sepa-credit"],"bic":"OKOYFIHH","bankOfficialName":"OP Andelslag","status":"UNAVAILABLE"},{"countryCode":"NO","bankingGroupName":"Sbanken","personalIdentificationRequired":false,"id":"U2Jhbmtlbi52MVNCQUtOT0JC","bankDisplayName":"Sbanken","supportedServices":["sepa-credit","domestic-transfer","accounts"],"bic":"SBAKNOBB","bankOfficialName":"Sbanken ASA","status":"AVAILABLE"},{"countryCode":"NO","bankingGroupName":"","personalIdentificationRequired":false,"id":"aGl6b250aWJhbmsudjFISVpPTk9LSw==","bankDisplayName":"Hizonti Bank","supportedServices":["accounts","sepa-credit"],"bic":"HIZONOKK","bankOfficialName":"","status":"AVAILABLE"},{"countryCode":"NO","bankingGroupName":"","personalIdentificationRequired":false,"id":"anVzdG9iYW5rLnYxSlVTVE5PS0s=","bankDisplayName":"Justo Bank","supportedServices":["accounts","sepa-credit"],"bic":"JUSTNOKK","bankOfficialName":"","status":"AVAILABLE"},{"countryCode":"SE","bankingGroupName":"SEB Group","personalIdentificationRequired":false,"id":"c2ViLnN3ZWRlbi52MUVTU0VTRVNT","bankDisplayName":"SEB","supportedServices":["accounts","sepa-credit","domestic-transfer","domestic-scheduled-transfer"],"bic":"ESSESESS","bankOfficialName":"Skandinaviska Enskilda Banken AB","status":"AVAILABLE"},{"countryCode":"FI","bankingGroupName":"S-Bank Ltd","personalIdentificationRequired":false,"id":"c3BhbmtraS52MVNCQU5GSUhI","bankDisplayName":"S-Pankki","supportedServices":["accounts","sepa-credit"],"bic":"SBANFIHH","bankOfficialName":"S-Banken Ab","status":"AVAILABLE"},{"countryCode":"NO","bankingGroupName":"Storebrand Group","personalIdentificationRequired":false,"id":"c3RvcmVicmFuZC52MVNURkJOT0tL","bankDisplayName":"Storebrand","supportedServices":["accounts","domestic-transfer"],"bic":"STFBNOKK","bankOfficialName":"Storebrand Bank ASA","status":"AVAILABLE"}]]
2021-04-02 10:59:45.440 [main] INFO  com.neonomics.corelibraries.Banks                 : Found bank [BankData [countryCode=NO, bankingGroupName=, personalIdentificationRequired=false, id=anVzdG9iYW5rLnYxSlVTVE5PS0s=, bankDisplayName=Justo Bank, supportedServices=[accounts, sepa-credit], bic=JUSTNOKK, bankOfficialName=, status=AVAILABLE]] from all bank collection
2021-04-02 10:59:45.440 [main] INFO  com.neonomics.corelibraries.Banks                 : Found bank ID as [anVzdG9iYW5rLnYxSlVTVE5PS0s=]for bank [Justo Bank]
2021-04-02 10:59:45.441 [main] INFO  stepDefinition.StepDefinitions_Functional_Test    : Received Bank ID [anVzdG9iYW5rLnYxSlVTVE5PS0s=] for bank [Justo Bank] with provided device ID [example_id_for_quickstart].
2021-04-02 10:59:45.442 [main] INFO  stepDefinition.StepDefinitions_Functional_Test    : Creating session ID for bank [Justo Bank] when Device ID [example_id_for_quickstart] with token [eyJhbGciOiJSUzI1NiIsInR5cCIgOiAiSldUIiwia2lkIiA6ICJ2MmFQNDdIQXVTUi1qWmR5U3otNDVDV2RaOFhiWGFBMXNDbWhLbWtJLXRvIn0.eyJleHAiOjE2MTc0Mjc3ODMsImlhdCI6MTYxNzM0MTM4MywianRpIjoiY2ZmNmEwNzctYzc3YS00NGQ3LTllMjEtMjlmOGJlMWQyNGYxIiwiaXNzIjoiaHR0cHM6Ly9zYW5kYm94Lm5lb25vbWljcy5pby9hdXRoL3JlYWxtcy9zYW5kYm94Iiwic3ViIjoiMjE4MDlmM2EtOWJhOS00MDMxLTllM2QtOTdiNTY3Nzc5OWY5IiwidHlwIjoiQmVhcmVyIiwiYXpwIjoiM2QzNWY2MDYtY2Q1Ny00NzRmLTg2NzYtYjc4ZGZiZWFjMzQ1Iiwic2Vzc2lvbl9zdGF0ZSI6ImUzZjMxZTk2LWU2YmYtNGM3OC1iNDJlLTY0MTg2YjVjMjdiNSIsImFjciI6IjEiLCJzY29wZSI6ImJhbnFicmlkZ2VfY2xpZW50Iiwib3JnYW5pemF0aW9uSWQiOiI0MjRhNTc5My01NDQ4LTQ0NjMtODI2YS05NzdhOTc2MTY4NDIiLCJjbGllbnRJZCI6IjNkMzVmNjA2LWNkNTctNDc0Zi04Njc2LWI3OGRmYmVhYzM0NSIsImNsaWVudEhvc3QiOiIxMDMuMjAwLjEwNi4xNjYiLCJja2lkIjoiYmY2NGIzNTktOWFhZC00MjcxLWJjNjItNTFjNDI2NGQyZmQ3IiwiY2xpZW50QWRkcmVzcyI6IjEwMy4yMDAuMTA2LjE2NiJ9.MX005LkyFsuhhr3b5dFKzLkTCPOLOi3mQEstc4QF1SyY8IKHBYFvSCmMo1bIfsL7DPCnbuE5KBOGKxO_bcrtu2rD0Rh0RLXpTAkcmTDPKh1xQI8PziXfr0jVittqX92oL1eTpUDRBLr1VUf4MMBHw8tU_TPGEw8eaAKyx5nAXFrtuftCN94mjZXUbODE-SDgzJzM9FRmUSfFg7C4KfR2nh9xq-pQXz2sdKTO2Ny-PmPo3lRVv_kYdnesyhDO_1Yxn-gZyGbVZGA3ZHh38or65tpBOhY5czAgbKHw_vMeU95DjmiVkOiOz3l8rVlP35Uptoe7AcA4Ji8SR4MzykIW2A]
2021-04-02 10:59:45.972 [main] INFO  com.neonomics.corelibraries.Session               : Headers :: [Content-Type=application/json;charset=UTF-8
Access-Control-Allow-Origin=*
X-CORRELATION-ID=7fcd23a7-e61f-4eef-b4eb-3bdebc4347d4
X-Content-Type-Options=nosniff
X-XSS-Protection=1; mode=block
Content-Length=52
Expires=Fri, 02 Apr 2021 05:29:45 GMT
Cache-Control=max-age=0, no-cache, no-store
Pragma=no-cache
Date=Fri, 02 Apr 2021 05:29:45 GMT
Connection=keep-alive
Server-Timing=cdn-cache; desc=MISS
Server-Timing=edge; dur=98
Server-Timing=origin; dur=295
Strict-Transport-Security=max-age=86400 ; includeSubDomains ; preload]
2021-04-02 10:59:45.972 [main] INFO  com.neonomics.corelibraries.Session               : Cookies :: [{}]
2021-04-02 10:59:45.972 [main] INFO  com.neonomics.corelibraries.Session               : Status Code :: [201]
2021-04-02 10:59:45.972 [main] INFO  com.neonomics.corelibraries.Session               : Status Line :: [HTTP/1.1 201 Created]
2021-04-02 10:59:45.972 [main] INFO  com.neonomics.corelibraries.Session               : Session ID :: [null]
2021-04-02 10:59:45.972 [main] INFO  com.neonomics.corelibraries.Session               : Response Time :: [432] milliseconds
2021-04-02 10:59:45.972 [main] INFO  com.neonomics.corelibraries.Session               : Response :: [{"sessionId":"e6c19cf9-e0a6-486b-a488-5aeaa70bd5bf"}]
2021-04-02 10:59:45.979 [main] INFO  stepDefinition.StepDefinitions_Functional_Test    : Recieved session ID as [e6c19cf9-e0a6-486b-a488-5aeaa70bd5bf]
2021-04-02 10:59:45.980 [main] INFO  stepDefinition.StepDefinitions_Functional_Test    : Getting details for [Justo Bank] bank
2021-04-02 10:59:46.412 [main] INFO  com.neonomics.corelibraries.Session               : Headers :: [Content-Type=application/json;charset=UTF-8
Access-Control-Allow-Origin=*
X-CORRELATION-ID=fa6c86a0-d565-4717-a734-9c080d509e84
X-Content-Type-Options=nosniff
X-XSS-Protection=1; mode=block
Content-Length=136
Expires=Fri, 02 Apr 2021 05:29:46 GMT
Cache-Control=max-age=0, no-cache, no-store
Pragma=no-cache
Date=Fri, 02 Apr 2021 05:29:46 GMT
Connection=keep-alive
Server-Timing=cdn-cache; desc=MISS
Server-Timing=edge; dur=99
Server-Timing=origin; dur=279
Strict-Transport-Security=max-age=86400 ; includeSubDomains ; preload]
2021-04-02 10:59:46.412 [main] INFO  com.neonomics.corelibraries.Session               : Cookies :: [{}]
2021-04-02 10:59:46.412 [main] INFO  com.neonomics.corelibraries.Session               : Status Code :: [200]
2021-04-02 10:59:46.412 [main] INFO  com.neonomics.corelibraries.Session               : Status Line :: [HTTP/1.1 200 OK]
2021-04-02 10:59:46.413 [main] INFO  com.neonomics.corelibraries.Session               : Response Time :: [422] milliseconds
2021-04-02 10:59:46.413 [main] INFO  com.neonomics.corelibraries.Session               : Response :: [{"providerId":"justobank.v1","bankId":"anVzdG9iYW5rLnYxSlVTVE5PS0s=","bankName":"Justo Bank","createdAt":"Fri Apr 02 05:29:45 UTC 2021"}]
2021-04-02 10:59:46.427 [main] INFO  stepDefinition.StepDefinitions_Functional_Test    : Got bank details to validate current session [{bankId=anVzdG9iYW5rLnYxSlVTVE5PS0s=, bankName=Justo Bank}]
2021-04-02 10:59:46.427 [main] INFO  stepDefinition.StepDefinitions_Functional_Test    : Getting [Justo Bank] bank details to seek consent, where user [Accept] consent provided Device ID [example_id_for_quickstart] and redirect URL []
2021-04-02 10:59:46.428 [main] INFO  com.neonomics.corelibraries.Banks                 : Getting information about bank [Justo Bank]
2021-04-02 10:59:46.882 [main] INFO  com.neonomics.corelibraries.Banks                 : Headers :: [Content-Type=application/json;charset=UTF-8
Access-Control-Allow-Origin=*
X-CORRELATION-ID=c417b8a9-a1b6-4749-827c-f6cce49cd238
X-Content-Type-Options=nosniff
X-XSS-Protection=1; mode=block
Vary=Accept-Encoding
Content-Encoding=gzip
Expires=Fri, 02 Apr 2021 05:29:46 GMT
Cache-Control=max-age=0, no-cache, no-store
Pragma=no-cache
Date=Fri, 02 Apr 2021 05:29:46 GMT
Content-Length=625
Connection=keep-alive
Server-Timing=cdn-cache; desc=MISS
Server-Timing=edge; dur=98
Server-Timing=origin; dur=301
Strict-Transport-Security=max-age=86400 ; includeSubDomains ; preload]
2021-04-02 10:59:46.883 [main] INFO  com.neonomics.corelibraries.Banks                 : Cookies :: [{}]
2021-04-02 10:59:46.883 [main] INFO  com.neonomics.corelibraries.Banks                 : Status Code :: [200]
2021-04-02 10:59:46.883 [main] INFO  com.neonomics.corelibraries.Banks                 : Status Line :: [HTTP/1.1 200 OK]
2021-04-02 10:59:46.883 [main] INFO  com.neonomics.corelibraries.Banks                 : Session ID :: [null]
2021-04-02 10:59:46.883 [main] INFO  com.neonomics.corelibraries.Banks                 : Response Time :: [439] milliseconds
2021-04-02 10:59:46.883 [main] INFO  com.neonomics.corelibraries.Banks                 : Response :: [[{"countryCode":"NO","bankingGroupName":"DNB Group","personalIdentificationRequired":true,"id":"RG5iLm5vLnYxRE5CQU5PS0s=","bankDisplayName":"DNB","supportedServices":["accounts","domestic-transfer"],"bic":"DNBANOKK","bankOfficialName":"DNB ASA","status":"AVAILABLE"},{"countryCode":"FI","bankingGroupName":"OP Financial Group","personalIdentificationRequired":false,"id":"T1AuRkkudjFPS09ZRklISA==","bankDisplayName":"OP","supportedServices":["accounts","sepa-credit"],"bic":"OKOYFIHH","bankOfficialName":"OP Andelslag","status":"UNAVAILABLE"},{"countryCode":"NO","bankingGroupName":"Sbanken","personalIdentificationRequired":false,"id":"U2Jhbmtlbi52MVNCQUtOT0JC","bankDisplayName":"Sbanken","supportedServices":["sepa-credit","domestic-transfer","accounts"],"bic":"SBAKNOBB","bankOfficialName":"Sbanken ASA","status":"AVAILABLE"},{"countryCode":"NO","bankingGroupName":"","personalIdentificationRequired":false,"id":"aGl6b250aWJhbmsudjFISVpPTk9LSw==","bankDisplayName":"Hizonti Bank","supportedServices":["accounts","sepa-credit"],"bic":"HIZONOKK","bankOfficialName":"","status":"AVAILABLE"},{"countryCode":"NO","bankingGroupName":"","personalIdentificationRequired":false,"id":"anVzdG9iYW5rLnYxSlVTVE5PS0s=","bankDisplayName":"Justo Bank","supportedServices":["accounts","sepa-credit"],"bic":"JUSTNOKK","bankOfficialName":"","status":"AVAILABLE"},{"countryCode":"SE","bankingGroupName":"SEB Group","personalIdentificationRequired":false,"id":"c2ViLnN3ZWRlbi52MUVTU0VTRVNT","bankDisplayName":"SEB","supportedServices":["accounts","sepa-credit","domestic-transfer","domestic-scheduled-transfer"],"bic":"ESSESESS","bankOfficialName":"Skandinaviska Enskilda Banken AB","status":"AVAILABLE"},{"countryCode":"FI","bankingGroupName":"S-Bank Ltd","personalIdentificationRequired":false,"id":"c3BhbmtraS52MVNCQU5GSUhI","bankDisplayName":"S-Pankki","supportedServices":["accounts","sepa-credit"],"bic":"SBANFIHH","bankOfficialName":"S-Banken Ab","status":"AVAILABLE"},{"countryCode":"NO","bankingGroupName":"Storebrand Group","personalIdentificationRequired":false,"id":"c3RvcmVicmFuZC52MVNURkJOT0tL","bankDisplayName":"Storebrand","supportedServices":["accounts","domestic-transfer"],"bic":"STFBNOKK","bankOfficialName":"Storebrand Bank ASA","status":"AVAILABLE"}]]
2021-04-02 10:59:46.886 [main] INFO  com.neonomics.corelibraries.Banks                 : Found bank [BankData [countryCode=NO, bankingGroupName=, personalIdentificationRequired=false, id=anVzdG9iYW5rLnYxSlVTVE5PS0s=, bankDisplayName=Justo Bank, supportedServices=[accounts, sepa-credit], bic=JUSTNOKK, bankOfficialName=, status=AVAILABLE]] from all bank collection
2021-04-02 10:59:46.886 [main] INFO  stepDefinition.StepDefinitions_Functional_Test    : Received bank details for bank [Justo Bank] as [BankData [countryCode=NO, bankingGroupName=, personalIdentificationRequired=false, id=anVzdG9iYW5rLnYxSlVTVE5PS0s=, bankDisplayName=Justo Bank, supportedServices=[accounts, sepa-credit], bic=JUSTNOKK, bankOfficialName=, status=AVAILABLE]]
2021-04-02 10:59:46.886 [main] INFO  stepDefinition.StepDefinitions_Functional_Test    : Checking whether PSU ID is required for bank [Justo Bank]
2021-04-02 10:59:46.886 [main] INFO  stepDefinition.StepDefinitions_Functional_Test    : Handling bank consent
2021-04-02 10:59:47.311 [main] INFO  com.neonomics.corelibraries.Accounts              : Headers :: [Content-Type=application/json;charset=UTF-8
Content-Length=525
Access-Control-Allow-Origin=*
X-CORRELATION-ID=35cc54e3-6f96-4b8a-a0c6-816cbc9c41ab
Expires=Fri, 02 Apr 2021 05:29:47 GMT
Cache-Control=max-age=0, no-cache, no-store
Pragma=no-cache
Date=Fri, 02 Apr 2021 05:29:47 GMT
Connection=keep-alive
Server-Timing=cdn-cache; desc=MISS
Server-Timing=edge; dur=96
Server-Timing=origin; dur=284
Strict-Transport-Security=max-age=86400 ; includeSubDomains ; preload]
2021-04-02 10:59:47.311 [main] INFO  com.neonomics.corelibraries.Accounts              : Cookies :: [{}]
2021-04-02 10:59:47.311 [main] INFO  com.neonomics.corelibraries.Accounts              : Status Code :: [510]
2021-04-02 10:59:47.311 [main] INFO  com.neonomics.corelibraries.Accounts              : Status Line :: [HTTP/1.1 510 Unknown]
2021-04-02 10:59:47.311 [main] INFO  com.neonomics.corelibraries.Accounts              : Session ID :: [null]
2021-04-02 10:59:47.311 [main] INFO  com.neonomics.corelibraries.Accounts              : Response Time :: [422] milliseconds
2021-04-02 10:59:47.312 [main] INFO  com.neonomics.corelibraries.Accounts              : Response :: [{"id":"35cc54e3-6f96-4b8a-a0c6-816cbc9c41ab","errorCode":"1426","message":"This resource needs to initialise consent. Please use the URL provided to continue. The consent Url will provide the bank authentication url. You can consume this resource after authenticating.","source":"C","type":"CONSENT","timestamp":1617341386848,"links":[{"type":"GET","rel":"consent","href":"https://sandbox.neonomics.io/ics/v3/consent/e6c19cf9-e0a6-486b-a488-5aeaa70bd5bf?scope=accounts","meta":{"id":"e6c19cf9-e0a6-486b-a488-5aeaa70bd5bf"}}]}]
2021-04-02 10:59:47.327 [main] INFO  com.neonomics.corelibraries.Accounts              : Response to check whether consent is needed = [{"id":"35cc54e3-6f96-4b8a-a0c6-816cbc9c41ab","errorCode":"1426","message":"This resource needs to initialise consent. Please use the URL provided to continue. The consent Url will provide the bank authentication url. You can consume this resource after authenticating.","source":"C","type":"CONSENT","timestamp":1617341386848,"links":[{"type":"GET","rel":"consent","href":"https://sandbox.neonomics.io/ics/v3/consent/e6c19cf9-e0a6-486b-a488-5aeaa70bd5bf?scope=accounts","meta":{"id":"e6c19cf9-e0a6-486b-a488-5aeaa70bd5bf"}}]}]
2021-04-02 10:59:47.327 [main] INFO  com.neonomics.corelibraries.Accounts              : Bank consent is needed, therefore invoking consent handling mechanism using Web URL
2021-04-02 10:59:47.802 [main] INFO  com.neonomics.corelibraries.Accounts              : Headers :: [Content-Type=application/json;charset=UTF-8
Content-Length=405
Access-Control-Allow-Origin=*
X-CORRELATION-ID=3f76f13b-44de-4d2d-bef1-2ce40b2df034
X-Content-Type-Options=nosniff
X-XSS-Protection=1; mode=block
Expires=Fri, 02 Apr 2021 05:29:47 GMT
Cache-Control=max-age=0, no-cache, no-store
Pragma=no-cache
Date=Fri, 02 Apr 2021 05:29:47 GMT
Connection=keep-alive
Server-Timing=cdn-cache; desc=MISS
Server-Timing=edge; dur=97
Server-Timing=origin; dur=280
Strict-Transport-Security=max-age=86400 ; includeSubDomains ; preload]
2021-04-02 10:59:47.803 [main] INFO  com.neonomics.corelibraries.Accounts              : Cookies :: [{}]
2021-04-02 10:59:47.803 [main] INFO  com.neonomics.corelibraries.Accounts              : Status Code :: [200]
2021-04-02 10:59:47.803 [main] INFO  com.neonomics.corelibraries.Accounts              : Status Line :: [HTTP/1.1 200 OK]
2021-04-02 10:59:47.803 [main] INFO  com.neonomics.corelibraries.Accounts              : Session ID :: [null]
2021-04-02 10:59:47.803 [main] INFO  com.neonomics.corelibraries.Accounts              : Response Time :: [426] milliseconds
2021-04-02 10:59:47.803 [main] INFO  com.neonomics.corelibraries.Accounts              : Response :: [{"message":"Please consent with the bank authentication URL provided to continue.","links":[{"type":"GET","rel":"consent","href":"https://sandbox.neonomics.io/auth/realms/justo/protocol/openid-connect/auth?response_type=code&redirect_uri=https%3A%2F%2Fsandbox.neonomics.io%2Fcallback&client_id=bankbridge-auth-code&state=eyJzIjoiYWNjb3VudHMiLCJpZCI6ImU2YzE5Y2Y5LWUwYTYtNDg2Yi1hNDg4LTVhZWFhNzBiZDViZiJ9"}]}]
2021-04-02 10:59:47.810 [main] INFO  com.neonomics.corelibraries.Accounts              : Found consent web URL [https://sandbox.neonomics.io/auth/realms/justo/protocol/openid-connect/auth?response_type=code&redirect_uri=https%3A%2F%2Fsandbox.neonomics.io%2Fcallback&client_id=bankbridge-auth-code&state=eyJzIjoiYWNjb3VudHMiLCJpZCI6ImU2YzE5Y2Y5LWUwYTYtNDg2Yi1hNDg4LTVhZWFhNzBiZDViZiJ9]
2021-04-02 10:59:47.816 [main] INFO  com.neonomics.corelibraries.Accounts              : Consent Web URL [https://sandbox.neonomics.io/auth/realms/justo/protocol/openid-connect/auth?response_type=code&redirect_uri=https%3A%2F%2Fsandbox.neonomics.io%2Fcallback&client_id=bankbridge-auth-code&state=eyJzIjoiYWNjb3VudHMiLCJpZCI6ImU2YzE5Y2Y5LWUwYTYtNDg2Yi1hNDg4LTVhZWFhNzBiZDViZiJ9] and user action [Accept]
2021-04-02 10:59:47.816 [main] INFO  com.neonomics.corelibraries.HandleConsentUI       : Getting consent via Web page
2021-04-02 10:59:47.816 [main] INFO  com.neonomics.corelibraries.HandleConsentUI       : Creating selenium webdriver instance
2021-04-02 10:59:49.138 [main] INFO  com.neonomics.corelibraries.HandleConsentUI       : Opening link in browser::[https://sandbox.neonomics.io/auth/realms/justo/protocol/openid-connect/auth?response_type=code&redirect_uri=https%3A%2F%2Fsandbox.neonomics.io%2Fcallback&client_id=bankbridge-auth-code&state=eyJzIjoiYWNjb3VudHMiLCJpZCI6ImU2YzE5Y2Y5LWUwYTYtNDg2Yi1hNDg4LTVhZWFhNzBiZDViZiJ9]
2021-04-02 10:59:53.232 [main] INFO  com.neonomics.corelibraries.HandleConsentUI       : Entering username in consent page as [aakashdahake@gmail.com]
2021-04-02 10:59:53.280 [main] INFO  com.neonomics.corelibraries.HandleConsentUI       : Entering password in consent page as [Neonomics#1]
2021-04-02 10:59:53.333 [main] INFO  com.neonomics.corelibraries.HandleConsentUI       : Clicking submit button on Web page
2021-04-02 10:59:54.416 [main] INFO  com.neonomics.corelibraries.HandleConsentUI       : Confirming that user have consent
2021-04-02 10:59:54.438 [main] INFO  com.neonomics.corelibraries.HandleConsentUI       : Closing browser
2021-04-02 10:59:55.089 [main] INFO  com.neonomics.corelibraries.Accounts              : Retrieving list of accounts with session ID provided as [example_id_for_quickstart]
2021-04-02 10:59:55.563 [main] INFO  com.neonomics.corelibraries.Accounts              : Headers :: [Content-Type=application/json;charset=UTF-8
Content-Length=229
Access-Control-Allow-Origin=*
X-CORRELATION-ID=fbc21e2f-d3df-40a9-a013-0880531be2d1
X-Content-Type-Options=nosniff
X-XSS-Protection=1; mode=block
Expires=Fri, 02 Apr 2021 05:29:55 GMT
Cache-Control=max-age=0, no-cache, no-store
Pragma=no-cache
Date=Fri, 02 Apr 2021 05:29:55 GMT
Connection=keep-alive
Server-Timing=cdn-cache; desc=MISS
Server-Timing=edge; dur=97
Server-Timing=origin; dur=334
Strict-Transport-Security=max-age=86400 ; includeSubDomains ; preload]
2021-04-02 10:59:55.563 [main] INFO  com.neonomics.corelibraries.Accounts              : Cookies :: [{}]
2021-04-02 10:59:55.563 [main] INFO  com.neonomics.corelibraries.Accounts              : Status Code :: [200]
2021-04-02 10:59:55.563 [main] INFO  com.neonomics.corelibraries.Accounts              : Status Line :: [HTTP/1.1 200 OK]
2021-04-02 10:59:55.563 [main] INFO  com.neonomics.corelibraries.Accounts              : Session ID :: [null]
2021-04-02 10:59:55.564 [main] INFO  com.neonomics.corelibraries.Accounts              : Response Time :: [471] milliseconds
2021-04-02 10:59:55.564 [main] INFO  com.neonomics.corelibraries.Accounts              : Response :: [[{"id":"ZmJkM2QzMDEtZjNkYS00ZmYzLWI3YjgtMjY3YzVjZGJiYTBh","iban":"NO6404948998640","bban":"04948998640","accountName":"aakashdahake@gmail.com","accountType":"SVGS","balances":[{"amount":"4785.0","currency":"EUR","type":"CRRT"}]}]]
2021-04-02 10:59:55.567 [main] INFO  stepDefinition.StepDefinitions_Functional_Test    : Account details from [Justo Bank] are = [[id=ZmJkM2QzMDEtZjNkYS00ZmYzLWI3YjgtMjY3YzVjZGJiYTBh, iban=NO6404948998640, bban=04948998640, accountName=aakashdahake@gmail.com, accountType=SVGS, balances=[[amount=4785.0, currency=EUR, type=CRRT]]]]
2021-04-02 10:59:55.568 [main] INFO  stepDefinition.StepDefinitions_Functional_Test    : Deleting session for bank [Justo Bank]
2021-04-02 10:59:55.568 [main] INFO  com.neonomics.corelibraries.Session               : Terminating session for session ID [e6c19cf9-e0a6-486b-a488-5aeaa70bd5bf]
2021-04-02 10:59:55.973 [main] INFO  com.neonomics.corelibraries.Session               : Terminated session for session ID [e6c19cf9-e0a6-486b-a488-5aeaa70bd5bf]
2021-04-02 10:59:55.973 [main] INFO  stepDefinition.StepDefinitions_Functional_Test    : Deleted session ID as [e6c19cf9-e0a6-486b-a488-5aeaa70bd5bf]
