2021-03-19 11:16:29.403 [main] INFO  stepDefinition.StepDefinitions_Functional_Test    : ********************************************************************************************************
2021-03-19 11:16:29.404 [main] INFO  stepDefinition.StepDefinitions_Functional_Test    : ********************************************************************************************************
2021-03-19 11:16:29.405 [main] INFO  stepDefinition.StepDefinitions_Functional_Test    : --- Execution Started :::: User retrieves accounts from Justo Bank
2021-03-19 11:16:29.405 [main] INFO  stepDefinition.StepDefinitions_Functional_Test    : ********************************************************************************************************
2021-03-19 11:16:30.686 [main] INFO  com.neonomics.corelibraries.Authorization         : Headers :: [Content-Type=application/json
x-xss-protection=1; mode=block
x-content-type-options=nosniff
Access-Control-Allow-Origin=*
X-CORRELATION-ID=2ab7b43d-1622-4549-80bc-36132bb3b666
X-Content-Type-Options=nosniff
X-XSS-Protection=1; mode=block
Vary=Accept-Encoding
Content-Encoding=gzip
Expires=Fri, 19 Mar 2021 05:46:30 GMT
Cache-Control=max-age=0, no-cache, no-store
Pragma=no-cache
Date=Fri, 19 Mar 2021 05:46:30 GMT
Content-Length=1236
Connection=keep-alive
Set-Cookie=KC_RESTART=; Version=1; Expires=Thu, 01-Jan-1970 00:00:10 GMT; Max-Age=0; Path=/auth/realms/sandbox/; Secure; HttpOnly
Server-Timing=cdn-cache; desc=MISS
Server-Timing=edge; dur=115
Server-Timing=origin; dur=81
Strict-Transport-Security=max-age=86400 ; includeSubDomains ; preload]
2021-03-19 11:16:30.688 [main] INFO  com.neonomics.corelibraries.Authorization         : Cookies :: [{KC_RESTART=}]
2021-03-19 11:16:30.688 [main] INFO  com.neonomics.corelibraries.Authorization         : Status Code :: [200]
2021-03-19 11:16:30.688 [main] INFO  com.neonomics.corelibraries.Authorization         : Status Line :: [HTTP/1.1 200 OK]
2021-03-19 11:16:30.689 [main] INFO  com.neonomics.corelibraries.Authorization         : Session ID :: [null]
2021-03-19 11:16:30.691 [main] INFO  com.neonomics.corelibraries.Authorization         : Response Time :: [743] milliseconds
2021-03-19 11:16:30.693 [main] INFO  com.neonomics.corelibraries.Authorization         : Response :: [{"refresh_expires_in":2592000,"expires_in":86400,"session_state":"4c059c60-9caa-4628-9762-76fa3910bc7c","access_token":"eyJhbGciOiJSUzI1NiIsInR5cCIgOiAiSldUIiwia2lkIiA6ICJ2MmFQNDdIQXVTUi1qWmR5U3otNDVDV2RaOFhiWGFBMXNDbWhLbWtJLXRvIn0.eyJleHAiOjE2MTYyMTkxOTAsImlhdCI6MTYxNjEzMjc5MCwianRpIjoiYTZkY2YyYzUtMTA2NS00ZmU4LTk0ZmMtMDM4NjNhY2I0YWNiIiwiaXNzIjoiaHR0cHM6Ly9zYW5kYm94Lm5lb25vbWljcy5pby9hdXRoL3JlYWxtcy9zYW5kYm94Iiwic3ViIjoiMjE4MDlmM2EtOWJhOS00MDMxLTllM2QtOTdiNTY3Nzc5OWY5IiwidHlwIjoiQmVhcmVyIiwiYXpwIjoiM2QzNWY2MDYtY2Q1Ny00NzRmLTg2NzYtYjc4ZGZiZWFjMzQ1Iiwic2Vzc2lvbl9zdGF0ZSI6IjRjMDU5YzYwLTljYWEtNDYyOC05NzYyLTc2ZmEzOTEwYmM3YyIsImFjciI6IjEiLCJzY29wZSI6ImJhbnFicmlkZ2VfY2xpZW50Iiwib3JnYW5pemF0aW9uSWQiOiI0MjRhNTc5My01NDQ4LTQ0NjMtODI2YS05NzdhOTc2MTY4NDIiLCJjbGllbnRJZCI6IjNkMzVmNjA2LWNkNTctNDc0Zi04Njc2LWI3OGRmYmVhYzM0NSIsImNsaWVudEhvc3QiOiIxMDMuMjAwLjEwNi4xNzEiLCJja2lkIjoiYmY2NGIzNTktOWFhZC00MjcxLWJjNjItNTFjNDI2NGQyZmQ3IiwiY2xpZW50QWRkcmVzcyI6IjEwMy4yMDAuMTA2LjE3MSJ9.AnTQrZXt-Wc9a-tgdCEEDux_kNZxgJhdojretQvv5qlsHqdg75B-GPy4NqJv0IPikCvDFBUcPy1szsMNF6KEIzsv7Uf79MyiEuiJdAk4M5zV1SrP5cQ9yvjEGsLpeCxnsOCdvDJ27Yq4GSXJE29a9FrCvCzmbGC1r_11JNBgb_7YG-A_K9xgzSmIVR5MS9ybOs8jMJPrTl4knK8mBfsRef5YK5S609VXYUkA8qdQnFbniF2WMgCcojNSVEcscKhFbDmRE_krkMZUsWM7icgPwNrgIf07yCvHVCGPVvyefist4oeS3dElA7WyRmKDjIUbNEg6YlB7di7EyocVyGXX_A","scope":"banqbridge_client","token_type":"bearer","refresh_token":"eyJhbGciOiJIUzI1NiIsInR5cCIgOiAiSldUIiwia2lkIiA6ICIwYTAzNjlhNy0yMTg3LTQ3OWYtOTU4NS02Y2QzYTczZDUxOWYifQ.eyJleHAiOjE2MTg3MjQ3OTAsImlhdCI6MTYxNjEzMjc5MCwianRpIjoiZjIwNWE4NmItZDUwYi00NmNiLWJhOTgtNjI5ZjY3ZDVjMjgxIiwiaXNzIjoiaHR0cHM6Ly9zYW5kYm94Lm5lb25vbWljcy5pby9hdXRoL3JlYWxtcy9zYW5kYm94IiwiYXVkIjoiaHR0cHM6Ly9zYW5kYm94Lm5lb25vbWljcy5pby9hdXRoL3JlYWxtcy9zYW5kYm94Iiwic3ViIjoiMjE4MDlmM2EtOWJhOS00MDMxLTllM2QtOTdiNTY3Nzc5OWY5IiwidHlwIjoiUmVmcmVzaCIsImF6cCI6IjNkMzVmNjA2LWNkNTctNDc0Zi04Njc2LWI3OGRmYmVhYzM0NSIsInNlc3Npb25fc3RhdGUiOiI0YzA1OWM2MC05Y2FhLTQ2MjgtOTc2Mi03NmZhMzkxMGJjN2MiLCJzY29wZSI6ImJhbnFicmlkZ2VfY2xpZW50In0.IzScJ0ZRG6ZDYoczSRcAehw2sntghZoLXOF4vhN2_5U"}]
2021-03-19 11:16:31.102 [main] INFO  stepDefinition.StepDefinitions_Functional_Test    : Getting authentication token set
2021-03-19 11:16:31.102 [main] INFO  stepDefinition.StepDefinitions_Functional_Test    : Access token and Refresh token::{access_token=eyJhbGciOiJSUzI1NiIsInR5cCIgOiAiSldUIiwia2lkIiA6ICJ2MmFQNDdIQXVTUi1qWmR5U3otNDVDV2RaOFhiWGFBMXNDbWhLbWtJLXRvIn0.eyJleHAiOjE2MTYyMTkxOTAsImlhdCI6MTYxNjEzMjc5MCwianRpIjoiYTZkY2YyYzUtMTA2NS00ZmU4LTk0ZmMtMDM4NjNhY2I0YWNiIiwiaXNzIjoiaHR0cHM6Ly9zYW5kYm94Lm5lb25vbWljcy5pby9hdXRoL3JlYWxtcy9zYW5kYm94Iiwic3ViIjoiMjE4MDlmM2EtOWJhOS00MDMxLTllM2QtOTdiNTY3Nzc5OWY5IiwidHlwIjoiQmVhcmVyIiwiYXpwIjoiM2QzNWY2MDYtY2Q1Ny00NzRmLTg2NzYtYjc4ZGZiZWFjMzQ1Iiwic2Vzc2lvbl9zdGF0ZSI6IjRjMDU5YzYwLTljYWEtNDYyOC05NzYyLTc2ZmEzOTEwYmM3YyIsImFjciI6IjEiLCJzY29wZSI6ImJhbnFicmlkZ2VfY2xpZW50Iiwib3JnYW5pemF0aW9uSWQiOiI0MjRhNTc5My01NDQ4LTQ0NjMtODI2YS05NzdhOTc2MTY4NDIiLCJjbGllbnRJZCI6IjNkMzVmNjA2LWNkNTctNDc0Zi04Njc2LWI3OGRmYmVhYzM0NSIsImNsaWVudEhvc3QiOiIxMDMuMjAwLjEwNi4xNzEiLCJja2lkIjoiYmY2NGIzNTktOWFhZC00MjcxLWJjNjItNTFjNDI2NGQyZmQ3IiwiY2xpZW50QWRkcmVzcyI6IjEwMy4yMDAuMTA2LjE3MSJ9.AnTQrZXt-Wc9a-tgdCEEDux_kNZxgJhdojretQvv5qlsHqdg75B-GPy4NqJv0IPikCvDFBUcPy1szsMNF6KEIzsv7Uf79MyiEuiJdAk4M5zV1SrP5cQ9yvjEGsLpeCxnsOCdvDJ27Yq4GSXJE29a9FrCvCzmbGC1r_11JNBgb_7YG-A_K9xgzSmIVR5MS9ybOs8jMJPrTl4knK8mBfsRef5YK5S609VXYUkA8qdQnFbniF2WMgCcojNSVEcscKhFbDmRE_krkMZUsWM7icgPwNrgIf07yCvHVCGPVvyefist4oeS3dElA7WyRmKDjIUbNEg6YlB7di7EyocVyGXX_A, refresh_token=eyJhbGciOiJIUzI1NiIsInR5cCIgOiAiSldUIiwia2lkIiA6ICIwYTAzNjlhNy0yMTg3LTQ3OWYtOTU4NS02Y2QzYTczZDUxOWYifQ.eyJleHAiOjE2MTg3MjQ3OTAsImlhdCI6MTYxNjEzMjc5MCwianRpIjoiZjIwNWE4NmItZDUwYi00NmNiLWJhOTgtNjI5ZjY3ZDVjMjgxIiwiaXNzIjoiaHR0cHM6Ly9zYW5kYm94Lm5lb25vbWljcy5pby9hdXRoL3JlYWxtcy9zYW5kYm94IiwiYXVkIjoiaHR0cHM6Ly9zYW5kYm94Lm5lb25vbWljcy5pby9hdXRoL3JlYWxtcy9zYW5kYm94Iiwic3ViIjoiMjE4MDlmM2EtOWJhOS00MDMxLTllM2QtOTdiNTY3Nzc5OWY5IiwidHlwIjoiUmVmcmVzaCIsImF6cCI6IjNkMzVmNjA2LWNkNTctNDc0Zi04Njc2LWI3OGRmYmVhYzM0NSIsInNlc3Npb25fc3RhdGUiOiI0YzA1OWM2MC05Y2FhLTQ2MjgtOTc2Mi03NmZhMzkxMGJjN2MiLCJzY29wZSI6ImJhbnFicmlkZ2VfY2xpZW50In0.IzScJ0ZRG6ZDYoczSRcAehw2sntghZoLXOF4vhN2_5U}
2021-03-19 11:16:31.104 [main] INFO  com.neonomics.corelibraries.Banks                 : Getting bank ID for bank [Justo Bank]
2021-03-19 11:16:31.104 [main] INFO  com.neonomics.corelibraries.Banks                 : Getting information about bank [Justo Bank]
2021-03-19 11:16:31.358 [main] INFO  com.neonomics.corelibraries.Banks                 : Headers :: [Content-Type=application/json;charset=UTF-8
X-CORRELATION-ID=d11e72bf-cc52-4d35-9311-373fd79ece69
X-Content-Type-Options=nosniff
X-XSS-Protection=1; mode=block
Vary=Accept-Encoding
Content-Encoding=gzip
Expires=Fri, 19 Mar 2021 05:46:31 GMT
Cache-Control=max-age=0, no-cache, no-store
Pragma=no-cache
Date=Fri, 19 Mar 2021 05:46:31 GMT
Content-Length=625
Connection=keep-alive
Server-Timing=cdn-cache; desc=MISS
Server-Timing=edge; dur=110
Server-Timing=origin; dur=68
Strict-Transport-Security=max-age=86400 ; includeSubDomains ; preload]
2021-03-19 11:16:31.361 [main] INFO  com.neonomics.corelibraries.Banks                 : Cookies :: [{}]
2021-03-19 11:16:31.362 [main] INFO  com.neonomics.corelibraries.Banks                 : Status Code :: [200]
2021-03-19 11:16:31.362 [main] INFO  com.neonomics.corelibraries.Banks                 : Status Line :: [HTTP/1.1 200 OK]
2021-03-19 11:16:31.362 [main] INFO  com.neonomics.corelibraries.Banks                 : Session ID :: [null]
2021-03-19 11:16:31.362 [main] INFO  com.neonomics.corelibraries.Banks                 : Response Time :: [231] milliseconds
2021-03-19 11:16:31.362 [main] INFO  com.neonomics.corelibraries.Banks                 : Response :: [[{"countryCode":"NO","bankingGroupName":"DNB Group","personalIdentificationRequired":true,"id":"RG5iLm5vLnYxRE5CQU5PS0s=","bankDisplayName":"DNB","supportedServices":["accounts","domestic-transfer"],"bic":"DNBANOKK","bankOfficialName":"DNB ASA","status":"AVAILABLE"},{"countryCode":"FI","bankingGroupName":"OP Financial Group","personalIdentificationRequired":false,"id":"T1AuRkkudjFPS09ZRklISA==","bankDisplayName":"OP","supportedServices":["accounts","sepa-credit"],"bic":"OKOYFIHH","bankOfficialName":"OP Andelslag","status":"UNAVAILABLE"},{"countryCode":"NO","bankingGroupName":"Sbanken","personalIdentificationRequired":false,"id":"U2Jhbmtlbi52MVNCQUtOT0JC","bankDisplayName":"Sbanken","supportedServices":["sepa-credit","domestic-transfer","accounts"],"bic":"SBAKNOBB","bankOfficialName":"Sbanken ASA","status":"AVAILABLE"},{"countryCode":"NO","bankingGroupName":"","personalIdentificationRequired":false,"id":"aGl6b250aWJhbmsudjFISVpPTk9LSw==","bankDisplayName":"Hizonti Bank","supportedServices":["accounts","sepa-credit"],"bic":"HIZONOKK","bankOfficialName":"","status":"AVAILABLE"},{"countryCode":"NO","bankingGroupName":"","personalIdentificationRequired":false,"id":"anVzdG9iYW5rLnYxSlVTVE5PS0s=","bankDisplayName":"Justo Bank","supportedServices":["accounts","sepa-credit"],"bic":"JUSTNOKK","bankOfficialName":"","status":"AVAILABLE"},{"countryCode":"SE","bankingGroupName":"SEB Group","personalIdentificationRequired":false,"id":"c2ViLnN3ZWRlbi52MUVTU0VTRVNT","bankDisplayName":"SEB","supportedServices":["accounts","sepa-credit","domestic-transfer","domestic-scheduled-transfer"],"bic":"ESSESESS","bankOfficialName":"Skandinaviska Enskilda Banken AB","status":"AVAILABLE"},{"countryCode":"FI","bankingGroupName":"S-Bank Ltd","personalIdentificationRequired":false,"id":"c3BhbmtraS52MVNCQU5GSUhI","bankDisplayName":"S-Pankki","supportedServices":["accounts","sepa-credit"],"bic":"SBANFIHH","bankOfficialName":"S-Banken Ab","status":"AVAILABLE"},{"countryCode":"NO","bankingGroupName":"Storebrand Group","personalIdentificationRequired":false,"id":"c3RvcmVicmFuZC52MVNURkJOT0tL","bankDisplayName":"Storebrand","supportedServices":["accounts","domestic-transfer"],"bic":"STFBNOKK","bankOfficialName":"Storebrand Bank ASA","status":"AVAILABLE"}]]
2021-03-19 11:16:31.401 [main] INFO  com.neonomics.corelibraries.Banks                 : Found bank [BankData [countryCode=NO, bankingGroupName=, personalIdentificationRequired=false, id=anVzdG9iYW5rLnYxSlVTVE5PS0s=, bankDisplayName=Justo Bank, supportedServices=[accounts, sepa-credit], bic=JUSTNOKK, bankOfficialName=, status=AVAILABLE]] from all bank collection
2021-03-19 11:16:31.401 [main] INFO  com.neonomics.corelibraries.Banks                 : Found bank ID as [anVzdG9iYW5rLnYxSlVTVE5PS0s=]for bank [Justo Bank]
2021-03-19 11:16:31.403 [main] INFO  stepDefinition.StepDefinitions_Functional_Test    : Received Bank ID [anVzdG9iYW5rLnYxSlVTVE5PS0s=] for bank [Justo Bank] with provided device ID [example_id_for_quickstart].
2021-03-19 11:16:31.404 [main] INFO  stepDefinition.StepDefinitions_Functional_Test    : Creating session ID for bank [Justo Bank] when Device ID [example_id_for_quickstart] with token [eyJhbGciOiJSUzI1NiIsInR5cCIgOiAiSldUIiwia2lkIiA6ICJ2MmFQNDdIQXVTUi1qWmR5U3otNDVDV2RaOFhiWGFBMXNDbWhLbWtJLXRvIn0.eyJleHAiOjE2MTYyMTkxOTAsImlhdCI6MTYxNjEzMjc5MCwianRpIjoiYTZkY2YyYzUtMTA2NS00ZmU4LTk0ZmMtMDM4NjNhY2I0YWNiIiwiaXNzIjoiaHR0cHM6Ly9zYW5kYm94Lm5lb25vbWljcy5pby9hdXRoL3JlYWxtcy9zYW5kYm94Iiwic3ViIjoiMjE4MDlmM2EtOWJhOS00MDMxLTllM2QtOTdiNTY3Nzc5OWY5IiwidHlwIjoiQmVhcmVyIiwiYXpwIjoiM2QzNWY2MDYtY2Q1Ny00NzRmLTg2NzYtYjc4ZGZiZWFjMzQ1Iiwic2Vzc2lvbl9zdGF0ZSI6IjRjMDU5YzYwLTljYWEtNDYyOC05NzYyLTc2ZmEzOTEwYmM3YyIsImFjciI6IjEiLCJzY29wZSI6ImJhbnFicmlkZ2VfY2xpZW50Iiwib3JnYW5pemF0aW9uSWQiOiI0MjRhNTc5My01NDQ4LTQ0NjMtODI2YS05NzdhOTc2MTY4NDIiLCJjbGllbnRJZCI6IjNkMzVmNjA2LWNkNTctNDc0Zi04Njc2LWI3OGRmYmVhYzM0NSIsImNsaWVudEhvc3QiOiIxMDMuMjAwLjEwNi4xNzEiLCJja2lkIjoiYmY2NGIzNTktOWFhZC00MjcxLWJjNjItNTFjNDI2NGQyZmQ3IiwiY2xpZW50QWRkcmVzcyI6IjEwMy4yMDAuMTA2LjE3MSJ9.AnTQrZXt-Wc9a-tgdCEEDux_kNZxgJhdojretQvv5qlsHqdg75B-GPy4NqJv0IPikCvDFBUcPy1szsMNF6KEIzsv7Uf79MyiEuiJdAk4M5zV1SrP5cQ9yvjEGsLpeCxnsOCdvDJ27Yq4GSXJE29a9FrCvCzmbGC1r_11JNBgb_7YG-A_K9xgzSmIVR5MS9ybOs8jMJPrTl4knK8mBfsRef5YK5S609VXYUkA8qdQnFbniF2WMgCcojNSVEcscKhFbDmRE_krkMZUsWM7icgPwNrgIf07yCvHVCGPVvyefist4oeS3dElA7WyRmKDjIUbNEg6YlB7di7EyocVyGXX_A]
2021-03-19 11:16:31.696 [main] INFO  com.neonomics.corelibraries.Session               : Headers :: [Content-Type=application/json;charset=UTF-8
X-CORRELATION-ID=c54cefeb-418a-49b4-a2a0-e2e99833673b
X-Content-Type-Options=nosniff
X-XSS-Protection=1; mode=block
Content-Length=52
Expires=Fri, 19 Mar 2021 05:46:31 GMT
Cache-Control=max-age=0, no-cache, no-store
Pragma=no-cache
Date=Fri, 19 Mar 2021 05:46:31 GMT
Connection=keep-alive
Server-Timing=cdn-cache; desc=MISS
Server-Timing=edge; dur=112
Server-Timing=origin; dur=46
Strict-Transport-Security=max-age=86400 ; includeSubDomains ; preload]
2021-03-19 11:16:31.696 [main] INFO  com.neonomics.corelibraries.Session               : Cookies :: [{}]
2021-03-19 11:16:31.696 [main] INFO  com.neonomics.corelibraries.Session               : Status Code :: [201]
2021-03-19 11:16:31.696 [main] INFO  com.neonomics.corelibraries.Session               : Status Line :: [HTTP/1.1 201 Created]
2021-03-19 11:16:31.696 [main] INFO  com.neonomics.corelibraries.Session               : Session ID :: [null]
2021-03-19 11:16:31.696 [main] INFO  com.neonomics.corelibraries.Session               : Response Time :: [214] milliseconds
2021-03-19 11:16:31.697 [main] INFO  com.neonomics.corelibraries.Session               : Response ::{"sessionId":"da53ba38-8fe9-460e-8d9f-f1b2a6edb1c3"}
2021-03-19 11:16:31.704 [main] INFO  stepDefinition.StepDefinitions_Functional_Test    : Recieved session ID as [da53ba38-8fe9-460e-8d9f-f1b2a6edb1c3]
2021-03-19 11:16:31.705 [main] INFO  stepDefinition.StepDefinitions_Functional_Test    : Getting details for [Justo Bank] bank
2021-03-19 11:16:31.908 [main] INFO  com.neonomics.corelibraries.Session               : Headers :: [Content-Type=application/json;charset=UTF-8
X-CORRELATION-ID=77b68693-a625-4ff3-b1cf-54a3e60e9486
X-Content-Type-Options=nosniff
X-XSS-Protection=1; mode=block
Content-Length=136
Expires=Fri, 19 Mar 2021 05:46:31 GMT
Cache-Control=max-age=0, no-cache, no-store
Pragma=no-cache
Date=Fri, 19 Mar 2021 05:46:31 GMT
Connection=keep-alive
Server-Timing=cdn-cache; desc=MISS
Server-Timing=edge; dur=109
Server-Timing=origin; dur=35
Strict-Transport-Security=max-age=86400 ; includeSubDomains ; preload]
2021-03-19 11:16:31.908 [main] INFO  com.neonomics.corelibraries.Session               : Cookies :: [{}]
2021-03-19 11:16:31.908 [main] INFO  com.neonomics.corelibraries.Session               : Status Code :: [200]
2021-03-19 11:16:31.908 [main] INFO  com.neonomics.corelibraries.Session               : Status Line :: [HTTP/1.1 200 OK]
2021-03-19 11:16:31.908 [main] INFO  com.neonomics.corelibraries.Session               : Response Time :: [194] milliseconds
2021-03-19 11:16:31.908 [main] INFO  com.neonomics.corelibraries.Session               : Response ::{"providerId":"justobank.v1","bankId":"anVzdG9iYW5rLnYxSlVTVE5PS0s=","bankName":"Justo Bank","createdAt":"Fri Mar 19 05:46:31 UTC 2021"}
2021-03-19 11:16:31.923 [main] INFO  stepDefinition.StepDefinitions_Functional_Test    : Got bank details to validate current session [{bankId=anVzdG9iYW5rLnYxSlVTVE5PS0s=, bankName=Justo Bank}]
2021-03-19 11:16:31.924 [main] INFO  stepDefinition.StepDefinitions_Functional_Test    : Getting [Justo Bank] bank details to seek consent, where user [Accept] consent provided Device ID [example_id_for_quickstart] and redirect URL []
2021-03-19 11:16:31.924 [main] INFO  com.neonomics.corelibraries.Banks                 : Getting information about bank [Justo Bank]
2021-03-19 11:16:32.129 [main] INFO  com.neonomics.corelibraries.Banks                 : Headers :: [Content-Type=application/json;charset=UTF-8
X-CORRELATION-ID=15396638-143d-4f47-bfb2-cd17924ab876
X-Content-Type-Options=nosniff
X-XSS-Protection=1; mode=block
Vary=Accept-Encoding
Content-Encoding=gzip
Expires=Fri, 19 Mar 2021 05:46:32 GMT
Cache-Control=max-age=0, no-cache, no-store
Pragma=no-cache
Date=Fri, 19 Mar 2021 05:46:32 GMT
Content-Length=625
Connection=keep-alive
Server-Timing=cdn-cache; desc=MISS
Server-Timing=edge; dur=110
Server-Timing=origin; dur=32
Strict-Transport-Security=max-age=86400 ; includeSubDomains ; preload]
2021-03-19 11:16:32.130 [main] INFO  com.neonomics.corelibraries.Banks                 : Cookies :: [{}]
2021-03-19 11:16:32.130 [main] INFO  com.neonomics.corelibraries.Banks                 : Status Code :: [200]
2021-03-19 11:16:32.130 [main] INFO  com.neonomics.corelibraries.Banks                 : Status Line :: [HTTP/1.1 200 OK]
2021-03-19 11:16:32.130 [main] INFO  com.neonomics.corelibraries.Banks                 : Session ID :: [null]
2021-03-19 11:16:32.130 [main] INFO  com.neonomics.corelibraries.Banks                 : Response Time :: [191] milliseconds
2021-03-19 11:16:32.130 [main] INFO  com.neonomics.corelibraries.Banks                 : Response :: [[{"countryCode":"NO","bankingGroupName":"DNB Group","personalIdentificationRequired":true,"id":"RG5iLm5vLnYxRE5CQU5PS0s=","bankDisplayName":"DNB","supportedServices":["accounts","domestic-transfer"],"bic":"DNBANOKK","bankOfficialName":"DNB ASA","status":"AVAILABLE"},{"countryCode":"FI","bankingGroupName":"OP Financial Group","personalIdentificationRequired":false,"id":"T1AuRkkudjFPS09ZRklISA==","bankDisplayName":"OP","supportedServices":["accounts","sepa-credit"],"bic":"OKOYFIHH","bankOfficialName":"OP Andelslag","status":"UNAVAILABLE"},{"countryCode":"NO","bankingGroupName":"Sbanken","personalIdentificationRequired":false,"id":"U2Jhbmtlbi52MVNCQUtOT0JC","bankDisplayName":"Sbanken","supportedServices":["sepa-credit","domestic-transfer","accounts"],"bic":"SBAKNOBB","bankOfficialName":"Sbanken ASA","status":"AVAILABLE"},{"countryCode":"NO","bankingGroupName":"","personalIdentificationRequired":false,"id":"aGl6b250aWJhbmsudjFISVpPTk9LSw==","bankDisplayName":"Hizonti Bank","supportedServices":["accounts","sepa-credit"],"bic":"HIZONOKK","bankOfficialName":"","status":"AVAILABLE"},{"countryCode":"NO","bankingGroupName":"","personalIdentificationRequired":false,"id":"anVzdG9iYW5rLnYxSlVTVE5PS0s=","bankDisplayName":"Justo Bank","supportedServices":["accounts","sepa-credit"],"bic":"JUSTNOKK","bankOfficialName":"","status":"AVAILABLE"},{"countryCode":"SE","bankingGroupName":"SEB Group","personalIdentificationRequired":false,"id":"c2ViLnN3ZWRlbi52MUVTU0VTRVNT","bankDisplayName":"SEB","supportedServices":["accounts","sepa-credit","domestic-transfer","domestic-scheduled-transfer"],"bic":"ESSESESS","bankOfficialName":"Skandinaviska Enskilda Banken AB","status":"AVAILABLE"},{"countryCode":"FI","bankingGroupName":"S-Bank Ltd","personalIdentificationRequired":false,"id":"c3BhbmtraS52MVNCQU5GSUhI","bankDisplayName":"S-Pankki","supportedServices":["accounts","sepa-credit"],"bic":"SBANFIHH","bankOfficialName":"S-Banken Ab","status":"AVAILABLE"},{"countryCode":"NO","bankingGroupName":"Storebrand Group","personalIdentificationRequired":false,"id":"c3RvcmVicmFuZC52MVNURkJOT0tL","bankDisplayName":"Storebrand","supportedServices":["accounts","domestic-transfer"],"bic":"STFBNOKK","bankOfficialName":"Storebrand Bank ASA","status":"AVAILABLE"}]]
2021-03-19 11:16:32.133 [main] INFO  com.neonomics.corelibraries.Banks                 : Found bank [BankData [countryCode=NO, bankingGroupName=, personalIdentificationRequired=false, id=anVzdG9iYW5rLnYxSlVTVE5PS0s=, bankDisplayName=Justo Bank, supportedServices=[accounts, sepa-credit], bic=JUSTNOKK, bankOfficialName=, status=AVAILABLE]] from all bank collection
2021-03-19 11:16:32.133 [main] INFO  stepDefinition.StepDefinitions_Functional_Test    : Received bank details for bank [Justo Bank] as [BankData [countryCode=NO, bankingGroupName=, personalIdentificationRequired=false, id=anVzdG9iYW5rLnYxSlVTVE5PS0s=, bankDisplayName=Justo Bank, supportedServices=[accounts, sepa-credit], bic=JUSTNOKK, bankOfficialName=, status=AVAILABLE]]
2021-03-19 11:16:32.133 [main] INFO  stepDefinition.StepDefinitions_Functional_Test    : Checking whether PSU ID is required for bank [Justo Bank]
2021-03-19 11:16:32.133 [main] INFO  stepDefinition.StepDefinitions_Functional_Test    : Handling bank consent
2021-03-19 11:16:32.307 [main] INFO  com.neonomics.corelibraries.Accounts              : Headers :: [Content-Type=application/json;charset=UTF-8
Content-Length=525
X-CORRELATION-ID=566bde08-27c2-4cf2-8fc7-e4b9e9e2fec5
Expires=Fri, 19 Mar 2021 05:46:32 GMT
Cache-Control=max-age=0, no-cache, no-store
Pragma=no-cache
Date=Fri, 19 Mar 2021 05:46:32 GMT
Connection=keep-alive
Server-Timing=cdn-cache; desc=MISS
Server-Timing=edge; dur=111
Server-Timing=origin; dur=20
Strict-Transport-Security=max-age=86400 ; includeSubDomains ; preload]
2021-03-19 11:16:32.307 [main] INFO  com.neonomics.corelibraries.Accounts              : Cookies :: [{}]
2021-03-19 11:16:32.307 [main] INFO  com.neonomics.corelibraries.Accounts              : Status Code :: [510]
2021-03-19 11:16:32.307 [main] INFO  com.neonomics.corelibraries.Accounts              : Status Line :: [HTTP/1.1 510 Unknown]
2021-03-19 11:16:32.307 [main] INFO  com.neonomics.corelibraries.Accounts              : Session ID :: [null]
2021-03-19 11:16:32.307 [main] INFO  com.neonomics.corelibraries.Accounts              : Response Time :: [170] milliseconds
2021-03-19 11:16:32.307 [main] INFO  com.neonomics.corelibraries.Accounts              : Response :: [{"id":"566bde08-27c2-4cf2-8fc7-e4b9e9e2fec5","errorCode":"1426","message":"This resource needs to initialise consent. Please use the URL provided to continue. The consent Url will provide the bank authentication url. You can consume this resource after authenticating.","source":"C","type":"CONSENT","timestamp":1616132792249,"links":[{"type":"GET","rel":"consent","href":"https://sandbox.neonomics.io/ics/v3/consent/da53ba38-8fe9-460e-8d9f-f1b2a6edb1c3?scope=accounts","meta":{"id":"da53ba38-8fe9-460e-8d9f-f1b2a6edb1c3"}}]}]
2021-03-19 11:16:32.325 [main] INFO  com.neonomics.corelibraries.Accounts              : Response to check whether consent is needed = [{"id":"566bde08-27c2-4cf2-8fc7-e4b9e9e2fec5","errorCode":"1426","message":"This resource needs to initialise consent. Please use the URL provided to continue. The consent Url will provide the bank authentication url. You can consume this resource after authenticating.","source":"C","type":"CONSENT","timestamp":1616132792249,"links":[{"type":"GET","rel":"consent","href":"https://sandbox.neonomics.io/ics/v3/consent/da53ba38-8fe9-460e-8d9f-f1b2a6edb1c3?scope=accounts","meta":{"id":"da53ba38-8fe9-460e-8d9f-f1b2a6edb1c3"}}]}]
2021-03-19 11:16:32.325 [main] INFO  com.neonomics.corelibraries.Accounts              : Bank consent is needed, therefore invoking consent handling mechanism using Web URL
2021-03-19 11:16:32.562 [main] INFO  com.neonomics.corelibraries.Accounts              : Headers :: [Content-Type=application/json;charset=UTF-8
Content-Length=405
X-CORRELATION-ID=461aeeb4-59ba-4ed3-ac09-50b85eedd7b1
X-Content-Type-Options=nosniff
X-XSS-Protection=1; mode=block
Expires=Fri, 19 Mar 2021 05:46:32 GMT
Cache-Control=max-age=0, no-cache, no-store
Pragma=no-cache
Date=Fri, 19 Mar 2021 05:46:32 GMT
Connection=keep-alive
Server-Timing=cdn-cache; desc=MISS
Server-Timing=edge; dur=110
Server-Timing=origin; dur=28
Strict-Transport-Security=max-age=86400 ; includeSubDomains ; preload]
2021-03-19 11:16:32.563 [main] INFO  com.neonomics.corelibraries.Accounts              : Cookies :: [{}]
2021-03-19 11:16:32.563 [main] INFO  com.neonomics.corelibraries.Accounts              : Status Code :: [200]
2021-03-19 11:16:32.563 [main] INFO  com.neonomics.corelibraries.Accounts              : Status Line :: [HTTP/1.1 200 OK]
2021-03-19 11:16:32.563 [main] INFO  com.neonomics.corelibraries.Accounts              : Session ID :: [null]
2021-03-19 11:16:32.563 [main] INFO  com.neonomics.corelibraries.Accounts              : Response Time :: [189] milliseconds
2021-03-19 11:16:32.563 [main] INFO  com.neonomics.corelibraries.Accounts              : Response :: [{"message":"Please consent with the bank authentication URL provided to continue.","links":[{"type":"GET","rel":"consent","href":"https://sandbox.neonomics.io/auth/realms/justo/protocol/openid-connect/auth?response_type=code&redirect_uri=https%3A%2F%2Fsandbox.neonomics.io%2Fcallback&client_id=bankbridge-auth-code&state=eyJzIjoiYWNjb3VudHMiLCJpZCI6ImRhNTNiYTM4LThmZTktNDYwZS04ZDlmLWYxYjJhNmVkYjFjMyJ9"}]}]
2021-03-19 11:16:32.571 [main] INFO  com.neonomics.corelibraries.Accounts              : Found consent web URL [https://sandbox.neonomics.io/auth/realms/justo/protocol/openid-connect/auth?response_type=code&redirect_uri=https%3A%2F%2Fsandbox.neonomics.io%2Fcallback&client_id=bankbridge-auth-code&state=eyJzIjoiYWNjb3VudHMiLCJpZCI6ImRhNTNiYTM4LThmZTktNDYwZS04ZDlmLWYxYjJhNmVkYjFjMyJ9]
2021-03-19 11:16:32.579 [main] INFO  com.neonomics.corelibraries.Accounts              : Consent Web URL [https://sandbox.neonomics.io/auth/realms/justo/protocol/openid-connect/auth?response_type=code&redirect_uri=https%3A%2F%2Fsandbox.neonomics.io%2Fcallback&client_id=bankbridge-auth-code&state=eyJzIjoiYWNjb3VudHMiLCJpZCI6ImRhNTNiYTM4LThmZTktNDYwZS04ZDlmLWYxYjJhNmVkYjFjMyJ9] and user action [Accept]
2021-03-19 11:16:32.579 [main] INFO  com.neonomics.corelibraries.HandleConsentUI       : Getting consent via Web page
2021-03-19 11:16:32.580 [main] INFO  com.neonomics.corelibraries.HandleConsentUI       : Creating selenium webdriver instance
2021-03-19 11:16:33.906 [main] INFO  com.neonomics.corelibraries.HandleConsentUI       : Opening link in browser::[https://sandbox.neonomics.io/auth/realms/justo/protocol/openid-connect/auth?response_type=code&redirect_uri=https%3A%2F%2Fsandbox.neonomics.io%2Fcallback&client_id=bankbridge-auth-code&state=eyJzIjoiYWNjb3VudHMiLCJpZCI6ImRhNTNiYTM4LThmZTktNDYwZS04ZDlmLWYxYjJhNmVkYjFjMyJ9]
2021-03-19 11:16:35.157 [main] INFO  com.neonomics.corelibraries.HandleConsentUI       : Entering username in consent page as [aakashdahake@gmail.com]
2021-03-19 11:16:35.204 [main] INFO  com.neonomics.corelibraries.HandleConsentUI       : Entering password in consent page as [Neonomics#1]
2021-03-19 11:16:35.263 [main] INFO  com.neonomics.corelibraries.HandleConsentUI       : Clicking submit button on Web page
2021-03-19 11:16:35.952 [main] INFO  com.neonomics.corelibraries.HandleConsentUI       : Confirming that user have consent
2021-03-19 11:16:35.972 [main] INFO  com.neonomics.corelibraries.HandleConsentUI       : Closing browser
2021-03-19 11:16:36.615 [main] INFO  com.neonomics.corelibraries.Accounts              : Retrieving list of accounts with session ID provided as [da53ba38-8fe9-460e-8d9f-f1b2a6edb1c3]
2021-03-19 11:16:36.872 [main] INFO  com.neonomics.corelibraries.Accounts              : Headers :: [Content-Type=application/json;charset=UTF-8
Content-Length=229
X-CORRELATION-ID=284cba01-d2d6-4c4f-ac70-92add518042d
X-Content-Type-Options=nosniff
X-XSS-Protection=1; mode=block
Expires=Fri, 19 Mar 2021 05:46:36 GMT
Cache-Control=max-age=0, no-cache, no-store
Pragma=no-cache
Date=Fri, 19 Mar 2021 05:46:36 GMT
Connection=keep-alive
Server-Timing=cdn-cache; desc=MISS
Server-Timing=edge; dur=110
Server-Timing=origin; dur=105
Strict-Transport-Security=max-age=86400 ; includeSubDomains ; preload]
2021-03-19 11:16:36.872 [main] INFO  com.neonomics.corelibraries.Accounts              : Cookies :: [{}]
2021-03-19 11:16:36.872 [main] INFO  com.neonomics.corelibraries.Accounts              : Status Code :: [200]
2021-03-19 11:16:36.872 [main] INFO  com.neonomics.corelibraries.Accounts              : Status Line :: [HTTP/1.1 200 OK]
2021-03-19 11:16:36.872 [main] INFO  com.neonomics.corelibraries.Accounts              : Session ID :: [null]
2021-03-19 11:16:36.872 [main] INFO  com.neonomics.corelibraries.Accounts              : Response Time :: [254] milliseconds
2021-03-19 11:16:36.873 [main] INFO  com.neonomics.corelibraries.Accounts              : Response :: [[{"id":"ZmJkM2QzMDEtZjNkYS00ZmYzLWI3YjgtMjY3YzVjZGJiYTBh","iban":"NO6404948998640","bban":"04948998640","accountName":"aakashdahake@gmail.com","accountType":"SVGS","balances":[{"amount":"4790.0","currency":"EUR","type":"CRRT"}]}]]
2021-03-19 11:16:36.876 [main] INFO  stepDefinition.StepDefinitions_Functional_Test    : Account details from [Justo Bank] are = [[id=ZmJkM2QzMDEtZjNkYS00ZmYzLWI3YjgtMjY3YzVjZGJiYTBh, iban=NO6404948998640, bban=04948998640, accountName=aakashdahake@gmail.com, accountType=SVGS, balances=[[amount=4790.0, currency=EUR, type=CRRT]]]]
2021-03-19 11:16:36.877 [main] INFO  stepDefinition.StepDefinitions_Functional_Test    : Deleting session for bank [Justo Bank]
2021-03-19 11:16:36.877 [main] INFO  com.neonomics.corelibraries.Session               : Terminating session for session ID [da53ba38-8fe9-460e-8d9f-f1b2a6edb1c3]
2021-03-19 11:16:37.050 [main] INFO  com.neonomics.corelibraries.Session               : Terminated session for session ID [da53ba38-8fe9-460e-8d9f-f1b2a6edb1c3]
2021-03-19 11:16:37.050 [main] INFO  stepDefinition.StepDefinitions_Functional_Test    : Deleted session ID as [da53ba38-8fe9-460e-8d9f-f1b2a6edb1c3]
2021-03-19 11:16:37.064 [main] INFO  stepDefinition.StepDefinitions_Functional_Test    : ********************************************************************************************************
2021-03-19 11:16:37.065 [main] INFO  stepDefinition.StepDefinitions_Functional_Test    : ********************************************************************************************************
2021-03-19 11:16:37.065 [main] INFO  stepDefinition.StepDefinitions_Functional_Test    : --- Execution Started :::: User initiates payment and transfer money to another user in another bank
2021-03-19 11:16:37.065 [main] INFO  stepDefinition.StepDefinitions_Functional_Test    : ********************************************************************************************************
2021-03-19 11:16:37.251 [main] INFO  com.neonomics.corelibraries.Authorization         : Headers :: [Content-Type=application/json
x-xss-protection=1; mode=block
x-content-type-options=nosniff
Access-Control-Allow-Origin=*
X-CORRELATION-ID=f423130f-8878-44a2-b669-e217e772eed4
X-Content-Type-Options=nosniff
X-XSS-Protection=1; mode=block
Vary=Accept-Encoding
Content-Encoding=gzip
Expires=Fri, 19 Mar 2021 05:46:37 GMT
Cache-Control=max-age=0, no-cache, no-store
Pragma=no-cache
Date=Fri, 19 Mar 2021 05:46:37 GMT
Content-Length=1239
Connection=keep-alive
Set-Cookie=KC_RESTART=; Version=1; Expires=Thu, 01-Jan-1970 00:00:10 GMT; Max-Age=0; Path=/auth/realms/sandbox/; Secure; HttpOnly
Server-Timing=cdn-cache; desc=MISS
Server-Timing=edge; dur=114
Server-Timing=origin; dur=29
Strict-Transport-Security=max-age=86400 ; includeSubDomains ; preload]
2021-03-19 11:16:37.251 [main] INFO  com.neonomics.corelibraries.Authorization         : Cookies :: [{KC_RESTART=}]
2021-03-19 11:16:37.251 [main] INFO  com.neonomics.corelibraries.Authorization         : Status Code :: [200]
2021-03-19 11:16:37.251 [main] INFO  com.neonomics.corelibraries.Authorization         : Status Line :: [HTTP/1.1 200 OK]
2021-03-19 11:16:37.251 [main] INFO  com.neonomics.corelibraries.Authorization         : Session ID :: [null]
2021-03-19 11:16:37.251 [main] INFO  com.neonomics.corelibraries.Authorization         : Response Time :: [179] milliseconds
2021-03-19 11:16:37.251 [main] INFO  com.neonomics.corelibraries.Authorization         : Response :: [{"refresh_expires_in":2592000,"expires_in":86400,"session_state":"ab8d9482-94da-471a-aa78-9c96d44ce46c","access_token":"eyJhbGciOiJSUzI1NiIsInR5cCIgOiAiSldUIiwia2lkIiA6ICJ2MmFQNDdIQXVTUi1qWmR5U3otNDVDV2RaOFhiWGFBMXNDbWhLbWtJLXRvIn0.eyJleHAiOjE2MTYyMTkxOTcsImlhdCI6MTYxNjEzMjc5NywianRpIjoiN2Y0NTc4NjEtZjNiNi00YjEwLTgxYzctZWVjZDlkZTk3ODEwIiwiaXNzIjoiaHR0cHM6Ly9zYW5kYm94Lm5lb25vbWljcy5pby9hdXRoL3JlYWxtcy9zYW5kYm94Iiwic3ViIjoiMjE4MDlmM2EtOWJhOS00MDMxLTllM2QtOTdiNTY3Nzc5OWY5IiwidHlwIjoiQmVhcmVyIiwiYXpwIjoiM2QzNWY2MDYtY2Q1Ny00NzRmLTg2NzYtYjc4ZGZiZWFjMzQ1Iiwic2Vzc2lvbl9zdGF0ZSI6ImFiOGQ5NDgyLTk0ZGEtNDcxYS1hYTc4LTljOTZkNDRjZTQ2YyIsImFjciI6IjEiLCJzY29wZSI6ImJhbnFicmlkZ2VfY2xpZW50Iiwib3JnYW5pemF0aW9uSWQiOiI0MjRhNTc5My01NDQ4LTQ0NjMtODI2YS05NzdhOTc2MTY4NDIiLCJjbGllbnRJZCI6IjNkMzVmNjA2LWNkNTctNDc0Zi04Njc2LWI3OGRmYmVhYzM0NSIsImNsaWVudEhvc3QiOiIxMDMuMjAwLjEwNi4xNzEiLCJja2lkIjoiYmY2NGIzNTktOWFhZC00MjcxLWJjNjItNTFjNDI2NGQyZmQ3IiwiY2xpZW50QWRkcmVzcyI6IjEwMy4yMDAuMTA2LjE3MSJ9.fiXxLSQr9WG3Hpb8OtAhGdvaCOU7TjkpXbslvW53-MR6_KhBIEJiO0hMVe9_Ig7RjFy-7_DLI2aO_wUOS_i0Jg3s0Yecw7tzIGNtqQadtGg-nJG1ngZP34Kmk0zIusO0yPn-vq_8khqiQZ61QbZijO9r5w_haRASXFtzkaiboTz9Zk1Rs5IzEXsAXcn_bTRHk_wAHz3aHrdZO6rczBd-E3lr-CNKWPg6iL2LunqPfWvrw_W9bbphWJR_SdYOj-Kex4o8szVRjrzyrPMWRwKKWdr57jr0o_rZD559MHg9xqvieUpEC2AImJOoNwh1Nw0a6QABIpHbavK7AvCmRVwi4w","scope":"banqbridge_client","token_type":"bearer","refresh_token":"eyJhbGciOiJIUzI1NiIsInR5cCIgOiAiSldUIiwia2lkIiA6ICIwYTAzNjlhNy0yMTg3LTQ3OWYtOTU4NS02Y2QzYTczZDUxOWYifQ.eyJleHAiOjE2MTg3MjQ3OTcsImlhdCI6MTYxNjEzMjc5NywianRpIjoiYTBlNzdmNjctMGU0Ny00MGVmLThiNjEtZjAwN2YyNWVjZTc5IiwiaXNzIjoiaHR0cHM6Ly9zYW5kYm94Lm5lb25vbWljcy5pby9hdXRoL3JlYWxtcy9zYW5kYm94IiwiYXVkIjoiaHR0cHM6Ly9zYW5kYm94Lm5lb25vbWljcy5pby9hdXRoL3JlYWxtcy9zYW5kYm94Iiwic3ViIjoiMjE4MDlmM2EtOWJhOS00MDMxLTllM2QtOTdiNTY3Nzc5OWY5IiwidHlwIjoiUmVmcmVzaCIsImF6cCI6IjNkMzVmNjA2LWNkNTctNDc0Zi04Njc2LWI3OGRmYmVhYzM0NSIsInNlc3Npb25fc3RhdGUiOiJhYjhkOTQ4Mi05NGRhLTQ3MWEtYWE3OC05Yzk2ZDQ0Y2U0NmMiLCJzY29wZSI6ImJhbnFicmlkZ2VfY2xpZW50In0.ab-uxX9U59flkqHF9LipIiJZpGMdud-0Qs04ExvEx-U"}]
2021-03-19 11:16:37.284 [main] INFO  stepDefinition.StepDefinitions_Functional_Test    : Getting authentication token set
2021-03-19 11:16:37.284 [main] INFO  stepDefinition.StepDefinitions_Functional_Test    : Access token and Refresh token::{access_token=eyJhbGciOiJSUzI1NiIsInR5cCIgOiAiSldUIiwia2lkIiA6ICJ2MmFQNDdIQXVTUi1qWmR5U3otNDVDV2RaOFhiWGFBMXNDbWhLbWtJLXRvIn0.eyJleHAiOjE2MTYyMTkxOTcsImlhdCI6MTYxNjEzMjc5NywianRpIjoiN2Y0NTc4NjEtZjNiNi00YjEwLTgxYzctZWVjZDlkZTk3ODEwIiwiaXNzIjoiaHR0cHM6Ly9zYW5kYm94Lm5lb25vbWljcy5pby9hdXRoL3JlYWxtcy9zYW5kYm94Iiwic3ViIjoiMjE4MDlmM2EtOWJhOS00MDMxLTllM2QtOTdiNTY3Nzc5OWY5IiwidHlwIjoiQmVhcmVyIiwiYXpwIjoiM2QzNWY2MDYtY2Q1Ny00NzRmLTg2NzYtYjc4ZGZiZWFjMzQ1Iiwic2Vzc2lvbl9zdGF0ZSI6ImFiOGQ5NDgyLTk0ZGEtNDcxYS1hYTc4LTljOTZkNDRjZTQ2YyIsImFjciI6IjEiLCJzY29wZSI6ImJhbnFicmlkZ2VfY2xpZW50Iiwib3JnYW5pemF0aW9uSWQiOiI0MjRhNTc5My01NDQ4LTQ0NjMtODI2YS05NzdhOTc2MTY4NDIiLCJjbGllbnRJZCI6IjNkMzVmNjA2LWNkNTctNDc0Zi04Njc2LWI3OGRmYmVhYzM0NSIsImNsaWVudEhvc3QiOiIxMDMuMjAwLjEwNi4xNzEiLCJja2lkIjoiYmY2NGIzNTktOWFhZC00MjcxLWJjNjItNTFjNDI2NGQyZmQ3IiwiY2xpZW50QWRkcmVzcyI6IjEwMy4yMDAuMTA2LjE3MSJ9.fiXxLSQr9WG3Hpb8OtAhGdvaCOU7TjkpXbslvW53-MR6_KhBIEJiO0hMVe9_Ig7RjFy-7_DLI2aO_wUOS_i0Jg3s0Yecw7tzIGNtqQadtGg-nJG1ngZP34Kmk0zIusO0yPn-vq_8khqiQZ61QbZijO9r5w_haRASXFtzkaiboTz9Zk1Rs5IzEXsAXcn_bTRHk_wAHz3aHrdZO6rczBd-E3lr-CNKWPg6iL2LunqPfWvrw_W9bbphWJR_SdYOj-Kex4o8szVRjrzyrPMWRwKKWdr57jr0o_rZD559MHg9xqvieUpEC2AImJOoNwh1Nw0a6QABIpHbavK7AvCmRVwi4w, refresh_token=eyJhbGciOiJIUzI1NiIsInR5cCIgOiAiSldUIiwia2lkIiA6ICIwYTAzNjlhNy0yMTg3LTQ3OWYtOTU4NS02Y2QzYTczZDUxOWYifQ.eyJleHAiOjE2MTg3MjQ3OTcsImlhdCI6MTYxNjEzMjc5NywianRpIjoiYTBlNzdmNjctMGU0Ny00MGVmLThiNjEtZjAwN2YyNWVjZTc5IiwiaXNzIjoiaHR0cHM6Ly9zYW5kYm94Lm5lb25vbWljcy5pby9hdXRoL3JlYWxtcy9zYW5kYm94IiwiYXVkIjoiaHR0cHM6Ly9zYW5kYm94Lm5lb25vbWljcy5pby9hdXRoL3JlYWxtcy9zYW5kYm94Iiwic3ViIjoiMjE4MDlmM2EtOWJhOS00MDMxLTllM2QtOTdiNTY3Nzc5OWY5IiwidHlwIjoiUmVmcmVzaCIsImF6cCI6IjNkMzVmNjA2LWNkNTctNDc0Zi04Njc2LWI3OGRmYmVhYzM0NSIsInNlc3Npb25fc3RhdGUiOiJhYjhkOTQ4Mi05NGRhLTQ3MWEtYWE3OC05Yzk2ZDQ0Y2U0NmMiLCJzY29wZSI6ImJhbnFicmlkZ2VfY2xpZW50In0.ab-uxX9U59flkqHF9LipIiJZpGMdud-0Qs04ExvEx-U}
2021-03-19 11:16:37.284 [main] INFO  com.neonomics.corelibraries.Banks                 : Getting bank ID for bank [Justo Bank]
2021-03-19 11:16:37.284 [main] INFO  com.neonomics.corelibraries.Banks                 : Getting information about bank [Justo Bank]
2021-03-19 11:16:37.482 [main] INFO  com.neonomics.corelibraries.Banks                 : Headers :: [Content-Type=application/json;charset=UTF-8
X-CORRELATION-ID=7b996942-b99e-4499-a7e5-3acc7fcf27b4
X-Content-Type-Options=nosniff
X-XSS-Protection=1; mode=block
Vary=Accept-Encoding
Content-Encoding=gzip
Expires=Fri, 19 Mar 2021 05:46:37 GMT
Cache-Control=max-age=0, no-cache, no-store
Pragma=no-cache
Date=Fri, 19 Mar 2021 05:46:37 GMT
Content-Length=625
Connection=keep-alive
Server-Timing=cdn-cache; desc=MISS
Server-Timing=edge; dur=110
Server-Timing=origin; dur=40
Strict-Transport-Security=max-age=86400 ; includeSubDomains ; preload]
2021-03-19 11:16:37.482 [main] INFO  com.neonomics.corelibraries.Banks                 : Cookies :: [{}]
2021-03-19 11:16:37.482 [main] INFO  com.neonomics.corelibraries.Banks                 : Status Code :: [200]
2021-03-19 11:16:37.482 [main] INFO  com.neonomics.corelibraries.Banks                 : Status Line :: [HTTP/1.1 200 OK]
2021-03-19 11:16:37.482 [main] INFO  com.neonomics.corelibraries.Banks                 : Session ID :: [null]
2021-03-19 11:16:37.482 [main] INFO  com.neonomics.corelibraries.Banks                 : Response Time :: [187] milliseconds
2021-03-19 11:16:37.483 [main] INFO  com.neonomics.corelibraries.Banks                 : Response :: [[{"countryCode":"NO","bankingGroupName":"DNB Group","personalIdentificationRequired":true,"id":"RG5iLm5vLnYxRE5CQU5PS0s=","bankDisplayName":"DNB","supportedServices":["accounts","domestic-transfer"],"bic":"DNBANOKK","bankOfficialName":"DNB ASA","status":"AVAILABLE"},{"countryCode":"FI","bankingGroupName":"OP Financial Group","personalIdentificationRequired":false,"id":"T1AuRkkudjFPS09ZRklISA==","bankDisplayName":"OP","supportedServices":["accounts","sepa-credit"],"bic":"OKOYFIHH","bankOfficialName":"OP Andelslag","status":"UNAVAILABLE"},{"countryCode":"NO","bankingGroupName":"Sbanken","personalIdentificationRequired":false,"id":"U2Jhbmtlbi52MVNCQUtOT0JC","bankDisplayName":"Sbanken","supportedServices":["sepa-credit","domestic-transfer","accounts"],"bic":"SBAKNOBB","bankOfficialName":"Sbanken ASA","status":"AVAILABLE"},{"countryCode":"NO","bankingGroupName":"","personalIdentificationRequired":false,"id":"aGl6b250aWJhbmsudjFISVpPTk9LSw==","bankDisplayName":"Hizonti Bank","supportedServices":["accounts","sepa-credit"],"bic":"HIZONOKK","bankOfficialName":"","status":"AVAILABLE"},{"countryCode":"NO","bankingGroupName":"","personalIdentificationRequired":false,"id":"anVzdG9iYW5rLnYxSlVTVE5PS0s=","bankDisplayName":"Justo Bank","supportedServices":["accounts","sepa-credit"],"bic":"JUSTNOKK","bankOfficialName":"","status":"AVAILABLE"},{"countryCode":"SE","bankingGroupName":"SEB Group","personalIdentificationRequired":false,"id":"c2ViLnN3ZWRlbi52MUVTU0VTRVNT","bankDisplayName":"SEB","supportedServices":["accounts","sepa-credit","domestic-transfer","domestic-scheduled-transfer"],"bic":"ESSESESS","bankOfficialName":"Skandinaviska Enskilda Banken AB","status":"AVAILABLE"},{"countryCode":"FI","bankingGroupName":"S-Bank Ltd","personalIdentificationRequired":false,"id":"c3BhbmtraS52MVNCQU5GSUhI","bankDisplayName":"S-Pankki","supportedServices":["accounts","sepa-credit"],"bic":"SBANFIHH","bankOfficialName":"S-Banken Ab","status":"AVAILABLE"},{"countryCode":"NO","bankingGroupName":"Storebrand Group","personalIdentificationRequired":false,"id":"c3RvcmVicmFuZC52MVNURkJOT0tL","bankDisplayName":"Storebrand","supportedServices":["accounts","domestic-transfer"],"bic":"STFBNOKK","bankOfficialName":"Storebrand Bank ASA","status":"AVAILABLE"}]]
2021-03-19 11:16:37.484 [main] INFO  com.neonomics.corelibraries.Banks                 : Found bank [BankData [countryCode=NO, bankingGroupName=, personalIdentificationRequired=false, id=anVzdG9iYW5rLnYxSlVTVE5PS0s=, bankDisplayName=Justo Bank, supportedServices=[accounts, sepa-credit], bic=JUSTNOKK, bankOfficialName=, status=AVAILABLE]] from all bank collection
2021-03-19 11:16:37.484 [main] INFO  com.neonomics.corelibraries.Banks                 : Found bank ID as [anVzdG9iYW5rLnYxSlVTVE5PS0s=]for bank [Justo Bank]
2021-03-19 11:16:37.484 [main] INFO  stepDefinition.StepDefinitions_Functional_Test    : Received Bank ID [anVzdG9iYW5rLnYxSlVTVE5PS0s=] for bank [Justo Bank] with provided device ID [example_id_for_quickstart].
2021-03-19 11:16:37.485 [main] INFO  stepDefinition.StepDefinitions_Functional_Test    : Creating session ID for bank [Justo Bank] when Device ID [example_id_for_quickstart] with token [eyJhbGciOiJSUzI1NiIsInR5cCIgOiAiSldUIiwia2lkIiA6ICJ2MmFQNDdIQXVTUi1qWmR5U3otNDVDV2RaOFhiWGFBMXNDbWhLbWtJLXRvIn0.eyJleHAiOjE2MTYyMTkxOTcsImlhdCI6MTYxNjEzMjc5NywianRpIjoiN2Y0NTc4NjEtZjNiNi00YjEwLTgxYzctZWVjZDlkZTk3ODEwIiwiaXNzIjoiaHR0cHM6Ly9zYW5kYm94Lm5lb25vbWljcy5pby9hdXRoL3JlYWxtcy9zYW5kYm94Iiwic3ViIjoiMjE4MDlmM2EtOWJhOS00MDMxLTllM2QtOTdiNTY3Nzc5OWY5IiwidHlwIjoiQmVhcmVyIiwiYXpwIjoiM2QzNWY2MDYtY2Q1Ny00NzRmLTg2NzYtYjc4ZGZiZWFjMzQ1Iiwic2Vzc2lvbl9zdGF0ZSI6ImFiOGQ5NDgyLTk0ZGEtNDcxYS1hYTc4LTljOTZkNDRjZTQ2YyIsImFjciI6IjEiLCJzY29wZSI6ImJhbnFicmlkZ2VfY2xpZW50Iiwib3JnYW5pemF0aW9uSWQiOiI0MjRhNTc5My01NDQ4LTQ0NjMtODI2YS05NzdhOTc2MTY4NDIiLCJjbGllbnRJZCI6IjNkMzVmNjA2LWNkNTctNDc0Zi04Njc2LWI3OGRmYmVhYzM0NSIsImNsaWVudEhvc3QiOiIxMDMuMjAwLjEwNi4xNzEiLCJja2lkIjoiYmY2NGIzNTktOWFhZC00MjcxLWJjNjItNTFjNDI2NGQyZmQ3IiwiY2xpZW50QWRkcmVzcyI6IjEwMy4yMDAuMTA2LjE3MSJ9.fiXxLSQr9WG3Hpb8OtAhGdvaCOU7TjkpXbslvW53-MR6_KhBIEJiO0hMVe9_Ig7RjFy-7_DLI2aO_wUOS_i0Jg3s0Yecw7tzIGNtqQadtGg-nJG1ngZP34Kmk0zIusO0yPn-vq_8khqiQZ61QbZijO9r5w_haRASXFtzkaiboTz9Zk1Rs5IzEXsAXcn_bTRHk_wAHz3aHrdZO6rczBd-E3lr-CNKWPg6iL2LunqPfWvrw_W9bbphWJR_SdYOj-Kex4o8szVRjrzyrPMWRwKKWdr57jr0o_rZD559MHg9xqvieUpEC2AImJOoNwh1Nw0a6QABIpHbavK7AvCmRVwi4w]
2021-03-19 11:16:37.658 [main] INFO  com.neonomics.corelibraries.Session               : Headers :: [Content-Type=application/json;charset=UTF-8
X-CORRELATION-ID=a74ea26a-af50-4f87-a590-876a8c65c7c8
X-Content-Type-Options=nosniff
X-XSS-Protection=1; mode=block
Content-Length=52
Expires=Fri, 19 Mar 2021 05:46:37 GMT
Cache-Control=max-age=0, no-cache, no-store
Pragma=no-cache
Date=Fri, 19 Mar 2021 05:46:37 GMT
Connection=keep-alive
Server-Timing=cdn-cache; desc=MISS
Server-Timing=edge; dur=111
Server-Timing=origin; dur=21
Strict-Transport-Security=max-age=86400 ; includeSubDomains ; preload]
2021-03-19 11:16:37.658 [main] INFO  com.neonomics.corelibraries.Session               : Cookies :: [{}]
2021-03-19 11:16:37.658 [main] INFO  com.neonomics.corelibraries.Session               : Status Code :: [201]
2021-03-19 11:16:37.658 [main] INFO  com.neonomics.corelibraries.Session               : Status Line :: [HTTP/1.1 201 Created]
2021-03-19 11:16:37.658 [main] INFO  com.neonomics.corelibraries.Session               : Session ID :: [null]
2021-03-19 11:16:37.658 [main] INFO  com.neonomics.corelibraries.Session               : Response Time :: [167] milliseconds
2021-03-19 11:16:37.658 [main] INFO  com.neonomics.corelibraries.Session               : Response ::{"sessionId":"910d95b3-505f-4614-9c3d-e38e66172164"}
2021-03-19 11:16:37.665 [main] INFO  stepDefinition.StepDefinitions_Functional_Test    : Recieved session ID as [910d95b3-505f-4614-9c3d-e38e66172164]
2021-03-19 11:16:37.666 [main] INFO  stepDefinition.StepDefinitions_Functional_Test    : Getting details for [Justo Bank] bank
2021-03-19 11:16:37.834 [main] INFO  com.neonomics.corelibraries.Session               : Headers :: [Content-Type=application/json;charset=UTF-8
X-CORRELATION-ID=bcf28680-01f9-4d0e-8d23-74c716cb729b
X-Content-Type-Options=nosniff
X-XSS-Protection=1; mode=block
Content-Length=136
Expires=Fri, 19 Mar 2021 05:46:37 GMT
Cache-Control=max-age=0, no-cache, no-store
Pragma=no-cache
Date=Fri, 19 Mar 2021 05:46:37 GMT
Connection=keep-alive
Server-Timing=cdn-cache; desc=MISS
Server-Timing=edge; dur=109
Server-Timing=origin; dur=20
Strict-Transport-Security=max-age=86400 ; includeSubDomains ; preload]
2021-03-19 11:16:37.834 [main] INFO  com.neonomics.corelibraries.Session               : Cookies :: [{}]
2021-03-19 11:16:37.834 [main] INFO  com.neonomics.corelibraries.Session               : Status Code :: [200]
2021-03-19 11:16:37.834 [main] INFO  com.neonomics.corelibraries.Session               : Status Line :: [HTTP/1.1 200 OK]
2021-03-19 11:16:37.834 [main] INFO  com.neonomics.corelibraries.Session               : Response Time :: [163] milliseconds
2021-03-19 11:16:37.834 [main] INFO  com.neonomics.corelibraries.Session               : Response ::{"providerId":"justobank.v1","bankId":"anVzdG9iYW5rLnYxSlVTVE5PS0s=","bankName":"Justo Bank","createdAt":"Fri Mar 19 05:46:37 UTC 2021"}
2021-03-19 11:16:37.847 [main] INFO  stepDefinition.StepDefinitions_Functional_Test    : Got bank details to validate current session [{bankId=anVzdG9iYW5rLnYxSlVTVE5PS0s=, bankName=Justo Bank}]
2021-03-19 11:16:37.848 [main] INFO  com.neonomics.corelibraries.Banks                 : Getting bank ID for bank [Hizonti Bank]
2021-03-19 11:16:37.848 [main] INFO  com.neonomics.corelibraries.Banks                 : Getting information about bank [Hizonti Bank]
2021-03-19 11:16:38.039 [main] INFO  com.neonomics.corelibraries.Banks                 : Headers :: [Content-Type=application/json;charset=UTF-8
X-CORRELATION-ID=d0f1779a-8b20-467f-bff9-07593e9d6c2f
X-Content-Type-Options=nosniff
X-XSS-Protection=1; mode=block
Vary=Accept-Encoding
Content-Encoding=gzip
Expires=Fri, 19 Mar 2021 05:46:38 GMT
Cache-Control=max-age=0, no-cache, no-store
Pragma=no-cache
Date=Fri, 19 Mar 2021 05:46:38 GMT
Content-Length=625
Connection=keep-alive
Server-Timing=cdn-cache; desc=MISS
Server-Timing=edge; dur=110
Server-Timing=origin; dur=30
Strict-Transport-Security=max-age=86400 ; includeSubDomains ; preload]
2021-03-19 11:16:38.039 [main] INFO  com.neonomics.corelibraries.Banks                 : Cookies :: [{}]
2021-03-19 11:16:38.039 [main] INFO  com.neonomics.corelibraries.Banks                 : Status Code :: [200]
2021-03-19 11:16:38.039 [main] INFO  com.neonomics.corelibraries.Banks                 : Status Line :: [HTTP/1.1 200 OK]
2021-03-19 11:16:38.039 [main] INFO  com.neonomics.corelibraries.Banks                 : Session ID :: [null]
2021-03-19 11:16:38.039 [main] INFO  com.neonomics.corelibraries.Banks                 : Response Time :: [182] milliseconds
2021-03-19 11:16:38.040 [main] INFO  com.neonomics.corelibraries.Banks                 : Response :: [[{"countryCode":"NO","bankingGroupName":"DNB Group","personalIdentificationRequired":true,"id":"RG5iLm5vLnYxRE5CQU5PS0s=","bankDisplayName":"DNB","supportedServices":["accounts","domestic-transfer"],"bic":"DNBANOKK","bankOfficialName":"DNB ASA","status":"AVAILABLE"},{"countryCode":"FI","bankingGroupName":"OP Financial Group","personalIdentificationRequired":false,"id":"T1AuRkkudjFPS09ZRklISA==","bankDisplayName":"OP","supportedServices":["accounts","sepa-credit"],"bic":"OKOYFIHH","bankOfficialName":"OP Andelslag","status":"UNAVAILABLE"},{"countryCode":"NO","bankingGroupName":"Sbanken","personalIdentificationRequired":false,"id":"U2Jhbmtlbi52MVNCQUtOT0JC","bankDisplayName":"Sbanken","supportedServices":["sepa-credit","domestic-transfer","accounts"],"bic":"SBAKNOBB","bankOfficialName":"Sbanken ASA","status":"AVAILABLE"},{"countryCode":"NO","bankingGroupName":"","personalIdentificationRequired":false,"id":"aGl6b250aWJhbmsudjFISVpPTk9LSw==","bankDisplayName":"Hizonti Bank","supportedServices":["accounts","sepa-credit"],"bic":"HIZONOKK","bankOfficialName":"","status":"AVAILABLE"},{"countryCode":"NO","bankingGroupName":"","personalIdentificationRequired":false,"id":"anVzdG9iYW5rLnYxSlVTVE5PS0s=","bankDisplayName":"Justo Bank","supportedServices":["accounts","sepa-credit"],"bic":"JUSTNOKK","bankOfficialName":"","status":"AVAILABLE"},{"countryCode":"SE","bankingGroupName":"SEB Group","personalIdentificationRequired":false,"id":"c2ViLnN3ZWRlbi52MUVTU0VTRVNT","bankDisplayName":"SEB","supportedServices":["accounts","sepa-credit","domestic-transfer","domestic-scheduled-transfer"],"bic":"ESSESESS","bankOfficialName":"Skandinaviska Enskilda Banken AB","status":"AVAILABLE"},{"countryCode":"FI","bankingGroupName":"S-Bank Ltd","personalIdentificationRequired":false,"id":"c3BhbmtraS52MVNCQU5GSUhI","bankDisplayName":"S-Pankki","supportedServices":["accounts","sepa-credit"],"bic":"SBANFIHH","bankOfficialName":"S-Banken Ab","status":"AVAILABLE"},{"countryCode":"NO","bankingGroupName":"Storebrand Group","personalIdentificationRequired":false,"id":"c3RvcmVicmFuZC52MVNURkJOT0tL","bankDisplayName":"Storebrand","supportedServices":["accounts","domestic-transfer"],"bic":"STFBNOKK","bankOfficialName":"Storebrand Bank ASA","status":"AVAILABLE"}]]
2021-03-19 11:16:38.041 [main] INFO  com.neonomics.corelibraries.Banks                 : Found bank [BankData [countryCode=NO, bankingGroupName=, personalIdentificationRequired=false, id=aGl6b250aWJhbmsudjFISVpPTk9LSw==, bankDisplayName=Hizonti Bank, supportedServices=[accounts, sepa-credit], bic=HIZONOKK, bankOfficialName=, status=AVAILABLE]] from all bank collection
2021-03-19 11:16:38.041 [main] INFO  com.neonomics.corelibraries.Banks                 : Found bank ID as [aGl6b250aWJhbmsudjFISVpPTk9LSw==]for bank [Hizonti Bank]
2021-03-19 11:16:38.041 [main] INFO  stepDefinition.StepDefinitions_Functional_Test    : Received Bank ID [aGl6b250aWJhbmsudjFISVpPTk9LSw==] for bank [Hizonti Bank] with provided device ID [example_id_for_quickstart].
2021-03-19 11:16:38.042 [main] INFO  stepDefinition.StepDefinitions_Functional_Test    : Creating session ID for bank [Hizonti Bank] when Device ID [example_id_for_quickstart] with token [eyJhbGciOiJSUzI1NiIsInR5cCIgOiAiSldUIiwia2lkIiA6ICJ2MmFQNDdIQXVTUi1qWmR5U3otNDVDV2RaOFhiWGFBMXNDbWhLbWtJLXRvIn0.eyJleHAiOjE2MTYyMTkxOTcsImlhdCI6MTYxNjEzMjc5NywianRpIjoiN2Y0NTc4NjEtZjNiNi00YjEwLTgxYzctZWVjZDlkZTk3ODEwIiwiaXNzIjoiaHR0cHM6Ly9zYW5kYm94Lm5lb25vbWljcy5pby9hdXRoL3JlYWxtcy9zYW5kYm94Iiwic3ViIjoiMjE4MDlmM2EtOWJhOS00MDMxLTllM2QtOTdiNTY3Nzc5OWY5IiwidHlwIjoiQmVhcmVyIiwiYXpwIjoiM2QzNWY2MDYtY2Q1Ny00NzRmLTg2NzYtYjc4ZGZiZWFjMzQ1Iiwic2Vzc2lvbl9zdGF0ZSI6ImFiOGQ5NDgyLTk0ZGEtNDcxYS1hYTc4LTljOTZkNDRjZTQ2YyIsImFjciI6IjEiLCJzY29wZSI6ImJhbnFicmlkZ2VfY2xpZW50Iiwib3JnYW5pemF0aW9uSWQiOiI0MjRhNTc5My01NDQ4LTQ0NjMtODI2YS05NzdhOTc2MTY4NDIiLCJjbGllbnRJZCI6IjNkMzVmNjA2LWNkNTctNDc0Zi04Njc2LWI3OGRmYmVhYzM0NSIsImNsaWVudEhvc3QiOiIxMDMuMjAwLjEwNi4xNzEiLCJja2lkIjoiYmY2NGIzNTktOWFhZC00MjcxLWJjNjItNTFjNDI2NGQyZmQ3IiwiY2xpZW50QWRkcmVzcyI6IjEwMy4yMDAuMTA2LjE3MSJ9.fiXxLSQr9WG3Hpb8OtAhGdvaCOU7TjkpXbslvW53-MR6_KhBIEJiO0hMVe9_Ig7RjFy-7_DLI2aO_wUOS_i0Jg3s0Yecw7tzIGNtqQadtGg-nJG1ngZP34Kmk0zIusO0yPn-vq_8khqiQZ61QbZijO9r5w_haRASXFtzkaiboTz9Zk1Rs5IzEXsAXcn_bTRHk_wAHz3aHrdZO6rczBd-E3lr-CNKWPg6iL2LunqPfWvrw_W9bbphWJR_SdYOj-Kex4o8szVRjrzyrPMWRwKKWdr57jr0o_rZD559MHg9xqvieUpEC2AImJOoNwh1Nw0a6QABIpHbavK7AvCmRVwi4w]
2021-03-19 11:16:38.214 [main] INFO  com.neonomics.corelibraries.Session               : Headers :: [Content-Type=application/json;charset=UTF-8
X-CORRELATION-ID=55ed42df-ac01-47d3-be51-179db7cf0a3f
X-Content-Type-Options=nosniff
X-XSS-Protection=1; mode=block
Content-Length=52
Expires=Fri, 19 Mar 2021 05:46:38 GMT
Cache-Control=max-age=0, no-cache, no-store
Pragma=no-cache
Date=Fri, 19 Mar 2021 05:46:38 GMT
Connection=keep-alive
Server-Timing=cdn-cache; desc=MISS
Server-Timing=edge; dur=112
Server-Timing=origin; dur=21
Strict-Transport-Security=max-age=86400 ; includeSubDomains ; preload]
2021-03-19 11:16:38.215 [main] INFO  com.neonomics.corelibraries.Session               : Cookies :: [{}]
2021-03-19 11:16:38.215 [main] INFO  com.neonomics.corelibraries.Session               : Status Code :: [201]
2021-03-19 11:16:38.215 [main] INFO  com.neonomics.corelibraries.Session               : Status Line :: [HTTP/1.1 201 Created]
2021-03-19 11:16:38.215 [main] INFO  com.neonomics.corelibraries.Session               : Session ID :: [null]
2021-03-19 11:16:38.215 [main] INFO  com.neonomics.corelibraries.Session               : Response Time :: [166] milliseconds
2021-03-19 11:16:38.215 [main] INFO  com.neonomics.corelibraries.Session               : Response ::{"sessionId":"de5e24eb-4773-4b7f-b1af-10d09f298fd3"}
2021-03-19 11:16:38.223 [main] INFO  stepDefinition.StepDefinitions_Functional_Test    : Recieved session ID as [de5e24eb-4773-4b7f-b1af-10d09f298fd3]
2021-03-19 11:16:38.223 [main] INFO  stepDefinition.StepDefinitions_Functional_Test    : Getting details for [Hizonti Bank] bank
2021-03-19 11:16:38.409 [main] INFO  com.neonomics.corelibraries.Session               : Headers :: [Content-Type=application/json;charset=UTF-8
X-CORRELATION-ID=d3a23d6d-dc35-4900-93ea-7d0170f41391
X-Content-Type-Options=nosniff
X-XSS-Protection=1; mode=block
Content-Length=144
Expires=Fri, 19 Mar 2021 05:46:38 GMT
Cache-Control=max-age=0, no-cache, no-store
Pragma=no-cache
Date=Fri, 19 Mar 2021 05:46:38 GMT
Connection=keep-alive
Server-Timing=cdn-cache; desc=MISS
Server-Timing=edge; dur=110
Server-Timing=origin; dur=22
Strict-Transport-Security=max-age=86400 ; includeSubDomains ; preload]
2021-03-19 11:16:38.409 [main] INFO  com.neonomics.corelibraries.Session               : Cookies :: [{}]
2021-03-19 11:16:38.409 [main] INFO  com.neonomics.corelibraries.Session               : Status Code :: [200]
2021-03-19 11:16:38.409 [main] INFO  com.neonomics.corelibraries.Session               : Status Line :: [HTTP/1.1 200 OK]
2021-03-19 11:16:38.409 [main] INFO  com.neonomics.corelibraries.Session               : Response Time :: [178] milliseconds
2021-03-19 11:16:38.410 [main] INFO  com.neonomics.corelibraries.Session               : Response ::{"providerId":"hizontibank.v1","bankId":"aGl6b250aWJhbmsudjFISVpPTk9LSw==","bankName":"Hizonti Bank","createdAt":"Fri Mar 19 05:46:38 UTC 2021"}
2021-03-19 11:16:38.423 [main] INFO  stepDefinition.StepDefinitions_Functional_Test    : Got bank details to validate current session [{bankId=aGl6b250aWJhbmsudjFISVpPTk9LSw==, bankName=Hizonti Bank}]
2021-03-19 11:16:38.424 [main] INFO  stepDefinition.StepDefinitions_Functional_Test    : Getting [Justo Bank] bank details to seek consent, where user [Accept] consent provided Device ID [example_id_for_quickstart] and redirect URL []
2021-03-19 11:16:38.424 [main] INFO  com.neonomics.corelibraries.Banks                 : Getting information about bank [Justo Bank]
2021-03-19 11:16:38.612 [main] INFO  com.neonomics.corelibraries.Banks                 : Headers :: [Content-Type=application/json;charset=UTF-8
X-CORRELATION-ID=d07b617b-2329-43fa-8891-a907a01630f2
X-Content-Type-Options=nosniff
X-XSS-Protection=1; mode=block
Vary=Accept-Encoding
Content-Encoding=gzip
Expires=Fri, 19 Mar 2021 05:46:38 GMT
Cache-Control=max-age=0, no-cache, no-store
Pragma=no-cache
Date=Fri, 19 Mar 2021 05:46:38 GMT
Content-Length=625
Connection=keep-alive
Server-Timing=cdn-cache; desc=MISS
Server-Timing=edge; dur=109
Server-Timing=origin; dur=31
Strict-Transport-Security=max-age=86400 ; includeSubDomains ; preload]
2021-03-19 11:16:38.612 [main] INFO  com.neonomics.corelibraries.Banks                 : Cookies :: [{}]
2021-03-19 11:16:38.612 [main] INFO  com.neonomics.corelibraries.Banks                 : Status Code :: [200]
2021-03-19 11:16:38.612 [main] INFO  com.neonomics.corelibraries.Banks                 : Status Line :: [HTTP/1.1 200 OK]
2021-03-19 11:16:38.612 [main] INFO  com.neonomics.corelibraries.Banks                 : Session ID :: [null]
2021-03-19 11:16:38.612 [main] INFO  com.neonomics.corelibraries.Banks                 : Response Time :: [178] milliseconds
2021-03-19 11:16:38.612 [main] INFO  com.neonomics.corelibraries.Banks                 : Response :: [[{"countryCode":"NO","bankingGroupName":"DNB Group","personalIdentificationRequired":true,"id":"RG5iLm5vLnYxRE5CQU5PS0s=","bankDisplayName":"DNB","supportedServices":["accounts","domestic-transfer"],"bic":"DNBANOKK","bankOfficialName":"DNB ASA","status":"AVAILABLE"},{"countryCode":"FI","bankingGroupName":"OP Financial Group","personalIdentificationRequired":false,"id":"T1AuRkkudjFPS09ZRklISA==","bankDisplayName":"OP","supportedServices":["accounts","sepa-credit"],"bic":"OKOYFIHH","bankOfficialName":"OP Andelslag","status":"UNAVAILABLE"},{"countryCode":"NO","bankingGroupName":"Sbanken","personalIdentificationRequired":false,"id":"U2Jhbmtlbi52MVNCQUtOT0JC","bankDisplayName":"Sbanken","supportedServices":["sepa-credit","domestic-transfer","accounts"],"bic":"SBAKNOBB","bankOfficialName":"Sbanken ASA","status":"AVAILABLE"},{"countryCode":"NO","bankingGroupName":"","personalIdentificationRequired":false,"id":"aGl6b250aWJhbmsudjFISVpPTk9LSw==","bankDisplayName":"Hizonti Bank","supportedServices":["accounts","sepa-credit"],"bic":"HIZONOKK","bankOfficialName":"","status":"AVAILABLE"},{"countryCode":"NO","bankingGroupName":"","personalIdentificationRequired":false,"id":"anVzdG9iYW5rLnYxSlVTVE5PS0s=","bankDisplayName":"Justo Bank","supportedServices":["accounts","sepa-credit"],"bic":"JUSTNOKK","bankOfficialName":"","status":"AVAILABLE"},{"countryCode":"SE","bankingGroupName":"SEB Group","personalIdentificationRequired":false,"id":"c2ViLnN3ZWRlbi52MUVTU0VTRVNT","bankDisplayName":"SEB","supportedServices":["accounts","sepa-credit","domestic-transfer","domestic-scheduled-transfer"],"bic":"ESSESESS","bankOfficialName":"Skandinaviska Enskilda Banken AB","status":"AVAILABLE"},{"countryCode":"FI","bankingGroupName":"S-Bank Ltd","personalIdentificationRequired":false,"id":"c3BhbmtraS52MVNCQU5GSUhI","bankDisplayName":"S-Pankki","supportedServices":["accounts","sepa-credit"],"bic":"SBANFIHH","bankOfficialName":"S-Banken Ab","status":"AVAILABLE"},{"countryCode":"NO","bankingGroupName":"Storebrand Group","personalIdentificationRequired":false,"id":"c3RvcmVicmFuZC52MVNURkJOT0tL","bankDisplayName":"Storebrand","supportedServices":["accounts","domestic-transfer"],"bic":"STFBNOKK","bankOfficialName":"Storebrand Bank ASA","status":"AVAILABLE"}]]
2021-03-19 11:16:38.613 [main] INFO  com.neonomics.corelibraries.Banks                 : Found bank [BankData [countryCode=NO, bankingGroupName=, personalIdentificationRequired=false, id=anVzdG9iYW5rLnYxSlVTVE5PS0s=, bankDisplayName=Justo Bank, supportedServices=[accounts, sepa-credit], bic=JUSTNOKK, bankOfficialName=, status=AVAILABLE]] from all bank collection
2021-03-19 11:16:38.614 [main] INFO  stepDefinition.StepDefinitions_Functional_Test    : Received bank details for bank [Justo Bank] as [BankData [countryCode=NO, bankingGroupName=, personalIdentificationRequired=false, id=anVzdG9iYW5rLnYxSlVTVE5PS0s=, bankDisplayName=Justo Bank, supportedServices=[accounts, sepa-credit], bic=JUSTNOKK, bankOfficialName=, status=AVAILABLE]]
2021-03-19 11:16:38.614 [main] INFO  stepDefinition.StepDefinitions_Functional_Test    : Checking whether PSU ID is required for bank [Justo Bank]
2021-03-19 11:16:38.614 [main] INFO  stepDefinition.StepDefinitions_Functional_Test    : Handling bank consent
2021-03-19 11:16:38.784 [main] INFO  com.neonomics.corelibraries.Accounts              : Headers :: [Content-Type=application/json;charset=UTF-8
Content-Length=525
X-CORRELATION-ID=428e7340-0556-481e-b7ac-2df4ee9adc33
Expires=Fri, 19 Mar 2021 05:46:38 GMT
Cache-Control=max-age=0, no-cache, no-store
Pragma=no-cache
Date=Fri, 19 Mar 2021 05:46:38 GMT
Connection=keep-alive
Server-Timing=cdn-cache; desc=MISS
Server-Timing=edge; dur=110
Server-Timing=origin; dur=24
Strict-Transport-Security=max-age=86400 ; includeSubDomains ; preload]
2021-03-19 11:16:38.785 [main] INFO  com.neonomics.corelibraries.Accounts              : Cookies :: [{}]
2021-03-19 11:16:38.785 [main] INFO  com.neonomics.corelibraries.Accounts              : Status Code :: [510]
2021-03-19 11:16:38.785 [main] INFO  com.neonomics.corelibraries.Accounts              : Status Line :: [HTTP/1.1 510 Unknown]
2021-03-19 11:16:38.785 [main] INFO  com.neonomics.corelibraries.Accounts              : Session ID :: [null]
2021-03-19 11:16:38.785 [main] INFO  com.neonomics.corelibraries.Accounts              : Response Time :: [169] milliseconds
2021-03-19 11:16:38.785 [main] INFO  com.neonomics.corelibraries.Accounts              : Response :: [{"id":"428e7340-0556-481e-b7ac-2df4ee9adc33","errorCode":"1426","message":"This resource needs to initialise consent. Please use the URL provided to continue. The consent Url will provide the bank authentication url. You can consume this resource after authenticating.","source":"C","type":"CONSENT","timestamp":1616132798722,"links":[{"type":"GET","rel":"consent","href":"https://sandbox.neonomics.io/ics/v3/consent/910d95b3-505f-4614-9c3d-e38e66172164?scope=accounts","meta":{"id":"910d95b3-505f-4614-9c3d-e38e66172164"}}]}]
2021-03-19 11:16:38.799 [main] INFO  com.neonomics.corelibraries.Accounts              : Response to check whether consent is needed = [{"id":"428e7340-0556-481e-b7ac-2df4ee9adc33","errorCode":"1426","message":"This resource needs to initialise consent. Please use the URL provided to continue. The consent Url will provide the bank authentication url. You can consume this resource after authenticating.","source":"C","type":"CONSENT","timestamp":1616132798722,"links":[{"type":"GET","rel":"consent","href":"https://sandbox.neonomics.io/ics/v3/consent/910d95b3-505f-4614-9c3d-e38e66172164?scope=accounts","meta":{"id":"910d95b3-505f-4614-9c3d-e38e66172164"}}]}]
2021-03-19 11:16:38.799 [main] INFO  com.neonomics.corelibraries.Accounts              : Bank consent is needed, therefore invoking consent handling mechanism using Web URL
2021-03-19 11:16:38.993 [main] INFO  com.neonomics.corelibraries.Accounts              : Headers :: [Content-Type=application/json;charset=UTF-8
Content-Length=405
X-CORRELATION-ID=960a7973-901a-44d0-b445-4ee41925fca4
X-Content-Type-Options=nosniff
X-XSS-Protection=1; mode=block
Expires=Fri, 19 Mar 2021 05:46:38 GMT
Cache-Control=max-age=0, no-cache, no-store
Pragma=no-cache
Date=Fri, 19 Mar 2021 05:46:38 GMT
Connection=keep-alive
Server-Timing=cdn-cache; desc=MISS
Server-Timing=edge; dur=110
Server-Timing=origin; dur=29
Strict-Transport-Security=max-age=86400 ; includeSubDomains ; preload]
2021-03-19 11:16:38.993 [main] INFO  com.neonomics.corelibraries.Accounts              : Cookies :: [{}]
2021-03-19 11:16:38.994 [main] INFO  com.neonomics.corelibraries.Accounts              : Status Code :: [200]
2021-03-19 11:16:38.994 [main] INFO  com.neonomics.corelibraries.Accounts              : Status Line :: [HTTP/1.1 200 OK]
2021-03-19 11:16:38.994 [main] INFO  com.neonomics.corelibraries.Accounts              : Session ID :: [null]
2021-03-19 11:16:38.994 [main] INFO  com.neonomics.corelibraries.Accounts              : Response Time :: [177] milliseconds
2021-03-19 11:16:38.994 [main] INFO  com.neonomics.corelibraries.Accounts              : Response :: [{"message":"Please consent with the bank authentication URL provided to continue.","links":[{"type":"GET","rel":"consent","href":"https://sandbox.neonomics.io/auth/realms/justo/protocol/openid-connect/auth?response_type=code&redirect_uri=https%3A%2F%2Fsandbox.neonomics.io%2Fcallback&client_id=bankbridge-auth-code&state=eyJzIjoiYWNjb3VudHMiLCJpZCI6IjkxMGQ5NWIzLTUwNWYtNDYxNC05YzNkLWUzOGU2NjE3MjE2NCJ9"}]}]
2021-03-19 11:16:39.001 [main] INFO  com.neonomics.corelibraries.Accounts              : Found consent web URL [https://sandbox.neonomics.io/auth/realms/justo/protocol/openid-connect/auth?response_type=code&redirect_uri=https%3A%2F%2Fsandbox.neonomics.io%2Fcallback&client_id=bankbridge-auth-code&state=eyJzIjoiYWNjb3VudHMiLCJpZCI6IjkxMGQ5NWIzLTUwNWYtNDYxNC05YzNkLWUzOGU2NjE3MjE2NCJ9]
2021-03-19 11:16:39.008 [main] INFO  com.neonomics.corelibraries.Accounts              : Consent Web URL [https://sandbox.neonomics.io/auth/realms/justo/protocol/openid-connect/auth?response_type=code&redirect_uri=https%3A%2F%2Fsandbox.neonomics.io%2Fcallback&client_id=bankbridge-auth-code&state=eyJzIjoiYWNjb3VudHMiLCJpZCI6IjkxMGQ5NWIzLTUwNWYtNDYxNC05YzNkLWUzOGU2NjE3MjE2NCJ9] and user action [Accept]
2021-03-19 11:16:39.008 [main] INFO  com.neonomics.corelibraries.HandleConsentUI       : Getting consent via Web page
2021-03-19 11:16:39.008 [main] INFO  com.neonomics.corelibraries.HandleConsentUI       : Creating selenium webdriver instance
2021-03-19 11:16:40.132 [main] INFO  com.neonomics.corelibraries.HandleConsentUI       : Opening link in browser::[https://sandbox.neonomics.io/auth/realms/justo/protocol/openid-connect/auth?response_type=code&redirect_uri=https%3A%2F%2Fsandbox.neonomics.io%2Fcallback&client_id=bankbridge-auth-code&state=eyJzIjoiYWNjb3VudHMiLCJpZCI6IjkxMGQ5NWIzLTUwNWYtNDYxNC05YzNkLWUzOGU2NjE3MjE2NCJ9]
2021-03-19 11:16:41.396 [main] INFO  com.neonomics.corelibraries.HandleConsentUI       : Entering username in consent page as [aakashdahake@gmail.com]
2021-03-19 11:16:41.441 [main] INFO  com.neonomics.corelibraries.HandleConsentUI       : Entering password in consent page as [Neonomics#1]
2021-03-19 11:16:41.497 [main] INFO  com.neonomics.corelibraries.HandleConsentUI       : Clicking submit button on Web page
2021-03-19 11:16:42.043 [main] INFO  com.neonomics.corelibraries.HandleConsentUI       : Confirming that user have consent
2021-03-19 11:16:42.064 [main] INFO  com.neonomics.corelibraries.HandleConsentUI       : Closing browser
2021-03-19 11:16:42.699 [main] INFO  stepDefinition.StepDefinitions_Functional_Test    : Getting [Hizonti Bank] bank details to seek consent, where user [Accept] consent provided Device ID [example_id_for_quickstart] and redirect URL []
2021-03-19 11:16:42.699 [main] INFO  com.neonomics.corelibraries.Banks                 : Getting information about bank [Hizonti Bank]
2021-03-19 11:16:42.898 [main] INFO  com.neonomics.corelibraries.Banks                 : Headers :: [Content-Type=application/json;charset=UTF-8
X-CORRELATION-ID=db1ca0ff-0ece-4259-90a3-088797b07bf3
X-Content-Type-Options=nosniff
X-XSS-Protection=1; mode=block
Vary=Accept-Encoding
Content-Encoding=gzip
Expires=Fri, 19 Mar 2021 05:46:42 GMT
Cache-Control=max-age=0, no-cache, no-store
Pragma=no-cache
Date=Fri, 19 Mar 2021 05:46:42 GMT
Content-Length=625
Connection=keep-alive
Server-Timing=cdn-cache; desc=MISS
Server-Timing=edge; dur=110
Server-Timing=origin; dur=36
Strict-Transport-Security=max-age=86400 ; includeSubDomains ; preload]
2021-03-19 11:16:42.899 [main] INFO  com.neonomics.corelibraries.Banks                 : Cookies :: [{}]
2021-03-19 11:16:42.899 [main] INFO  com.neonomics.corelibraries.Banks                 : Status Code :: [200]
2021-03-19 11:16:42.899 [main] INFO  com.neonomics.corelibraries.Banks                 : Status Line :: [HTTP/1.1 200 OK]
2021-03-19 11:16:42.899 [main] INFO  com.neonomics.corelibraries.Banks                 : Session ID :: [null]
2021-03-19 11:16:42.899 [main] INFO  com.neonomics.corelibraries.Banks                 : Response Time :: [190] milliseconds
2021-03-19 11:16:42.899 [main] INFO  com.neonomics.corelibraries.Banks                 : Response :: [[{"countryCode":"NO","bankingGroupName":"DNB Group","personalIdentificationRequired":true,"id":"RG5iLm5vLnYxRE5CQU5PS0s=","bankDisplayName":"DNB","supportedServices":["accounts","domestic-transfer"],"bic":"DNBANOKK","bankOfficialName":"DNB ASA","status":"AVAILABLE"},{"countryCode":"FI","bankingGroupName":"OP Financial Group","personalIdentificationRequired":false,"id":"T1AuRkkudjFPS09ZRklISA==","bankDisplayName":"OP","supportedServices":["accounts","sepa-credit"],"bic":"OKOYFIHH","bankOfficialName":"OP Andelslag","status":"UNAVAILABLE"},{"countryCode":"NO","bankingGroupName":"Sbanken","personalIdentificationRequired":false,"id":"U2Jhbmtlbi52MVNCQUtOT0JC","bankDisplayName":"Sbanken","supportedServices":["sepa-credit","domestic-transfer","accounts"],"bic":"SBAKNOBB","bankOfficialName":"Sbanken ASA","status":"AVAILABLE"},{"countryCode":"NO","bankingGroupName":"","personalIdentificationRequired":false,"id":"aGl6b250aWJhbmsudjFISVpPTk9LSw==","bankDisplayName":"Hizonti Bank","supportedServices":["accounts","sepa-credit"],"bic":"HIZONOKK","bankOfficialName":"","status":"AVAILABLE"},{"countryCode":"NO","bankingGroupName":"","personalIdentificationRequired":false,"id":"anVzdG9iYW5rLnYxSlVTVE5PS0s=","bankDisplayName":"Justo Bank","supportedServices":["accounts","sepa-credit"],"bic":"JUSTNOKK","bankOfficialName":"","status":"AVAILABLE"},{"countryCode":"SE","bankingGroupName":"SEB Group","personalIdentificationRequired":false,"id":"c2ViLnN3ZWRlbi52MUVTU0VTRVNT","bankDisplayName":"SEB","supportedServices":["accounts","sepa-credit","domestic-transfer","domestic-scheduled-transfer"],"bic":"ESSESESS","bankOfficialName":"Skandinaviska Enskilda Banken AB","status":"AVAILABLE"},{"countryCode":"FI","bankingGroupName":"S-Bank Ltd","personalIdentificationRequired":false,"id":"c3BhbmtraS52MVNCQU5GSUhI","bankDisplayName":"S-Pankki","supportedServices":["accounts","sepa-credit"],"bic":"SBANFIHH","bankOfficialName":"S-Banken Ab","status":"AVAILABLE"},{"countryCode":"NO","bankingGroupName":"Storebrand Group","personalIdentificationRequired":false,"id":"c3RvcmVicmFuZC52MVNURkJOT0tL","bankDisplayName":"Storebrand","supportedServices":["accounts","domestic-transfer"],"bic":"STFBNOKK","bankOfficialName":"Storebrand Bank ASA","status":"AVAILABLE"}]]
2021-03-19 11:16:42.900 [main] INFO  com.neonomics.corelibraries.Banks                 : Found bank [BankData [countryCode=NO, bankingGroupName=, personalIdentificationRequired=false, id=aGl6b250aWJhbmsudjFISVpPTk9LSw==, bankDisplayName=Hizonti Bank, supportedServices=[accounts, sepa-credit], bic=HIZONOKK, bankOfficialName=, status=AVAILABLE]] from all bank collection
2021-03-19 11:16:42.900 [main] INFO  stepDefinition.StepDefinitions_Functional_Test    : Received bank details for bank [Hizonti Bank] as [BankData [countryCode=NO, bankingGroupName=, personalIdentificationRequired=false, id=aGl6b250aWJhbmsudjFISVpPTk9LSw==, bankDisplayName=Hizonti Bank, supportedServices=[accounts, sepa-credit], bic=HIZONOKK, bankOfficialName=, status=AVAILABLE]]
2021-03-19 11:16:42.900 [main] INFO  stepDefinition.StepDefinitions_Functional_Test    : Checking whether PSU ID is required for bank [Hizonti Bank]
2021-03-19 11:16:42.900 [main] INFO  stepDefinition.StepDefinitions_Functional_Test    : Handling bank consent
2021-03-19 11:16:43.071 [main] INFO  com.neonomics.corelibraries.Accounts              : Headers :: [Content-Type=application/json;charset=UTF-8
Content-Length=525
X-CORRELATION-ID=ace02b10-e2a4-41b8-9e91-9db826c7f7b9
Expires=Fri, 19 Mar 2021 05:46:43 GMT
Cache-Control=max-age=0, no-cache, no-store
Pragma=no-cache
Date=Fri, 19 Mar 2021 05:46:43 GMT
Connection=keep-alive
Server-Timing=cdn-cache; desc=MISS
Server-Timing=edge; dur=110
Server-Timing=origin; dur=22
Strict-Transport-Security=max-age=86400 ; includeSubDomains ; preload]
2021-03-19 11:16:43.072 [main] INFO  com.neonomics.corelibraries.Accounts              : Cookies :: [{}]
2021-03-19 11:16:43.072 [main] INFO  com.neonomics.corelibraries.Accounts              : Status Code :: [510]
2021-03-19 11:16:43.072 [main] INFO  com.neonomics.corelibraries.Accounts              : Status Line :: [HTTP/1.1 510 Unknown]
2021-03-19 11:16:43.072 [main] INFO  com.neonomics.corelibraries.Accounts              : Session ID :: [null]
2021-03-19 11:16:43.072 [main] INFO  com.neonomics.corelibraries.Accounts              : Response Time :: [170] milliseconds
2021-03-19 11:16:43.072 [main] INFO  com.neonomics.corelibraries.Accounts              : Response :: [{"id":"ace02b10-e2a4-41b8-9e91-9db826c7f7b9","errorCode":"1426","message":"This resource needs to initialise consent. Please use the URL provided to continue. The consent Url will provide the bank authentication url. You can consume this resource after authenticating.","source":"C","type":"CONSENT","timestamp":1616132803014,"links":[{"type":"GET","rel":"consent","href":"https://sandbox.neonomics.io/ics/v3/consent/de5e24eb-4773-4b7f-b1af-10d09f298fd3?scope=accounts","meta":{"id":"de5e24eb-4773-4b7f-b1af-10d09f298fd3"}}]}]
2021-03-19 11:16:43.087 [main] INFO  com.neonomics.corelibraries.Accounts              : Response to check whether consent is needed = [{"id":"ace02b10-e2a4-41b8-9e91-9db826c7f7b9","errorCode":"1426","message":"This resource needs to initialise consent. Please use the URL provided to continue. The consent Url will provide the bank authentication url. You can consume this resource after authenticating.","source":"C","type":"CONSENT","timestamp":1616132803014,"links":[{"type":"GET","rel":"consent","href":"https://sandbox.neonomics.io/ics/v3/consent/de5e24eb-4773-4b7f-b1af-10d09f298fd3?scope=accounts","meta":{"id":"de5e24eb-4773-4b7f-b1af-10d09f298fd3"}}]}]
2021-03-19 11:16:43.087 [main] INFO  com.neonomics.corelibraries.Accounts              : Bank consent is needed, therefore invoking consent handling mechanism using Web URL
2021-03-19 11:16:43.274 [main] INFO  com.neonomics.corelibraries.Accounts              : Headers :: [Content-Type=application/json;charset=UTF-8
Content-Length=407
X-CORRELATION-ID=a4ea520a-53ba-4907-a2b8-d7481ecc031e
X-Content-Type-Options=nosniff
X-XSS-Protection=1; mode=block
Expires=Fri, 19 Mar 2021 05:46:43 GMT
Cache-Control=max-age=0, no-cache, no-store
Pragma=no-cache
Date=Fri, 19 Mar 2021 05:46:43 GMT
Connection=keep-alive
Server-Timing=cdn-cache; desc=MISS
Server-Timing=edge; dur=109
Server-Timing=origin; dur=27
Strict-Transport-Security=max-age=86400 ; includeSubDomains ; preload]
2021-03-19 11:16:43.274 [main] INFO  com.neonomics.corelibraries.Accounts              : Cookies :: [{}]
2021-03-19 11:16:43.274 [main] INFO  com.neonomics.corelibraries.Accounts              : Status Code :: [200]
2021-03-19 11:16:43.274 [main] INFO  com.neonomics.corelibraries.Accounts              : Status Line :: [HTTP/1.1 200 OK]
2021-03-19 11:16:43.274 [main] INFO  com.neonomics.corelibraries.Accounts              : Session ID :: [null]
2021-03-19 11:16:43.274 [main] INFO  com.neonomics.corelibraries.Accounts              : Response Time :: [169] milliseconds
2021-03-19 11:16:43.274 [main] INFO  com.neonomics.corelibraries.Accounts              : Response :: [{"message":"Please consent with the bank authentication URL provided to continue.","links":[{"type":"GET","rel":"consent","href":"https://sandbox.neonomics.io/auth/realms/hizonti/protocol/openid-connect/auth?response_type=code&redirect_uri=https%3A%2F%2Fsandbox.neonomics.io%2Fcallback&client_id=bankbridge-auth-code&state=eyJzIjoiYWNjb3VudHMiLCJpZCI6ImRlNWUyNGViLTQ3NzMtNGI3Zi1iMWFmLTEwZDA5ZjI5OGZkMyJ9"}]}]
2021-03-19 11:16:43.281 [main] INFO  com.neonomics.corelibraries.Accounts              : Found consent web URL [https://sandbox.neonomics.io/auth/realms/hizonti/protocol/openid-connect/auth?response_type=code&redirect_uri=https%3A%2F%2Fsandbox.neonomics.io%2Fcallback&client_id=bankbridge-auth-code&state=eyJzIjoiYWNjb3VudHMiLCJpZCI6ImRlNWUyNGViLTQ3NzMtNGI3Zi1iMWFmLTEwZDA5ZjI5OGZkMyJ9]
2021-03-19 11:16:43.288 [main] INFO  com.neonomics.corelibraries.Accounts              : Consent Web URL [https://sandbox.neonomics.io/auth/realms/hizonti/protocol/openid-connect/auth?response_type=code&redirect_uri=https%3A%2F%2Fsandbox.neonomics.io%2Fcallback&client_id=bankbridge-auth-code&state=eyJzIjoiYWNjb3VudHMiLCJpZCI6ImRlNWUyNGViLTQ3NzMtNGI3Zi1iMWFmLTEwZDA5ZjI5OGZkMyJ9] and user action [Accept]
2021-03-19 11:16:43.288 [main] INFO  com.neonomics.corelibraries.HandleConsentUI       : Getting consent via Web page
2021-03-19 11:16:43.288 [main] INFO  com.neonomics.corelibraries.HandleConsentUI       : Creating selenium webdriver instance
2021-03-19 11:16:44.438 [main] INFO  com.neonomics.corelibraries.HandleConsentUI       : Opening link in browser::[https://sandbox.neonomics.io/auth/realms/hizonti/protocol/openid-connect/auth?response_type=code&redirect_uri=https%3A%2F%2Fsandbox.neonomics.io%2Fcallback&client_id=bankbridge-auth-code&state=eyJzIjoiYWNjb3VudHMiLCJpZCI6ImRlNWUyNGViLTQ3NzMtNGI3Zi1iMWFmLTEwZDA5ZjI5OGZkMyJ9]
2021-03-19 11:16:45.682 [main] INFO  com.neonomics.corelibraries.HandleConsentUI       : Entering username in consent page as [aakashdahake@gmail.com]
2021-03-19 11:16:45.725 [main] INFO  com.neonomics.corelibraries.HandleConsentUI       : Entering password in consent page as [Neonomics#1]
2021-03-19 11:16:45.778 [main] INFO  com.neonomics.corelibraries.HandleConsentUI       : Clicking submit button on Web page
2021-03-19 11:16:46.315 [main] INFO  com.neonomics.corelibraries.HandleConsentUI       : Confirming that user have consent
2021-03-19 11:16:46.334 [main] INFO  com.neonomics.corelibraries.HandleConsentUI       : Closing browser
2021-03-19 11:16:46.975 [main] INFO  com.neonomics.corelibraries.Banks                 : Verifying that bank [Justo Bank] supports [sepa-credit] payment type
2021-03-19 11:16:46.975 [main] INFO  com.neonomics.corelibraries.Banks                 : Getting information about bank [Justo Bank]
2021-03-19 11:16:47.166 [main] INFO  com.neonomics.corelibraries.Banks                 : Headers :: [Content-Type=application/json;charset=UTF-8
X-CORRELATION-ID=9f447059-d3d6-4d91-ba01-f60dd1493d60
X-Content-Type-Options=nosniff
X-XSS-Protection=1; mode=block
Vary=Accept-Encoding
Content-Encoding=gzip
Expires=Fri, 19 Mar 2021 05:46:47 GMT
Cache-Control=max-age=0, no-cache, no-store
Pragma=no-cache
Date=Fri, 19 Mar 2021 05:46:47 GMT
Content-Length=625
Connection=keep-alive
Server-Timing=cdn-cache; desc=MISS
Server-Timing=edge; dur=109
Server-Timing=origin; dur=35
Strict-Transport-Security=max-age=86400 ; includeSubDomains ; preload]
2021-03-19 11:16:47.166 [main] INFO  com.neonomics.corelibraries.Banks                 : Cookies :: [{}]
2021-03-19 11:16:47.166 [main] INFO  com.neonomics.corelibraries.Banks                 : Status Code :: [200]
2021-03-19 11:16:47.166 [main] INFO  com.neonomics.corelibraries.Banks                 : Status Line :: [HTTP/1.1 200 OK]
2021-03-19 11:16:47.166 [main] INFO  com.neonomics.corelibraries.Banks                 : Session ID :: [null]
2021-03-19 11:16:47.166 [main] INFO  com.neonomics.corelibraries.Banks                 : Response Time :: [184] milliseconds
2021-03-19 11:16:47.166 [main] INFO  com.neonomics.corelibraries.Banks                 : Response :: [[{"countryCode":"NO","bankingGroupName":"DNB Group","personalIdentificationRequired":true,"id":"RG5iLm5vLnYxRE5CQU5PS0s=","bankDisplayName":"DNB","supportedServices":["accounts","domestic-transfer"],"bic":"DNBANOKK","bankOfficialName":"DNB ASA","status":"AVAILABLE"},{"countryCode":"FI","bankingGroupName":"OP Financial Group","personalIdentificationRequired":false,"id":"T1AuRkkudjFPS09ZRklISA==","bankDisplayName":"OP","supportedServices":["accounts","sepa-credit"],"bic":"OKOYFIHH","bankOfficialName":"OP Andelslag","status":"UNAVAILABLE"},{"countryCode":"NO","bankingGroupName":"Sbanken","personalIdentificationRequired":false,"id":"U2Jhbmtlbi52MVNCQUtOT0JC","bankDisplayName":"Sbanken","supportedServices":["sepa-credit","domestic-transfer","accounts"],"bic":"SBAKNOBB","bankOfficialName":"Sbanken ASA","status":"AVAILABLE"},{"countryCode":"NO","bankingGroupName":"","personalIdentificationRequired":false,"id":"aGl6b250aWJhbmsudjFISVpPTk9LSw==","bankDisplayName":"Hizonti Bank","supportedServices":["accounts","sepa-credit"],"bic":"HIZONOKK","bankOfficialName":"","status":"AVAILABLE"},{"countryCode":"NO","bankingGroupName":"","personalIdentificationRequired":false,"id":"anVzdG9iYW5rLnYxSlVTVE5PS0s=","bankDisplayName":"Justo Bank","supportedServices":["accounts","sepa-credit"],"bic":"JUSTNOKK","bankOfficialName":"","status":"AVAILABLE"},{"countryCode":"SE","bankingGroupName":"SEB Group","personalIdentificationRequired":false,"id":"c2ViLnN3ZWRlbi52MUVTU0VTRVNT","bankDisplayName":"SEB","supportedServices":["accounts","sepa-credit","domestic-transfer","domestic-scheduled-transfer"],"bic":"ESSESESS","bankOfficialName":"Skandinaviska Enskilda Banken AB","status":"AVAILABLE"},{"countryCode":"FI","bankingGroupName":"S-Bank Ltd","personalIdentificationRequired":false,"id":"c3BhbmtraS52MVNCQU5GSUhI","bankDisplayName":"S-Pankki","supportedServices":["accounts","sepa-credit"],"bic":"SBANFIHH","bankOfficialName":"S-Banken Ab","status":"AVAILABLE"},{"countryCode":"NO","bankingGroupName":"Storebrand Group","personalIdentificationRequired":false,"id":"c3RvcmVicmFuZC52MVNURkJOT0tL","bankDisplayName":"Storebrand","supportedServices":["accounts","domestic-transfer"],"bic":"STFBNOKK","bankOfficialName":"Storebrand Bank ASA","status":"AVAILABLE"}]]
2021-03-19 11:16:47.167 [main] INFO  com.neonomics.corelibraries.Banks                 : Found bank [BankData [countryCode=NO, bankingGroupName=, personalIdentificationRequired=false, id=anVzdG9iYW5rLnYxSlVTVE5PS0s=, bankDisplayName=Justo Bank, supportedServices=[accounts, sepa-credit], bic=JUSTNOKK, bankOfficialName=, status=AVAILABLE]] from all bank collection
2021-03-19 11:16:47.168 [main] INFO  com.neonomics.corelibraries.Banks                 : Payment method [sepa-credit] is supported by bank [Justo Bank]
2021-03-19 11:16:47.168 [main] INFO  stepDefinition.StepDefinitions_Functional_Test    : Sender bank [Justo Bank] have support for payment type [sepa-credit]::[true]
2021-03-19 11:16:47.168 [main] INFO  com.neonomics.corelibraries.Banks                 : Verifying that bank [Hizonti Bank] supports [sepa-credit] payment type
2021-03-19 11:16:47.168 [main] INFO  com.neonomics.corelibraries.Banks                 : Getting information about bank [Hizonti Bank]
2021-03-19 11:16:47.401 [main] INFO  com.neonomics.corelibraries.Banks                 : Headers :: [Content-Type=application/json;charset=UTF-8
X-CORRELATION-ID=0010cd22-8444-4877-87f8-6131e23dcafd
X-Content-Type-Options=nosniff
X-XSS-Protection=1; mode=block
Vary=Accept-Encoding
Content-Encoding=gzip
Expires=Fri, 19 Mar 2021 05:46:47 GMT
Cache-Control=max-age=0, no-cache, no-store
Pragma=no-cache
Date=Fri, 19 Mar 2021 05:46:47 GMT
Content-Length=625
Connection=keep-alive
Server-Timing=cdn-cache; desc=MISS
Server-Timing=edge; dur=110
Server-Timing=origin; dur=83
Strict-Transport-Security=max-age=86400 ; includeSubDomains ; preload]
2021-03-19 11:16:47.402 [main] INFO  com.neonomics.corelibraries.Banks                 : Cookies :: [{}]
2021-03-19 11:16:47.402 [main] INFO  com.neonomics.corelibraries.Banks                 : Status Code :: [200]
2021-03-19 11:16:47.402 [main] INFO  com.neonomics.corelibraries.Banks                 : Status Line :: [HTTP/1.1 200 OK]
2021-03-19 11:16:47.402 [main] INFO  com.neonomics.corelibraries.Banks                 : Session ID :: [null]
2021-03-19 11:16:47.402 [main] INFO  com.neonomics.corelibraries.Banks                 : Response Time :: [227] milliseconds
2021-03-19 11:16:47.402 [main] INFO  com.neonomics.corelibraries.Banks                 : Response :: [[{"countryCode":"NO","bankingGroupName":"DNB Group","personalIdentificationRequired":true,"id":"RG5iLm5vLnYxRE5CQU5PS0s=","bankDisplayName":"DNB","supportedServices":["accounts","domestic-transfer"],"bic":"DNBANOKK","bankOfficialName":"DNB ASA","status":"AVAILABLE"},{"countryCode":"FI","bankingGroupName":"OP Financial Group","personalIdentificationRequired":false,"id":"T1AuRkkudjFPS09ZRklISA==","bankDisplayName":"OP","supportedServices":["accounts","sepa-credit"],"bic":"OKOYFIHH","bankOfficialName":"OP Andelslag","status":"UNAVAILABLE"},{"countryCode":"NO","bankingGroupName":"Sbanken","personalIdentificationRequired":false,"id":"U2Jhbmtlbi52MVNCQUtOT0JC","bankDisplayName":"Sbanken","supportedServices":["sepa-credit","domestic-transfer","accounts"],"bic":"SBAKNOBB","bankOfficialName":"Sbanken ASA","status":"AVAILABLE"},{"countryCode":"NO","bankingGroupName":"","personalIdentificationRequired":false,"id":"aGl6b250aWJhbmsudjFISVpPTk9LSw==","bankDisplayName":"Hizonti Bank","supportedServices":["accounts","sepa-credit"],"bic":"HIZONOKK","bankOfficialName":"","status":"AVAILABLE"},{"countryCode":"NO","bankingGroupName":"","personalIdentificationRequired":false,"id":"anVzdG9iYW5rLnYxSlVTVE5PS0s=","bankDisplayName":"Justo Bank","supportedServices":["accounts","sepa-credit"],"bic":"JUSTNOKK","bankOfficialName":"","status":"AVAILABLE"},{"countryCode":"SE","bankingGroupName":"SEB Group","personalIdentificationRequired":false,"id":"c2ViLnN3ZWRlbi52MUVTU0VTRVNT","bankDisplayName":"SEB","supportedServices":["accounts","sepa-credit","domestic-transfer","domestic-scheduled-transfer"],"bic":"ESSESESS","bankOfficialName":"Skandinaviska Enskilda Banken AB","status":"AVAILABLE"},{"countryCode":"FI","bankingGroupName":"S-Bank Ltd","personalIdentificationRequired":false,"id":"c3BhbmtraS52MVNCQU5GSUhI","bankDisplayName":"S-Pankki","supportedServices":["accounts","sepa-credit"],"bic":"SBANFIHH","bankOfficialName":"S-Banken Ab","status":"AVAILABLE"},{"countryCode":"NO","bankingGroupName":"Storebrand Group","personalIdentificationRequired":false,"id":"c3RvcmVicmFuZC52MVNURkJOT0tL","bankDisplayName":"Storebrand","supportedServices":["accounts","domestic-transfer"],"bic":"STFBNOKK","bankOfficialName":"Storebrand Bank ASA","status":"AVAILABLE"}]]
2021-03-19 11:16:47.403 [main] INFO  com.neonomics.corelibraries.Banks                 : Found bank [BankData [countryCode=NO, bankingGroupName=, personalIdentificationRequired=false, id=aGl6b250aWJhbmsudjFISVpPTk9LSw==, bankDisplayName=Hizonti Bank, supportedServices=[accounts, sepa-credit], bic=HIZONOKK, bankOfficialName=, status=AVAILABLE]] from all bank collection
2021-03-19 11:16:47.403 [main] INFO  com.neonomics.corelibraries.Banks                 : Payment method [sepa-credit] is supported by bank [Hizonti Bank]
2021-03-19 11:16:47.403 [main] INFO  stepDefinition.StepDefinitions_Functional_Test    : Sender bank [Hizonti Bank] have support for payment type [sepa-credit]::[true]
2021-03-19 11:16:47.403 [main] INFO  stepDefinition.StepDefinitions_Functional_Test    : Validating that provided account number is present on sender's bank [Justo Bank] with session ID [910d95b3-505f-4614-9c3d-e38e66172164]
2021-03-19 11:16:47.403 [main] INFO  com.neonomics.corelibraries.Accounts              : Retrieving list of accounts with session ID provided as [910d95b3-505f-4614-9c3d-e38e66172164]
2021-03-19 11:16:47.619 [main] INFO  com.neonomics.corelibraries.Accounts              : Headers :: [Content-Type=application/json;charset=UTF-8
Content-Length=229
X-CORRELATION-ID=8728fcc2-f5e1-4004-ba8d-3e7a7ff871a7
X-Content-Type-Options=nosniff
X-XSS-Protection=1; mode=block
Expires=Fri, 19 Mar 2021 05:46:47 GMT
Cache-Control=max-age=0, no-cache, no-store
Pragma=no-cache
Date=Fri, 19 Mar 2021 05:46:47 GMT
Connection=keep-alive
Server-Timing=cdn-cache; desc=MISS
Server-Timing=edge; dur=110
Server-Timing=origin; dur=62
Strict-Transport-Security=max-age=86400 ; includeSubDomains ; preload]
2021-03-19 11:16:47.619 [main] INFO  com.neonomics.corelibraries.Accounts              : Cookies :: [{}]
2021-03-19 11:16:47.619 [main] INFO  com.neonomics.corelibraries.Accounts              : Status Code :: [200]
2021-03-19 11:16:47.619 [main] INFO  com.neonomics.corelibraries.Accounts              : Status Line :: [HTTP/1.1 200 OK]
2021-03-19 11:16:47.619 [main] INFO  com.neonomics.corelibraries.Accounts              : Session ID :: [null]
2021-03-19 11:16:47.619 [main] INFO  com.neonomics.corelibraries.Accounts              : Response Time :: [214] milliseconds
2021-03-19 11:16:47.619 [main] INFO  com.neonomics.corelibraries.Accounts              : Response :: [[{"id":"ZmJkM2QzMDEtZjNkYS00ZmYzLWI3YjgtMjY3YzVjZGJiYTBh","iban":"NO6404948998640","bban":"04948998640","accountName":"aakashdahake@gmail.com","accountType":"SVGS","balances":[{"amount":"4790.0","currency":"EUR","type":"CRRT"}]}]]
2021-03-19 11:16:47.620 [main] INFO  com.neonomics.corelibraries.Accounts              : Validating that account belong to bank with session ID [910d95b3-505f-4614-9c3d-e38e66172164]
2021-03-19 11:16:47.621 [main] INFO  stepDefinition.StepDefinitions_Functional_Test    : Validating that provided account number is present on receiver's bank [Hizonti Bank] with session ID [de5e24eb-4773-4b7f-b1af-10d09f298fd3]
2021-03-19 11:16:47.621 [main] INFO  com.neonomics.corelibraries.Accounts              : Retrieving list of accounts with session ID provided as [de5e24eb-4773-4b7f-b1af-10d09f298fd3]
2021-03-19 11:16:47.858 [main] INFO  com.neonomics.corelibraries.Accounts              : Headers :: [Content-Type=application/json;charset=UTF-8
Content-Length=208
X-CORRELATION-ID=6827329f-2694-4c65-89d7-56c37a373bb7
X-Content-Type-Options=nosniff
X-XSS-Protection=1; mode=block
Expires=Fri, 19 Mar 2021 05:46:47 GMT
Cache-Control=max-age=0, no-cache, no-store
Pragma=no-cache
Date=Fri, 19 Mar 2021 05:46:47 GMT
Connection=keep-alive
Server-Timing=cdn-cache; desc=MISS
Server-Timing=edge; dur=110
Server-Timing=origin; dur=93
Strict-Transport-Security=max-age=86400 ; includeSubDomains ; preload]
2021-03-19 11:16:47.858 [main] INFO  com.neonomics.corelibraries.Accounts              : Cookies :: [{}]
2021-03-19 11:16:47.858 [main] INFO  com.neonomics.corelibraries.Accounts              : Status Code :: [200]
2021-03-19 11:16:47.858 [main] INFO  com.neonomics.corelibraries.Accounts              : Status Line :: [HTTP/1.1 200 OK]
2021-03-19 11:16:47.858 [main] INFO  com.neonomics.corelibraries.Accounts              : Session ID :: [null]
2021-03-19 11:16:47.858 [main] INFO  com.neonomics.corelibraries.Accounts              : Response Time :: [236] milliseconds
2021-03-19 11:16:47.859 [main] INFO  com.neonomics.corelibraries.Accounts              : Response :: [[{"id":"M2NlOTQ4NTctZTBkYy00MzQzLTgwNmItZTAyNjUzZjEwZjEw","iban":"NO4313081115656","accountName":"aakashdahake@gmail.com","accountType":"SVGS","balances":[{"amount":"5210.0","currency":"EUR","type":"CRRT"}]}]]
2021-03-19 11:16:47.859 [main] INFO  com.neonomics.corelibraries.Accounts              : Validating that account belong to bank with session ID [de5e24eb-4773-4b7f-b1af-10d09f298fd3]
2021-03-19 11:16:47.860 [main] INFO  stepDefinition.StepDefinitions_Functional_Test    : Deleting session for bank [Justo Bank]
2021-03-19 11:16:47.860 [main] INFO  com.neonomics.corelibraries.Session               : Terminating session for session ID [910d95b3-505f-4614-9c3d-e38e66172164]
2021-03-19 11:16:48.030 [main] INFO  com.neonomics.corelibraries.Session               : Terminated session for session ID [910d95b3-505f-4614-9c3d-e38e66172164]
2021-03-19 11:16:48.030 [main] INFO  stepDefinition.StepDefinitions_Functional_Test    : Deleted session ID as [910d95b3-505f-4614-9c3d-e38e66172164]
2021-03-19 11:16:48.030 [main] INFO  stepDefinition.StepDefinitions_Functional_Test    : Deleting session for bank [Hizonti Bank]
2021-03-19 11:16:48.031 [main] INFO  com.neonomics.corelibraries.Session               : Terminating session for session ID [de5e24eb-4773-4b7f-b1af-10d09f298fd3]
2021-03-19 11:16:48.193 [main] INFO  com.neonomics.corelibraries.Session               : Terminated session for session ID [de5e24eb-4773-4b7f-b1af-10d09f298fd3]
2021-03-19 11:16:48.193 [main] INFO  stepDefinition.StepDefinitions_Functional_Test    : Deleted session ID as [de5e24eb-4773-4b7f-b1af-10d09f298fd3]
