2021-03-19 11:19:06.022 [main] INFO  stepDefinition.StepDefinitions_Functional_Test    : ********************************************************************************************************
2021-03-19 11:19:06.022 [main] INFO  stepDefinition.StepDefinitions_Functional_Test    : ********************************************************************************************************
2021-03-19 11:19:06.023 [main] INFO  stepDefinition.StepDefinitions_Functional_Test    : --- Execution Started :::: Verify that Auth token API works for various combinations
2021-03-19 11:19:06.023 [main] INFO  stepDefinition.StepDefinitions_Functional_Test    : ********************************************************************************************************
2021-03-19 11:19:06.114 [main] INFO  stepDefinition.StepDefinitions_API_Test           : Base URL [https://sandbox.neonomics.io]
2021-03-19 11:19:06.114 [main] INFO  stepDefinition.StepDefinitions_API_Test           : Endpoint path [/auth/realms/sandbox/protocol/openid-connect/token]
2021-03-19 11:19:06.115 [main] INFO  stepDefinition.StepDefinitions_API_Test           : Setting Header = [Content-Type] and Value = [application/x-www-form-urlencoded]
2021-03-19 11:19:06.115 [main] INFO  stepDefinition.StepDefinitions_API_Test           : Added :: Header = [Content-Type] and Value = [application/x-www-form-urlencoded]
2021-03-19 11:19:06.116 [main] INFO  stepDefinition.StepDefinitions_API_Test           : Setting request parameter as Key = [grant_type] and Value = [client_credentials]
2021-03-19 11:19:06.117 [main] INFO  stepDefinition.StepDefinitions_API_Test           : Setting request parameter as Key = [client_id] and Value = [valid]
2021-03-19 11:19:06.118 [main] INFO  stepDefinition.StepDefinitions_API_Test           : Setting request parameter as Key = [client_secret] and Value = [valid]
2021-03-19 11:19:06.166 [main] INFO  stepDefinition.StepDefinitions_API_Test           : Making [POST] request
2021-03-19 11:19:07.014 [main] INFO  stepDefinition.StepDefinitions_API_Test           : Headers :: [Content-Type=application/json
x-xss-protection=1; mode=block
x-content-type-options=nosniff
Access-Control-Allow-Origin=*
X-CORRELATION-ID=e2bc326d-e3f8-4ebf-b0d1-033f705866a2
Content-Length=156
Expires=Fri, 19 Mar 2021 05:49:06 GMT
Cache-Control=max-age=0, no-cache, no-store
Pragma=no-cache
Date=Fri, 19 Mar 2021 05:49:06 GMT
Connection=close
Server-Timing=cdn-cache; desc=MISS
Server-Timing=edge; dur=112
Server-Timing=origin; dur=46
Strict-Transport-Security=max-age=86400 ; includeSubDomains ; preload]
2021-03-19 11:19:07.019 [main] INFO  stepDefinition.StepDefinitions_API_Test           : Cookies :: [{}]
2021-03-19 11:19:07.019 [main] INFO  stepDefinition.StepDefinitions_API_Test           : Status Code :: [510]
2021-03-19 11:19:07.019 [main] INFO  stepDefinition.StepDefinitions_API_Test           : Status Line :: [HTTP/1.1 510 Unknown]
2021-03-19 11:19:07.020 [main] INFO  stepDefinition.StepDefinitions_API_Test           : Session ID :: [null]
2021-03-19 11:19:07.021 [main] INFO  stepDefinition.StepDefinitions_API_Test           : Response Time :: [662] milliseconds
2021-03-19 11:19:07.029 [main] INFO  stepDefinition.StepDefinitions_API_Test           : Response :: [{"id":"e2bc326d-e3f8-4ebf-b0d1-033f705866a2","errorCode":"2005","message":"Invalid client id/secret","source":"A","type":"FATAL","timestamp":1616132946932}
]
2021-03-19 11:19:07.030 [main] INFO  stepDefinition.StepDefinitions_API_Test           : Validating response code as [200]
2021-03-19 11:19:07.061 [main] INFO  stepDefinition.StepDefinitions_Functional_Test    : ********************************************************************************************************
2021-03-19 11:19:07.061 [main] INFO  stepDefinition.StepDefinitions_Functional_Test    : ********************************************************************************************************
2021-03-19 11:19:07.061 [main] INFO  stepDefinition.StepDefinitions_Functional_Test    : --- Execution Started :::: Verify that Auth token API works for various combinations
2021-03-19 11:19:07.061 [main] INFO  stepDefinition.StepDefinitions_Functional_Test    : ********************************************************************************************************
2021-03-19 11:19:07.062 [main] INFO  stepDefinition.StepDefinitions_API_Test           : Base URL [https://sandbox.neonomics.io]
2021-03-19 11:19:07.062 [main] INFO  stepDefinition.StepDefinitions_API_Test           : Endpoint path [/auth/realms/sandbox/protocol/openid-connect/token]
2021-03-19 11:19:07.063 [main] INFO  stepDefinition.StepDefinitions_API_Test           : Setting Header = [Content-Type] and Value = [application/json]
2021-03-19 11:19:07.063 [main] INFO  stepDefinition.StepDefinitions_API_Test           : Added :: Header = [Content-Type] and Value = [application/json]
2021-03-19 11:19:07.064 [main] INFO  stepDefinition.StepDefinitions_API_Test           : Setting request parameter as Key = [grant_type] and Value = [client_credentials]
2021-03-19 11:19:07.064 [main] INFO  stepDefinition.StepDefinitions_API_Test           : Setting request parameter as Key = [client_id] and Value = [valid]
2021-03-19 11:19:07.065 [main] INFO  stepDefinition.StepDefinitions_API_Test           : Setting request parameter as Key = [client_secret] and Value = [valid]
2021-03-19 11:19:07.066 [main] INFO  stepDefinition.StepDefinitions_API_Test           : Making [POST] request
2021-03-19 11:19:07.276 [main] INFO  stepDefinition.StepDefinitions_API_Test           : Headers :: [Content-Type=application/json
x-xss-protection=1; mode=block
x-content-type-options=nosniff
Access-Control-Allow-Origin=*
X-CORRELATION-ID=7dd9ce79-cab9-4555-9450-523ef0f138ca
Content-Length=84
Expires=Fri, 19 Mar 2021 05:49:07 GMT
Cache-Control=max-age=0, no-cache, no-store
Pragma=no-cache
Date=Fri, 19 Mar 2021 05:49:07 GMT
Connection=close
Server-Timing=cdn-cache; desc=MISS
Server-Timing=edge; dur=113
Server-Timing=origin; dur=37
Strict-Transport-Security=max-age=86400 ; includeSubDomains ; preload]
2021-03-19 11:19:07.277 [main] INFO  stepDefinition.StepDefinitions_API_Test           : Cookies :: [{}]
2021-03-19 11:19:07.277 [main] INFO  stepDefinition.StepDefinitions_API_Test           : Status Code :: [510]
2021-03-19 11:19:07.277 [main] INFO  stepDefinition.StepDefinitions_API_Test           : Status Line :: [HTTP/1.1 510 Unknown]
2021-03-19 11:19:07.277 [main] INFO  stepDefinition.StepDefinitions_API_Test           : Session ID :: [null]
2021-03-19 11:19:07.277 [main] INFO  stepDefinition.StepDefinitions_API_Test           : Response Time :: [205] milliseconds
2021-03-19 11:19:07.277 [main] INFO  stepDefinition.StepDefinitions_API_Test           : Response :: [{"error":"invalid_request","error_description":"Missing form parameter: grant_type"}]
2021-03-19 11:19:07.278 [main] INFO  stepDefinition.StepDefinitions_API_Test           : Validating response code as [510]
2021-03-19 11:19:07.450 [main] INFO  stepDefinition.StepDefinitions_Functional_Test    : ********************************************************************************************************
2021-03-19 11:19:07.450 [main] INFO  stepDefinition.StepDefinitions_Functional_Test    : ********************************************************************************************************
2021-03-19 11:19:07.450 [main] INFO  stepDefinition.StepDefinitions_Functional_Test    : --- Execution Started :::: Verify that Auth token API works for various combinations
2021-03-19 11:19:07.450 [main] INFO  stepDefinition.StepDefinitions_Functional_Test    : ********************************************************************************************************
2021-03-19 11:19:07.451 [main] INFO  stepDefinition.StepDefinitions_API_Test           : Base URL [https://sandbox.neonomics.io]
2021-03-19 11:19:07.451 [main] INFO  stepDefinition.StepDefinitions_API_Test           : Endpoint path [/auth/realms/sandbox/protocol/openid-connect/token]
2021-03-19 11:19:07.451 [main] INFO  stepDefinition.StepDefinitions_API_Test           : Setting Header = [Content-Type] and Value = [application/x-www-form-urlencoded]
2021-03-19 11:19:07.451 [main] INFO  stepDefinition.StepDefinitions_API_Test           : Added :: Header = [Content-Type] and Value = [application/x-www-form-urlencoded]
2021-03-19 11:19:07.452 [main] INFO  stepDefinition.StepDefinitions_API_Test           : Setting request parameter as Key = [grant_type] and Value = [authorization_code]
2021-03-19 11:19:07.452 [main] INFO  stepDefinition.StepDefinitions_API_Test           : Setting request parameter as Key = [client_id] and Value = [valid]
2021-03-19 11:19:07.453 [main] INFO  stepDefinition.StepDefinitions_API_Test           : Setting request parameter as Key = [client_secret] and Value = [valid]
2021-03-19 11:19:07.453 [main] INFO  stepDefinition.StepDefinitions_API_Test           : Making [POST] request
2021-03-19 11:19:07.864 [main] INFO  stepDefinition.StepDefinitions_API_Test           : Headers :: [Content-Type=application/json
x-xss-protection=1; mode=block
x-content-type-options=nosniff
Access-Control-Allow-Origin=*
X-CORRELATION-ID=c7de8050-1b47-4eda-9c81-1b41378cc79a
Content-Length=156
Expires=Fri, 19 Mar 2021 05:49:07 GMT
Cache-Control=max-age=0, no-cache, no-store
Pragma=no-cache
Date=Fri, 19 Mar 2021 05:49:07 GMT
Connection=close
Server-Timing=cdn-cache; desc=MISS
Server-Timing=edge; dur=336
Server-Timing=origin; dur=32
Strict-Transport-Security=max-age=86400 ; includeSubDomains ; preload]
2021-03-19 11:19:07.864 [main] INFO  stepDefinition.StepDefinitions_API_Test           : Cookies :: [{}]
2021-03-19 11:19:07.864 [main] INFO  stepDefinition.StepDefinitions_API_Test           : Status Code :: [510]
2021-03-19 11:19:07.864 [main] INFO  stepDefinition.StepDefinitions_API_Test           : Status Line :: [HTTP/1.1 510 Unknown]
2021-03-19 11:19:07.864 [main] INFO  stepDefinition.StepDefinitions_API_Test           : Session ID :: [null]
2021-03-19 11:19:07.864 [main] INFO  stepDefinition.StepDefinitions_API_Test           : Response Time :: [408] milliseconds
2021-03-19 11:19:07.865 [main] INFO  stepDefinition.StepDefinitions_API_Test           : Response :: [{"id":"c7de8050-1b47-4eda-9c81-1b41378cc79a","errorCode":"2005","message":"Invalid client id/secret","source":"A","type":"FATAL","timestamp":1616132947809}
]
2021-03-19 11:19:07.866 [main] INFO  stepDefinition.StepDefinitions_API_Test           : Validating response code as [510]
2021-03-19 11:19:07.876 [main] INFO  stepDefinition.StepDefinitions_Functional_Test    : ********************************************************************************************************
2021-03-19 11:19:07.876 [main] INFO  stepDefinition.StepDefinitions_Functional_Test    : ********************************************************************************************************
2021-03-19 11:19:07.876 [main] INFO  stepDefinition.StepDefinitions_Functional_Test    : --- Execution Started :::: Verify that Auth token API works for various combinations
2021-03-19 11:19:07.876 [main] INFO  stepDefinition.StepDefinitions_Functional_Test    : ********************************************************************************************************
2021-03-19 11:19:07.877 [main] INFO  stepDefinition.StepDefinitions_API_Test           : Base URL [https://sandbox.neonomics.io]
2021-03-19 11:19:07.878 [main] INFO  stepDefinition.StepDefinitions_API_Test           : Endpoint path [/auth/realms/sandbox/protocol/openid-connect/token]
2021-03-19 11:19:07.878 [main] INFO  stepDefinition.StepDefinitions_API_Test           : Setting Header = [Content-Type] and Value = [application/x-www-form-urlencoded]
2021-03-19 11:19:07.878 [main] INFO  stepDefinition.StepDefinitions_API_Test           : Added :: Header = [Content-Type] and Value = [application/x-www-form-urlencoded]
2021-03-19 11:19:07.879 [main] INFO  stepDefinition.StepDefinitions_API_Test           : Setting request parameter as Key = [grant_type] and Value = [client_credentials]
2021-03-19 11:19:07.879 [main] INFO  stepDefinition.StepDefinitions_API_Test           : Setting request parameter as Key = [client_id] and Value = [invalid]
2021-03-19 11:19:07.879 [main] INFO  stepDefinition.StepDefinitions_API_Test           : Setting request parameter as Key = [client_secret] and Value = [valid]
2021-03-19 11:19:07.880 [main] INFO  stepDefinition.StepDefinitions_API_Test           : Making [POST] request
2021-03-19 11:19:08.277 [main] INFO  stepDefinition.StepDefinitions_API_Test           : Headers :: [Content-Type=application/json
x-xss-protection=1; mode=block
x-content-type-options=nosniff
Access-Control-Allow-Origin=*
X-CORRELATION-ID=ba20c19a-6ad8-4be3-aa03-56fe72e0e549
Content-Length=156
Expires=Fri, 19 Mar 2021 05:49:08 GMT
Cache-Control=max-age=0, no-cache, no-store
Pragma=no-cache
Date=Fri, 19 Mar 2021 05:49:08 GMT
Connection=close
Server-Timing=cdn-cache; desc=MISS
Server-Timing=edge; dur=336
Server-Timing=origin; dur=18
Strict-Transport-Security=max-age=86400 ; includeSubDomains ; preload]
2021-03-19 11:19:08.277 [main] INFO  stepDefinition.StepDefinitions_API_Test           : Cookies :: [{}]
2021-03-19 11:19:08.277 [main] INFO  stepDefinition.StepDefinitions_API_Test           : Status Code :: [510]
2021-03-19 11:19:08.277 [main] INFO  stepDefinition.StepDefinitions_API_Test           : Status Line :: [HTTP/1.1 510 Unknown]
2021-03-19 11:19:08.277 [main] INFO  stepDefinition.StepDefinitions_API_Test           : Session ID :: [null]
2021-03-19 11:19:08.277 [main] INFO  stepDefinition.StepDefinitions_API_Test           : Response Time :: [393] milliseconds
2021-03-19 11:19:08.278 [main] INFO  stepDefinition.StepDefinitions_API_Test           : Response :: [{"id":"ba20c19a-6ad8-4be3-aa03-56fe72e0e549","errorCode":"2005","message":"Invalid client id/secret","source":"A","type":"FATAL","timestamp":1616132948221}
]
2021-03-19 11:19:08.278 [main] INFO  stepDefinition.StepDefinitions_API_Test           : Validating response code as [510]
2021-03-19 11:19:08.288 [main] INFO  stepDefinition.StepDefinitions_Functional_Test    : ********************************************************************************************************
2021-03-19 11:19:08.288 [main] INFO  stepDefinition.StepDefinitions_Functional_Test    : ********************************************************************************************************
2021-03-19 11:19:08.288 [main] INFO  stepDefinition.StepDefinitions_Functional_Test    : --- Execution Started :::: Verify that Auth token API works for various combinations
2021-03-19 11:19:08.288 [main] INFO  stepDefinition.StepDefinitions_Functional_Test    : ********************************************************************************************************
2021-03-19 11:19:08.289 [main] INFO  stepDefinition.StepDefinitions_API_Test           : Base URL [https://sandbox.neonomics.io]
2021-03-19 11:19:08.289 [main] INFO  stepDefinition.StepDefinitions_API_Test           : Endpoint path [/auth/realms/sandbox/protocol/openid-connect/token]
2021-03-19 11:19:08.289 [main] INFO  stepDefinition.StepDefinitions_API_Test           : Setting Header = [Content-Type] and Value = [application/json]
2021-03-19 11:19:08.289 [main] INFO  stepDefinition.StepDefinitions_API_Test           : Added :: Header = [Content-Type] and Value = [application/json]
2021-03-19 11:19:08.290 [main] INFO  stepDefinition.StepDefinitions_API_Test           : Setting request parameter as Key = [grant_type] and Value = [client_credentials]
2021-03-19 11:19:08.290 [main] INFO  stepDefinition.StepDefinitions_API_Test           : Setting request parameter as Key = [client_id] and Value = [valid]
2021-03-19 11:19:08.290 [main] INFO  stepDefinition.StepDefinitions_API_Test           : Setting request parameter as Key = [client_secret] and Value = [invalid]
2021-03-19 11:19:08.291 [main] INFO  stepDefinition.StepDefinitions_API_Test           : Making [POST] request
2021-03-19 11:19:08.680 [main] INFO  stepDefinition.StepDefinitions_API_Test           : Headers :: [Content-Type=application/json
x-xss-protection=1; mode=block
x-content-type-options=nosniff
Access-Control-Allow-Origin=*
X-CORRELATION-ID=41a5b4b3-1b21-4e52-a7a5-e5448f28f2db
Content-Length=84
Expires=Fri, 19 Mar 2021 05:49:08 GMT
Cache-Control=max-age=0, no-cache, no-store
Pragma=no-cache
Date=Fri, 19 Mar 2021 05:49:08 GMT
Connection=close
Server-Timing=cdn-cache; desc=MISS
Server-Timing=edge; dur=335
Server-Timing=origin; dur=14
Strict-Transport-Security=max-age=86400 ; includeSubDomains ; preload]
2021-03-19 11:19:08.680 [main] INFO  stepDefinition.StepDefinitions_API_Test           : Cookies :: [{}]
2021-03-19 11:19:08.680 [main] INFO  stepDefinition.StepDefinitions_API_Test           : Status Code :: [510]
2021-03-19 11:19:08.680 [main] INFO  stepDefinition.StepDefinitions_API_Test           : Status Line :: [HTTP/1.1 510 Unknown]
2021-03-19 11:19:08.680 [main] INFO  stepDefinition.StepDefinitions_API_Test           : Session ID :: [null]
2021-03-19 11:19:08.680 [main] INFO  stepDefinition.StepDefinitions_API_Test           : Response Time :: [386] milliseconds
2021-03-19 11:19:08.681 [main] INFO  stepDefinition.StepDefinitions_API_Test           : Response :: [{"error":"invalid_request","error_description":"Missing form parameter: grant_type"}]
2021-03-19 11:19:08.681 [main] INFO  stepDefinition.StepDefinitions_API_Test           : Validating response code as [510]
