2021-03-23 18:49:10.404 [main] INFO  stepDefinition.StepDefinitions_Functional_Test    : ********************************************************************************************************
2021-03-23 18:49:10.405 [main] INFO  stepDefinition.StepDefinitions_Functional_Test    : ********************************************************************************************************
2021-03-23 18:49:10.406 [main] INFO  stepDefinition.StepDefinitions_Functional_Test    : --- Execution Started :::: User initiates payment and transfer money to another user in another bank
2021-03-23 18:49:10.406 [main] INFO  stepDefinition.StepDefinitions_Functional_Test    : ********************************************************************************************************
2021-03-23 18:49:10.406 [main] INFO  stepDefinition.StepDefinitions_Functional_Test    : ********************************************************************************************************
2021-03-23 18:49:11.631 [main] INFO  com.neonomics.corelibraries.Authorization         : Headers :: [Content-Type=application/json
x-xss-protection=1; mode=block
x-content-type-options=nosniff
Access-Control-Allow-Origin=*
X-CORRELATION-ID=19e0cb5e-76e0-4bb0-a929-2bf5f0a0e12f
X-Content-Type-Options=nosniff
X-XSS-Protection=1; mode=block
Vary=Accept-Encoding
Content-Encoding=gzip
Expires=Tue, 23 Mar 2021 13:19:11 GMT
Cache-Control=max-age=0, no-cache, no-store
Pragma=no-cache
Date=Tue, 23 Mar 2021 13:19:11 GMT
Content-Length=1235
Connection=keep-alive
Set-Cookie=KC_RESTART=; Version=1; Expires=Thu, 01-Jan-1970 00:00:10 GMT; Max-Age=0; Path=/auth/realms/sandbox/; Secure; HttpOnly
Server-Timing=cdn-cache; desc=MISS
Server-Timing=edge; dur=117
Server-Timing=origin; dur=58
Strict-Transport-Security=max-age=86400 ; includeSubDomains ; preload]
2021-03-23 18:49:11.632 [main] INFO  com.neonomics.corelibraries.Authorization         : Cookies :: [{KC_RESTART=}]
2021-03-23 18:49:11.632 [main] INFO  com.neonomics.corelibraries.Authorization         : Status Code :: [200]
2021-03-23 18:49:11.632 [main] INFO  com.neonomics.corelibraries.Authorization         : Status Line :: [HTTP/1.1 200 OK]
2021-03-23 18:49:11.633 [main] INFO  com.neonomics.corelibraries.Authorization         : Session ID :: [null]
2021-03-23 18:49:11.635 [main] INFO  com.neonomics.corelibraries.Authorization         : Response Time :: [704] milliseconds
2021-03-23 18:49:11.636 [main] INFO  com.neonomics.corelibraries.Authorization         : Response :: [{"refresh_expires_in":2592000,"expires_in":86400,"session_state":"f488808e-78e5-43fb-b556-88e94653f5fc","access_token":"eyJhbGciOiJSUzI1NiIsInR5cCIgOiAiSldUIiwia2lkIiA6ICJ2MmFQNDdIQXVTUi1qWmR5U3otNDVDV2RaOFhiWGFBMXNDbWhLbWtJLXRvIn0.eyJleHAiOjE2MTY1OTE5NTEsImlhdCI6MTYxNjUwNTU1MSwianRpIjoiYmYyMGRjZWUtZGVmNi00NTVlLWFlOTktYzEzZGJhZGZhNDQ0IiwiaXNzIjoiaHR0cHM6Ly9zYW5kYm94Lm5lb25vbWljcy5pby9hdXRoL3JlYWxtcy9zYW5kYm94Iiwic3ViIjoiMjE4MDlmM2EtOWJhOS00MDMxLTllM2QtOTdiNTY3Nzc5OWY5IiwidHlwIjoiQmVhcmVyIiwiYXpwIjoiM2QzNWY2MDYtY2Q1Ny00NzRmLTg2NzYtYjc4ZGZiZWFjMzQ1Iiwic2Vzc2lvbl9zdGF0ZSI6ImY0ODg4MDhlLTc4ZTUtNDNmYi1iNTU2LTg4ZTk0NjUzZjVmYyIsImFjciI6IjEiLCJzY29wZSI6ImJhbnFicmlkZ2VfY2xpZW50Iiwib3JnYW5pemF0aW9uSWQiOiI0MjRhNTc5My01NDQ4LTQ0NjMtODI2YS05NzdhOTc2MTY4NDIiLCJjbGllbnRJZCI6IjNkMzVmNjA2LWNkNTctNDc0Zi04Njc2LWI3OGRmYmVhYzM0NSIsImNsaWVudEhvc3QiOiIxMDMuMjAwLjEwNi4xNjYiLCJja2lkIjoiYmY2NGIzNTktOWFhZC00MjcxLWJjNjItNTFjNDI2NGQyZmQ3IiwiY2xpZW50QWRkcmVzcyI6IjEwMy4yMDAuMTA2LjE2NiJ9.OYUq2z4lBmMUxRwCtraADfU1bhCq6PkctmMiuDz6XmKqa9S8qHY-KBX8OC_ACmDbAQJMctnbDGUeyBZrU9H-0G5orD7eSRldS5Sj9_-IJzTagz7_GKGrw_IN72MNOhEnWSPBXMo3DsSABYH4iPAZ3_7ZYKgi0vwEBD_FPQ5Ck5c0qYoyYPgg-vRN6j492UFzQwXezKIWCXf1LNYiumfmHpQglSyjF4nsAgHUObE0sl5deFENmhaqazGmVtkEDpc58uyvJPwBtQxuheHH2ZPXVg_EOnF7RNdSJpHtqRasNtmiLJQdIh9w-CpdcM3xXBDiTu2o3g3PABYhVDJZBo7fqA","scope":"banqbridge_client","token_type":"bearer","refresh_token":"eyJhbGciOiJIUzI1NiIsInR5cCIgOiAiSldUIiwia2lkIiA6ICIwYTAzNjlhNy0yMTg3LTQ3OWYtOTU4NS02Y2QzYTczZDUxOWYifQ.eyJleHAiOjE2MTkwOTc1NTEsImlhdCI6MTYxNjUwNTU1MSwianRpIjoiNWViYmMyMTAtYjYyZi00MzVlLWFjOTQtMDdmMjg5NjliN2M3IiwiaXNzIjoiaHR0cHM6Ly9zYW5kYm94Lm5lb25vbWljcy5pby9hdXRoL3JlYWxtcy9zYW5kYm94IiwiYXVkIjoiaHR0cHM6Ly9zYW5kYm94Lm5lb25vbWljcy5pby9hdXRoL3JlYWxtcy9zYW5kYm94Iiwic3ViIjoiMjE4MDlmM2EtOWJhOS00MDMxLTllM2QtOTdiNTY3Nzc5OWY5IiwidHlwIjoiUmVmcmVzaCIsImF6cCI6IjNkMzVmNjA2LWNkNTctNDc0Zi04Njc2LWI3OGRmYmVhYzM0NSIsInNlc3Npb25fc3RhdGUiOiJmNDg4ODA4ZS03OGU1LTQzZmItYjU1Ni04OGU5NDY1M2Y1ZmMiLCJzY29wZSI6ImJhbnFicmlkZ2VfY2xpZW50In0.XDSmHyV4u3KCiivdX0ME4zvXSgMq_7PMdvB6CElSm_s"}]
2021-03-23 18:49:12.030 [main] INFO  stepDefinition.StepDefinitions_Functional_Test    : Getting authentication token set
2021-03-23 18:49:12.030 [main] INFO  stepDefinition.StepDefinitions_Functional_Test    : Access token and Refresh token::{access_token=eyJhbGciOiJSUzI1NiIsInR5cCIgOiAiSldUIiwia2lkIiA6ICJ2MmFQNDdIQXVTUi1qWmR5U3otNDVDV2RaOFhiWGFBMXNDbWhLbWtJLXRvIn0.eyJleHAiOjE2MTY1OTE5NTEsImlhdCI6MTYxNjUwNTU1MSwianRpIjoiYmYyMGRjZWUtZGVmNi00NTVlLWFlOTktYzEzZGJhZGZhNDQ0IiwiaXNzIjoiaHR0cHM6Ly9zYW5kYm94Lm5lb25vbWljcy5pby9hdXRoL3JlYWxtcy9zYW5kYm94Iiwic3ViIjoiMjE4MDlmM2EtOWJhOS00MDMxLTllM2QtOTdiNTY3Nzc5OWY5IiwidHlwIjoiQmVhcmVyIiwiYXpwIjoiM2QzNWY2MDYtY2Q1Ny00NzRmLTg2NzYtYjc4ZGZiZWFjMzQ1Iiwic2Vzc2lvbl9zdGF0ZSI6ImY0ODg4MDhlLTc4ZTUtNDNmYi1iNTU2LTg4ZTk0NjUzZjVmYyIsImFjciI6IjEiLCJzY29wZSI6ImJhbnFicmlkZ2VfY2xpZW50Iiwib3JnYW5pemF0aW9uSWQiOiI0MjRhNTc5My01NDQ4LTQ0NjMtODI2YS05NzdhOTc2MTY4NDIiLCJjbGllbnRJZCI6IjNkMzVmNjA2LWNkNTctNDc0Zi04Njc2LWI3OGRmYmVhYzM0NSIsImNsaWVudEhvc3QiOiIxMDMuMjAwLjEwNi4xNjYiLCJja2lkIjoiYmY2NGIzNTktOWFhZC00MjcxLWJjNjItNTFjNDI2NGQyZmQ3IiwiY2xpZW50QWRkcmVzcyI6IjEwMy4yMDAuMTA2LjE2NiJ9.OYUq2z4lBmMUxRwCtraADfU1bhCq6PkctmMiuDz6XmKqa9S8qHY-KBX8OC_ACmDbAQJMctnbDGUeyBZrU9H-0G5orD7eSRldS5Sj9_-IJzTagz7_GKGrw_IN72MNOhEnWSPBXMo3DsSABYH4iPAZ3_7ZYKgi0vwEBD_FPQ5Ck5c0qYoyYPgg-vRN6j492UFzQwXezKIWCXf1LNYiumfmHpQglSyjF4nsAgHUObE0sl5deFENmhaqazGmVtkEDpc58uyvJPwBtQxuheHH2ZPXVg_EOnF7RNdSJpHtqRasNtmiLJQdIh9w-CpdcM3xXBDiTu2o3g3PABYhVDJZBo7fqA, refresh_token=eyJhbGciOiJIUzI1NiIsInR5cCIgOiAiSldUIiwia2lkIiA6ICIwYTAzNjlhNy0yMTg3LTQ3OWYtOTU4NS02Y2QzYTczZDUxOWYifQ.eyJleHAiOjE2MTkwOTc1NTEsImlhdCI6MTYxNjUwNTU1MSwianRpIjoiNWViYmMyMTAtYjYyZi00MzVlLWFjOTQtMDdmMjg5NjliN2M3IiwiaXNzIjoiaHR0cHM6Ly9zYW5kYm94Lm5lb25vbWljcy5pby9hdXRoL3JlYWxtcy9zYW5kYm94IiwiYXVkIjoiaHR0cHM6Ly9zYW5kYm94Lm5lb25vbWljcy5pby9hdXRoL3JlYWxtcy9zYW5kYm94Iiwic3ViIjoiMjE4MDlmM2EtOWJhOS00MDMxLTllM2QtOTdiNTY3Nzc5OWY5IiwidHlwIjoiUmVmcmVzaCIsImF6cCI6IjNkMzVmNjA2LWNkNTctNDc0Zi04Njc2LWI3OGRmYmVhYzM0NSIsInNlc3Npb25fc3RhdGUiOiJmNDg4ODA4ZS03OGU1LTQzZmItYjU1Ni04OGU5NDY1M2Y1ZmMiLCJzY29wZSI6ImJhbnFicmlkZ2VfY2xpZW50In0.XDSmHyV4u3KCiivdX0ME4zvXSgMq_7PMdvB6CElSm_s}
2021-03-23 18:49:12.032 [main] INFO  com.neonomics.corelibraries.Banks                 : Getting bank ID for bank [Justo Bank]
2021-03-23 18:49:12.032 [main] INFO  com.neonomics.corelibraries.Banks                 : Getting information about bank [Justo Bank]
2021-03-23 18:49:12.322 [main] INFO  com.neonomics.corelibraries.Banks                 : Headers :: [Content-Type=application/json;charset=UTF-8
X-CORRELATION-ID=223df913-352e-4c01-8d50-e628c5cb3f8e
X-Content-Type-Options=nosniff
X-XSS-Protection=1; mode=block
Vary=Accept-Encoding
Content-Encoding=gzip
Expires=Tue, 23 Mar 2021 13:19:12 GMT
Cache-Control=max-age=0, no-cache, no-store
Pragma=no-cache
Date=Tue, 23 Mar 2021 13:19:12 GMT
Content-Length=625
Connection=keep-alive
Server-Timing=cdn-cache; desc=MISS
Server-Timing=edge; dur=116
Server-Timing=origin; dur=82
Strict-Transport-Security=max-age=86400 ; includeSubDomains ; preload]
2021-03-23 18:49:12.325 [main] INFO  com.neonomics.corelibraries.Banks                 : Cookies :: [{}]
2021-03-23 18:49:12.326 [main] INFO  com.neonomics.corelibraries.Banks                 : Status Code :: [200]
2021-03-23 18:49:12.326 [main] INFO  com.neonomics.corelibraries.Banks                 : Status Line :: [HTTP/1.1 200 OK]
2021-03-23 18:49:12.326 [main] INFO  com.neonomics.corelibraries.Banks                 : Session ID :: [null]
2021-03-23 18:49:12.326 [main] INFO  com.neonomics.corelibraries.Banks                 : Response Time :: [268] milliseconds
2021-03-23 18:49:12.326 [main] INFO  com.neonomics.corelibraries.Banks                 : Response :: [[{"countryCode":"NO","bankingGroupName":"DNB Group","personalIdentificationRequired":true,"id":"RG5iLm5vLnYxRE5CQU5PS0s=","bankDisplayName":"DNB","supportedServices":["accounts","domestic-transfer"],"bic":"DNBANOKK","bankOfficialName":"DNB ASA","status":"AVAILABLE"},{"countryCode":"FI","bankingGroupName":"OP Financial Group","personalIdentificationRequired":false,"id":"T1AuRkkudjFPS09ZRklISA==","bankDisplayName":"OP","supportedServices":["accounts","sepa-credit"],"bic":"OKOYFIHH","bankOfficialName":"OP Andelslag","status":"UNAVAILABLE"},{"countryCode":"NO","bankingGroupName":"Sbanken","personalIdentificationRequired":false,"id":"U2Jhbmtlbi52MVNCQUtOT0JC","bankDisplayName":"Sbanken","supportedServices":["sepa-credit","domestic-transfer","accounts"],"bic":"SBAKNOBB","bankOfficialName":"Sbanken ASA","status":"AVAILABLE"},{"countryCode":"NO","bankingGroupName":"","personalIdentificationRequired":false,"id":"aGl6b250aWJhbmsudjFISVpPTk9LSw==","bankDisplayName":"Hizonti Bank","supportedServices":["accounts","sepa-credit"],"bic":"HIZONOKK","bankOfficialName":"","status":"AVAILABLE"},{"countryCode":"NO","bankingGroupName":"","personalIdentificationRequired":false,"id":"anVzdG9iYW5rLnYxSlVTVE5PS0s=","bankDisplayName":"Justo Bank","supportedServices":["accounts","sepa-credit"],"bic":"JUSTNOKK","bankOfficialName":"","status":"AVAILABLE"},{"countryCode":"SE","bankingGroupName":"SEB Group","personalIdentificationRequired":false,"id":"c2ViLnN3ZWRlbi52MUVTU0VTRVNT","bankDisplayName":"SEB","supportedServices":["accounts","sepa-credit","domestic-transfer","domestic-scheduled-transfer"],"bic":"ESSESESS","bankOfficialName":"Skandinaviska Enskilda Banken AB","status":"AVAILABLE"},{"countryCode":"FI","bankingGroupName":"S-Bank Ltd","personalIdentificationRequired":false,"id":"c3BhbmtraS52MVNCQU5GSUhI","bankDisplayName":"S-Pankki","supportedServices":["accounts","sepa-credit"],"bic":"SBANFIHH","bankOfficialName":"S-Banken Ab","status":"AVAILABLE"},{"countryCode":"NO","bankingGroupName":"Storebrand Group","personalIdentificationRequired":false,"id":"c3RvcmVicmFuZC52MVNURkJOT0tL","bankDisplayName":"Storebrand","supportedServices":["accounts","domestic-transfer"],"bic":"STFBNOKK","bankOfficialName":"Storebrand Bank ASA","status":"AVAILABLE"}]]
2021-03-23 18:49:12.370 [main] INFO  com.neonomics.corelibraries.Banks                 : Found bank [BankData [countryCode=NO, bankingGroupName=, personalIdentificationRequired=false, id=anVzdG9iYW5rLnYxSlVTVE5PS0s=, bankDisplayName=Justo Bank, supportedServices=[accounts, sepa-credit], bic=JUSTNOKK, bankOfficialName=, status=AVAILABLE]] from all bank collection
2021-03-23 18:49:12.370 [main] INFO  com.neonomics.corelibraries.Banks                 : Found bank ID as [anVzdG9iYW5rLnYxSlVTVE5PS0s=]for bank [Justo Bank]
2021-03-23 18:49:12.372 [main] INFO  stepDefinition.StepDefinitions_Functional_Test    : Received Bank ID [anVzdG9iYW5rLnYxSlVTVE5PS0s=] for bank [Justo Bank] with provided device ID [example_id_for_quickstart].
2021-03-23 18:49:12.373 [main] INFO  stepDefinition.StepDefinitions_Functional_Test    : Creating session ID for bank [Justo Bank] when Device ID [example_id_for_quickstart] with token [eyJhbGciOiJSUzI1NiIsInR5cCIgOiAiSldUIiwia2lkIiA6ICJ2MmFQNDdIQXVTUi1qWmR5U3otNDVDV2RaOFhiWGFBMXNDbWhLbWtJLXRvIn0.eyJleHAiOjE2MTY1OTE5NTEsImlhdCI6MTYxNjUwNTU1MSwianRpIjoiYmYyMGRjZWUtZGVmNi00NTVlLWFlOTktYzEzZGJhZGZhNDQ0IiwiaXNzIjoiaHR0cHM6Ly9zYW5kYm94Lm5lb25vbWljcy5pby9hdXRoL3JlYWxtcy9zYW5kYm94Iiwic3ViIjoiMjE4MDlmM2EtOWJhOS00MDMxLTllM2QtOTdiNTY3Nzc5OWY5IiwidHlwIjoiQmVhcmVyIiwiYXpwIjoiM2QzNWY2MDYtY2Q1Ny00NzRmLTg2NzYtYjc4ZGZiZWFjMzQ1Iiwic2Vzc2lvbl9zdGF0ZSI6ImY0ODg4MDhlLTc4ZTUtNDNmYi1iNTU2LTg4ZTk0NjUzZjVmYyIsImFjciI6IjEiLCJzY29wZSI6ImJhbnFicmlkZ2VfY2xpZW50Iiwib3JnYW5pemF0aW9uSWQiOiI0MjRhNTc5My01NDQ4LTQ0NjMtODI2YS05NzdhOTc2MTY4NDIiLCJjbGllbnRJZCI6IjNkMzVmNjA2LWNkNTctNDc0Zi04Njc2LWI3OGRmYmVhYzM0NSIsImNsaWVudEhvc3QiOiIxMDMuMjAwLjEwNi4xNjYiLCJja2lkIjoiYmY2NGIzNTktOWFhZC00MjcxLWJjNjItNTFjNDI2NGQyZmQ3IiwiY2xpZW50QWRkcmVzcyI6IjEwMy4yMDAuMTA2LjE2NiJ9.OYUq2z4lBmMUxRwCtraADfU1bhCq6PkctmMiuDz6XmKqa9S8qHY-KBX8OC_ACmDbAQJMctnbDGUeyBZrU9H-0G5orD7eSRldS5Sj9_-IJzTagz7_GKGrw_IN72MNOhEnWSPBXMo3DsSABYH4iPAZ3_7ZYKgi0vwEBD_FPQ5Ck5c0qYoyYPgg-vRN6j492UFzQwXezKIWCXf1LNYiumfmHpQglSyjF4nsAgHUObE0sl5deFENmhaqazGmVtkEDpc58uyvJPwBtQxuheHH2ZPXVg_EOnF7RNdSJpHtqRasNtmiLJQdIh9w-CpdcM3xXBDiTu2o3g3PABYhVDJZBo7fqA]
2021-03-23 18:49:12.651 [main] INFO  com.neonomics.corelibraries.Session               : Headers :: [Content-Type=application/json;charset=UTF-8
X-CORRELATION-ID=19bfa602-2883-4cc5-88e7-079d65aa785c
X-Content-Type-Options=nosniff
X-XSS-Protection=1; mode=block
Content-Length=52
Expires=Tue, 23 Mar 2021 13:19:12 GMT
Cache-Control=max-age=0, no-cache, no-store
Pragma=no-cache
Date=Tue, 23 Mar 2021 13:19:12 GMT
Connection=keep-alive
Server-Timing=cdn-cache; desc=MISS
Server-Timing=edge; dur=116
Server-Timing=origin; dur=29
Strict-Transport-Security=max-age=86400 ; includeSubDomains ; preload]
2021-03-23 18:49:12.651 [main] INFO  com.neonomics.corelibraries.Session               : Cookies :: [{}]
2021-03-23 18:49:12.651 [main] INFO  com.neonomics.corelibraries.Session               : Status Code :: [201]
2021-03-23 18:49:12.651 [main] INFO  com.neonomics.corelibraries.Session               : Status Line :: [HTTP/1.1 201 Created]
2021-03-23 18:49:12.651 [main] INFO  com.neonomics.corelibraries.Session               : Session ID :: [null]
2021-03-23 18:49:12.652 [main] INFO  com.neonomics.corelibraries.Session               : Response Time :: [187] milliseconds
2021-03-23 18:49:12.652 [main] INFO  com.neonomics.corelibraries.Session               : Response :: [{"sessionId":"b0400574-cc93-4c72-8734-e140841b64e9"}]
2021-03-23 18:49:12.659 [main] INFO  stepDefinition.StepDefinitions_Functional_Test    : Recieved session ID as [b0400574-cc93-4c72-8734-e140841b64e9]
2021-03-23 18:49:12.660 [main] INFO  stepDefinition.StepDefinitions_Functional_Test    : Getting details for [Justo Bank] bank
2021-03-23 18:49:12.885 [main] INFO  com.neonomics.corelibraries.Session               : Headers :: [Content-Type=application/json;charset=UTF-8
X-CORRELATION-ID=15530b94-741d-4ed2-945a-759f5dfc4005
X-Content-Type-Options=nosniff
X-XSS-Protection=1; mode=block
Content-Length=136
Expires=Tue, 23 Mar 2021 13:19:13 GMT
Cache-Control=max-age=0, no-cache, no-store
Pragma=no-cache
Date=Tue, 23 Mar 2021 13:19:13 GMT
Connection=keep-alive
Server-Timing=cdn-cache; desc=MISS
Server-Timing=edge; dur=129
Server-Timing=origin; dur=40
Strict-Transport-Security=max-age=86400 ; includeSubDomains ; preload]
2021-03-23 18:49:12.885 [main] INFO  com.neonomics.corelibraries.Session               : Cookies :: [{}]
2021-03-23 18:49:12.885 [main] INFO  com.neonomics.corelibraries.Session               : Status Code :: [200]
2021-03-23 18:49:12.886 [main] INFO  com.neonomics.corelibraries.Session               : Status Line :: [HTTP/1.1 200 OK]
2021-03-23 18:49:12.886 [main] INFO  com.neonomics.corelibraries.Session               : Response Time :: [215] milliseconds
2021-03-23 18:49:12.886 [main] INFO  com.neonomics.corelibraries.Session               : Response :: [{"providerId":"justobank.v1","bankId":"anVzdG9iYW5rLnYxSlVTVE5PS0s=","bankName":"Justo Bank","createdAt":"Tue Mar 23 13:19:12 UTC 2021"}]
2021-03-23 18:49:12.900 [main] INFO  stepDefinition.StepDefinitions_Functional_Test    : Got bank details to validate current session [{bankId=anVzdG9iYW5rLnYxSlVTVE5PS0s=, bankName=Justo Bank}]
2021-03-23 18:49:12.901 [main] INFO  com.neonomics.corelibraries.Banks                 : Getting bank ID for bank [Hizonti Bank]
2021-03-23 18:49:12.901 [main] INFO  com.neonomics.corelibraries.Banks                 : Getting information about bank [Hizonti Bank]
2021-03-23 18:49:13.119 [main] INFO  com.neonomics.corelibraries.Banks                 : Headers :: [Content-Type=application/json;charset=UTF-8
X-CORRELATION-ID=aec858b6-7981-48a3-996c-cd75ca49f98e
X-Content-Type-Options=nosniff
X-XSS-Protection=1; mode=block
Vary=Accept-Encoding
Content-Encoding=gzip
Expires=Tue, 23 Mar 2021 13:19:13 GMT
Cache-Control=max-age=0, no-cache, no-store
Pragma=no-cache
Date=Tue, 23 Mar 2021 13:19:13 GMT
Content-Length=625
Connection=keep-alive
Server-Timing=cdn-cache; desc=MISS
Server-Timing=edge; dur=117
Server-Timing=origin; dur=36
Strict-Transport-Security=max-age=86400 ; includeSubDomains ; preload]
2021-03-23 18:49:13.119 [main] INFO  com.neonomics.corelibraries.Banks                 : Cookies :: [{}]
2021-03-23 18:49:13.119 [main] INFO  com.neonomics.corelibraries.Banks                 : Status Code :: [200]
2021-03-23 18:49:13.119 [main] INFO  com.neonomics.corelibraries.Banks                 : Status Line :: [HTTP/1.1 200 OK]
2021-03-23 18:49:13.119 [main] INFO  com.neonomics.corelibraries.Banks                 : Session ID :: [null]
2021-03-23 18:49:13.119 [main] INFO  com.neonomics.corelibraries.Banks                 : Response Time :: [203] milliseconds
2021-03-23 18:49:13.120 [main] INFO  com.neonomics.corelibraries.Banks                 : Response :: [[{"countryCode":"NO","bankingGroupName":"DNB Group","personalIdentificationRequired":true,"id":"RG5iLm5vLnYxRE5CQU5PS0s=","bankDisplayName":"DNB","supportedServices":["accounts","domestic-transfer"],"bic":"DNBANOKK","bankOfficialName":"DNB ASA","status":"AVAILABLE"},{"countryCode":"FI","bankingGroupName":"OP Financial Group","personalIdentificationRequired":false,"id":"T1AuRkkudjFPS09ZRklISA==","bankDisplayName":"OP","supportedServices":["accounts","sepa-credit"],"bic":"OKOYFIHH","bankOfficialName":"OP Andelslag","status":"UNAVAILABLE"},{"countryCode":"NO","bankingGroupName":"Sbanken","personalIdentificationRequired":false,"id":"U2Jhbmtlbi52MVNCQUtOT0JC","bankDisplayName":"Sbanken","supportedServices":["sepa-credit","domestic-transfer","accounts"],"bic":"SBAKNOBB","bankOfficialName":"Sbanken ASA","status":"AVAILABLE"},{"countryCode":"NO","bankingGroupName":"","personalIdentificationRequired":false,"id":"aGl6b250aWJhbmsudjFISVpPTk9LSw==","bankDisplayName":"Hizonti Bank","supportedServices":["accounts","sepa-credit"],"bic":"HIZONOKK","bankOfficialName":"","status":"AVAILABLE"},{"countryCode":"NO","bankingGroupName":"","personalIdentificationRequired":false,"id":"anVzdG9iYW5rLnYxSlVTVE5PS0s=","bankDisplayName":"Justo Bank","supportedServices":["accounts","sepa-credit"],"bic":"JUSTNOKK","bankOfficialName":"","status":"AVAILABLE"},{"countryCode":"SE","bankingGroupName":"SEB Group","personalIdentificationRequired":false,"id":"c2ViLnN3ZWRlbi52MUVTU0VTRVNT","bankDisplayName":"SEB","supportedServices":["accounts","sepa-credit","domestic-transfer","domestic-scheduled-transfer"],"bic":"ESSESESS","bankOfficialName":"Skandinaviska Enskilda Banken AB","status":"AVAILABLE"},{"countryCode":"FI","bankingGroupName":"S-Bank Ltd","personalIdentificationRequired":false,"id":"c3BhbmtraS52MVNCQU5GSUhI","bankDisplayName":"S-Pankki","supportedServices":["accounts","sepa-credit"],"bic":"SBANFIHH","bankOfficialName":"S-Banken Ab","status":"AVAILABLE"},{"countryCode":"NO","bankingGroupName":"Storebrand Group","personalIdentificationRequired":false,"id":"c3RvcmVicmFuZC52MVNURkJOT0tL","bankDisplayName":"Storebrand","supportedServices":["accounts","domestic-transfer"],"bic":"STFBNOKK","bankOfficialName":"Storebrand Bank ASA","status":"AVAILABLE"}]]
2021-03-23 18:49:13.122 [main] INFO  com.neonomics.corelibraries.Banks                 : Found bank [BankData [countryCode=NO, bankingGroupName=, personalIdentificationRequired=false, id=aGl6b250aWJhbmsudjFISVpPTk9LSw==, bankDisplayName=Hizonti Bank, supportedServices=[accounts, sepa-credit], bic=HIZONOKK, bankOfficialName=, status=AVAILABLE]] from all bank collection
2021-03-23 18:49:13.122 [main] INFO  com.neonomics.corelibraries.Banks                 : Found bank ID as [aGl6b250aWJhbmsudjFISVpPTk9LSw==]for bank [Hizonti Bank]
2021-03-23 18:49:13.122 [main] INFO  stepDefinition.StepDefinitions_Functional_Test    : Received Bank ID [aGl6b250aWJhbmsudjFISVpPTk9LSw==] for bank [Hizonti Bank] with provided device ID [example_id_for_quickstart].
2021-03-23 18:49:13.123 [main] INFO  stepDefinition.StepDefinitions_Functional_Test    : Creating session ID for bank [Hizonti Bank] when Device ID [example_id_for_quickstart] with token [eyJhbGciOiJSUzI1NiIsInR5cCIgOiAiSldUIiwia2lkIiA6ICJ2MmFQNDdIQXVTUi1qWmR5U3otNDVDV2RaOFhiWGFBMXNDbWhLbWtJLXRvIn0.eyJleHAiOjE2MTY1OTE5NTEsImlhdCI6MTYxNjUwNTU1MSwianRpIjoiYmYyMGRjZWUtZGVmNi00NTVlLWFlOTktYzEzZGJhZGZhNDQ0IiwiaXNzIjoiaHR0cHM6Ly9zYW5kYm94Lm5lb25vbWljcy5pby9hdXRoL3JlYWxtcy9zYW5kYm94Iiwic3ViIjoiMjE4MDlmM2EtOWJhOS00MDMxLTllM2QtOTdiNTY3Nzc5OWY5IiwidHlwIjoiQmVhcmVyIiwiYXpwIjoiM2QzNWY2MDYtY2Q1Ny00NzRmLTg2NzYtYjc4ZGZiZWFjMzQ1Iiwic2Vzc2lvbl9zdGF0ZSI6ImY0ODg4MDhlLTc4ZTUtNDNmYi1iNTU2LTg4ZTk0NjUzZjVmYyIsImFjciI6IjEiLCJzY29wZSI6ImJhbnFicmlkZ2VfY2xpZW50Iiwib3JnYW5pemF0aW9uSWQiOiI0MjRhNTc5My01NDQ4LTQ0NjMtODI2YS05NzdhOTc2MTY4NDIiLCJjbGllbnRJZCI6IjNkMzVmNjA2LWNkNTctNDc0Zi04Njc2LWI3OGRmYmVhYzM0NSIsImNsaWVudEhvc3QiOiIxMDMuMjAwLjEwNi4xNjYiLCJja2lkIjoiYmY2NGIzNTktOWFhZC00MjcxLWJjNjItNTFjNDI2NGQyZmQ3IiwiY2xpZW50QWRkcmVzcyI6IjEwMy4yMDAuMTA2LjE2NiJ9.OYUq2z4lBmMUxRwCtraADfU1bhCq6PkctmMiuDz6XmKqa9S8qHY-KBX8OC_ACmDbAQJMctnbDGUeyBZrU9H-0G5orD7eSRldS5Sj9_-IJzTagz7_GKGrw_IN72MNOhEnWSPBXMo3DsSABYH4iPAZ3_7ZYKgi0vwEBD_FPQ5Ck5c0qYoyYPgg-vRN6j492UFzQwXezKIWCXf1LNYiumfmHpQglSyjF4nsAgHUObE0sl5deFENmhaqazGmVtkEDpc58uyvJPwBtQxuheHH2ZPXVg_EOnF7RNdSJpHtqRasNtmiLJQdIh9w-CpdcM3xXBDiTu2o3g3PABYhVDJZBo7fqA]
2021-03-23 18:49:13.322 [main] INFO  com.neonomics.corelibraries.Session               : Headers :: [Content-Type=application/json;charset=UTF-8
X-CORRELATION-ID=7bde174d-9fe6-4049-aada-d4ea74028ff4
X-Content-Type-Options=nosniff
X-XSS-Protection=1; mode=block
Content-Length=52
Expires=Tue, 23 Mar 2021 13:19:13 GMT
Cache-Control=max-age=0, no-cache, no-store
Pragma=no-cache
Date=Tue, 23 Mar 2021 13:19:13 GMT
Connection=keep-alive
Server-Timing=cdn-cache; desc=MISS
Server-Timing=edge; dur=117
Server-Timing=origin; dur=21
Strict-Transport-Security=max-age=86400 ; includeSubDomains ; preload]
2021-03-23 18:49:13.322 [main] INFO  com.neonomics.corelibraries.Session               : Cookies :: [{}]
2021-03-23 18:49:13.322 [main] INFO  com.neonomics.corelibraries.Session               : Status Code :: [201]
2021-03-23 18:49:13.322 [main] INFO  com.neonomics.corelibraries.Session               : Status Line :: [HTTP/1.1 201 Created]
2021-03-23 18:49:13.322 [main] INFO  com.neonomics.corelibraries.Session               : Session ID :: [null]
2021-03-23 18:49:13.322 [main] INFO  com.neonomics.corelibraries.Session               : Response Time :: [190] milliseconds
2021-03-23 18:49:13.322 [main] INFO  com.neonomics.corelibraries.Session               : Response :: [{"sessionId":"3d88ac4e-00b3-4944-b7fe-fe45614eab1a"}]
2021-03-23 18:49:13.330 [main] INFO  stepDefinition.StepDefinitions_Functional_Test    : Recieved session ID as [3d88ac4e-00b3-4944-b7fe-fe45614eab1a]
2021-03-23 18:49:13.330 [main] INFO  stepDefinition.StepDefinitions_Functional_Test    : Getting details for [Hizonti Bank] bank
2021-03-23 18:49:13.513 [main] INFO  com.neonomics.corelibraries.Session               : Headers :: [Content-Type=application/json;charset=UTF-8
X-CORRELATION-ID=81dc5f68-d4f4-4005-ab89-766a9a683eaa
X-Content-Type-Options=nosniff
X-XSS-Protection=1; mode=block
Content-Length=144
Expires=Tue, 23 Mar 2021 13:19:13 GMT
Cache-Control=max-age=0, no-cache, no-store
Pragma=no-cache
Date=Tue, 23 Mar 2021 13:19:13 GMT
Connection=keep-alive
Server-Timing=cdn-cache; desc=MISS
Server-Timing=edge; dur=118
Server-Timing=origin; dur=21
Strict-Transport-Security=max-age=86400 ; includeSubDomains ; preload]
2021-03-23 18:49:13.513 [main] INFO  com.neonomics.corelibraries.Session               : Cookies :: [{}]
2021-03-23 18:49:13.513 [main] INFO  com.neonomics.corelibraries.Session               : Status Code :: [200]
2021-03-23 18:49:13.513 [main] INFO  com.neonomics.corelibraries.Session               : Status Line :: [HTTP/1.1 200 OK]
2021-03-23 18:49:13.513 [main] INFO  com.neonomics.corelibraries.Session               : Response Time :: [177] milliseconds
2021-03-23 18:49:13.514 [main] INFO  com.neonomics.corelibraries.Session               : Response :: [{"providerId":"hizontibank.v1","bankId":"aGl6b250aWJhbmsudjFISVpPTk9LSw==","bankName":"Hizonti Bank","createdAt":"Tue Mar 23 13:19:13 UTC 2021"}]
2021-03-23 18:49:13.531 [main] INFO  stepDefinition.StepDefinitions_Functional_Test    : Got bank details to validate current session [{bankId=aGl6b250aWJhbmsudjFISVpPTk9LSw==, bankName=Hizonti Bank}]
2021-03-23 18:49:13.532 [main] INFO  stepDefinition.StepDefinitions_Functional_Test    : Getting [Justo Bank] bank details to seek consent, where user [Accept] consent provided Device ID [example_id_for_quickstart] and redirect URL []
2021-03-23 18:49:13.532 [main] INFO  com.neonomics.corelibraries.Banks                 : Getting information about bank [Justo Bank]
2021-03-23 18:49:13.733 [main] INFO  com.neonomics.corelibraries.Banks                 : Headers :: [Content-Type=application/json;charset=UTF-8
X-CORRELATION-ID=64a49da6-3939-466a-b550-ed61ad30a6ce
X-Content-Type-Options=nosniff
X-XSS-Protection=1; mode=block
Vary=Accept-Encoding
Content-Encoding=gzip
Expires=Tue, 23 Mar 2021 13:19:13 GMT
Cache-Control=max-age=0, no-cache, no-store
Pragma=no-cache
Date=Tue, 23 Mar 2021 13:19:13 GMT
Content-Length=625
Connection=keep-alive
Server-Timing=cdn-cache; desc=MISS
Server-Timing=edge; dur=112
Server-Timing=origin; dur=32
Strict-Transport-Security=max-age=86400 ; includeSubDomains ; preload]
2021-03-23 18:49:13.733 [main] INFO  com.neonomics.corelibraries.Banks                 : Cookies :: [{}]
2021-03-23 18:49:13.733 [main] INFO  com.neonomics.corelibraries.Banks                 : Status Code :: [200]
2021-03-23 18:49:13.733 [main] INFO  com.neonomics.corelibraries.Banks                 : Status Line :: [HTTP/1.1 200 OK]
2021-03-23 18:49:13.733 [main] INFO  com.neonomics.corelibraries.Banks                 : Session ID :: [null]
2021-03-23 18:49:13.733 [main] INFO  com.neonomics.corelibraries.Banks                 : Response Time :: [188] milliseconds
2021-03-23 18:49:13.734 [main] INFO  com.neonomics.corelibraries.Banks                 : Response :: [[{"countryCode":"NO","bankingGroupName":"DNB Group","personalIdentificationRequired":true,"id":"RG5iLm5vLnYxRE5CQU5PS0s=","bankDisplayName":"DNB","supportedServices":["accounts","domestic-transfer"],"bic":"DNBANOKK","bankOfficialName":"DNB ASA","status":"AVAILABLE"},{"countryCode":"FI","bankingGroupName":"OP Financial Group","personalIdentificationRequired":false,"id":"T1AuRkkudjFPS09ZRklISA==","bankDisplayName":"OP","supportedServices":["accounts","sepa-credit"],"bic":"OKOYFIHH","bankOfficialName":"OP Andelslag","status":"UNAVAILABLE"},{"countryCode":"NO","bankingGroupName":"Sbanken","personalIdentificationRequired":false,"id":"U2Jhbmtlbi52MVNCQUtOT0JC","bankDisplayName":"Sbanken","supportedServices":["sepa-credit","domestic-transfer","accounts"],"bic":"SBAKNOBB","bankOfficialName":"Sbanken ASA","status":"AVAILABLE"},{"countryCode":"NO","bankingGroupName":"","personalIdentificationRequired":false,"id":"aGl6b250aWJhbmsudjFISVpPTk9LSw==","bankDisplayName":"Hizonti Bank","supportedServices":["accounts","sepa-credit"],"bic":"HIZONOKK","bankOfficialName":"","status":"AVAILABLE"},{"countryCode":"NO","bankingGroupName":"","personalIdentificationRequired":false,"id":"anVzdG9iYW5rLnYxSlVTVE5PS0s=","bankDisplayName":"Justo Bank","supportedServices":["accounts","sepa-credit"],"bic":"JUSTNOKK","bankOfficialName":"","status":"AVAILABLE"},{"countryCode":"SE","bankingGroupName":"SEB Group","personalIdentificationRequired":false,"id":"c2ViLnN3ZWRlbi52MUVTU0VTRVNT","bankDisplayName":"SEB","supportedServices":["accounts","sepa-credit","domestic-transfer","domestic-scheduled-transfer"],"bic":"ESSESESS","bankOfficialName":"Skandinaviska Enskilda Banken AB","status":"AVAILABLE"},{"countryCode":"FI","bankingGroupName":"S-Bank Ltd","personalIdentificationRequired":false,"id":"c3BhbmtraS52MVNCQU5GSUhI","bankDisplayName":"S-Pankki","supportedServices":["accounts","sepa-credit"],"bic":"SBANFIHH","bankOfficialName":"S-Banken Ab","status":"AVAILABLE"},{"countryCode":"NO","bankingGroupName":"Storebrand Group","personalIdentificationRequired":false,"id":"c3RvcmVicmFuZC52MVNURkJOT0tL","bankDisplayName":"Storebrand","supportedServices":["accounts","domestic-transfer"],"bic":"STFBNOKK","bankOfficialName":"Storebrand Bank ASA","status":"AVAILABLE"}]]
2021-03-23 18:49:13.740 [main] INFO  com.neonomics.corelibraries.Banks                 : Found bank [BankData [countryCode=NO, bankingGroupName=, personalIdentificationRequired=false, id=anVzdG9iYW5rLnYxSlVTVE5PS0s=, bankDisplayName=Justo Bank, supportedServices=[accounts, sepa-credit], bic=JUSTNOKK, bankOfficialName=, status=AVAILABLE]] from all bank collection
2021-03-23 18:49:13.740 [main] INFO  stepDefinition.StepDefinitions_Functional_Test    : Received bank details for bank [Justo Bank] as [BankData [countryCode=NO, bankingGroupName=, personalIdentificationRequired=false, id=anVzdG9iYW5rLnYxSlVTVE5PS0s=, bankDisplayName=Justo Bank, supportedServices=[accounts, sepa-credit], bic=JUSTNOKK, bankOfficialName=, status=AVAILABLE]]
2021-03-23 18:49:13.740 [main] INFO  stepDefinition.StepDefinitions_Functional_Test    : Checking whether PSU ID is required for bank [Justo Bank]
2021-03-23 18:49:13.740 [main] INFO  stepDefinition.StepDefinitions_Functional_Test    : Handling bank consent
2021-03-23 18:49:13.933 [main] INFO  com.neonomics.corelibraries.Accounts              : Headers :: [Content-Type=application/json;charset=UTF-8
Content-Length=525
X-CORRELATION-ID=4d6e54e3-e273-4c87-8489-a5c69a1639f0
Expires=Tue, 23 Mar 2021 13:19:14 GMT
Cache-Control=max-age=0, no-cache, no-store
Pragma=no-cache
Date=Tue, 23 Mar 2021 13:19:14 GMT
Connection=keep-alive
Server-Timing=cdn-cache; desc=MISS
Server-Timing=edge; dur=124
Server-Timing=origin; dur=20
Strict-Transport-Security=max-age=86400 ; includeSubDomains ; preload]
2021-03-23 18:49:13.933 [main] INFO  com.neonomics.corelibraries.Accounts              : Cookies :: [{}]
2021-03-23 18:49:13.933 [main] INFO  com.neonomics.corelibraries.Accounts              : Status Code :: [510]
2021-03-23 18:49:13.933 [main] INFO  com.neonomics.corelibraries.Accounts              : Status Line :: [HTTP/1.1 510 Unknown]
2021-03-23 18:49:13.933 [main] INFO  com.neonomics.corelibraries.Accounts              : Session ID :: [null]
2021-03-23 18:49:13.933 [main] INFO  com.neonomics.corelibraries.Accounts              : Response Time :: [190] milliseconds
2021-03-23 18:49:13.933 [main] INFO  com.neonomics.corelibraries.Accounts              : Response :: [{"id":"4d6e54e3-e273-4c87-8489-a5c69a1639f0","errorCode":"1426","message":"This resource needs to initialise consent. Please use the URL provided to continue. The consent Url will provide the bank authentication url. You can consume this resource after authenticating.","source":"C","type":"CONSENT","timestamp":1616505553987,"links":[{"type":"GET","rel":"consent","href":"https://sandbox.neonomics.io/ics/v3/consent/b0400574-cc93-4c72-8734-e140841b64e9?scope=accounts","meta":{"id":"b0400574-cc93-4c72-8734-e140841b64e9"}}]}]
2021-03-23 18:49:13.950 [main] INFO  com.neonomics.corelibraries.Accounts              : Response to check whether consent is needed = [{"id":"4d6e54e3-e273-4c87-8489-a5c69a1639f0","errorCode":"1426","message":"This resource needs to initialise consent. Please use the URL provided to continue. The consent Url will provide the bank authentication url. You can consume this resource after authenticating.","source":"C","type":"CONSENT","timestamp":1616505553987,"links":[{"type":"GET","rel":"consent","href":"https://sandbox.neonomics.io/ics/v3/consent/b0400574-cc93-4c72-8734-e140841b64e9?scope=accounts","meta":{"id":"b0400574-cc93-4c72-8734-e140841b64e9"}}]}]
2021-03-23 18:49:13.950 [main] INFO  com.neonomics.corelibraries.Accounts              : Bank consent is needed, therefore invoking consent handling mechanism using Web URL
2021-03-23 18:49:14.212 [main] INFO  com.neonomics.corelibraries.Accounts              : Headers :: [Content-Type=application/json;charset=UTF-8
Content-Length=405
X-CORRELATION-ID=fe63a4d0-74f4-414a-aa4d-a2332a5692a3
X-Content-Type-Options=nosniff
X-XSS-Protection=1; mode=block
Expires=Tue, 23 Mar 2021 13:19:14 GMT
Cache-Control=max-age=0, no-cache, no-store
Pragma=no-cache
Date=Tue, 23 Mar 2021 13:19:14 GMT
Connection=keep-alive
Server-Timing=cdn-cache; desc=MISS
Server-Timing=edge; dur=112
Server-Timing=origin; dur=35
Strict-Transport-Security=max-age=86400 ; includeSubDomains ; preload]
2021-03-23 18:49:14.213 [main] INFO  com.neonomics.corelibraries.Accounts              : Cookies :: [{}]
2021-03-23 18:49:14.213 [main] INFO  com.neonomics.corelibraries.Accounts              : Status Code :: [200]
2021-03-23 18:49:14.213 [main] INFO  com.neonomics.corelibraries.Accounts              : Status Line :: [HTTP/1.1 200 OK]
2021-03-23 18:49:14.213 [main] INFO  com.neonomics.corelibraries.Accounts              : Session ID :: [null]
2021-03-23 18:49:14.213 [main] INFO  com.neonomics.corelibraries.Accounts              : Response Time :: [211] milliseconds
2021-03-23 18:49:14.213 [main] INFO  com.neonomics.corelibraries.Accounts              : Response :: [{"message":"Please consent with the bank authentication URL provided to continue.","links":[{"type":"GET","rel":"consent","href":"https://sandbox.neonomics.io/auth/realms/justo/protocol/openid-connect/auth?response_type=code&redirect_uri=https%3A%2F%2Fsandbox.neonomics.io%2Fcallback&client_id=bankbridge-auth-code&state=eyJzIjoiYWNjb3VudHMiLCJpZCI6ImIwNDAwNTc0LWNjOTMtNGM3Mi04NzM0LWUxNDA4NDFiNjRlOSJ9"}]}]
2021-03-23 18:49:14.221 [main] INFO  com.neonomics.corelibraries.Accounts              : Found consent web URL [https://sandbox.neonomics.io/auth/realms/justo/protocol/openid-connect/auth?response_type=code&redirect_uri=https%3A%2F%2Fsandbox.neonomics.io%2Fcallback&client_id=bankbridge-auth-code&state=eyJzIjoiYWNjb3VudHMiLCJpZCI6ImIwNDAwNTc0LWNjOTMtNGM3Mi04NzM0LWUxNDA4NDFiNjRlOSJ9]
2021-03-23 18:49:14.228 [main] INFO  com.neonomics.corelibraries.Accounts              : Consent Web URL [https://sandbox.neonomics.io/auth/realms/justo/protocol/openid-connect/auth?response_type=code&redirect_uri=https%3A%2F%2Fsandbox.neonomics.io%2Fcallback&client_id=bankbridge-auth-code&state=eyJzIjoiYWNjb3VudHMiLCJpZCI6ImIwNDAwNTc0LWNjOTMtNGM3Mi04NzM0LWUxNDA4NDFiNjRlOSJ9] and user action [Accept]
2021-03-23 18:49:14.229 [main] INFO  com.neonomics.corelibraries.HandleConsentUI       : Getting consent via Web page
2021-03-23 18:49:14.229 [main] INFO  com.neonomics.corelibraries.HandleConsentUI       : Creating selenium webdriver instance
2021-03-23 18:49:15.569 [main] INFO  com.neonomics.corelibraries.HandleConsentUI       : Opening link in browser::[https://sandbox.neonomics.io/auth/realms/justo/protocol/openid-connect/auth?response_type=code&redirect_uri=https%3A%2F%2Fsandbox.neonomics.io%2Fcallback&client_id=bankbridge-auth-code&state=eyJzIjoiYWNjb3VudHMiLCJpZCI6ImIwNDAwNTc0LWNjOTMtNGM3Mi04NzM0LWUxNDA4NDFiNjRlOSJ9]
2021-03-23 18:49:17.072 [main] INFO  com.neonomics.corelibraries.HandleConsentUI       : Entering username in consent page as [aakashdahake@gmail.com]
2021-03-23 18:49:17.116 [main] INFO  com.neonomics.corelibraries.HandleConsentUI       : Entering password in consent page as [Neonomics#1]
2021-03-23 18:49:17.176 [main] INFO  com.neonomics.corelibraries.HandleConsentUI       : Clicking submit button on Web page
2021-03-23 18:49:17.786 [main] INFO  com.neonomics.corelibraries.HandleConsentUI       : Confirming that user have consent
2021-03-23 18:49:17.808 [main] INFO  com.neonomics.corelibraries.HandleConsentUI       : Closing browser
2021-03-23 18:49:18.472 [main] INFO  stepDefinition.StepDefinitions_Functional_Test    : Getting [Hizonti Bank] bank details to seek consent, where user [Accept] consent provided Device ID [example_id_for_quickstart] and redirect URL []
2021-03-23 18:49:18.472 [main] INFO  com.neonomics.corelibraries.Banks                 : Getting information about bank [Hizonti Bank]
2021-03-23 18:49:18.692 [main] INFO  com.neonomics.corelibraries.Banks                 : Headers :: [Content-Type=application/json;charset=UTF-8
X-CORRELATION-ID=3b0cc935-4d80-4825-9914-742d32f5ae39
X-Content-Type-Options=nosniff
X-XSS-Protection=1; mode=block
Vary=Accept-Encoding
Content-Encoding=gzip
Expires=Tue, 23 Mar 2021 13:19:18 GMT
Cache-Control=max-age=0, no-cache, no-store
Pragma=no-cache
Date=Tue, 23 Mar 2021 13:19:18 GMT
Content-Length=625
Connection=keep-alive
Server-Timing=cdn-cache; desc=MISS
Server-Timing=edge; dur=123
Server-Timing=origin; dur=36
Strict-Transport-Security=max-age=86400 ; includeSubDomains ; preload]
2021-03-23 18:49:18.693 [main] INFO  com.neonomics.corelibraries.Banks                 : Cookies :: [{}]
2021-03-23 18:49:18.693 [main] INFO  com.neonomics.corelibraries.Banks                 : Status Code :: [200]
2021-03-23 18:49:18.693 [main] INFO  com.neonomics.corelibraries.Banks                 : Status Line :: [HTTP/1.1 200 OK]
2021-03-23 18:49:18.693 [main] INFO  com.neonomics.corelibraries.Banks                 : Session ID :: [null]
2021-03-23 18:49:18.693 [main] INFO  com.neonomics.corelibraries.Banks                 : Response Time :: [210] milliseconds
2021-03-23 18:49:18.693 [main] INFO  com.neonomics.corelibraries.Banks                 : Response :: [[{"countryCode":"NO","bankingGroupName":"DNB Group","personalIdentificationRequired":true,"id":"RG5iLm5vLnYxRE5CQU5PS0s=","bankDisplayName":"DNB","supportedServices":["accounts","domestic-transfer"],"bic":"DNBANOKK","bankOfficialName":"DNB ASA","status":"AVAILABLE"},{"countryCode":"FI","bankingGroupName":"OP Financial Group","personalIdentificationRequired":false,"id":"T1AuRkkudjFPS09ZRklISA==","bankDisplayName":"OP","supportedServices":["accounts","sepa-credit"],"bic":"OKOYFIHH","bankOfficialName":"OP Andelslag","status":"UNAVAILABLE"},{"countryCode":"NO","bankingGroupName":"Sbanken","personalIdentificationRequired":false,"id":"U2Jhbmtlbi52MVNCQUtOT0JC","bankDisplayName":"Sbanken","supportedServices":["sepa-credit","domestic-transfer","accounts"],"bic":"SBAKNOBB","bankOfficialName":"Sbanken ASA","status":"AVAILABLE"},{"countryCode":"NO","bankingGroupName":"","personalIdentificationRequired":false,"id":"aGl6b250aWJhbmsudjFISVpPTk9LSw==","bankDisplayName":"Hizonti Bank","supportedServices":["accounts","sepa-credit"],"bic":"HIZONOKK","bankOfficialName":"","status":"AVAILABLE"},{"countryCode":"NO","bankingGroupName":"","personalIdentificationRequired":false,"id":"anVzdG9iYW5rLnYxSlVTVE5PS0s=","bankDisplayName":"Justo Bank","supportedServices":["accounts","sepa-credit"],"bic":"JUSTNOKK","bankOfficialName":"","status":"AVAILABLE"},{"countryCode":"SE","bankingGroupName":"SEB Group","personalIdentificationRequired":false,"id":"c2ViLnN3ZWRlbi52MUVTU0VTRVNT","bankDisplayName":"SEB","supportedServices":["accounts","sepa-credit","domestic-transfer","domestic-scheduled-transfer"],"bic":"ESSESESS","bankOfficialName":"Skandinaviska Enskilda Banken AB","status":"AVAILABLE"},{"countryCode":"FI","bankingGroupName":"S-Bank Ltd","personalIdentificationRequired":false,"id":"c3BhbmtraS52MVNCQU5GSUhI","bankDisplayName":"S-Pankki","supportedServices":["accounts","sepa-credit"],"bic":"SBANFIHH","bankOfficialName":"S-Banken Ab","status":"AVAILABLE"},{"countryCode":"NO","bankingGroupName":"Storebrand Group","personalIdentificationRequired":false,"id":"c3RvcmVicmFuZC52MVNURkJOT0tL","bankDisplayName":"Storebrand","supportedServices":["accounts","domestic-transfer"],"bic":"STFBNOKK","bankOfficialName":"Storebrand Bank ASA","status":"AVAILABLE"}]]
2021-03-23 18:49:18.694 [main] INFO  com.neonomics.corelibraries.Banks                 : Found bank [BankData [countryCode=NO, bankingGroupName=, personalIdentificationRequired=false, id=aGl6b250aWJhbmsudjFISVpPTk9LSw==, bankDisplayName=Hizonti Bank, supportedServices=[accounts, sepa-credit], bic=HIZONOKK, bankOfficialName=, status=AVAILABLE]] from all bank collection
2021-03-23 18:49:18.695 [main] INFO  stepDefinition.StepDefinitions_Functional_Test    : Received bank details for bank [Hizonti Bank] as [BankData [countryCode=NO, bankingGroupName=, personalIdentificationRequired=false, id=aGl6b250aWJhbmsudjFISVpPTk9LSw==, bankDisplayName=Hizonti Bank, supportedServices=[accounts, sepa-credit], bic=HIZONOKK, bankOfficialName=, status=AVAILABLE]]
2021-03-23 18:49:18.695 [main] INFO  stepDefinition.StepDefinitions_Functional_Test    : Checking whether PSU ID is required for bank [Hizonti Bank]
2021-03-23 18:49:18.695 [main] INFO  stepDefinition.StepDefinitions_Functional_Test    : Handling bank consent
2021-03-23 18:49:18.868 [main] INFO  com.neonomics.corelibraries.Accounts              : Headers :: [Content-Type=application/json;charset=UTF-8
Content-Length=525
X-CORRELATION-ID=0770c11d-4526-4f45-955b-a3c62214b4b8
Expires=Tue, 23 Mar 2021 13:19:18 GMT
Cache-Control=max-age=0, no-cache, no-store
Pragma=no-cache
Date=Tue, 23 Mar 2021 13:19:18 GMT
Connection=keep-alive
Server-Timing=cdn-cache; desc=MISS
Server-Timing=edge; dur=112
Server-Timing=origin; dur=20
Strict-Transport-Security=max-age=86400 ; includeSubDomains ; preload]
2021-03-23 18:49:18.868 [main] INFO  com.neonomics.corelibraries.Accounts              : Cookies :: [{}]
2021-03-23 18:49:18.869 [main] INFO  com.neonomics.corelibraries.Accounts              : Status Code :: [510]
2021-03-23 18:49:18.869 [main] INFO  com.neonomics.corelibraries.Accounts              : Status Line :: [HTTP/1.1 510 Unknown]
2021-03-23 18:49:18.869 [main] INFO  com.neonomics.corelibraries.Accounts              : Session ID :: [null]
2021-03-23 18:49:18.869 [main] INFO  com.neonomics.corelibraries.Accounts              : Response Time :: [172] milliseconds
2021-03-23 18:49:18.869 [main] INFO  com.neonomics.corelibraries.Accounts              : Response :: [{"id":"0770c11d-4526-4f45-955b-a3c62214b4b8","errorCode":"1426","message":"This resource needs to initialise consent. Please use the URL provided to continue. The consent Url will provide the bank authentication url. You can consume this resource after authenticating.","source":"C","type":"CONSENT","timestamp":1616505558935,"links":[{"type":"GET","rel":"consent","href":"https://sandbox.neonomics.io/ics/v3/consent/3d88ac4e-00b3-4944-b7fe-fe45614eab1a?scope=accounts","meta":{"id":"3d88ac4e-00b3-4944-b7fe-fe45614eab1a"}}]}]
2021-03-23 18:49:18.888 [main] INFO  com.neonomics.corelibraries.Accounts              : Response to check whether consent is needed = [{"id":"0770c11d-4526-4f45-955b-a3c62214b4b8","errorCode":"1426","message":"This resource needs to initialise consent. Please use the URL provided to continue. The consent Url will provide the bank authentication url. You can consume this resource after authenticating.","source":"C","type":"CONSENT","timestamp":1616505558935,"links":[{"type":"GET","rel":"consent","href":"https://sandbox.neonomics.io/ics/v3/consent/3d88ac4e-00b3-4944-b7fe-fe45614eab1a?scope=accounts","meta":{"id":"3d88ac4e-00b3-4944-b7fe-fe45614eab1a"}}]}]
2021-03-23 18:49:18.889 [main] INFO  com.neonomics.corelibraries.Accounts              : Bank consent is needed, therefore invoking consent handling mechanism using Web URL
2021-03-23 18:49:19.106 [main] INFO  com.neonomics.corelibraries.Accounts              : Headers :: [Content-Type=application/json;charset=UTF-8
Content-Length=407
X-CORRELATION-ID=37b33b56-cc06-4753-a8eb-ff801a0f7f3d
X-Content-Type-Options=nosniff
X-XSS-Protection=1; mode=block
Expires=Tue, 23 Mar 2021 13:19:19 GMT
Cache-Control=max-age=0, no-cache, no-store
Pragma=no-cache
Date=Tue, 23 Mar 2021 13:19:19 GMT
Connection=keep-alive
Server-Timing=cdn-cache; desc=MISS
Server-Timing=edge; dur=113
Server-Timing=origin; dur=33
Strict-Transport-Security=max-age=86400 ; includeSubDomains ; preload]
2021-03-23 18:49:19.106 [main] INFO  com.neonomics.corelibraries.Accounts              : Cookies :: [{}]
2021-03-23 18:49:19.106 [main] INFO  com.neonomics.corelibraries.Accounts              : Status Code :: [200]
2021-03-23 18:49:19.106 [main] INFO  com.neonomics.corelibraries.Accounts              : Status Line :: [HTTP/1.1 200 OK]
2021-03-23 18:49:19.106 [main] INFO  com.neonomics.corelibraries.Accounts              : Session ID :: [null]
2021-03-23 18:49:19.107 [main] INFO  com.neonomics.corelibraries.Accounts              : Response Time :: [194] milliseconds
2021-03-23 18:49:19.107 [main] INFO  com.neonomics.corelibraries.Accounts              : Response :: [{"message":"Please consent with the bank authentication URL provided to continue.","links":[{"type":"GET","rel":"consent","href":"https://sandbox.neonomics.io/auth/realms/hizonti/protocol/openid-connect/auth?response_type=code&redirect_uri=https%3A%2F%2Fsandbox.neonomics.io%2Fcallback&client_id=bankbridge-auth-code&state=eyJzIjoiYWNjb3VudHMiLCJpZCI6IjNkODhhYzRlLTAwYjMtNDk0NC1iN2ZlLWZlNDU2MTRlYWIxYSJ9"}]}]
2021-03-23 18:49:19.114 [main] INFO  com.neonomics.corelibraries.Accounts              : Found consent web URL [https://sandbox.neonomics.io/auth/realms/hizonti/protocol/openid-connect/auth?response_type=code&redirect_uri=https%3A%2F%2Fsandbox.neonomics.io%2Fcallback&client_id=bankbridge-auth-code&state=eyJzIjoiYWNjb3VudHMiLCJpZCI6IjNkODhhYzRlLTAwYjMtNDk0NC1iN2ZlLWZlNDU2MTRlYWIxYSJ9]
2021-03-23 18:49:19.122 [main] INFO  com.neonomics.corelibraries.Accounts              : Consent Web URL [https://sandbox.neonomics.io/auth/realms/hizonti/protocol/openid-connect/auth?response_type=code&redirect_uri=https%3A%2F%2Fsandbox.neonomics.io%2Fcallback&client_id=bankbridge-auth-code&state=eyJzIjoiYWNjb3VudHMiLCJpZCI6IjNkODhhYzRlLTAwYjMtNDk0NC1iN2ZlLWZlNDU2MTRlYWIxYSJ9] and user action [Accept]
2021-03-23 18:49:19.122 [main] INFO  com.neonomics.corelibraries.HandleConsentUI       : Getting consent via Web page
2021-03-23 18:49:19.122 [main] INFO  com.neonomics.corelibraries.HandleConsentUI       : Creating selenium webdriver instance
2021-03-23 18:49:20.246 [main] INFO  com.neonomics.corelibraries.HandleConsentUI       : Opening link in browser::[https://sandbox.neonomics.io/auth/realms/hizonti/protocol/openid-connect/auth?response_type=code&redirect_uri=https%3A%2F%2Fsandbox.neonomics.io%2Fcallback&client_id=bankbridge-auth-code&state=eyJzIjoiYWNjb3VudHMiLCJpZCI6IjNkODhhYzRlLTAwYjMtNDk0NC1iN2ZlLWZlNDU2MTRlYWIxYSJ9]
2021-03-23 18:49:21.523 [main] INFO  com.neonomics.corelibraries.HandleConsentUI       : Entering username in consent page as [aakashdahake@gmail.com]
2021-03-23 18:49:21.567 [main] INFO  com.neonomics.corelibraries.HandleConsentUI       : Entering password in consent page as [Neonomics#1]
2021-03-23 18:49:21.621 [main] INFO  com.neonomics.corelibraries.HandleConsentUI       : Clicking submit button on Web page
2021-03-23 18:49:22.168 [main] INFO  com.neonomics.corelibraries.HandleConsentUI       : Confirming that user have consent
2021-03-23 18:49:22.190 [main] INFO  com.neonomics.corelibraries.HandleConsentUI       : Closing browser
2021-03-23 18:49:22.850 [main] INFO  com.neonomics.corelibraries.Banks                 : Verifying that bank [Justo Bank] supports [sepa-credit] payment type
2021-03-23 18:49:22.850 [main] INFO  com.neonomics.corelibraries.Banks                 : Getting information about bank [Justo Bank]
2021-03-23 18:49:23.050 [main] INFO  com.neonomics.corelibraries.Banks                 : Headers :: [Content-Type=application/json;charset=UTF-8
X-CORRELATION-ID=c93c7a0b-1fee-457a-9790-f2e402cbe35b
X-Content-Type-Options=nosniff
X-XSS-Protection=1; mode=block
Vary=Accept-Encoding
Content-Encoding=gzip
Expires=Tue, 23 Mar 2021 13:19:23 GMT
Cache-Control=max-age=0, no-cache, no-store
Pragma=no-cache
Date=Tue, 23 Mar 2021 13:19:23 GMT
Content-Length=625
Connection=keep-alive
Server-Timing=cdn-cache; desc=MISS
Server-Timing=edge; dur=116
Server-Timing=origin; dur=33
Strict-Transport-Security=max-age=86400 ; includeSubDomains ; preload]
2021-03-23 18:49:23.051 [main] INFO  com.neonomics.corelibraries.Banks                 : Cookies :: [{}]
2021-03-23 18:49:23.051 [main] INFO  com.neonomics.corelibraries.Banks                 : Status Code :: [200]
2021-03-23 18:49:23.051 [main] INFO  com.neonomics.corelibraries.Banks                 : Status Line :: [HTTP/1.1 200 OK]
2021-03-23 18:49:23.051 [main] INFO  com.neonomics.corelibraries.Banks                 : Session ID :: [null]
2021-03-23 18:49:23.051 [main] INFO  com.neonomics.corelibraries.Banks                 : Response Time :: [191] milliseconds
2021-03-23 18:49:23.051 [main] INFO  com.neonomics.corelibraries.Banks                 : Response :: [[{"countryCode":"NO","bankingGroupName":"DNB Group","personalIdentificationRequired":true,"id":"RG5iLm5vLnYxRE5CQU5PS0s=","bankDisplayName":"DNB","supportedServices":["accounts","domestic-transfer"],"bic":"DNBANOKK","bankOfficialName":"DNB ASA","status":"AVAILABLE"},{"countryCode":"FI","bankingGroupName":"OP Financial Group","personalIdentificationRequired":false,"id":"T1AuRkkudjFPS09ZRklISA==","bankDisplayName":"OP","supportedServices":["accounts","sepa-credit"],"bic":"OKOYFIHH","bankOfficialName":"OP Andelslag","status":"UNAVAILABLE"},{"countryCode":"NO","bankingGroupName":"Sbanken","personalIdentificationRequired":false,"id":"U2Jhbmtlbi52MVNCQUtOT0JC","bankDisplayName":"Sbanken","supportedServices":["sepa-credit","domestic-transfer","accounts"],"bic":"SBAKNOBB","bankOfficialName":"Sbanken ASA","status":"AVAILABLE"},{"countryCode":"NO","bankingGroupName":"","personalIdentificationRequired":false,"id":"aGl6b250aWJhbmsudjFISVpPTk9LSw==","bankDisplayName":"Hizonti Bank","supportedServices":["accounts","sepa-credit"],"bic":"HIZONOKK","bankOfficialName":"","status":"AVAILABLE"},{"countryCode":"NO","bankingGroupName":"","personalIdentificationRequired":false,"id":"anVzdG9iYW5rLnYxSlVTVE5PS0s=","bankDisplayName":"Justo Bank","supportedServices":["accounts","sepa-credit"],"bic":"JUSTNOKK","bankOfficialName":"","status":"AVAILABLE"},{"countryCode":"SE","bankingGroupName":"SEB Group","personalIdentificationRequired":false,"id":"c2ViLnN3ZWRlbi52MUVTU0VTRVNT","bankDisplayName":"SEB","supportedServices":["accounts","sepa-credit","domestic-transfer","domestic-scheduled-transfer"],"bic":"ESSESESS","bankOfficialName":"Skandinaviska Enskilda Banken AB","status":"AVAILABLE"},{"countryCode":"FI","bankingGroupName":"S-Bank Ltd","personalIdentificationRequired":false,"id":"c3BhbmtraS52MVNCQU5GSUhI","bankDisplayName":"S-Pankki","supportedServices":["accounts","sepa-credit"],"bic":"SBANFIHH","bankOfficialName":"S-Banken Ab","status":"AVAILABLE"},{"countryCode":"NO","bankingGroupName":"Storebrand Group","personalIdentificationRequired":false,"id":"c3RvcmVicmFuZC52MVNURkJOT0tL","bankDisplayName":"Storebrand","supportedServices":["accounts","domestic-transfer"],"bic":"STFBNOKK","bankOfficialName":"Storebrand Bank ASA","status":"AVAILABLE"}]]
2021-03-23 18:49:23.052 [main] INFO  com.neonomics.corelibraries.Banks                 : Found bank [BankData [countryCode=NO, bankingGroupName=, personalIdentificationRequired=false, id=anVzdG9iYW5rLnYxSlVTVE5PS0s=, bankDisplayName=Justo Bank, supportedServices=[accounts, sepa-credit], bic=JUSTNOKK, bankOfficialName=, status=AVAILABLE]] from all bank collection
2021-03-23 18:49:23.052 [main] INFO  com.neonomics.corelibraries.Banks                 : Payment method [sepa-credit] is supported by bank [Justo Bank]
2021-03-23 18:49:23.052 [main] INFO  stepDefinition.StepDefinitions_Functional_Test    : Sender bank [Justo Bank] have support for payment type [sepa-credit]::[true]
2021-03-23 18:49:23.052 [main] INFO  com.neonomics.corelibraries.Banks                 : Verifying that bank [Hizonti Bank] supports [sepa-credit] payment type
2021-03-23 18:49:23.052 [main] INFO  com.neonomics.corelibraries.Banks                 : Getting information about bank [Hizonti Bank]
2021-03-23 18:49:23.241 [main] INFO  com.neonomics.corelibraries.Banks                 : Headers :: [Content-Type=application/json;charset=UTF-8
X-CORRELATION-ID=becf7500-52a0-4e93-804e-ea151017a9d7
X-Content-Type-Options=nosniff
X-XSS-Protection=1; mode=block
Vary=Accept-Encoding
Content-Encoding=gzip
Expires=Tue, 23 Mar 2021 13:19:23 GMT
Cache-Control=max-age=0, no-cache, no-store
Pragma=no-cache
Date=Tue, 23 Mar 2021 13:19:23 GMT
Content-Length=625
Connection=keep-alive
Server-Timing=cdn-cache; desc=MISS
Server-Timing=edge; dur=114
Server-Timing=origin; dur=30
Strict-Transport-Security=max-age=86400 ; includeSubDomains ; preload]
2021-03-23 18:49:23.241 [main] INFO  com.neonomics.corelibraries.Banks                 : Cookies :: [{}]
2021-03-23 18:49:23.241 [main] INFO  com.neonomics.corelibraries.Banks                 : Status Code :: [200]
2021-03-23 18:49:23.241 [main] INFO  com.neonomics.corelibraries.Banks                 : Status Line :: [HTTP/1.1 200 OK]
2021-03-23 18:49:23.241 [main] INFO  com.neonomics.corelibraries.Banks                 : Session ID :: [null]
2021-03-23 18:49:23.241 [main] INFO  com.neonomics.corelibraries.Banks                 : Response Time :: [180] milliseconds
2021-03-23 18:49:23.242 [main] INFO  com.neonomics.corelibraries.Banks                 : Response :: [[{"countryCode":"NO","bankingGroupName":"DNB Group","personalIdentificationRequired":true,"id":"RG5iLm5vLnYxRE5CQU5PS0s=","bankDisplayName":"DNB","supportedServices":["accounts","domestic-transfer"],"bic":"DNBANOKK","bankOfficialName":"DNB ASA","status":"AVAILABLE"},{"countryCode":"FI","bankingGroupName":"OP Financial Group","personalIdentificationRequired":false,"id":"T1AuRkkudjFPS09ZRklISA==","bankDisplayName":"OP","supportedServices":["accounts","sepa-credit"],"bic":"OKOYFIHH","bankOfficialName":"OP Andelslag","status":"UNAVAILABLE"},{"countryCode":"NO","bankingGroupName":"Sbanken","personalIdentificationRequired":false,"id":"U2Jhbmtlbi52MVNCQUtOT0JC","bankDisplayName":"Sbanken","supportedServices":["sepa-credit","domestic-transfer","accounts"],"bic":"SBAKNOBB","bankOfficialName":"Sbanken ASA","status":"AVAILABLE"},{"countryCode":"NO","bankingGroupName":"","personalIdentificationRequired":false,"id":"aGl6b250aWJhbmsudjFISVpPTk9LSw==","bankDisplayName":"Hizonti Bank","supportedServices":["accounts","sepa-credit"],"bic":"HIZONOKK","bankOfficialName":"","status":"AVAILABLE"},{"countryCode":"NO","bankingGroupName":"","personalIdentificationRequired":false,"id":"anVzdG9iYW5rLnYxSlVTVE5PS0s=","bankDisplayName":"Justo Bank","supportedServices":["accounts","sepa-credit"],"bic":"JUSTNOKK","bankOfficialName":"","status":"AVAILABLE"},{"countryCode":"SE","bankingGroupName":"SEB Group","personalIdentificationRequired":false,"id":"c2ViLnN3ZWRlbi52MUVTU0VTRVNT","bankDisplayName":"SEB","supportedServices":["accounts","sepa-credit","domestic-transfer","domestic-scheduled-transfer"],"bic":"ESSESESS","bankOfficialName":"Skandinaviska Enskilda Banken AB","status":"AVAILABLE"},{"countryCode":"FI","bankingGroupName":"S-Bank Ltd","personalIdentificationRequired":false,"id":"c3BhbmtraS52MVNCQU5GSUhI","bankDisplayName":"S-Pankki","supportedServices":["accounts","sepa-credit"],"bic":"SBANFIHH","bankOfficialName":"S-Banken Ab","status":"AVAILABLE"},{"countryCode":"NO","bankingGroupName":"Storebrand Group","personalIdentificationRequired":false,"id":"c3RvcmVicmFuZC52MVNURkJOT0tL","bankDisplayName":"Storebrand","supportedServices":["accounts","domestic-transfer"],"bic":"STFBNOKK","bankOfficialName":"Storebrand Bank ASA","status":"AVAILABLE"}]]
2021-03-23 18:49:23.244 [main] INFO  com.neonomics.corelibraries.Banks                 : Found bank [BankData [countryCode=NO, bankingGroupName=, personalIdentificationRequired=false, id=aGl6b250aWJhbmsudjFISVpPTk9LSw==, bankDisplayName=Hizonti Bank, supportedServices=[accounts, sepa-credit], bic=HIZONOKK, bankOfficialName=, status=AVAILABLE]] from all bank collection
2021-03-23 18:49:23.244 [main] INFO  com.neonomics.corelibraries.Banks                 : Payment method [sepa-credit] is supported by bank [Hizonti Bank]
2021-03-23 18:49:23.244 [main] INFO  stepDefinition.StepDefinitions_Functional_Test    : Sender bank [Hizonti Bank] have support for payment type [sepa-credit]::[true]
2021-03-23 18:49:23.244 [main] INFO  stepDefinition.StepDefinitions_Functional_Test    : Validating that provided account number is present on sender's bank [Justo Bank] with session ID [b0400574-cc93-4c72-8734-e140841b64e9]
2021-03-23 18:49:23.244 [main] INFO  com.neonomics.corelibraries.Accounts              : Retrieving list of accounts with session ID provided as [example_id_for_quickstart]
2021-03-23 18:49:23.504 [main] INFO  com.neonomics.corelibraries.Accounts              : Headers :: [Content-Type=application/json;charset=UTF-8
Content-Length=229
X-CORRELATION-ID=8116684c-6b6e-4739-bf04-d068147472ea
X-Content-Type-Options=nosniff
X-XSS-Protection=1; mode=block
Expires=Tue, 23 Mar 2021 13:19:23 GMT
Cache-Control=max-age=0, no-cache, no-store
Pragma=no-cache
Date=Tue, 23 Mar 2021 13:19:23 GMT
Connection=keep-alive
Server-Timing=cdn-cache; desc=MISS
Server-Timing=edge; dur=113
Server-Timing=origin; dur=96
Strict-Transport-Security=max-age=86400 ; includeSubDomains ; preload]
2021-03-23 18:49:23.504 [main] INFO  com.neonomics.corelibraries.Accounts              : Cookies :: [{}]
2021-03-23 18:49:23.504 [main] INFO  com.neonomics.corelibraries.Accounts              : Status Code :: [200]
2021-03-23 18:49:23.504 [main] INFO  com.neonomics.corelibraries.Accounts              : Status Line :: [HTTP/1.1 200 OK]
2021-03-23 18:49:23.504 [main] INFO  com.neonomics.corelibraries.Accounts              : Session ID :: [null]
2021-03-23 18:49:23.504 [main] INFO  com.neonomics.corelibraries.Accounts              : Response Time :: [255] milliseconds
2021-03-23 18:49:23.505 [main] INFO  com.neonomics.corelibraries.Accounts              : Response :: [[{"id":"ZmJkM2QzMDEtZjNkYS00ZmYzLWI3YjgtMjY3YzVjZGJiYTBh","iban":"NO6404948998640","bban":"04948998640","accountName":"aakashdahake@gmail.com","accountType":"SVGS","balances":[{"amount":"4790.0","currency":"EUR","type":"CRRT"}]}]]
2021-03-23 18:49:23.508 [main] INFO  com.neonomics.corelibraries.Accounts              : Validating that account belong to bank with session ID [b0400574-cc93-4c72-8734-e140841b64e9]
2021-03-23 18:49:23.508 [main] INFO  com.neonomics.corelibraries.Accounts              : Account number [NO6404948998640] found as [IBAN]
2021-03-23 18:49:23.508 [main] INFO  stepDefinition.StepDefinitions_Functional_Test    : Validating that provided account number is present on receiver's bank [Hizonti Bank] with session ID [3d88ac4e-00b3-4944-b7fe-fe45614eab1a]
2021-03-23 18:49:23.508 [main] INFO  com.neonomics.corelibraries.Accounts              : Retrieving list of accounts with session ID provided as [example_id_for_quickstart]
2021-03-23 18:49:23.764 [main] INFO  com.neonomics.corelibraries.Accounts              : Headers :: [Content-Type=application/json;charset=UTF-8
Content-Length=208
X-CORRELATION-ID=80dbb380-0d54-4777-b185-03e0e043da95
X-Content-Type-Options=nosniff
X-XSS-Protection=1; mode=block
Expires=Tue, 23 Mar 2021 13:19:23 GMT
Cache-Control=max-age=0, no-cache, no-store
Pragma=no-cache
Date=Tue, 23 Mar 2021 13:19:23 GMT
Connection=keep-alive
Server-Timing=cdn-cache; desc=MISS
Server-Timing=edge; dur=113
Server-Timing=origin; dur=105
Strict-Transport-Security=max-age=86400 ; includeSubDomains ; preload]
2021-03-23 18:49:23.764 [main] INFO  com.neonomics.corelibraries.Accounts              : Cookies :: [{}]
2021-03-23 18:49:23.764 [main] INFO  com.neonomics.corelibraries.Accounts              : Status Code :: [200]
2021-03-23 18:49:23.764 [main] INFO  com.neonomics.corelibraries.Accounts              : Status Line :: [HTTP/1.1 200 OK]
2021-03-23 18:49:23.764 [main] INFO  com.neonomics.corelibraries.Accounts              : Session ID :: [null]
2021-03-23 18:49:23.765 [main] INFO  com.neonomics.corelibraries.Accounts              : Response Time :: [254] milliseconds
2021-03-23 18:49:23.765 [main] INFO  com.neonomics.corelibraries.Accounts              : Response :: [[{"id":"M2NlOTQ4NTctZTBkYy00MzQzLTgwNmItZTAyNjUzZjEwZjEw","iban":"NO4313081115656","accountName":"aakashdahake@gmail.com","accountType":"SVGS","balances":[{"amount":"5210.0","currency":"EUR","type":"CRRT"}]}]]
2021-03-23 18:49:23.765 [main] INFO  com.neonomics.corelibraries.Accounts              : Validating that account belong to bank with session ID [3d88ac4e-00b3-4944-b7fe-fe45614eab1a]
2021-03-23 18:49:23.765 [main] INFO  com.neonomics.corelibraries.Accounts              : Account number [NO4313081115656] found as [IBAN]
2021-03-23 18:49:23.765 [main] INFO  stepDefinition.StepDefinitions_Functional_Test    : Sender Bank support SEPA [true], Receiver bank support SEPA [true], Does sender bank account exists [true], Does Receiver bank account exists [true]
2021-03-23 18:49:24.163 [main] INFO  com.neonomics.corelibraries.Payments              : Headers :: [Content-Type=application/json;charset=UTF-8
Content-Length=114
X-CORRELATION-ID=1928af83-14c1-467b-8c93-48a31c3e303f
X-Content-Type-Options=nosniff
X-XSS-Protection=1; mode=block
Expires=Tue, 23 Mar 2021 13:19:24 GMT
Cache-Control=max-age=0, no-cache, no-store
Pragma=no-cache
Date=Tue, 23 Mar 2021 13:19:24 GMT
Connection=keep-alive
Server-Timing=cdn-cache; desc=MISS
Server-Timing=edge; dur=118
Server-Timing=origin; dur=118
Strict-Transport-Security=max-age=86400 ; includeSubDomains ; preload]
2021-03-23 18:49:24.163 [main] INFO  com.neonomics.corelibraries.Payments              : Cookies :: [{}]
2021-03-23 18:49:24.163 [main] INFO  com.neonomics.corelibraries.Payments              : Status Code :: [201]
2021-03-23 18:49:24.163 [main] INFO  com.neonomics.corelibraries.Payments              : Status Line :: [HTTP/1.1 201 Created]
2021-03-23 18:49:24.163 [main] INFO  com.neonomics.corelibraries.Payments              : Session ID :: [null]
2021-03-23 18:49:24.163 [main] INFO  com.neonomics.corelibraries.Payments              : Response Time :: [309] milliseconds
2021-03-23 18:49:24.163 [main] INFO  com.neonomics.corelibraries.Payments              : Response for SEPA payyment initiation :: [{"paymentId":"8bb0437b-2bef-475b-978c-7fb2e9de2e97","status":"ACCP","creationDateTime":"2021-03-23T13:19:24.137Z"}]
2021-03-23 18:49:24.190 [main] INFO  stepDefinition.StepDefinitions_Functional_Test    : Payment initiation Response data [{paymentId=8bb0437b-2bef-475b-978c-7fb2e9de2e97, status=ACCP}]
2021-03-23 18:49:24.191 [main] INFO  stepDefinition.StepDefinitions_Functional_Test    : Deleting session for bank [Justo Bank]
2021-03-23 18:49:24.191 [main] INFO  com.neonomics.corelibraries.Session               : Terminating session for session ID [b0400574-cc93-4c72-8734-e140841b64e9]
2021-03-23 18:49:24.368 [main] INFO  com.neonomics.corelibraries.Session               : Terminated session for session ID [b0400574-cc93-4c72-8734-e140841b64e9]
2021-03-23 18:49:24.368 [main] INFO  stepDefinition.StepDefinitions_Functional_Test    : Deleted session ID as [b0400574-cc93-4c72-8734-e140841b64e9]
2021-03-23 18:49:24.368 [main] INFO  stepDefinition.StepDefinitions_Functional_Test    : Deleting session for bank [Hizonti Bank]
2021-03-23 18:49:24.368 [main] INFO  com.neonomics.corelibraries.Session               : Terminating session for session ID [3d88ac4e-00b3-4944-b7fe-fe45614eab1a]
2021-03-23 18:49:24.546 [main] INFO  com.neonomics.corelibraries.Session               : Terminated session for session ID [3d88ac4e-00b3-4944-b7fe-fe45614eab1a]
2021-03-23 18:49:24.546 [main] INFO  stepDefinition.StepDefinitions_Functional_Test    : Deleted session ID as [3d88ac4e-00b3-4944-b7fe-fe45614eab1a]
